<testsuite tests="145">
  <testcase classname="FinalizerHandler_Test" name="bypassFinalizerShouldSucceed" time="54" />
  <testcase classname="FinalizerHandler_Test" name="bypassedFinalizerShouldNotExecute" time="24" />
  <testcase classname="FinalizerHandler_Test" name="clearAllFinalizerBypassesShouldSucceed" time="21" />
  <testcase classname="FinalizerHandler_Test" name="clearFinalizerBypassShouldSucceed" time="17" />
  <testcase classname="FinalizerHandler_Test" name="finalizerIsBypassedShouldSucceed" time="20" />
  <testcase classname="FinalizerHandler_Test" name="finalizerThatInvokesDmlShouldCauseException" time="19" />
  <testcase classname="FinalizerHandler_Test" name="finalizersShouldExecuteInOrder" time="20" />
  <testcase classname="FinalizerHandler_Test" name="invalidFinalizerClassShouldThrowException" time="16" />
  <testcase classname="FinalizerHandler_Test" name="noConfiguredFinalizerShouldTakeNoAction" time="21" />
  <testcase classname="FinalizerHandler_Test" name="properlyConfiguredFinalizerShouldExecute" time="19" />
  <testcase classname="FinalizerHandler_Test" name="referencedClassDoesNotImplementDmlFinalizerShouldThrowException" time="94" />
  <testcase classname="FinalizerHandler_Test" name="staticallyBypassedFinalizerShouldNotExecute" time="16" />
  <testcase classname="FinalizerHandler_Test" name="userWithBypassPermissionDefinedOnFinalizerShouldNotExecute" time="15" />
  <testcase classname="FinalizerHandler_Test" name="userWithoutRequiredPermissionDefinedOnFinalizerShouldNotExecute" time="16" />
  <testcase classname="FlowChangeEventHeader_Test" name="shouldBeAbleToCompare" time="33" />
  <testcase classname="FlowChangeEventHeader_Test" name="shouldBeAbleToConstruct" time="29" />
  <testcase classname="FlowChangeEventHeader_Test" name="shouldBeAbleToGenerateHashCode" time="21" />
  <testcase classname="FormulaFilter_Test" name="emptyClassShouldThrowException" time="48" />
  <testcase classname="FormulaFilter_Test" name="emptyStringFormulaShouldProcessAllRecords" time="18" />
  <testcase classname="FormulaFilter_Test" name="invalidFormulaSyntaxShouldThrowException" time="31" />
  <testcase classname="FormulaFilter_Test" name="noFormulaShouldProcessAllRecords" time="18" />
  <testcase classname="FormulaFilter_Test" name="nonExistentClassShouldThrowException" time="21" />
  <testcase classname="FormulaFilter_Test" name="nonGlobalShouldThrowException" time="21" />
  <testcase classname="FormulaFilter_Test" name="nonTriggerRecordClassShouldThrowException" time="20" />
  <testcase classname="FormulaFilter_Test" name="nullClassShouldThrowException" time="21" />
  <testcase classname="FormulaFilter_Test" name="validFormulaShouldFilterContentsOftriggerNew" time="25" />
  <testcase classname="FormulaFilter_Test" name="validFormulaWithNoMatchingRecordsShouldProcessNoRecords" time="18" />
  <testcase classname="MetadataTriggerHandler_Test" name="actionMetadataShouldConstruct" time="194" />
  <testcase classname="MetadataTriggerHandler_Test" name="actionShouldExecuteIfNoRequiredOrBypassPermissionsAreDefinedForSObjectOrAction" time="45" />
  <testcase classname="MetadataTriggerHandler_Test" name="actionShouldExecuteIfUserDoesNotHaveBypassPermissionForSObjectOrAction" time="36" />
  <testcase classname="MetadataTriggerHandler_Test" name="actionShouldNotExecuteIfUserDoesNotHaveRequiredPermissionForAction" time="25" />
  <testcase classname="MetadataTriggerHandler_Test" name="actionShouldNotExecuteIfUserDoesNotHaveRequiredPermissionForSObject" time="24" />
  <testcase classname="MetadataTriggerHandler_Test" name="actionShouldNotExecuteIfUserHasBypassPermissionForAction" time="27" />
  <testcase classname="MetadataTriggerHandler_Test" name="actionShouldNotExecuteIfUserHasBypassPermissionForSObject" time="31" />
  <testcase classname="MetadataTriggerHandler_Test" name="afterDeleteShouldFailWithIncorrectClass" time="24" />
  <testcase classname="MetadataTriggerHandler_Test" name="afterDeleteShouldFailWithIncorrectType" time="23" />
  <testcase classname="MetadataTriggerHandler_Test" name="afterDeleteShouldSucceed" time="26" />
  <testcase classname="MetadataTriggerHandler_Test" name="afterInsertShouldFailWithIncorrectClass" time="25" />
  <testcase classname="MetadataTriggerHandler_Test" name="afterInsertShouldFailWithIncorrectType" time="25" />
  <testcase classname="MetadataTriggerHandler_Test" name="afterInsertShouldSucceed" time="30" />
  <testcase classname="MetadataTriggerHandler_Test" name="afterUndeleteShouldFailWithIncorrectClass" time="24" />
  <testcase classname="MetadataTriggerHandler_Test" name="afterUndeleteShouldFailWithIncorrectType" time="25" />
  <testcase classname="MetadataTriggerHandler_Test" name="afterUndeleteShouldSucceed" time="26" />
  <testcase classname="MetadataTriggerHandler_Test" name="afterUpdateShouldFailWithIncorrectClass" time="25" />
  <testcase classname="MetadataTriggerHandler_Test" name="afterUpdateShouldFailWithIncorrectType" time="28" />
  <testcase classname="MetadataTriggerHandler_Test" name="afterUpdateShouldSucceed" time="28" />
  <testcase classname="MetadataTriggerHandler_Test" name="beforeDeleteShouldFailWithIncorrectClass" time="25" />
  <testcase classname="MetadataTriggerHandler_Test" name="beforeDeleteShouldFailWithIncorrectType" time="24" />
  <testcase classname="MetadataTriggerHandler_Test" name="beforeDeleteShouldSucceed" time="27" />
  <testcase classname="MetadataTriggerHandler_Test" name="beforeInsertShouldFailWithIncorrectClass" time="23" />
  <testcase classname="MetadataTriggerHandler_Test" name="beforeInsertShouldFailWithIncorrectType" time="26" />
  <testcase classname="MetadataTriggerHandler_Test" name="beforeInsertShouldSucceed" time="39" />
  <testcase classname="MetadataTriggerHandler_Test" name="beforeUpdateShouldFailWithIncorrectClass" time="26" />
  <testcase classname="MetadataTriggerHandler_Test" name="beforeUpdateShouldFailWithIncorrectType" time="24" />
  <testcase classname="MetadataTriggerHandler_Test" name="beforeUpdateShouldSucceed" time="34" />
  <testcase classname="MetadataTriggerHandler_Test" name="bypassShouldSucceed" time="25" />
  <testcase classname="MetadataTriggerHandler_Test" name="clearAllBypassesShouldSucceed" time="20" />
  <testcase classname="MetadataTriggerHandler_Test" name="clearBypassShouldSucceed" time="21" />
  <testcase classname="MetadataTriggerHandler_Test" name="finalizerShouldSucceed" time="27" />
  <testcase classname="MetadataTriggerHandler_Test" name="isBypassedShouldSucceed" time="22" />
  <testcase classname="MetadataTriggerHandler_Test" name="nothingToProcessShouldExitEarly" time="26" />
  <testcase classname="MetadataTriggerHandler_Test" name="theFrameworkShouldSupportFlow" time="24" />
  <testcase classname="MetadataTriggerHandler_Test" name="theFrameworkShouldSupportSObjectsFromManagedPackages" time="66" />
  <testcase classname="TriggerActionFlowAddError_Test" name="addErrorShouldAddAnErrorAtTheFieldSpecified" time="49" />
  <testcase classname="TriggerActionFlowAddError_Test" name="addErrorShouldSucceedWithValidRequest" time="31" />
  <testcase classname="TriggerActionFlowBypass_Test" name="bypassApexShouldSucceedWithValidRequest" time="53" />
  <testcase classname="TriggerActionFlowBypass_Test" name="bypassFlowShouldSucceedWithValidRequest" time="23" />
  <testcase classname="TriggerActionFlowBypass_Test" name="bypassObjectShouldSucceedWithValidRequest" time="18" />
  <testcase classname="TriggerActionFlowBypass_Test" name="bypassShouldFailWithInvalidType" time="16" />
  <testcase classname="TriggerActionFlowChangeEvent_Test" name="correctInputShouldProduceFlowInputs" time="95" />
  <testcase classname="TriggerActionFlowChangeEvent_Test" name="emptyInputShouldProduceEmptyFlowInputs" time="48" />
  <testcase classname="TriggerActionFlowChangeEvent_Test" name="wrongDataTypeShouldThrowException" time="28" />
  <testcase classname="TriggerActionFlowClearAllBypasses_Test" name="clearAllBypassApexShouldSucceedWithValidRequest" time="44" />
  <testcase classname="TriggerActionFlowClearAllBypasses_Test" name="clearAllBypassFlowShouldSucceedWithValidRequest" time="28" />
  <testcase classname="TriggerActionFlowClearAllBypasses_Test" name="clearAllBypassObjectShouldSucceedWithValidRequest" time="22" />
  <testcase classname="TriggerActionFlowClearAllBypasses_Test" name="clearAllBypassShouldFailWithInvalidType" time="19" />
  <testcase classname="TriggerActionFlowClearBypass_Test" name="clearBypassApexShouldSucceedWithValidRequest" time="68" />
  <testcase classname="TriggerActionFlowClearBypass_Test" name="clearBypassFlowShouldSucceedWithValidRequest" time="19" />
  <testcase classname="TriggerActionFlowClearBypass_Test" name="clearBypassObjecthouldSucceedWithValidRequest" time="20" />
  <testcase classname="TriggerActionFlowClearBypass_Test" name="clearBypassShouldFailWithInvalidType" time="24" />
  <testcase classname="TriggerActionFlowIsBypassed_Test" name="isBypassedApexShouldSucceedWithValidRequest" time="59" />
  <testcase classname="TriggerActionFlowIsBypassed_Test" name="isBypassedFlowShouldSucceedWithValidRequest" time="18" />
  <testcase classname="TriggerActionFlowIsBypassed_Test" name="isBypassedObjectShouldSucceedWithValidRequest" time="15" />
  <testcase classname="TriggerActionFlowIsBypassed_Test" name="isBypassedShouldFailWithInvalidType" time="20" />
  <testcase classname="TriggerActionFlow_Test" name="afterDeleteShouldSucceed" time="104" />
  <testcase classname="TriggerActionFlow_Test" name="afterInsertShouldSucceed" time="38" />
  <testcase classname="TriggerActionFlow_Test" name="afterUndeleteShouldSucceed" time="25" />
  <testcase classname="TriggerActionFlow_Test" name="afterUpdateShouldSucceed" time="25" />
  <testcase classname="TriggerActionFlow_Test" name="afterUpdateWithNoRecordsToProcessShouldSucceed" time="22" />
  <testcase classname="TriggerActionFlow_Test" name="beforeDeleteShouldSucceed" time="21" />
  <testcase classname="TriggerActionFlow_Test" name="beforeInsertShouldSucceed" time="24" />
  <testcase classname="TriggerActionFlow_Test" name="beforeUpdateShouldSucceed" time="26" />
  <testcase classname="TriggerActionFlow_Test" name="beforeUpdateWithNoRecordsToProcessShouldSucceed" time="20" />
  <testcase classname="TriggerActionFlow_Test" name="bypassShouldSucceed" time="22" />
  <testcase classname="TriggerActionFlow_Test" name="clearAllBypassesShouldSucceed" time="24" />
  <testcase classname="TriggerActionFlow_Test" name="clearBypassShouldSucceed" time="20" />
  <testcase classname="TriggerActionFlow_Test" name="emptyFlowNameShouldThrowException" time="22" />
  <testcase classname="TriggerActionFlow_Test" name="flowMissingRecordVariableInOutputShouldThrowException" time="24" />
  <testcase classname="TriggerActionFlow_Test" name="invokeFlowShouldReturnUnsuccessfulResponseWithBogusFlowName" time="84" />
  <testcase classname="TriggerActionFlow_Test" name="isBypassedShouldSucceed" time="28" />
  <testcase classname="TriggerActionFlow_Test" name="noRecordMutationsShouldSucceed" time="24" />
  <testcase classname="TriggerActionFlow_Test" name="nulledFieldInFlowShouldBeTransferredBack" time="24" />
  <testcase classname="TriggerActionFlow_Test" name="shouldDoNothingWhenBypassed" time="22" />
  <testcase classname="TriggerActionFlow_Test" name="unsuccessfulActionResultShouldBeAddedAsErrorToRecord" time="29" />
  <testcase classname="TriggerActionFlow_Test" name="validateTypeShouldThrowExceptionWithInvalidInput" time="29" />
  <testcase classname="TriggerBase_Test" name="afterDeleteShouldSucceed" time="99" />
  <testcase classname="TriggerBase_Test" name="afterInsertShouldSucceed" time="55" />
  <testcase classname="TriggerBase_Test" name="afterUndeleteShouldSucceed" time="39" />
  <testcase classname="TriggerBase_Test" name="afterUpdateShouldSucceed" time="33" />
  <testcase classname="TriggerBase_Test" name="beforeDeleteShouldSucceed" time="33" />
  <testcase classname="TriggerBase_Test" name="beforeInsertShouldSucceed" time="31" />
  <testcase classname="TriggerBase_Test" name="beforeUpdateShouldSucceed" time="31" />
  <testcase classname="TriggerBase_Test" name="bypassShouldSucceed" time="33" />
  <testcase classname="TriggerBase_Test" name="clearAllBypassesShouldSucceed" time="28" />
  <testcase classname="TriggerBase_Test" name="clearBypassShouldSucceed" time="108" />
  <testcase classname="TriggerBase_Test" name="finalizingWithoutWaitingShouldThrowError" time="33" />
  <testcase classname="TriggerBase_Test" name="idToNumberOfTimesSeenAfterUpdate" time="35" />
  <testcase classname="TriggerBase_Test" name="idToNumberOfTimesSeenBeforeUpdate" time="35" />
  <testcase classname="TriggerBase_Test" name="inverseContextsShouldFinalizeDmlOperationDelete" time="31" />
  <testcase classname="TriggerBase_Test" name="inverseContextsShouldFinalizeDmlOperationInsert" time="31" />
  <testcase classname="TriggerBase_Test" name="inverseContextsShouldFinalizeDmlOperationUndelete" time="33" />
  <testcase classname="TriggerBase_Test" name="inverseContextsShouldFinalizeDmlOperationUpdate" time="42" />
  <testcase classname="TriggerBase_Test" name="isBypassedShouldSucceed" time="30" />
  <testcase classname="TriggerBase_Test" name="offsetRowsShouldWork" time="29" />
  <testcase classname="TriggerBase_Test" name="oldAndNewShouldComeFromTrigger" time="32" />
  <testcase classname="TriggerBase_Test" name="peekShouldShowMostRecentlyAdded" time="33" />
  <testcase classname="TriggerBase_Test" name="peekingStackWhileEmptyShouldThrowException" time="41" />
  <testcase classname="TriggerBase_Test" name="poppingStackWhileEmptyShouldThrowException" time="31" />
  <testcase classname="TriggerBase_Test" name="runShouldDoNothingWhenBypassed" time="29" />
  <testcase classname="TriggerBase_Test" name="runShouldFailWhenCalledOutsideTrigger" time="47" />
  <testcase classname="TriggerBase_Test" name="sObjectNameShouldBePopulatedFromTriggerNew" time="22" />
  <testcase classname="TriggerBase_Test" name="sObjectNameShouldBePopulatedFromTriggerOld" time="17" />
  <testcase classname="TriggerBase_Test" name="stackDepthShouldBeCalculatedProperly" time="20" />
  <testcase classname="TriggerBase_Test" name="stackShouldBeFirstInLastOut" time="22" />
  <testcase classname="TriggerBase_Test" name="stackShouldBeLastInFirstOut" time="19" />
  <testcase classname="TriggerBase_Test" name="stacksShouldBeAbleToDetermineIftheyAreEmpty" time="17" />
  <testcase classname="TriggerBase_Test" name="waitingThenFinalizingShouldWork" time="19" />
  <testcase classname="TriggerRecord_Test" name="shouldBeAbleToConstructATriggerRecord" time="87" />
  <testcase classname="Triggers_Test" name="testContentDocumentLinkTrigger" time="12977" />
  <testcase classname="Triggers_Test" name="testContractAndFormTrigger" time="621" />
  <testcase classname="Triggers_Test" name="testTransactionTrigger" time="346" />
  <testcase classname="Triggers_Test" name="testTransactionTriggerRecord" time="26" />
  <testcase classname="Util_Test" name="testGetNamespace" time="30" />
  <testcase classname="Util_Test" name="testIsOrgEmailEnabled" time="29" />
  <testcase classname="Util_Test" name="testPrefixNamespace" time="27" />
</testsuite>