<testsuite tests="182">
  <testcase classname="ContractFieldMergeInvocable_Test" name="testRefreshContracts" time="11172" />
  <testcase classname="ContractFieldMergeInvocable_Test" name="testRefreshContractsWithNoRequests" time="19" />
  <testcase classname="ContractFieldMergeInvocable_Test" name="testRefreshContractsWithNullRequests" time="17" />
  <testcase classname="ContractFieldMerge_Test" name="testInitializeServiceWithTemplatelessContract" time="1195" />
  <testcase classname="ContractFieldMerge_Test" name="testPopulateMergeFields" time="2410" />
  <testcase classname="ContractFieldMerge_Test" name="testPopulateMergeFieldsForEmptyList" time="691" />
  <testcase classname="ContractFieldMerge_Test" name="testServiceWithInvalidStatus" time="2043" />
  <testcase classname="ContractFieldMerge_Test" name="testServiceWithInvalidType" time="2195" />
  <testcase classname="ContractMergeFieldService_Test" name="testFormatCurrencyFieldValue" time="40" />
  <testcase classname="ContractMergeFieldService_Test" name="testFormatDateFieldValue" time="28" />
  <testcase classname="ContractMergeFieldService_Test" name="testFormatDatetimeFieldValue" time="11" />
  <testcase classname="ContractMergeFieldService_Test" name="testFormatNullValue" time="16" />
  <testcase classname="ContractMergeFieldService_Test" name="testGetMergeFieldsFromString" time="19" />
  <testcase classname="ContractMergeFieldService_Test" name="testGetMergeFieldsWithFallbackValue" time="18" />
  <testcase classname="ContractMergeFieldService_Test" name="testRemoveTableBlocks" time="20" />
  <testcase classname="ContractMergeFieldService_Test" name="testRemoveTableBlocksWithEmptyInput" time="16" />
  <testcase classname="ContractMergeFieldService_Test" name="testReplaceMergeFieldsWithValues" time="35" />
  <testcase classname="ContractMergeFieldService_Test" name="testReplaceParentMergeFieldsWithValues" time="301" />
  <testcase classname="ContractTemplateEditorController_Test" name="testGetFieldDescriptors" time="2022" />
  <testcase classname="ContractTemplateEditorController_Test" name="testGetFieldDescriptorsForInvalidObject" time="76" />
  <testcase classname="ContractTemplateEditorController_Test" name="testGetFieldDescriptorsForRelationshipPath" time="773" />
  <testcase classname="ContractTemplateEditorController_Test" name="testGetPreviewWaiverText" time="1729" />
  <testcase classname="ContractTemplateEditorController_Test" name="testGetPreviewWaiverTextWithFakeTemplateId" time="1518" />
  <testcase classname="ContractTemplateEditorController_Test" name="testGetTemplateQueries" time="917" />
  <testcase classname="ContractTemplateEditorController_Test" name="testGetTemplateQueriesWithInvalidId" time="618" />
  <testcase classname="ContractTemplateService_Test" name="testAddTemplatesToCache" time="1229" />
  <testcase classname="ContractTemplateService_Test" name="testDoesNotReloadAlreadyCachedTemplates" time="700" />
  <testcase classname="ContractTemplateService_Test" name="testMissingQueryRelationship" time="610" />
  <testcase classname="FieldPathManager_Test" name="testIsValid" time="22" />
  <testcase classname="FieldPathManager_Test" name="testNormalize" time="22" />
  <testcase classname="FieldPathResolver_Test" name="testFallbackByRelationshipName" time="63" />
  <testcase classname="FieldPathResolver_Test" name="testInvalidFieldPath" time="36" />
  <testcase classname="FieldPathResolver_Test" name="testNonRelationshipMidPath" time="13" />
  <testcase classname="FieldPathResolver_Test" name="testOneLevelRelationshipResolution" time="12" />
  <testcase classname="FieldPathResolver_Test" name="testSimpleFieldResolution" time="11" />
  <testcase classname="FieldPathResolver_Test" name="testTwoLevelRelationshipResolution" time="17" />
  <testcase classname="FinalizerHandler_Test" name="bypassFinalizerShouldSucceed" time="23" />
  <testcase classname="FinalizerHandler_Test" name="bypassedFinalizerShouldNotExecute" time="31" />
  <testcase classname="FinalizerHandler_Test" name="clearAllFinalizerBypassesShouldSucceed" time="19" />
  <testcase classname="FinalizerHandler_Test" name="clearFinalizerBypassShouldSucceed" time="20" />
  <testcase classname="FinalizerHandler_Test" name="finalizerIsBypassedShouldSucceed" time="21" />
  <testcase classname="FinalizerHandler_Test" name="finalizerThatInvokesDmlShouldCauseException" time="24" />
  <testcase classname="FinalizerHandler_Test" name="finalizersShouldExecuteInOrder" time="24" />
  <testcase classname="FinalizerHandler_Test" name="invalidFinalizerClassShouldThrowException" time="23" />
  <testcase classname="FinalizerHandler_Test" name="noConfiguredFinalizerShouldTakeNoAction" time="25" />
  <testcase classname="FinalizerHandler_Test" name="properlyConfiguredFinalizerShouldExecute" time="30" />
  <testcase classname="FinalizerHandler_Test" name="referencedClassDoesNotImplementDmlFinalizerShouldThrowException" time="24" />
  <testcase classname="FinalizerHandler_Test" name="staticallyBypassedFinalizerShouldNotExecute" time="23" />
  <testcase classname="FinalizerHandler_Test" name="userWithBypassPermissionDefinedOnFinalizerShouldNotExecute" time="24" />
  <testcase classname="FinalizerHandler_Test" name="userWithoutRequiredPermissionDefinedOnFinalizerShouldNotExecute" time="22" />
  <testcase classname="FlowChangeEventHeader_Test" name="shouldBeAbleToCompare" time="20" />
  <testcase classname="FlowChangeEventHeader_Test" name="shouldBeAbleToConstruct" time="22" />
  <testcase classname="FlowChangeEventHeader_Test" name="shouldBeAbleToGenerateHashCode" time="18" />
  <testcase classname="FormulaFilter_Test" name="emptyClassShouldThrowException" time="36" />
  <testcase classname="FormulaFilter_Test" name="emptyStringFormulaShouldProcessAllRecords" time="24" />
  <testcase classname="FormulaFilter_Test" name="invalidFormulaSyntaxShouldThrowException" time="48" />
  <testcase classname="FormulaFilter_Test" name="noFormulaShouldProcessAllRecords" time="19" />
  <testcase classname="FormulaFilter_Test" name="nonExistentClassShouldThrowException" time="19" />
  <testcase classname="FormulaFilter_Test" name="nonGlobalShouldThrowException" time="21" />
  <testcase classname="FormulaFilter_Test" name="nonTriggerRecordClassShouldThrowException" time="30" />
  <testcase classname="FormulaFilter_Test" name="nullClassShouldThrowException" time="21" />
  <testcase classname="FormulaFilter_Test" name="validFormulaShouldFilterContentsOftriggerNew" time="24" />
  <testcase classname="FormulaFilter_Test" name="validFormulaWithNoMatchingRecordsShouldProcessNoRecords" time="21" />
  <testcase classname="MetadataTriggerHandler_Test" name="actionMetadataShouldConstruct" time="165" />
  <testcase classname="MetadataTriggerHandler_Test" name="actionShouldExecuteIfNoRequiredOrBypassPermissionsAreDefinedForSObjectOrAction" time="31" />
  <testcase classname="MetadataTriggerHandler_Test" name="actionShouldExecuteIfUserDoesNotHaveBypassPermissionForSObjectOrAction" time="21" />
  <testcase classname="MetadataTriggerHandler_Test" name="actionShouldNotExecuteIfUserDoesNotHaveRequiredPermissionForAction" time="16" />
  <testcase classname="MetadataTriggerHandler_Test" name="actionShouldNotExecuteIfUserDoesNotHaveRequiredPermissionForSObject" time="16" />
  <testcase classname="MetadataTriggerHandler_Test" name="actionShouldNotExecuteIfUserHasBypassPermissionForAction" time="15" />
  <testcase classname="MetadataTriggerHandler_Test" name="actionShouldNotExecuteIfUserHasBypassPermissionForSObject" time="15" />
  <testcase classname="MetadataTriggerHandler_Test" name="afterDeleteShouldFailWithIncorrectClass" time="16" />
  <testcase classname="MetadataTriggerHandler_Test" name="afterDeleteShouldFailWithIncorrectType" time="17" />
  <testcase classname="MetadataTriggerHandler_Test" name="afterDeleteShouldSucceed" time="16" />
  <testcase classname="MetadataTriggerHandler_Test" name="afterInsertShouldFailWithIncorrectClass" time="16" />
  <testcase classname="MetadataTriggerHandler_Test" name="afterInsertShouldFailWithIncorrectType" time="15" />
  <testcase classname="MetadataTriggerHandler_Test" name="afterInsertShouldSucceed" time="17" />
  <testcase classname="MetadataTriggerHandler_Test" name="afterUndeleteShouldFailWithIncorrectClass" time="15" />
  <testcase classname="MetadataTriggerHandler_Test" name="afterUndeleteShouldFailWithIncorrectType" time="18" />
  <testcase classname="MetadataTriggerHandler_Test" name="afterUndeleteShouldSucceed" time="15" />
  <testcase classname="MetadataTriggerHandler_Test" name="afterUpdateShouldFailWithIncorrectClass" time="18" />
  <testcase classname="MetadataTriggerHandler_Test" name="afterUpdateShouldFailWithIncorrectType" time="15" />
  <testcase classname="MetadataTriggerHandler_Test" name="afterUpdateShouldSucceed" time="19" />
  <testcase classname="MetadataTriggerHandler_Test" name="beforeDeleteShouldFailWithIncorrectClass" time="19" />
  <testcase classname="MetadataTriggerHandler_Test" name="beforeDeleteShouldFailWithIncorrectType" time="16" />
  <testcase classname="MetadataTriggerHandler_Test" name="beforeDeleteShouldSucceed" time="18" />
  <testcase classname="MetadataTriggerHandler_Test" name="beforeInsertShouldFailWithIncorrectClass" time="15" />
  <testcase classname="MetadataTriggerHandler_Test" name="beforeInsertShouldFailWithIncorrectType" time="18" />
  <testcase classname="MetadataTriggerHandler_Test" name="beforeInsertShouldSucceed" time="15" />
  <testcase classname="MetadataTriggerHandler_Test" name="beforeUpdateShouldFailWithIncorrectClass" time="16" />
  <testcase classname="MetadataTriggerHandler_Test" name="beforeUpdateShouldFailWithIncorrectType" time="19" />
  <testcase classname="MetadataTriggerHandler_Test" name="beforeUpdateShouldSucceed" time="15" />
  <testcase classname="MetadataTriggerHandler_Test" name="bypassShouldSucceed" time="18" />
  <testcase classname="MetadataTriggerHandler_Test" name="clearAllBypassesShouldSucceed" time="16" />
  <testcase classname="MetadataTriggerHandler_Test" name="clearBypassShouldSucceed" time="14" />
  <testcase classname="MetadataTriggerHandler_Test" name="finalizerShouldSucceed" time="16" />
  <testcase classname="MetadataTriggerHandler_Test" name="isBypassedShouldSucceed" time="18" />
  <testcase classname="MetadataTriggerHandler_Test" name="nothingToProcessShouldExitEarly" time="14" />
  <testcase classname="MetadataTriggerHandler_Test" name="theFrameworkShouldSupportFlow" time="15" />
  <testcase classname="MetadataTriggerHandler_Test" name="theFrameworkShouldSupportSObjectsFromManagedPackages" time="82" />
  <testcase classname="TA_CAF_MergeFieldValues_Test" name="testPopulateMergeFields" time="8253" />
  <testcase classname="TriggerActionFlowAddError_Test" name="addErrorShouldAddAnErrorAtTheFieldSpecified" time="25" />
  <testcase classname="TriggerActionFlowAddError_Test" name="addErrorShouldSucceedWithValidRequest" time="21" />
  <testcase classname="TriggerActionFlowBypass_Test" name="bypassApexShouldSucceedWithValidRequest" time="19" />
  <testcase classname="TriggerActionFlowBypass_Test" name="bypassFlowShouldSucceedWithValidRequest" time="22" />
  <testcase classname="TriggerActionFlowBypass_Test" name="bypassObjectShouldSucceedWithValidRequest" time="12" />
  <testcase classname="TriggerActionFlowBypass_Test" name="bypassShouldFailWithInvalidType" time="17" />
  <testcase classname="TriggerActionFlowChangeEvent_Test" name="correctInputShouldProduceFlowInputs" time="72" />
  <testcase classname="TriggerActionFlowChangeEvent_Test" name="emptyInputShouldProduceEmptyFlowInputs" time="22" />
  <testcase classname="TriggerActionFlowChangeEvent_Test" name="wrongDataTypeShouldThrowException" time="16" />
  <testcase classname="TriggerActionFlowClearAllBypasses_Test" name="clearAllBypassApexShouldSucceedWithValidRequest" time="70" />
  <testcase classname="TriggerActionFlowClearAllBypasses_Test" name="clearAllBypassFlowShouldSucceedWithValidRequest" time="25" />
  <testcase classname="TriggerActionFlowClearAllBypasses_Test" name="clearAllBypassObjectShouldSucceedWithValidRequest" time="17" />
  <testcase classname="TriggerActionFlowClearAllBypasses_Test" name="clearAllBypassShouldFailWithInvalidType" time="21" />
  <testcase classname="TriggerActionFlowClearBypass_Test" name="clearBypassApexShouldSucceedWithValidRequest" time="23" />
  <testcase classname="TriggerActionFlowClearBypass_Test" name="clearBypassFlowShouldSucceedWithValidRequest" time="16" />
  <testcase classname="TriggerActionFlowClearBypass_Test" name="clearBypassObjecthouldSucceedWithValidRequest" time="20" />
  <testcase classname="TriggerActionFlowClearBypass_Test" name="clearBypassShouldFailWithInvalidType" time="20" />
  <testcase classname="TriggerActionFlowIsBypassed_Test" name="isBypassedApexShouldSucceedWithValidRequest" time="35" />
  <testcase classname="TriggerActionFlowIsBypassed_Test" name="isBypassedFlowShouldSucceedWithValidRequest" time="26" />
  <testcase classname="TriggerActionFlowIsBypassed_Test" name="isBypassedObjectShouldSucceedWithValidRequest" time="18" />
  <testcase classname="TriggerActionFlowIsBypassed_Test" name="isBypassedShouldFailWithInvalidType" time="21" />
  <testcase classname="TriggerActionFlow_Test" name="afterDeleteShouldSucceed" time="51" />
  <testcase classname="TriggerActionFlow_Test" name="afterInsertShouldSucceed" time="25" />
  <testcase classname="TriggerActionFlow_Test" name="afterUndeleteShouldSucceed" time="18" />
  <testcase classname="TriggerActionFlow_Test" name="afterUpdateShouldSucceed" time="20" />
  <testcase classname="TriggerActionFlow_Test" name="afterUpdateWithNoRecordsToProcessShouldSucceed" time="17" />
  <testcase classname="TriggerActionFlow_Test" name="beforeDeleteShouldSucceed" time="17" />
  <testcase classname="TriggerActionFlow_Test" name="beforeInsertShouldSucceed" time="20" />
  <testcase classname="TriggerActionFlow_Test" name="beforeUpdateShouldSucceed" time="17" />
  <testcase classname="TriggerActionFlow_Test" name="beforeUpdateWithNoRecordsToProcessShouldSucceed" time="17" />
  <testcase classname="TriggerActionFlow_Test" name="bypassShouldSucceed" time="18" />
  <testcase classname="TriggerActionFlow_Test" name="clearAllBypassesShouldSucceed" time="16" />
  <testcase classname="TriggerActionFlow_Test" name="clearBypassShouldSucceed" time="17" />
  <testcase classname="TriggerActionFlow_Test" name="emptyFlowNameShouldThrowException" time="19" />
  <testcase classname="TriggerActionFlow_Test" name="flowMissingRecordVariableInOutputShouldThrowException" time="18" />
  <testcase classname="TriggerActionFlow_Test" name="invokeFlowShouldReturnUnsuccessfulResponseWithBogusFlowName" time="435" />
  <testcase classname="TriggerActionFlow_Test" name="isBypassedShouldSucceed" time="18" />
  <testcase classname="TriggerActionFlow_Test" name="noRecordMutationsShouldSucceed" time="18" />
  <testcase classname="TriggerActionFlow_Test" name="nulledFieldInFlowShouldBeTransferredBack" time="18" />
  <testcase classname="TriggerActionFlow_Test" name="shouldDoNothingWhenBypassed" time="18" />
  <testcase classname="TriggerActionFlow_Test" name="unsuccessfulActionResultShouldBeAddedAsErrorToRecord" time="20" />
  <testcase classname="TriggerActionFlow_Test" name="validateTypeShouldThrowExceptionWithInvalidInput" time="19" />
  <testcase classname="TriggerBase_Test" name="afterDeleteShouldSucceed" time="68" />
  <testcase classname="TriggerBase_Test" name="afterInsertShouldSucceed" time="27" />
  <testcase classname="TriggerBase_Test" name="afterUndeleteShouldSucceed" time="25" />
  <testcase classname="TriggerBase_Test" name="afterUpdateShouldSucceed" time="19" />
  <testcase classname="TriggerBase_Test" name="beforeDeleteShouldSucceed" time="18" />
  <testcase classname="TriggerBase_Test" name="beforeInsertShouldSucceed" time="17" />
  <testcase classname="TriggerBase_Test" name="beforeUpdateShouldSucceed" time="19" />
  <testcase classname="TriggerBase_Test" name="bypassShouldSucceed" time="48" />
  <testcase classname="TriggerBase_Test" name="clearAllBypassesShouldSucceed" time="16" />
  <testcase classname="TriggerBase_Test" name="clearBypassShouldSucceed" time="16" />
  <testcase classname="TriggerBase_Test" name="finalizingWithoutWaitingShouldThrowError" time="17" />
  <testcase classname="TriggerBase_Test" name="idToNumberOfTimesSeenAfterUpdate" time="20" />
  <testcase classname="TriggerBase_Test" name="idToNumberOfTimesSeenBeforeUpdate" time="19" />
  <testcase classname="TriggerBase_Test" name="inverseContextsShouldFinalizeDmlOperationDelete" time="18" />
  <testcase classname="TriggerBase_Test" name="inverseContextsShouldFinalizeDmlOperationInsert" time="22" />
  <testcase classname="TriggerBase_Test" name="inverseContextsShouldFinalizeDmlOperationUndelete" time="20" />
  <testcase classname="TriggerBase_Test" name="inverseContextsShouldFinalizeDmlOperationUpdate" time="18" />
  <testcase classname="TriggerBase_Test" name="isBypassedShouldSucceed" time="16" />
  <testcase classname="TriggerBase_Test" name="offsetRowsShouldWork" time="16" />
  <testcase classname="TriggerBase_Test" name="oldAndNewShouldComeFromTrigger" time="17" />
  <testcase classname="TriggerBase_Test" name="peekShouldShowMostRecentlyAdded" time="20" />
  <testcase classname="TriggerBase_Test" name="peekingStackWhileEmptyShouldThrowException" time="18" />
  <testcase classname="TriggerBase_Test" name="poppingStackWhileEmptyShouldThrowException" time="18" />
  <testcase classname="TriggerBase_Test" name="runShouldDoNothingWhenBypassed" time="17" />
  <testcase classname="TriggerBase_Test" name="runShouldFailWhenCalledOutsideTrigger" time="18" />
  <testcase classname="TriggerBase_Test" name="sObjectNameShouldBePopulatedFromTriggerNew" time="17" />
  <testcase classname="TriggerBase_Test" name="sObjectNameShouldBePopulatedFromTriggerOld" time="19" />
  <testcase classname="TriggerBase_Test" name="stackDepthShouldBeCalculatedProperly" time="17" />
  <testcase classname="TriggerBase_Test" name="stackShouldBeFirstInLastOut" time="19" />
  <testcase classname="TriggerBase_Test" name="stackShouldBeLastInFirstOut" time="18" />
  <testcase classname="TriggerBase_Test" name="stacksShouldBeAbleToDetermineIftheyAreEmpty" time="18" />
  <testcase classname="TriggerBase_Test" name="waitingThenFinalizingShouldWork" time="17" />
  <testcase classname="TriggerRecord_Test" name="shouldBeAbleToConstructATriggerRecord" time="22" />
  <testcase classname="Triggers_Test" name="testContentDocumentLinkTrigger" time="8092" />
  <testcase classname="Triggers_Test" name="testContractAndFormTrigger" time="660" />
  <testcase classname="Triggers_Test" name="testTransactionTrigger" time="291" />
  <testcase classname="Triggers_Test" name="testTransactionTriggerRecord" time="21" />
  <testcase classname="Util_Test" name="testGetNamespace" time="14" />
  <testcase classname="Util_Test" name="testIsOrgEmailEnabled" time="23" />
  <testcase classname="Util_Test" name="testPrefixNamespace" time="15" />
</testsuite>