<testsuite tests="182">
  <testcase classname="ContractFieldMergeInvocable_Test" name="testRefreshContracts" time="10354" />
  <testcase classname="ContractFieldMergeInvocable_Test" name="testRefreshContractsWithNoRequests" time="23" />
  <testcase classname="ContractFieldMergeInvocable_Test" name="testRefreshContractsWithNullRequests" time="15" />
  <testcase classname="ContractFieldMerge_Test" name="testInitializeServiceWithTemplatelessContract" time="10502" />
  <testcase classname="ContractFieldMerge_Test" name="testPopulateMergeFields" time="2663" />
  <testcase classname="ContractFieldMerge_Test" name="testPopulateMergeFieldsForEmptyList" time="547" />
  <testcase classname="ContractFieldMerge_Test" name="testServiceWithInvalidStatus" time="1665" />
  <testcase classname="ContractFieldMerge_Test" name="testServiceWithInvalidType" time="1637" />
  <testcase classname="ContractMergeFieldService_Test" name="testFormatCurrencyFieldValue" time="52" />
  <testcase classname="ContractMergeFieldService_Test" name="testFormatDateFieldValue" time="32" />
  <testcase classname="ContractMergeFieldService_Test" name="testFormatDatetimeFieldValue" time="19" />
  <testcase classname="ContractMergeFieldService_Test" name="testFormatNullValue" time="19" />
  <testcase classname="ContractMergeFieldService_Test" name="testGetMergeFieldsFromString" time="20" />
  <testcase classname="ContractMergeFieldService_Test" name="testGetMergeFieldsWithFallbackValue" time="22" />
  <testcase classname="ContractMergeFieldService_Test" name="testRemoveTableBlocks" time="20" />
  <testcase classname="ContractMergeFieldService_Test" name="testRemoveTableBlocksWithEmptyInput" time="17" />
  <testcase classname="ContractMergeFieldService_Test" name="testReplaceMergeFieldsWithValues" time="39" />
  <testcase classname="ContractMergeFieldService_Test" name="testReplaceParentMergeFieldsWithValues" time="267" />
  <testcase classname="ContractTemplateEditorController_Test" name="testGetFieldDescriptors" time="1724" />
  <testcase classname="ContractTemplateEditorController_Test" name="testGetFieldDescriptorsForInvalidObject" time="61" />
  <testcase classname="ContractTemplateEditorController_Test" name="testGetFieldDescriptorsForRelationshipPath" time="710" />
  <testcase classname="ContractTemplateEditorController_Test" name="testGetPreviewWaiverText" time="1645" />
  <testcase classname="ContractTemplateEditorController_Test" name="testGetPreviewWaiverTextWithFakeTemplateId" time="1541" />
  <testcase classname="ContractTemplateEditorController_Test" name="testGetTemplateQueries" time="764" />
  <testcase classname="ContractTemplateEditorController_Test" name="testGetTemplateQueriesWithInvalidId" time="471" />
  <testcase classname="ContractTemplateService_Test" name="testAddTemplatesToCache" time="10869" />
  <testcase classname="ContractTemplateService_Test" name="testDoesNotReloadAlreadyCachedTemplates" time="715" />
  <testcase classname="ContractTemplateService_Test" name="testMissingQueryRelationship" time="656" />
  <testcase classname="FieldPathManager_Test" name="testIsValid" time="23" />
  <testcase classname="FieldPathManager_Test" name="testNormalize" time="19" />
  <testcase classname="FieldPathResolver_Test" name="testFallbackByRelationshipName" time="71" />
  <testcase classname="FieldPathResolver_Test" name="testInvalidFieldPath" time="45" />
  <testcase classname="FieldPathResolver_Test" name="testNonRelationshipMidPath" time="14" />
  <testcase classname="FieldPathResolver_Test" name="testOneLevelRelationshipResolution" time="14" />
  <testcase classname="FieldPathResolver_Test" name="testSimpleFieldResolution" time="13" />
  <testcase classname="FieldPathResolver_Test" name="testTwoLevelRelationshipResolution" time="20" />
  <testcase classname="FinalizerHandler_Test" name="bypassFinalizerShouldSucceed" time="26" />
  <testcase classname="FinalizerHandler_Test" name="bypassedFinalizerShouldNotExecute" time="28" />
  <testcase classname="FinalizerHandler_Test" name="clearAllFinalizerBypassesShouldSucceed" time="20" />
  <testcase classname="FinalizerHandler_Test" name="clearFinalizerBypassShouldSucceed" time="21" />
  <testcase classname="FinalizerHandler_Test" name="finalizerIsBypassedShouldSucceed" time="20" />
  <testcase classname="FinalizerHandler_Test" name="finalizerThatInvokesDmlShouldCauseException" time="23" />
  <testcase classname="FinalizerHandler_Test" name="finalizersShouldExecuteInOrder" time="22" />
  <testcase classname="FinalizerHandler_Test" name="invalidFinalizerClassShouldThrowException" time="21" />
  <testcase classname="FinalizerHandler_Test" name="noConfiguredFinalizerShouldTakeNoAction" time="21" />
  <testcase classname="FinalizerHandler_Test" name="properlyConfiguredFinalizerShouldExecute" time="27" />
  <testcase classname="FinalizerHandler_Test" name="referencedClassDoesNotImplementDmlFinalizerShouldThrowException" time="21" />
  <testcase classname="FinalizerHandler_Test" name="staticallyBypassedFinalizerShouldNotExecute" time="20" />
  <testcase classname="FinalizerHandler_Test" name="userWithBypassPermissionDefinedOnFinalizerShouldNotExecute" time="22" />
  <testcase classname="FinalizerHandler_Test" name="userWithoutRequiredPermissionDefinedOnFinalizerShouldNotExecute" time="21" />
  <testcase classname="FlowChangeEventHeader_Test" name="shouldBeAbleToCompare" time="19" />
  <testcase classname="FlowChangeEventHeader_Test" name="shouldBeAbleToConstruct" time="24" />
  <testcase classname="FlowChangeEventHeader_Test" name="shouldBeAbleToGenerateHashCode" time="19" />
  <testcase classname="FormulaFilter_Test" name="emptyClassShouldThrowException" time="23" />
  <testcase classname="FormulaFilter_Test" name="emptyStringFormulaShouldProcessAllRecords" time="52" />
  <testcase classname="FormulaFilter_Test" name="invalidFormulaSyntaxShouldThrowException" time="31" />
  <testcase classname="FormulaFilter_Test" name="noFormulaShouldProcessAllRecords" time="14" />
  <testcase classname="FormulaFilter_Test" name="nonExistentClassShouldThrowException" time="14" />
  <testcase classname="FormulaFilter_Test" name="nonGlobalShouldThrowException" time="17" />
  <testcase classname="FormulaFilter_Test" name="nonTriggerRecordClassShouldThrowException" time="25" />
  <testcase classname="FormulaFilter_Test" name="nullClassShouldThrowException" time="13" />
  <testcase classname="FormulaFilter_Test" name="validFormulaShouldFilterContentsOftriggerNew" time="14" />
  <testcase classname="FormulaFilter_Test" name="validFormulaWithNoMatchingRecordsShouldProcessNoRecords" time="12" />
  <testcase classname="MetadataTriggerHandler_Test" name="actionMetadataShouldConstruct" time="113" />
  <testcase classname="MetadataTriggerHandler_Test" name="actionShouldExecuteIfNoRequiredOrBypassPermissionsAreDefinedForSObjectOrAction" time="30" />
  <testcase classname="MetadataTriggerHandler_Test" name="actionShouldExecuteIfUserDoesNotHaveBypassPermissionForSObjectOrAction" time="20" />
  <testcase classname="MetadataTriggerHandler_Test" name="actionShouldNotExecuteIfUserDoesNotHaveRequiredPermissionForAction" time="15" />
  <testcase classname="MetadataTriggerHandler_Test" name="actionShouldNotExecuteIfUserDoesNotHaveRequiredPermissionForSObject" time="14" />
  <testcase classname="MetadataTriggerHandler_Test" name="actionShouldNotExecuteIfUserHasBypassPermissionForAction" time="19" />
  <testcase classname="MetadataTriggerHandler_Test" name="actionShouldNotExecuteIfUserHasBypassPermissionForSObject" time="19" />
  <testcase classname="MetadataTriggerHandler_Test" name="afterDeleteShouldFailWithIncorrectClass" time="14" />
  <testcase classname="MetadataTriggerHandler_Test" name="afterDeleteShouldFailWithIncorrectType" time="14" />
  <testcase classname="MetadataTriggerHandler_Test" name="afterDeleteShouldSucceed" time="15" />
  <testcase classname="MetadataTriggerHandler_Test" name="afterInsertShouldFailWithIncorrectClass" time="13" />
  <testcase classname="MetadataTriggerHandler_Test" name="afterInsertShouldFailWithIncorrectType" time="14" />
  <testcase classname="MetadataTriggerHandler_Test" name="afterInsertShouldSucceed" time="18" />
  <testcase classname="MetadataTriggerHandler_Test" name="afterUndeleteShouldFailWithIncorrectClass" time="13" />
  <testcase classname="MetadataTriggerHandler_Test" name="afterUndeleteShouldFailWithIncorrectType" time="15" />
  <testcase classname="MetadataTriggerHandler_Test" name="afterUndeleteShouldSucceed" time="14" />
  <testcase classname="MetadataTriggerHandler_Test" name="afterUpdateShouldFailWithIncorrectClass" time="14" />
  <testcase classname="MetadataTriggerHandler_Test" name="afterUpdateShouldFailWithIncorrectType" time="14" />
  <testcase classname="MetadataTriggerHandler_Test" name="afterUpdateShouldSucceed" time="17" />
  <testcase classname="MetadataTriggerHandler_Test" name="beforeDeleteShouldFailWithIncorrectClass" time="14" />
  <testcase classname="MetadataTriggerHandler_Test" name="beforeDeleteShouldFailWithIncorrectType" time="13" />
  <testcase classname="MetadataTriggerHandler_Test" name="beforeDeleteShouldSucceed" time="15" />
  <testcase classname="MetadataTriggerHandler_Test" name="beforeInsertShouldFailWithIncorrectClass" time="13" />
  <testcase classname="MetadataTriggerHandler_Test" name="beforeInsertShouldFailWithIncorrectType" time="14" />
  <testcase classname="MetadataTriggerHandler_Test" name="beforeInsertShouldSucceed" time="14" />
  <testcase classname="MetadataTriggerHandler_Test" name="beforeUpdateShouldFailWithIncorrectClass" time="14" />
  <testcase classname="MetadataTriggerHandler_Test" name="beforeUpdateShouldFailWithIncorrectType" time="15" />
  <testcase classname="MetadataTriggerHandler_Test" name="beforeUpdateShouldSucceed" time="15" />
  <testcase classname="MetadataTriggerHandler_Test" name="bypassShouldSucceed" time="12" />
  <testcase classname="MetadataTriggerHandler_Test" name="clearAllBypassesShouldSucceed" time="16" />
  <testcase classname="MetadataTriggerHandler_Test" name="clearBypassShouldSucceed" time="12" />
  <testcase classname="MetadataTriggerHandler_Test" name="finalizerShouldSucceed" time="13" />
  <testcase classname="MetadataTriggerHandler_Test" name="isBypassedShouldSucceed" time="12" />
  <testcase classname="MetadataTriggerHandler_Test" name="nothingToProcessShouldExitEarly" time="17" />
  <testcase classname="MetadataTriggerHandler_Test" name="theFrameworkShouldSupportFlow" time="13" />
  <testcase classname="MetadataTriggerHandler_Test" name="theFrameworkShouldSupportSObjectsFromManagedPackages" time="24" />
  <testcase classname="TA_CAF_MergeFieldValues_Test" name="testPopulateMergeFields" time="10331" />
  <testcase classname="TriggerActionFlowAddError_Test" name="addErrorShouldAddAnErrorAtTheFieldSpecified" time="23" />
  <testcase classname="TriggerActionFlowAddError_Test" name="addErrorShouldSucceedWithValidRequest" time="18" />
  <testcase classname="TriggerActionFlowBypass_Test" name="bypassApexShouldSucceedWithValidRequest" time="53" />
  <testcase classname="TriggerActionFlowBypass_Test" name="bypassFlowShouldSucceedWithValidRequest" time="95" />
  <testcase classname="TriggerActionFlowBypass_Test" name="bypassObjectShouldSucceedWithValidRequest" time="19" />
  <testcase classname="TriggerActionFlowBypass_Test" name="bypassShouldFailWithInvalidType" time="24" />
  <testcase classname="TriggerActionFlowChangeEvent_Test" name="correctInputShouldProduceFlowInputs" time="33" />
  <testcase classname="TriggerActionFlowChangeEvent_Test" name="emptyInputShouldProduceEmptyFlowInputs" time="29" />
  <testcase classname="TriggerActionFlowChangeEvent_Test" name="wrongDataTypeShouldThrowException" time="20" />
  <testcase classname="TriggerActionFlowClearAllBypasses_Test" name="clearAllBypassApexShouldSucceedWithValidRequest" time="52" />
  <testcase classname="TriggerActionFlowClearAllBypasses_Test" name="clearAllBypassFlowShouldSucceedWithValidRequest" time="26" />
  <testcase classname="TriggerActionFlowClearAllBypasses_Test" name="clearAllBypassObjectShouldSucceedWithValidRequest" time="18" />
  <testcase classname="TriggerActionFlowClearAllBypasses_Test" name="clearAllBypassShouldFailWithInvalidType" time="21" />
  <testcase classname="TriggerActionFlowClearBypass_Test" name="clearBypassApexShouldSucceedWithValidRequest" time="46" />
  <testcase classname="TriggerActionFlowClearBypass_Test" name="clearBypassFlowShouldSucceedWithValidRequest" time="24" />
  <testcase classname="TriggerActionFlowClearBypass_Test" name="clearBypassObjecthouldSucceedWithValidRequest" time="19" />
  <testcase classname="TriggerActionFlowClearBypass_Test" name="clearBypassShouldFailWithInvalidType" time="23" />
  <testcase classname="TriggerActionFlowIsBypassed_Test" name="isBypassedApexShouldSucceedWithValidRequest" time="12" />
  <testcase classname="TriggerActionFlowIsBypassed_Test" name="isBypassedFlowShouldSucceedWithValidRequest" time="12" />
  <testcase classname="TriggerActionFlowIsBypassed_Test" name="isBypassedObjectShouldSucceedWithValidRequest" time="13" />
  <testcase classname="TriggerActionFlowIsBypassed_Test" name="isBypassedShouldFailWithInvalidType" time="15" />
  <testcase classname="TriggerActionFlow_Test" name="afterDeleteShouldSucceed" time="49" />
  <testcase classname="TriggerActionFlow_Test" name="afterInsertShouldSucceed" time="28" />
  <testcase classname="TriggerActionFlow_Test" name="afterUndeleteShouldSucceed" time="19" />
  <testcase classname="TriggerActionFlow_Test" name="afterUpdateShouldSucceed" time="19" />
  <testcase classname="TriggerActionFlow_Test" name="afterUpdateWithNoRecordsToProcessShouldSucceed" time="19" />
  <testcase classname="TriggerActionFlow_Test" name="beforeDeleteShouldSucceed" time="19" />
  <testcase classname="TriggerActionFlow_Test" name="beforeInsertShouldSucceed" time="22" />
  <testcase classname="TriggerActionFlow_Test" name="beforeUpdateShouldSucceed" time="22" />
  <testcase classname="TriggerActionFlow_Test" name="beforeUpdateWithNoRecordsToProcessShouldSucceed" time="20" />
  <testcase classname="TriggerActionFlow_Test" name="bypassShouldSucceed" time="18" />
  <testcase classname="TriggerActionFlow_Test" name="clearAllBypassesShouldSucceed" time="18" />
  <testcase classname="TriggerActionFlow_Test" name="clearBypassShouldSucceed" time="19" />
  <testcase classname="TriggerActionFlow_Test" name="emptyFlowNameShouldThrowException" time="20" />
  <testcase classname="TriggerActionFlow_Test" name="flowMissingRecordVariableInOutputShouldThrowException" time="21" />
  <testcase classname="TriggerActionFlow_Test" name="invokeFlowShouldReturnUnsuccessfulResponseWithBogusFlowName" time="270" />
  <testcase classname="TriggerActionFlow_Test" name="isBypassedShouldSucceed" time="19" />
  <testcase classname="TriggerActionFlow_Test" name="noRecordMutationsShouldSucceed" time="18" />
  <testcase classname="TriggerActionFlow_Test" name="nulledFieldInFlowShouldBeTransferredBack" time="20" />
  <testcase classname="TriggerActionFlow_Test" name="shouldDoNothingWhenBypassed" time="19" />
  <testcase classname="TriggerActionFlow_Test" name="unsuccessfulActionResultShouldBeAddedAsErrorToRecord" time="22" />
  <testcase classname="TriggerActionFlow_Test" name="validateTypeShouldThrowExceptionWithInvalidInput" time="21" />
  <testcase classname="TriggerBase_Test" name="afterDeleteShouldSucceed" time="59" />
  <testcase classname="TriggerBase_Test" name="afterInsertShouldSucceed" time="33" />
  <testcase classname="TriggerBase_Test" name="afterUndeleteShouldSucceed" time="21" />
  <testcase classname="TriggerBase_Test" name="afterUpdateShouldSucceed" time="21" />
  <testcase classname="TriggerBase_Test" name="beforeDeleteShouldSucceed" time="24" />
  <testcase classname="TriggerBase_Test" name="beforeInsertShouldSucceed" time="21" />
  <testcase classname="TriggerBase_Test" name="beforeUpdateShouldSucceed" time="21" />
  <testcase classname="TriggerBase_Test" name="bypassShouldSucceed" time="19" />
  <testcase classname="TriggerBase_Test" name="clearAllBypassesShouldSucceed" time="18" />
  <testcase classname="TriggerBase_Test" name="clearBypassShouldSucceed" time="22" />
  <testcase classname="TriggerBase_Test" name="finalizingWithoutWaitingShouldThrowError" time="20" />
  <testcase classname="TriggerBase_Test" name="idToNumberOfTimesSeenAfterUpdate" time="22" />
  <testcase classname="TriggerBase_Test" name="idToNumberOfTimesSeenBeforeUpdate" time="21" />
  <testcase classname="TriggerBase_Test" name="inverseContextsShouldFinalizeDmlOperationDelete" time="23" />
  <testcase classname="TriggerBase_Test" name="inverseContextsShouldFinalizeDmlOperationInsert" time="20" />
  <testcase classname="TriggerBase_Test" name="inverseContextsShouldFinalizeDmlOperationUndelete" time="23" />
  <testcase classname="TriggerBase_Test" name="inverseContextsShouldFinalizeDmlOperationUpdate" time="22" />
  <testcase classname="TriggerBase_Test" name="isBypassedShouldSucceed" time="18" />
  <testcase classname="TriggerBase_Test" name="offsetRowsShouldWork" time="17" />
  <testcase classname="TriggerBase_Test" name="oldAndNewShouldComeFromTrigger" time="18" />
  <testcase classname="TriggerBase_Test" name="peekShouldShowMostRecentlyAdded" time="18" />
  <testcase classname="TriggerBase_Test" name="peekingStackWhileEmptyShouldThrowException" time="19" />
  <testcase classname="TriggerBase_Test" name="poppingStackWhileEmptyShouldThrowException" time="19" />
  <testcase classname="TriggerBase_Test" name="runShouldDoNothingWhenBypassed" time="19" />
  <testcase classname="TriggerBase_Test" name="runShouldFailWhenCalledOutsideTrigger" time="18" />
  <testcase classname="TriggerBase_Test" name="sObjectNameShouldBePopulatedFromTriggerNew" time="19" />
  <testcase classname="TriggerBase_Test" name="sObjectNameShouldBePopulatedFromTriggerOld" time="18" />
  <testcase classname="TriggerBase_Test" name="stackDepthShouldBeCalculatedProperly" time="19" />
  <testcase classname="TriggerBase_Test" name="stackShouldBeFirstInLastOut" time="20" />
  <testcase classname="TriggerBase_Test" name="stackShouldBeLastInFirstOut" time="20" />
  <testcase classname="TriggerBase_Test" name="stacksShouldBeAbleToDetermineIftheyAreEmpty" time="22" />
  <testcase classname="TriggerBase_Test" name="waitingThenFinalizingShouldWork" time="20" />
  <testcase classname="TriggerRecord_Test" name="shouldBeAbleToConstructATriggerRecord" time="20" />
  <testcase classname="Triggers_Test" name="testContentDocumentLinkTrigger" time="1628" />
  <testcase classname="Triggers_Test" name="testContractAndFormTrigger" time="639" />
  <testcase classname="Triggers_Test" name="testTransactionTrigger" time="298" />
  <testcase classname="Triggers_Test" name="testTransactionTriggerRecord" time="20" />
  <testcase classname="Util_Test" name="testGetNamespace" time="19" />
  <testcase classname="Util_Test" name="testIsOrgEmailEnabled" time="36" />
  <testcase classname="Util_Test" name="testPrefixNamespace" time="22" />
</testsuite>