<testsuite tests="189">
  <testcase classname="ContractFieldMergeInvocable_Test" name="testRefreshContractCollection" time="9523" />
  <testcase classname="ContractFieldMergeInvocable_Test" name="testRefreshContractCollectionWithDml" time="1602" />
  <testcase classname="ContractFieldMergeInvocable_Test" name="testRefreshContracts" time="1507" />
  <testcase classname="ContractFieldMergeInvocable_Test" name="testRefreshContractsWithDml" time="1712" />
  <testcase classname="ContractFieldMergeInvocable_Test" name="testRefreshContractsWithNoRequests" time="17" />
  <testcase classname="ContractFieldMergeInvocable_Test" name="testRefreshContractsWithNullRequests" time="17" />
  <testcase classname="ContractFieldMergeInvocable_Test" name="testRefreshEmptyCollection" time="537" />
  <testcase classname="ContractFieldMerge_Test" name="testInitializeServiceWithTemplatelessContract" time="1283" />
  <testcase classname="ContractFieldMerge_Test" name="testPopulateMergeFieldsForEmptyList" time="657" />
  <testcase classname="ContractFieldMerge_Test" name="testResolveMergeFields" time="2443" />
  <testcase classname="ContractFieldMerge_Test" name="testServiceWithInvalidStatus" time="2256" />
  <testcase classname="ContractFieldMerge_Test" name="testServiceWithInvalidType" time="2342" />
  <testcase classname="ContractMergeFieldService_Test" name="testMergeContractCollectionById" time="9251" />
  <testcase classname="ContractMergeFieldService_Test" name="testMergeSingleContractById" time="1436" />
  <testcase classname="ContractMergeFieldService_Test" name="testUpdateContracts" time="729" />
  <testcase classname="ContractMergeFieldUtils_Test" name="testFormatCurrencyFieldValue" time="39" />
  <testcase classname="ContractMergeFieldUtils_Test" name="testFormatDateFieldValue" time="30" />
  <testcase classname="ContractMergeFieldUtils_Test" name="testFormatDatetimeFieldValue" time="16" />
  <testcase classname="ContractMergeFieldUtils_Test" name="testFormatNullValue" time="15" />
  <testcase classname="ContractMergeFieldUtils_Test" name="testGetMergeFieldsFromString" time="16" />
  <testcase classname="ContractMergeFieldUtils_Test" name="testGetMergeFieldsWithFallbackValue" time="19" />
  <testcase classname="ContractMergeFieldUtils_Test" name="testRemoveTableBlocks" time="17" />
  <testcase classname="ContractMergeFieldUtils_Test" name="testRemoveTableBlocksWithEmptyInput" time="15" />
  <testcase classname="ContractMergeFieldUtils_Test" name="testReplaceMergeFieldsWithValues" time="30" />
  <testcase classname="ContractMergeFieldUtils_Test" name="testReplaceParentMergeFieldsWithValues" time="254" />
  <testcase classname="ContractTemplateEditorController_Test" name="testGetFieldDescriptors" time="11099" />
  <testcase classname="ContractTemplateEditorController_Test" name="testGetFieldDescriptorsForInvalidObject" time="76" />
  <testcase classname="ContractTemplateEditorController_Test" name="testGetFieldDescriptorsForRelationshipPath" time="751" />
  <testcase classname="ContractTemplateEditorController_Test" name="testGetPreviewWaiverText" time="1864" />
  <testcase classname="ContractTemplateEditorController_Test" name="testGetPreviewWaiverTextWithFakeTemplateId" time="1574" />
  <testcase classname="ContractTemplateEditorController_Test" name="testGetTemplateQueries" time="816" />
  <testcase classname="ContractTemplateEditorController_Test" name="testGetTemplateQueriesWithInvalidId" time="597" />
  <testcase classname="ContractTemplateService_Test" name="testAddTemplatesToCache" time="1102" />
  <testcase classname="ContractTemplateService_Test" name="testDoesNotReloadAlreadyCachedTemplates" time="645" />
  <testcase classname="ContractTemplateService_Test" name="testMissingQueryRelationship" time="603" />
  <testcase classname="FieldPathManager_Test" name="testIsValid" time="19" />
  <testcase classname="FieldPathManager_Test" name="testNormalize" time="17" />
  <testcase classname="FieldPathResolver_Test" name="testFallbackByRelationshipName" time="63" />
  <testcase classname="FieldPathResolver_Test" name="testInvalidFieldPath" time="38" />
  <testcase classname="FieldPathResolver_Test" name="testNonRelationshipMidPath" time="14" />
  <testcase classname="FieldPathResolver_Test" name="testOneLevelRelationshipResolution" time="14" />
  <testcase classname="FieldPathResolver_Test" name="testSimpleFieldResolution" time="15" />
  <testcase classname="FieldPathResolver_Test" name="testTwoLevelRelationshipResolution" time="18" />
  <testcase classname="FinalizerHandler_Test" name="bypassFinalizerShouldSucceed" time="32" />
  <testcase classname="FinalizerHandler_Test" name="bypassedFinalizerShouldNotExecute" time="32" />
  <testcase classname="FinalizerHandler_Test" name="clearAllFinalizerBypassesShouldSucceed" time="20" />
  <testcase classname="FinalizerHandler_Test" name="clearFinalizerBypassShouldSucceed" time="21" />
  <testcase classname="FinalizerHandler_Test" name="finalizerIsBypassedShouldSucceed" time="21" />
  <testcase classname="FinalizerHandler_Test" name="finalizerThatInvokesDmlShouldCauseException" time="24" />
  <testcase classname="FinalizerHandler_Test" name="finalizersShouldExecuteInOrder" time="42" />
  <testcase classname="FinalizerHandler_Test" name="invalidFinalizerClassShouldThrowException" time="21" />
  <testcase classname="FinalizerHandler_Test" name="noConfiguredFinalizerShouldTakeNoAction" time="21" />
  <testcase classname="FinalizerHandler_Test" name="properlyConfiguredFinalizerShouldExecute" time="28" />
  <testcase classname="FinalizerHandler_Test" name="referencedClassDoesNotImplementDmlFinalizerShouldThrowException" time="25" />
  <testcase classname="FinalizerHandler_Test" name="staticallyBypassedFinalizerShouldNotExecute" time="21" />
  <testcase classname="FinalizerHandler_Test" name="userWithBypassPermissionDefinedOnFinalizerShouldNotExecute" time="20" />
  <testcase classname="FinalizerHandler_Test" name="userWithoutRequiredPermissionDefinedOnFinalizerShouldNotExecute" time="21" />
  <testcase classname="FlowChangeEventHeader_Test" name="shouldBeAbleToCompare" time="20" />
  <testcase classname="FlowChangeEventHeader_Test" name="shouldBeAbleToConstruct" time="15" />
  <testcase classname="FlowChangeEventHeader_Test" name="shouldBeAbleToGenerateHashCode" time="15" />
  <testcase classname="FormulaFilter_Test" name="emptyClassShouldThrowException" time="31" />
  <testcase classname="FormulaFilter_Test" name="emptyStringFormulaShouldProcessAllRecords" time="20" />
  <testcase classname="FormulaFilter_Test" name="invalidFormulaSyntaxShouldThrowException" time="31" />
  <testcase classname="FormulaFilter_Test" name="noFormulaShouldProcessAllRecords" time="15" />
  <testcase classname="FormulaFilter_Test" name="nonExistentClassShouldThrowException" time="14" />
  <testcase classname="FormulaFilter_Test" name="nonGlobalShouldThrowException" time="16" />
  <testcase classname="FormulaFilter_Test" name="nonTriggerRecordClassShouldThrowException" time="20" />
  <testcase classname="FormulaFilter_Test" name="nullClassShouldThrowException" time="18" />
  <testcase classname="FormulaFilter_Test" name="validFormulaShouldFilterContentsOftriggerNew" time="17" />
  <testcase classname="FormulaFilter_Test" name="validFormulaWithNoMatchingRecordsShouldProcessNoRecords" time="16" />
  <testcase classname="MetadataTriggerHandler_Test" name="actionMetadataShouldConstruct" time="502" />
  <testcase classname="MetadataTriggerHandler_Test" name="actionShouldExecuteIfNoRequiredOrBypassPermissionsAreDefinedForSObjectOrAction" time="28" />
  <testcase classname="MetadataTriggerHandler_Test" name="actionShouldExecuteIfUserDoesNotHaveBypassPermissionForSObjectOrAction" time="23" />
  <testcase classname="MetadataTriggerHandler_Test" name="actionShouldNotExecuteIfUserDoesNotHaveRequiredPermissionForAction" time="15" />
  <testcase classname="MetadataTriggerHandler_Test" name="actionShouldNotExecuteIfUserDoesNotHaveRequiredPermissionForSObject" time="16" />
  <testcase classname="MetadataTriggerHandler_Test" name="actionShouldNotExecuteIfUserHasBypassPermissionForAction" time="17" />
  <testcase classname="MetadataTriggerHandler_Test" name="actionShouldNotExecuteIfUserHasBypassPermissionForSObject" time="14" />
  <testcase classname="MetadataTriggerHandler_Test" name="afterDeleteShouldFailWithIncorrectClass" time="15" />
  <testcase classname="MetadataTriggerHandler_Test" name="afterDeleteShouldFailWithIncorrectType" time="15" />
  <testcase classname="MetadataTriggerHandler_Test" name="afterDeleteShouldSucceed" time="17" />
  <testcase classname="MetadataTriggerHandler_Test" name="afterInsertShouldFailWithIncorrectClass" time="15" />
  <testcase classname="MetadataTriggerHandler_Test" name="afterInsertShouldFailWithIncorrectType" time="15" />
  <testcase classname="MetadataTriggerHandler_Test" name="afterInsertShouldSucceed" time="17" />
  <testcase classname="MetadataTriggerHandler_Test" name="afterUndeleteShouldFailWithIncorrectClass" time="14" />
  <testcase classname="MetadataTriggerHandler_Test" name="afterUndeleteShouldFailWithIncorrectType" time="10" />
  <testcase classname="MetadataTriggerHandler_Test" name="afterUndeleteShouldSucceed" time="13" />
  <testcase classname="MetadataTriggerHandler_Test" name="afterUpdateShouldFailWithIncorrectClass" time="17" />
  <testcase classname="MetadataTriggerHandler_Test" name="afterUpdateShouldFailWithIncorrectType" time="18" />
  <testcase classname="MetadataTriggerHandler_Test" name="afterUpdateShouldSucceed" time="17" />
  <testcase classname="MetadataTriggerHandler_Test" name="beforeDeleteShouldFailWithIncorrectClass" time="17" />
  <testcase classname="MetadataTriggerHandler_Test" name="beforeDeleteShouldFailWithIncorrectType" time="16" />
  <testcase classname="MetadataTriggerHandler_Test" name="beforeDeleteShouldSucceed" time="17" />
  <testcase classname="MetadataTriggerHandler_Test" name="beforeInsertShouldFailWithIncorrectClass" time="15" />
  <testcase classname="MetadataTriggerHandler_Test" name="beforeInsertShouldFailWithIncorrectType" time="15" />
  <testcase classname="MetadataTriggerHandler_Test" name="beforeInsertShouldSucceed" time="15" />
  <testcase classname="MetadataTriggerHandler_Test" name="beforeUpdateShouldFailWithIncorrectClass" time="16" />
  <testcase classname="MetadataTriggerHandler_Test" name="beforeUpdateShouldFailWithIncorrectType" time="18" />
  <testcase classname="MetadataTriggerHandler_Test" name="beforeUpdateShouldSucceed" time="18" />
  <testcase classname="MetadataTriggerHandler_Test" name="bypassShouldSucceed" time="15" />
  <testcase classname="MetadataTriggerHandler_Test" name="clearAllBypassesShouldSucceed" time="15" />
  <testcase classname="MetadataTriggerHandler_Test" name="clearBypassShouldSucceed" time="14" />
  <testcase classname="MetadataTriggerHandler_Test" name="finalizerShouldSucceed" time="19" />
  <testcase classname="MetadataTriggerHandler_Test" name="isBypassedShouldSucceed" time="19" />
  <testcase classname="MetadataTriggerHandler_Test" name="nothingToProcessShouldExitEarly" time="15" />
  <testcase classname="MetadataTriggerHandler_Test" name="theFrameworkShouldSupportFlow" time="16" />
  <testcase classname="MetadataTriggerHandler_Test" name="theFrameworkShouldSupportSObjectsFromManagedPackages" time="31" />
  <testcase classname="TA_CAF_MergeFieldValues_Test" name="testresolveMergeFields" time="2468" />
  <testcase classname="TriggerActionFlowAddError_Test" name="addErrorShouldAddAnErrorAtTheFieldSpecified" time="24" />
  <testcase classname="TriggerActionFlowAddError_Test" name="addErrorShouldSucceedWithValidRequest" time="19" />
  <testcase classname="TriggerActionFlowBypass_Test" name="bypassApexShouldSucceedWithValidRequest" time="51" />
  <testcase classname="TriggerActionFlowBypass_Test" name="bypassFlowShouldSucceedWithValidRequest" time="19" />
  <testcase classname="TriggerActionFlowBypass_Test" name="bypassObjectShouldSucceedWithValidRequest" time="14" />
  <testcase classname="TriggerActionFlowBypass_Test" name="bypassShouldFailWithInvalidType" time="14" />
  <testcase classname="TriggerActionFlowChangeEvent_Test" name="correctInputShouldProduceFlowInputs" time="46" />
  <testcase classname="TriggerActionFlowChangeEvent_Test" name="emptyInputShouldProduceEmptyFlowInputs" time="17" />
  <testcase classname="TriggerActionFlowChangeEvent_Test" name="wrongDataTypeShouldThrowException" time="11" />
  <testcase classname="TriggerActionFlowClearAllBypasses_Test" name="clearAllBypassApexShouldSucceedWithValidRequest" time="54" />
  <testcase classname="TriggerActionFlowClearAllBypasses_Test" name="clearAllBypassFlowShouldSucceedWithValidRequest" time="14" />
  <testcase classname="TriggerActionFlowClearAllBypasses_Test" name="clearAllBypassObjectShouldSucceedWithValidRequest" time="13" />
  <testcase classname="TriggerActionFlowClearAllBypasses_Test" name="clearAllBypassShouldFailWithInvalidType" time="13" />
  <testcase classname="TriggerActionFlowClearBypass_Test" name="clearBypassApexShouldSucceedWithValidRequest" time="40" />
  <testcase classname="TriggerActionFlowClearBypass_Test" name="clearBypassFlowShouldSucceedWithValidRequest" time="21" />
  <testcase classname="TriggerActionFlowClearBypass_Test" name="clearBypassObjecthouldSucceedWithValidRequest" time="15" />
  <testcase classname="TriggerActionFlowClearBypass_Test" name="clearBypassShouldFailWithInvalidType" time="14" />
  <testcase classname="TriggerActionFlowIsBypassed_Test" name="isBypassedApexShouldSucceedWithValidRequest" time="48" />
  <testcase classname="TriggerActionFlowIsBypassed_Test" name="isBypassedFlowShouldSucceedWithValidRequest" time="14" />
  <testcase classname="TriggerActionFlowIsBypassed_Test" name="isBypassedObjectShouldSucceedWithValidRequest" time="13" />
  <testcase classname="TriggerActionFlowIsBypassed_Test" name="isBypassedShouldFailWithInvalidType" time="13" />
  <testcase classname="TriggerActionFlow_Test" name="afterDeleteShouldSucceed" time="46" />
  <testcase classname="TriggerActionFlow_Test" name="afterInsertShouldSucceed" time="25" />
  <testcase classname="TriggerActionFlow_Test" name="afterUndeleteShouldSucceed" time="17" />
  <testcase classname="TriggerActionFlow_Test" name="afterUpdateShouldSucceed" time="18" />
  <testcase classname="TriggerActionFlow_Test" name="afterUpdateWithNoRecordsToProcessShouldSucceed" time="19" />
  <testcase classname="TriggerActionFlow_Test" name="beforeDeleteShouldSucceed" time="14" />
  <testcase classname="TriggerActionFlow_Test" name="beforeInsertShouldSucceed" time="16" />
  <testcase classname="TriggerActionFlow_Test" name="beforeUpdateShouldSucceed" time="16" />
  <testcase classname="TriggerActionFlow_Test" name="beforeUpdateWithNoRecordsToProcessShouldSucceed" time="14" />
  <testcase classname="TriggerActionFlow_Test" name="bypassShouldSucceed" time="14" />
  <testcase classname="TriggerActionFlow_Test" name="clearAllBypassesShouldSucceed" time="13" />
  <testcase classname="TriggerActionFlow_Test" name="clearBypassShouldSucceed" time="15" />
  <testcase classname="TriggerActionFlow_Test" name="emptyFlowNameShouldThrowException" time="15" />
  <testcase classname="TriggerActionFlow_Test" name="flowMissingRecordVariableInOutputShouldThrowException" time="16" />
  <testcase classname="TriggerActionFlow_Test" name="invokeFlowShouldReturnUnsuccessfulResponseWithBogusFlowName" time="139" />
  <testcase classname="TriggerActionFlow_Test" name="isBypassedShouldSucceed" time="14" />
  <testcase classname="TriggerActionFlow_Test" name="noRecordMutationsShouldSucceed" time="16" />
  <testcase classname="TriggerActionFlow_Test" name="nulledFieldInFlowShouldBeTransferredBack" time="14" />
  <testcase classname="TriggerActionFlow_Test" name="shouldDoNothingWhenBypassed" time="15" />
  <testcase classname="TriggerActionFlow_Test" name="unsuccessfulActionResultShouldBeAddedAsErrorToRecord" time="16" />
  <testcase classname="TriggerActionFlow_Test" name="validateTypeShouldThrowExceptionWithInvalidInput" time="15" />
  <testcase classname="TriggerBase_Test" name="afterDeleteShouldSucceed" time="39" />
  <testcase classname="TriggerBase_Test" name="afterInsertShouldSucceed" time="31" />
  <testcase classname="TriggerBase_Test" name="afterUndeleteShouldSucceed" time="15" />
  <testcase classname="TriggerBase_Test" name="afterUpdateShouldSucceed" time="17" />
  <testcase classname="TriggerBase_Test" name="beforeDeleteShouldSucceed" time="15" />
  <testcase classname="TriggerBase_Test" name="beforeInsertShouldSucceed" time="17" />
  <testcase classname="TriggerBase_Test" name="beforeUpdateShouldSucceed" time="14" />
  <testcase classname="TriggerBase_Test" name="bypassShouldSucceed" time="16" />
  <testcase classname="TriggerBase_Test" name="clearAllBypassesShouldSucceed" time="12" />
  <testcase classname="TriggerBase_Test" name="clearBypassShouldSucceed" time="14" />
  <testcase classname="TriggerBase_Test" name="finalizingWithoutWaitingShouldThrowError" time="14" />
  <testcase classname="TriggerBase_Test" name="idToNumberOfTimesSeenAfterUpdate" time="17" />
  <testcase classname="TriggerBase_Test" name="idToNumberOfTimesSeenBeforeUpdate" time="14" />
  <testcase classname="TriggerBase_Test" name="inverseContextsShouldFinalizeDmlOperationDelete" time="17" />
  <testcase classname="TriggerBase_Test" name="inverseContextsShouldFinalizeDmlOperationInsert" time="14" />
  <testcase classname="TriggerBase_Test" name="inverseContextsShouldFinalizeDmlOperationUndelete" time="16" />
  <testcase classname="TriggerBase_Test" name="inverseContextsShouldFinalizeDmlOperationUpdate" time="16" />
  <testcase classname="TriggerBase_Test" name="isBypassedShouldSucceed" time="14" />
  <testcase classname="TriggerBase_Test" name="offsetRowsShouldWork" time="14" />
  <testcase classname="TriggerBase_Test" name="oldAndNewShouldComeFromTrigger" time="14" />
  <testcase classname="TriggerBase_Test" name="peekShouldShowMostRecentlyAdded" time="13" />
  <testcase classname="TriggerBase_Test" name="peekingStackWhileEmptyShouldThrowException" time="13" />
  <testcase classname="TriggerBase_Test" name="poppingStackWhileEmptyShouldThrowException" time="15" />
  <testcase classname="TriggerBase_Test" name="runShouldDoNothingWhenBypassed" time="13" />
  <testcase classname="TriggerBase_Test" name="runShouldFailWhenCalledOutsideTrigger" time="14" />
  <testcase classname="TriggerBase_Test" name="sObjectNameShouldBePopulatedFromTriggerNew" time="14" />
  <testcase classname="TriggerBase_Test" name="sObjectNameShouldBePopulatedFromTriggerOld" time="14" />
  <testcase classname="TriggerBase_Test" name="stackDepthShouldBeCalculatedProperly" time="14" />
  <testcase classname="TriggerBase_Test" name="stackShouldBeFirstInLastOut" time="16" />
  <testcase classname="TriggerBase_Test" name="stackShouldBeLastInFirstOut" time="15" />
  <testcase classname="TriggerBase_Test" name="stacksShouldBeAbleToDetermineIftheyAreEmpty" time="13" />
  <testcase classname="TriggerBase_Test" name="waitingThenFinalizingShouldWork" time="14" />
  <testcase classname="TriggerRecord_Test" name="shouldBeAbleToConstructATriggerRecord" time="15" />
  <testcase classname="Triggers_Test" name="testContentDocumentLinkTrigger" time="2496" />
  <testcase classname="Triggers_Test" name="testContractAndFormTrigger" time="726" />
  <testcase classname="Triggers_Test" name="testTransactionTrigger" time="300" />
  <testcase classname="Triggers_Test" name="testTransactionTriggerRecord" time="27" />
  <testcase classname="Util_Test" name="testGetNamespace" time="26" />
  <testcase classname="Util_Test" name="testIsOrgEmailEnabled" time="29" />
  <testcase classname="Util_Test" name="testPrefixNamespace" time="16" />
</testsuite>