<testsuite tests="189">
  <testcase classname="ContractFieldMergeInvocable_Test" name="testRefreshContractCollection" time="13403" />
  <testcase classname="ContractFieldMergeInvocable_Test" name="testRefreshContractCollectionWithDml" time="2251" />
  <testcase classname="ContractFieldMergeInvocable_Test" name="testRefreshContracts" time="1999" />
  <testcase classname="ContractFieldMergeInvocable_Test" name="testRefreshContractsWithDml" time="2176" />
  <testcase classname="ContractFieldMergeInvocable_Test" name="testRefreshContractsWithNoRequests" time="29" />
  <testcase classname="ContractFieldMergeInvocable_Test" name="testRefreshContractsWithNullRequests" time="24" />
  <testcase classname="ContractFieldMergeInvocable_Test" name="testRefreshEmptyCollection" time="611" />
  <testcase classname="ContractFieldMerge_Test" name="testInitializeServiceWithTemplatelessContract" time="1272" />
  <testcase classname="ContractFieldMerge_Test" name="testPopulateMergeFieldsForEmptyList" time="803" />
  <testcase classname="ContractFieldMerge_Test" name="testResolveMergeFields" time="3029" />
  <testcase classname="ContractFieldMerge_Test" name="testServiceWithInvalidStatus" time="2610" />
  <testcase classname="ContractFieldMerge_Test" name="testServiceWithInvalidType" time="2582" />
  <testcase classname="ContractMergeFieldService_Test" name="testMergeContractCollectionById" time="14678" />
  <testcase classname="ContractMergeFieldService_Test" name="testMergeSingleContractById" time="2319" />
  <testcase classname="ContractMergeFieldService_Test" name="testUpdateContracts" time="1982" />
  <testcase classname="ContractMergeFieldUtils_Test" name="testFormatCurrencyFieldValue" time="33" />
  <testcase classname="ContractMergeFieldUtils_Test" name="testFormatDateFieldValue" time="76" />
  <testcase classname="ContractMergeFieldUtils_Test" name="testFormatDatetimeFieldValue" time="21" />
  <testcase classname="ContractMergeFieldUtils_Test" name="testFormatNullValue" time="23" />
  <testcase classname="ContractMergeFieldUtils_Test" name="testGetMergeFieldsFromString" time="23" />
  <testcase classname="ContractMergeFieldUtils_Test" name="testGetMergeFieldsWithFallbackValue" time="24" />
  <testcase classname="ContractMergeFieldUtils_Test" name="testRemoveTableBlocks" time="21" />
  <testcase classname="ContractMergeFieldUtils_Test" name="testRemoveTableBlocksWithEmptyInput" time="21" />
  <testcase classname="ContractMergeFieldUtils_Test" name="testReplaceMergeFieldsWithValues" time="46" />
  <testcase classname="ContractMergeFieldUtils_Test" name="testReplaceParentMergeFieldsWithValues" time="356" />
  <testcase classname="ContractTemplateEditorController_Test" name="testGetFieldDescriptors" time="1747" />
  <testcase classname="ContractTemplateEditorController_Test" name="testGetFieldDescriptorsForInvalidObject" time="69" />
  <testcase classname="ContractTemplateEditorController_Test" name="testGetFieldDescriptorsForRelationshipPath" time="1144" />
  <testcase classname="ContractTemplateEditorController_Test" name="testGetPreviewWaiverText" time="1949" />
  <testcase classname="ContractTemplateEditorController_Test" name="testGetPreviewWaiverTextWithFakeTemplateId" time="1751" />
  <testcase classname="ContractTemplateEditorController_Test" name="testGetTemplateQueries" time="936" />
  <testcase classname="ContractTemplateEditorController_Test" name="testGetTemplateQueriesWithInvalidId" time="614" />
  <testcase classname="ContractTemplateService_Test" name="testAddTemplatesToCache" time="1518" />
  <testcase classname="ContractTemplateService_Test" name="testDoesNotReloadAlreadyCachedTemplates" time="888" />
  <testcase classname="ContractTemplateService_Test" name="testMissingQueryRelationship" time="802" />
  <testcase classname="FieldPathManager_Test" name="testIsValid" time="37" />
  <testcase classname="FieldPathManager_Test" name="testNormalize" time="38" />
  <testcase classname="FieldPathResolver_Test" name="testFallbackByRelationshipName" time="46" />
  <testcase classname="FieldPathResolver_Test" name="testInvalidFieldPath" time="41" />
  <testcase classname="FieldPathResolver_Test" name="testNonRelationshipMidPath" time="15" />
  <testcase classname="FieldPathResolver_Test" name="testOneLevelRelationshipResolution" time="17" />
  <testcase classname="FieldPathResolver_Test" name="testSimpleFieldResolution" time="14" />
  <testcase classname="FieldPathResolver_Test" name="testTwoLevelRelationshipResolution" time="23" />
  <testcase classname="FinalizerHandler_Test" name="bypassFinalizerShouldSucceed" time="33" />
  <testcase classname="FinalizerHandler_Test" name="bypassedFinalizerShouldNotExecute" time="22" />
  <testcase classname="FinalizerHandler_Test" name="clearAllFinalizerBypassesShouldSucceed" time="12" />
  <testcase classname="FinalizerHandler_Test" name="clearFinalizerBypassShouldSucceed" time="13" />
  <testcase classname="FinalizerHandler_Test" name="finalizerIsBypassedShouldSucceed" time="12" />
  <testcase classname="FinalizerHandler_Test" name="finalizerThatInvokesDmlShouldCauseException" time="17" />
  <testcase classname="FinalizerHandler_Test" name="finalizersShouldExecuteInOrder" time="14" />
  <testcase classname="FinalizerHandler_Test" name="invalidFinalizerClassShouldThrowException" time="14" />
  <testcase classname="FinalizerHandler_Test" name="noConfiguredFinalizerShouldTakeNoAction" time="13" />
  <testcase classname="FinalizerHandler_Test" name="properlyConfiguredFinalizerShouldExecute" time="20" />
  <testcase classname="FinalizerHandler_Test" name="referencedClassDoesNotImplementDmlFinalizerShouldThrowException" time="121" />
  <testcase classname="FinalizerHandler_Test" name="staticallyBypassedFinalizerShouldNotExecute" time="17" />
  <testcase classname="FinalizerHandler_Test" name="userWithBypassPermissionDefinedOnFinalizerShouldNotExecute" time="15" />
  <testcase classname="FinalizerHandler_Test" name="userWithoutRequiredPermissionDefinedOnFinalizerShouldNotExecute" time="16" />
  <testcase classname="FlowChangeEventHeader_Test" name="shouldBeAbleToCompare" time="36" />
  <testcase classname="FlowChangeEventHeader_Test" name="shouldBeAbleToConstruct" time="25" />
  <testcase classname="FlowChangeEventHeader_Test" name="shouldBeAbleToGenerateHashCode" time="20" />
  <testcase classname="FormulaFilter_Test" name="emptyClassShouldThrowException" time="27" />
  <testcase classname="FormulaFilter_Test" name="emptyStringFormulaShouldProcessAllRecords" time="22" />
  <testcase classname="FormulaFilter_Test" name="invalidFormulaSyntaxShouldThrowException" time="38" />
  <testcase classname="FormulaFilter_Test" name="noFormulaShouldProcessAllRecords" time="15" />
  <testcase classname="FormulaFilter_Test" name="nonExistentClassShouldThrowException" time="16" />
  <testcase classname="FormulaFilter_Test" name="nonGlobalShouldThrowException" time="17" />
  <testcase classname="FormulaFilter_Test" name="nonTriggerRecordClassShouldThrowException" time="24" />
  <testcase classname="FormulaFilter_Test" name="nullClassShouldThrowException" time="18" />
  <testcase classname="FormulaFilter_Test" name="validFormulaShouldFilterContentsOftriggerNew" time="19" />
  <testcase classname="FormulaFilter_Test" name="validFormulaWithNoMatchingRecordsShouldProcessNoRecords" time="16" />
  <testcase classname="MetadataTriggerHandler_Test" name="actionMetadataShouldConstruct" time="262" />
  <testcase classname="MetadataTriggerHandler_Test" name="actionShouldExecuteIfNoRequiredOrBypassPermissionsAreDefinedForSObjectOrAction" time="51" />
  <testcase classname="MetadataTriggerHandler_Test" name="actionShouldExecuteIfUserDoesNotHaveBypassPermissionForSObjectOrAction" time="40" />
  <testcase classname="MetadataTriggerHandler_Test" name="actionShouldNotExecuteIfUserDoesNotHaveRequiredPermissionForAction" time="29" />
  <testcase classname="MetadataTriggerHandler_Test" name="actionShouldNotExecuteIfUserDoesNotHaveRequiredPermissionForSObject" time="29" />
  <testcase classname="MetadataTriggerHandler_Test" name="actionShouldNotExecuteIfUserHasBypassPermissionForAction" time="32" />
  <testcase classname="MetadataTriggerHandler_Test" name="actionShouldNotExecuteIfUserHasBypassPermissionForSObject" time="29" />
  <testcase classname="MetadataTriggerHandler_Test" name="afterDeleteShouldFailWithIncorrectClass" time="33" />
  <testcase classname="MetadataTriggerHandler_Test" name="afterDeleteShouldFailWithIncorrectType" time="32" />
  <testcase classname="MetadataTriggerHandler_Test" name="afterDeleteShouldSucceed" time="34" />
  <testcase classname="MetadataTriggerHandler_Test" name="afterInsertShouldFailWithIncorrectClass" time="34" />
  <testcase classname="MetadataTriggerHandler_Test" name="afterInsertShouldFailWithIncorrectType" time="30" />
  <testcase classname="MetadataTriggerHandler_Test" name="afterInsertShouldSucceed" time="35" />
  <testcase classname="MetadataTriggerHandler_Test" name="afterUndeleteShouldFailWithIncorrectClass" time="29" />
  <testcase classname="MetadataTriggerHandler_Test" name="afterUndeleteShouldFailWithIncorrectType" time="34" />
  <testcase classname="MetadataTriggerHandler_Test" name="afterUndeleteShouldSucceed" time="34" />
  <testcase classname="MetadataTriggerHandler_Test" name="afterUpdateShouldFailWithIncorrectClass" time="30" />
  <testcase classname="MetadataTriggerHandler_Test" name="afterUpdateShouldFailWithIncorrectType" time="29" />
  <testcase classname="MetadataTriggerHandler_Test" name="afterUpdateShouldSucceed" time="34" />
  <testcase classname="MetadataTriggerHandler_Test" name="beforeDeleteShouldFailWithIncorrectClass" time="30" />
  <testcase classname="MetadataTriggerHandler_Test" name="beforeDeleteShouldFailWithIncorrectType" time="30" />
  <testcase classname="MetadataTriggerHandler_Test" name="beforeDeleteShouldSucceed" time="33" />
  <testcase classname="MetadataTriggerHandler_Test" name="beforeInsertShouldFailWithIncorrectClass" time="29" />
  <testcase classname="MetadataTriggerHandler_Test" name="beforeInsertShouldFailWithIncorrectType" time="32" />
  <testcase classname="MetadataTriggerHandler_Test" name="beforeInsertShouldSucceed" time="31" />
  <testcase classname="MetadataTriggerHandler_Test" name="beforeUpdateShouldFailWithIncorrectClass" time="28" />
  <testcase classname="MetadataTriggerHandler_Test" name="beforeUpdateShouldFailWithIncorrectType" time="108" />
  <testcase classname="MetadataTriggerHandler_Test" name="beforeUpdateShouldSucceed" time="42" />
  <testcase classname="MetadataTriggerHandler_Test" name="bypassShouldSucceed" time="29" />
  <testcase classname="MetadataTriggerHandler_Test" name="clearAllBypassesShouldSucceed" time="32" />
  <testcase classname="MetadataTriggerHandler_Test" name="clearBypassShouldSucceed" time="29" />
  <testcase classname="MetadataTriggerHandler_Test" name="finalizerShouldSucceed" time="37" />
  <testcase classname="MetadataTriggerHandler_Test" name="isBypassedShouldSucceed" time="30" />
  <testcase classname="MetadataTriggerHandler_Test" name="nothingToProcessShouldExitEarly" time="30" />
  <testcase classname="MetadataTriggerHandler_Test" name="theFrameworkShouldSupportFlow" time="30" />
  <testcase classname="MetadataTriggerHandler_Test" name="theFrameworkShouldSupportSObjectsFromManagedPackages" time="68" />
  <testcase classname="TA_CAF_MergeFieldValues_Test" name="testresolveMergeFields" time="11808" />
  <testcase classname="TriggerActionFlowAddError_Test" name="addErrorShouldAddAnErrorAtTheFieldSpecified" time="20" />
  <testcase classname="TriggerActionFlowAddError_Test" name="addErrorShouldSucceedWithValidRequest" time="19" />
  <testcase classname="TriggerActionFlowBypass_Test" name="bypassApexShouldSucceedWithValidRequest" time="41" />
  <testcase classname="TriggerActionFlowBypass_Test" name="bypassFlowShouldSucceedWithValidRequest" time="20" />
  <testcase classname="TriggerActionFlowBypass_Test" name="bypassObjectShouldSucceedWithValidRequest" time="24" />
  <testcase classname="TriggerActionFlowBypass_Test" name="bypassShouldFailWithInvalidType" time="28" />
  <testcase classname="TriggerActionFlowChangeEvent_Test" name="correctInputShouldProduceFlowInputs" time="102" />
  <testcase classname="TriggerActionFlowChangeEvent_Test" name="emptyInputShouldProduceEmptyFlowInputs" time="38" />
  <testcase classname="TriggerActionFlowChangeEvent_Test" name="wrongDataTypeShouldThrowException" time="30" />
  <testcase classname="TriggerActionFlowClearAllBypasses_Test" name="clearAllBypassApexShouldSucceedWithValidRequest" time="58" />
  <testcase classname="TriggerActionFlowClearAllBypasses_Test" name="clearAllBypassFlowShouldSucceedWithValidRequest" time="33" />
  <testcase classname="TriggerActionFlowClearAllBypasses_Test" name="clearAllBypassObjectShouldSucceedWithValidRequest" time="26" />
  <testcase classname="TriggerActionFlowClearAllBypasses_Test" name="clearAllBypassShouldFailWithInvalidType" time="20" />
  <testcase classname="TriggerActionFlowClearBypass_Test" name="clearBypassApexShouldSucceedWithValidRequest" time="142" />
  <testcase classname="TriggerActionFlowClearBypass_Test" name="clearBypassFlowShouldSucceedWithValidRequest" time="38" />
  <testcase classname="TriggerActionFlowClearBypass_Test" name="clearBypassObjecthouldSucceedWithValidRequest" time="26" />
  <testcase classname="TriggerActionFlowClearBypass_Test" name="clearBypassShouldFailWithInvalidType" time="36" />
  <testcase classname="TriggerActionFlowIsBypassed_Test" name="isBypassedApexShouldSucceedWithValidRequest" time="95" />
  <testcase classname="TriggerActionFlowIsBypassed_Test" name="isBypassedFlowShouldSucceedWithValidRequest" time="32" />
  <testcase classname="TriggerActionFlowIsBypassed_Test" name="isBypassedObjectShouldSucceedWithValidRequest" time="25" />
  <testcase classname="TriggerActionFlowIsBypassed_Test" name="isBypassedShouldFailWithInvalidType" time="27" />
  <testcase classname="TriggerActionFlow_Test" name="afterDeleteShouldSucceed" time="71" />
  <testcase classname="TriggerActionFlow_Test" name="afterInsertShouldSucceed" time="29" />
  <testcase classname="TriggerActionFlow_Test" name="afterUndeleteShouldSucceed" time="20" />
  <testcase classname="TriggerActionFlow_Test" name="afterUpdateShouldSucceed" time="24" />
  <testcase classname="TriggerActionFlow_Test" name="afterUpdateWithNoRecordsToProcessShouldSucceed" time="19" />
  <testcase classname="TriggerActionFlow_Test" name="beforeDeleteShouldSucceed" time="21" />
  <testcase classname="TriggerActionFlow_Test" name="beforeInsertShouldSucceed" time="21" />
  <testcase classname="TriggerActionFlow_Test" name="beforeUpdateShouldSucceed" time="19" />
  <testcase classname="TriggerActionFlow_Test" name="beforeUpdateWithNoRecordsToProcessShouldSucceed" time="20" />
  <testcase classname="TriggerActionFlow_Test" name="bypassShouldSucceed" time="23" />
  <testcase classname="TriggerActionFlow_Test" name="clearAllBypassesShouldSucceed" time="18" />
  <testcase classname="TriggerActionFlow_Test" name="clearBypassShouldSucceed" time="19" />
  <testcase classname="TriggerActionFlow_Test" name="emptyFlowNameShouldThrowException" time="27" />
  <testcase classname="TriggerActionFlow_Test" name="flowMissingRecordVariableInOutputShouldThrowException" time="23" />
  <testcase classname="TriggerActionFlow_Test" name="invokeFlowShouldReturnUnsuccessfulResponseWithBogusFlowName" time="267" />
  <testcase classname="TriggerActionFlow_Test" name="isBypassedShouldSucceed" time="19" />
  <testcase classname="TriggerActionFlow_Test" name="noRecordMutationsShouldSucceed" time="19" />
  <testcase classname="TriggerActionFlow_Test" name="nulledFieldInFlowShouldBeTransferredBack" time="24" />
  <testcase classname="TriggerActionFlow_Test" name="shouldDoNothingWhenBypassed" time="20" />
  <testcase classname="TriggerActionFlow_Test" name="unsuccessfulActionResultShouldBeAddedAsErrorToRecord" time="45" />
  <testcase classname="TriggerActionFlow_Test" name="validateTypeShouldThrowExceptionWithInvalidInput" time="21" />
  <testcase classname="TriggerBase_Test" name="afterDeleteShouldSucceed" time="47" />
  <testcase classname="TriggerBase_Test" name="afterInsertShouldSucceed" time="45" />
  <testcase classname="TriggerBase_Test" name="afterUndeleteShouldSucceed" time="20" />
  <testcase classname="TriggerBase_Test" name="afterUpdateShouldSucceed" time="19" />
  <testcase classname="TriggerBase_Test" name="beforeDeleteShouldSucceed" time="19" />
  <testcase classname="TriggerBase_Test" name="beforeInsertShouldSucceed" time="22" />
  <testcase classname="TriggerBase_Test" name="beforeUpdateShouldSucceed" time="21" />
  <testcase classname="TriggerBase_Test" name="bypassShouldSucceed" time="20" />
  <testcase classname="TriggerBase_Test" name="clearAllBypassesShouldSucceed" time="20" />
  <testcase classname="TriggerBase_Test" name="clearBypassShouldSucceed" time="19" />
  <testcase classname="TriggerBase_Test" name="finalizingWithoutWaitingShouldThrowError" time="23" />
  <testcase classname="TriggerBase_Test" name="idToNumberOfTimesSeenAfterUpdate" time="23" />
  <testcase classname="TriggerBase_Test" name="idToNumberOfTimesSeenBeforeUpdate" time="23" />
  <testcase classname="TriggerBase_Test" name="inverseContextsShouldFinalizeDmlOperationDelete" time="23" />
  <testcase classname="TriggerBase_Test" name="inverseContextsShouldFinalizeDmlOperationInsert" time="21" />
  <testcase classname="TriggerBase_Test" name="inverseContextsShouldFinalizeDmlOperationUndelete" time="22" />
  <testcase classname="TriggerBase_Test" name="inverseContextsShouldFinalizeDmlOperationUpdate" time="23" />
  <testcase classname="TriggerBase_Test" name="isBypassedShouldSucceed" time="21" />
  <testcase classname="TriggerBase_Test" name="offsetRowsShouldWork" time="22" />
  <testcase classname="TriggerBase_Test" name="oldAndNewShouldComeFromTrigger" time="21" />
  <testcase classname="TriggerBase_Test" name="peekShouldShowMostRecentlyAdded" time="20" />
  <testcase classname="TriggerBase_Test" name="peekingStackWhileEmptyShouldThrowException" time="21" />
  <testcase classname="TriggerBase_Test" name="poppingStackWhileEmptyShouldThrowException" time="21" />
  <testcase classname="TriggerBase_Test" name="runShouldDoNothingWhenBypassed" time="18" />
  <testcase classname="TriggerBase_Test" name="runShouldFailWhenCalledOutsideTrigger" time="20" />
  <testcase classname="TriggerBase_Test" name="sObjectNameShouldBePopulatedFromTriggerNew" time="18" />
  <testcase classname="TriggerBase_Test" name="sObjectNameShouldBePopulatedFromTriggerOld" time="18" />
  <testcase classname="TriggerBase_Test" name="stackDepthShouldBeCalculatedProperly" time="21" />
  <testcase classname="TriggerBase_Test" name="stackShouldBeFirstInLastOut" time="18" />
  <testcase classname="TriggerBase_Test" name="stackShouldBeLastInFirstOut" time="22" />
  <testcase classname="TriggerBase_Test" name="stacksShouldBeAbleToDetermineIftheyAreEmpty" time="20" />
  <testcase classname="TriggerBase_Test" name="waitingThenFinalizingShouldWork" time="20" />
  <testcase classname="TriggerRecord_Test" name="shouldBeAbleToConstructATriggerRecord" time="18" />
  <testcase classname="Triggers_Test" name="testContentDocumentLinkTrigger" time="11124" />
  <testcase classname="Triggers_Test" name="testContractAndFormTrigger" time="947" />
  <testcase classname="Triggers_Test" name="testTransactionTrigger" time="337" />
  <testcase classname="Triggers_Test" name="testTransactionTriggerRecord" time="28" />
  <testcase classname="Util_Test" name="testGetNamespace" time="17" />
  <testcase classname="Util_Test" name="testIsOrgEmailEnabled" time="36" />
  <testcase classname="Util_Test" name="testPrefixNamespace" time="15" />
</testsuite>