<testsuite tests="167">
  <testcase classname="ContractFieldMergeInvocable_Test" name="makeData" time="3574" />
  <testcase classname="ContractFieldMergeInvocable_Test" name="testRefreshContracts" time="81" />
  <testcase classname="ContractFieldMergeInvocable_Test" name="testRefreshContractsWithNoRequests" time="6" />
  <testcase classname="ContractFieldMergeInvocable_Test" name="testRefreshContractsWithNullRequests" time="5" />
  <testcase classname="ContractFieldMerge_Test" name="makeData" time="2208" />
  <testcase classname="ContractFieldMerge_Test" name="testPopulateMergeFields" time="146" />
  <testcase classname="ContractMergeFieldService_Test" name="testFormatCurrencyFieldValue" time="570" />
  <testcase classname="ContractMergeFieldService_Test" name="testFormatFieldValue" time="7" />
  <testcase classname="ContractMergeFieldService_Test" name="testFormatNullValue" time="6" />
  <testcase classname="ContractMergeFieldService_Test" name="testGetMergeFieldsFromString" time="9" />
  <testcase classname="ContractMergeFieldService_Test" name="testGetMergeFieldsWithFallbackValue" time="9" />
  <testcase classname="ContractMergeFieldService_Test" name="testRemoveTableBlocks" time="5" />
  <testcase classname="ContractMergeFieldService_Test" name="testReplaceMergeFieldsWithValues" time="19" />
  <testcase classname="ContractMergeFieldService_Test" name="testReplaceParentMergeFieldsWithValues" time="385" />
  <testcase classname="ContractTemplateService_Test" name="makeData" time="104" />
  <testcase classname="ContractTemplateService_Test" name="testAddTemplatesToCache" time="30" />
  <testcase classname="ContractTemplateService_Test" name="testDoesNotReloadAlreadyCachedTemplates" time="31" />
  <testcase classname="ContractTemplateService_Test" name="testMissingQueryRelationship" time="45" />
  <testcase classname="FieldPathManager_Test" name="testIsValid" time="52" />
  <testcase classname="FieldPathManager_Test" name="testNormalize" time="11" />
  <testcase classname="FinalizerHandler_Test" name="bypassFinalizerShouldSucceed" time="26" />
  <testcase classname="FinalizerHandler_Test" name="bypassedFinalizerShouldNotExecute" time="17" />
  <testcase classname="FinalizerHandler_Test" name="clearAllFinalizerBypassesShouldSucceed" time="5" />
  <testcase classname="FinalizerHandler_Test" name="clearFinalizerBypassShouldSucceed" time="4" />
  <testcase classname="FinalizerHandler_Test" name="finalizerIsBypassedShouldSucceed" time="4" />
  <testcase classname="FinalizerHandler_Test" name="finalizerThatInvokesDmlShouldCauseException" time="8" />
  <testcase classname="FinalizerHandler_Test" name="finalizersShouldExecuteInOrder" time="9" />
  <testcase classname="FinalizerHandler_Test" name="invalidFinalizerClassShouldThrowException" time="6" />
  <testcase classname="FinalizerHandler_Test" name="noConfiguredFinalizerShouldTakeNoAction" time="5" />
  <testcase classname="FinalizerHandler_Test" name="properlyConfiguredFinalizerShouldExecute" time="10" />
  <testcase classname="FinalizerHandler_Test" name="referencedClassDoesNotImplementDmlFinalizerShouldThrowException" time="6" />
  <testcase classname="FinalizerHandler_Test" name="staticallyBypassedFinalizerShouldNotExecute" time="5" />
  <testcase classname="FinalizerHandler_Test" name="userWithBypassPermissionDefinedOnFinalizerShouldNotExecute" time="6" />
  <testcase classname="FinalizerHandler_Test" name="userWithoutRequiredPermissionDefinedOnFinalizerShouldNotExecute" time="5" />
  <testcase classname="FlowChangeEventHeader_Test" name="shouldBeAbleToCompare" time="32" />
  <testcase classname="FlowChangeEventHeader_Test" name="shouldBeAbleToConstruct" time="9" />
  <testcase classname="FlowChangeEventHeader_Test" name="shouldBeAbleToGenerateHashCode" time="6" />
  <testcase classname="FormulaFilter_Test" name="emptyClassShouldThrowException" time="86" />
  <testcase classname="FormulaFilter_Test" name="emptyStringFormulaShouldProcessAllRecords" time="9" />
  <testcase classname="FormulaFilter_Test" name="invalidFormulaSyntaxShouldThrowException" time="14" />
  <testcase classname="FormulaFilter_Test" name="noFormulaShouldProcessAllRecords" time="5" />
  <testcase classname="FormulaFilter_Test" name="nonExistentClassShouldThrowException" time="8" />
  <testcase classname="FormulaFilter_Test" name="nonGlobalShouldThrowException" time="8" />
  <testcase classname="FormulaFilter_Test" name="nonTriggerRecordClassShouldThrowException" time="9" />
  <testcase classname="FormulaFilter_Test" name="nullClassShouldThrowException" time="8" />
  <testcase classname="FormulaFilter_Test" name="validFormulaShouldFilterContentsOftriggerNew" time="9" />
  <testcase classname="FormulaFilter_Test" name="validFormulaWithNoMatchingRecordsShouldProcessNoRecords" time="8" />
  <testcase classname="MetadataTriggerHandler_Test" name="actionMetadataShouldConstruct" time="131" />
  <testcase classname="MetadataTriggerHandler_Test" name="actionShouldExecuteIfNoRequiredOrBypassPermissionsAreDefinedForSObjectOrAction" time="35" />
  <testcase classname="MetadataTriggerHandler_Test" name="actionShouldExecuteIfUserDoesNotHaveBypassPermissionForSObjectOrAction" time="109" />
  <testcase classname="MetadataTriggerHandler_Test" name="actionShouldNotExecuteIfUserDoesNotHaveRequiredPermissionForAction" time="11" />
  <testcase classname="MetadataTriggerHandler_Test" name="actionShouldNotExecuteIfUserDoesNotHaveRequiredPermissionForSObject" time="13" />
  <testcase classname="MetadataTriggerHandler_Test" name="actionShouldNotExecuteIfUserHasBypassPermissionForAction" time="12" />
  <testcase classname="MetadataTriggerHandler_Test" name="actionShouldNotExecuteIfUserHasBypassPermissionForSObject" time="17" />
  <testcase classname="MetadataTriggerHandler_Test" name="afterDeleteShouldFailWithIncorrectClass" time="15" />
  <testcase classname="MetadataTriggerHandler_Test" name="afterDeleteShouldFailWithIncorrectType" time="8" />
  <testcase classname="MetadataTriggerHandler_Test" name="afterDeleteShouldSucceed" time="11" />
  <testcase classname="MetadataTriggerHandler_Test" name="afterInsertShouldFailWithIncorrectClass" time="60" />
  <testcase classname="MetadataTriggerHandler_Test" name="afterInsertShouldFailWithIncorrectType" time="16" />
  <testcase classname="MetadataTriggerHandler_Test" name="afterInsertShouldSucceed" time="14" />
  <testcase classname="MetadataTriggerHandler_Test" name="afterUndeleteShouldFailWithIncorrectClass" time="8" />
  <testcase classname="MetadataTriggerHandler_Test" name="afterUndeleteShouldFailWithIncorrectType" time="8" />
  <testcase classname="MetadataTriggerHandler_Test" name="afterUndeleteShouldSucceed" time="12" />
  <testcase classname="MetadataTriggerHandler_Test" name="afterUpdateShouldFailWithIncorrectClass" time="7" />
  <testcase classname="MetadataTriggerHandler_Test" name="afterUpdateShouldFailWithIncorrectType" time="9" />
  <testcase classname="MetadataTriggerHandler_Test" name="afterUpdateShouldSucceed" time="11" />
  <testcase classname="MetadataTriggerHandler_Test" name="beforeDeleteShouldFailWithIncorrectClass" time="8" />
  <testcase classname="MetadataTriggerHandler_Test" name="beforeDeleteShouldFailWithIncorrectType" time="9" />
  <testcase classname="MetadataTriggerHandler_Test" name="beforeDeleteShouldSucceed" time="9" />
  <testcase classname="MetadataTriggerHandler_Test" name="beforeInsertShouldFailWithIncorrectClass" time="11" />
  <testcase classname="MetadataTriggerHandler_Test" name="beforeInsertShouldFailWithIncorrectType" time="8" />
  <testcase classname="MetadataTriggerHandler_Test" name="beforeInsertShouldSucceed" time="12" />
  <testcase classname="MetadataTriggerHandler_Test" name="beforeUpdateShouldFailWithIncorrectClass" time="11" />
  <testcase classname="MetadataTriggerHandler_Test" name="beforeUpdateShouldFailWithIncorrectType" time="10" />
  <testcase classname="MetadataTriggerHandler_Test" name="beforeUpdateShouldSucceed" time="9" />
  <testcase classname="MetadataTriggerHandler_Test" name="bypassShouldSucceed" time="7" />
  <testcase classname="MetadataTriggerHandler_Test" name="clearAllBypassesShouldSucceed" time="7" />
  <testcase classname="MetadataTriggerHandler_Test" name="clearBypassShouldSucceed" time="7" />
  <testcase classname="MetadataTriggerHandler_Test" name="finalizerShouldSucceed" time="8" />
  <testcase classname="MetadataTriggerHandler_Test" name="isBypassedShouldSucceed" time="6" />
  <testcase classname="MetadataTriggerHandler_Test" name="nothingToProcessShouldExitEarly" time="13" />
  <testcase classname="MetadataTriggerHandler_Test" name="theFrameworkShouldSupportFlow" time="8" />
  <testcase classname="MetadataTriggerHandler_Test" name="theFrameworkShouldSupportSObjectsFromManagedPackages" time="20" />
  <testcase classname="TA_CAF_MergeFieldValues_Test" name="makeData" time="1228" />
  <testcase classname="TA_CAF_MergeFieldValues_Test" name="testPopulateMergeFields" time="255" />
  <testcase classname="TriggerActionFlowAddError_Test" name="addErrorShouldAddAnErrorAtTheFieldSpecified" time="51" />
  <testcase classname="TriggerActionFlowAddError_Test" name="addErrorShouldSucceedWithValidRequest" time="5" />
  <testcase classname="TriggerActionFlowBypass_Test" name="bypassApexShouldSucceedWithValidRequest" time="26" />
  <testcase classname="TriggerActionFlowBypass_Test" name="bypassFlowShouldSucceedWithValidRequest" time="6" />
  <testcase classname="TriggerActionFlowBypass_Test" name="bypassObjectShouldSucceedWithValidRequest" time="4" />
  <testcase classname="TriggerActionFlowBypass_Test" name="bypassShouldFailWithInvalidType" time="5" />
  <testcase classname="TriggerActionFlowChangeEvent_Test" name="correctInputShouldProduceFlowInputs" time="36" />
  <testcase classname="TriggerActionFlowChangeEvent_Test" name="emptyInputShouldProduceEmptyFlowInputs" time="5" />
  <testcase classname="TriggerActionFlowChangeEvent_Test" name="wrongDataTypeShouldThrowException" time="5" />
  <testcase classname="TriggerActionFlowClearAllBypasses_Test" name="clearAllBypassApexShouldSucceedWithValidRequest" time="48" />
  <testcase classname="TriggerActionFlowClearAllBypasses_Test" name="clearAllBypassFlowShouldSucceedWithValidRequest" time="11" />
  <testcase classname="TriggerActionFlowClearAllBypasses_Test" name="clearAllBypassObjectShouldSucceedWithValidRequest" time="5" />
  <testcase classname="TriggerActionFlowClearAllBypasses_Test" name="clearAllBypassShouldFailWithInvalidType" time="7" />
  <testcase classname="TriggerActionFlowClearBypass_Test" name="clearBypassApexShouldSucceedWithValidRequest" time="52" />
  <testcase classname="TriggerActionFlowClearBypass_Test" name="clearBypassFlowShouldSucceedWithValidRequest" time="8" />
  <testcase classname="TriggerActionFlowClearBypass_Test" name="clearBypassObjecthouldSucceedWithValidRequest" time="4" />
  <testcase classname="TriggerActionFlowClearBypass_Test" name="clearBypassShouldFailWithInvalidType" time="5" />
  <testcase classname="TriggerActionFlowIsBypassed_Test" name="isBypassedApexShouldSucceedWithValidRequest" time="44" />
  <testcase classname="TriggerActionFlowIsBypassed_Test" name="isBypassedFlowShouldSucceedWithValidRequest" time="9" />
  <testcase classname="TriggerActionFlowIsBypassed_Test" name="isBypassedObjectShouldSucceedWithValidRequest" time="4" />
  <testcase classname="TriggerActionFlowIsBypassed_Test" name="isBypassedShouldFailWithInvalidType" time="6" />
  <testcase classname="TriggerActionFlow_Test" name="afterDeleteShouldSucceed" time="63" />
  <testcase classname="TriggerActionFlow_Test" name="afterInsertShouldSucceed" time="9" />
  <testcase classname="TriggerActionFlow_Test" name="afterUndeleteShouldSucceed" time="7" />
  <testcase classname="TriggerActionFlow_Test" name="afterUpdateShouldSucceed" time="16" />
  <testcase classname="TriggerActionFlow_Test" name="afterUpdateWithNoRecordsToProcessShouldSucceed" time="7" />
  <testcase classname="TriggerActionFlow_Test" name="beforeDeleteShouldSucceed" time="7" />
  <testcase classname="TriggerActionFlow_Test" name="beforeInsertShouldSucceed" time="10" />
  <testcase classname="TriggerActionFlow_Test" name="beforeUpdateShouldSucceed" time="8" />
  <testcase classname="TriggerActionFlow_Test" name="beforeUpdateWithNoRecordsToProcessShouldSucceed" time="7" />
  <testcase classname="TriggerActionFlow_Test" name="bypassShouldSucceed" time="7" />
  <testcase classname="TriggerActionFlow_Test" name="clearAllBypassesShouldSucceed" time="7" />
  <testcase classname="TriggerActionFlow_Test" name="clearBypassShouldSucceed" time="7" />
  <testcase classname="TriggerActionFlow_Test" name="emptyFlowNameShouldThrowException" time="9" />
  <testcase classname="TriggerActionFlow_Test" name="flowMissingRecordVariableInOutputShouldThrowException" time="10" />
  <testcase classname="TriggerActionFlow_Test" name="invokeFlowShouldReturnUnsuccessfulResponseWithBogusFlowName" time="20" />
  <testcase classname="TriggerActionFlow_Test" name="isBypassedShouldSucceed" time="7" />
  <testcase classname="TriggerActionFlow_Test" name="noRecordMutationsShouldSucceed" time="9" />
  <testcase classname="TriggerActionFlow_Test" name="nulledFieldInFlowShouldBeTransferredBack" time="10" />
  <testcase classname="TriggerActionFlow_Test" name="shouldDoNothingWhenBypassed" time="8" />
  <testcase classname="TriggerActionFlow_Test" name="unsuccessfulActionResultShouldBeAddedAsErrorToRecord" time="11" />
  <testcase classname="TriggerActionFlow_Test" name="validateTypeShouldThrowExceptionWithInvalidInput" time="9" />
  <testcase classname="TriggerBase_Test" name="afterDeleteShouldSucceed" time="73" />
  <testcase classname="TriggerBase_Test" name="afterInsertShouldSucceed" time="11" />
  <testcase classname="TriggerBase_Test" name="afterUndeleteShouldSucceed" time="6" />
  <testcase classname="TriggerBase_Test" name="afterUpdateShouldSucceed" time="10" />
  <testcase classname="TriggerBase_Test" name="beforeDeleteShouldSucceed" time="7" />
  <testcase classname="TriggerBase_Test" name="beforeInsertShouldSucceed" time="5" />
  <testcase classname="TriggerBase_Test" name="beforeUpdateShouldSucceed" time="8" />
  <testcase classname="TriggerBase_Test" name="bypassShouldSucceed" time="4" />
  <testcase classname="TriggerBase_Test" name="clearAllBypassesShouldSucceed" time="5" />
  <testcase classname="TriggerBase_Test" name="clearBypassShouldSucceed" time="3" />
  <testcase classname="TriggerBase_Test" name="finalizingWithoutWaitingShouldThrowError" time="5" />
  <testcase classname="TriggerBase_Test" name="idToNumberOfTimesSeenAfterUpdate" time="8" />
  <testcase classname="TriggerBase_Test" name="idToNumberOfTimesSeenBeforeUpdate" time="8" />
  <testcase classname="TriggerBase_Test" name="inverseContextsShouldFinalizeDmlOperationDelete" time="9" />
  <testcase classname="TriggerBase_Test" name="inverseContextsShouldFinalizeDmlOperationInsert" time="7" />
  <testcase classname="TriggerBase_Test" name="inverseContextsShouldFinalizeDmlOperationUndelete" time="5" />
  <testcase classname="TriggerBase_Test" name="inverseContextsShouldFinalizeDmlOperationUpdate" time="9" />
  <testcase classname="TriggerBase_Test" name="isBypassedShouldSucceed" time="4" />
  <testcase classname="TriggerBase_Test" name="offsetRowsShouldWork" time="4" />
  <testcase classname="TriggerBase_Test" name="oldAndNewShouldComeFromTrigger" time="5" />
  <testcase classname="TriggerBase_Test" name="peekShouldShowMostRecentlyAdded" time="4" />
  <testcase classname="TriggerBase_Test" name="peekingStackWhileEmptyShouldThrowException" time="5" />
  <testcase classname="TriggerBase_Test" name="poppingStackWhileEmptyShouldThrowException" time="4" />
  <testcase classname="TriggerBase_Test" name="runShouldDoNothingWhenBypassed" time="5" />
  <testcase classname="TriggerBase_Test" name="runShouldFailWhenCalledOutsideTrigger" time="4" />
  <testcase classname="TriggerBase_Test" name="sObjectNameShouldBePopulatedFromTriggerNew" time="4" />
  <testcase classname="TriggerBase_Test" name="sObjectNameShouldBePopulatedFromTriggerOld" time="4" />
  <testcase classname="TriggerBase_Test" name="stackDepthShouldBeCalculatedProperly" time="5" />
  <testcase classname="TriggerBase_Test" name="stackShouldBeFirstInLastOut" time="4" />
  <testcase classname="TriggerBase_Test" name="stackShouldBeLastInFirstOut" time="4" />
  <testcase classname="TriggerBase_Test" name="stacksShouldBeAbleToDetermineIftheyAreEmpty" time="4" />
  <testcase classname="TriggerBase_Test" name="waitingThenFinalizingShouldWork" time="4" />
  <testcase classname="TriggerRecord_Test" name="shouldBeAbleToConstructATriggerRecord" time="35" />
  <testcase classname="Triggers_Test" name="testContentDocumentLinkTrigger" time="3600" />
  <testcase classname="Triggers_Test" name="testContractAndFormTrigger" time="755" />
  <testcase classname="Triggers_Test" name="testTransactionTrigger" time="300" />
  <testcase classname="Triggers_Test" name="testTransactionTriggerRecord" time="18" />
  <testcase classname="Util_Test" name="testGetNamespace" time="36" />
  <testcase classname="Util_Test" name="testIsOrgEmailEnabled" time="14" />
  <testcase classname="Util_Test" name="testPrefixNamespace" time="7" />
</testsuite>