<testsuite tests="182">
  <testcase classname="ContractFieldMergeInvocable_Test" name="testRefreshContracts" time="13655" />
  <testcase classname="ContractFieldMergeInvocable_Test" name="testRefreshContractsWithNoRequests" time="33" />
  <testcase classname="ContractFieldMergeInvocable_Test" name="testRefreshContractsWithNullRequests" time="26" />
  <testcase classname="ContractFieldMerge_Test" name="testInitializeServiceWithTemplatelessContract" time="6911" />
  <testcase classname="ContractFieldMerge_Test" name="testPopulateMergeFields" time="1700" />
  <testcase classname="ContractFieldMerge_Test" name="testPopulateMergeFieldsForEmptyList" time="467" />
  <testcase classname="ContractFieldMerge_Test" name="testServiceWithInvalidStatus" time="1101" />
  <testcase classname="ContractFieldMerge_Test" name="testServiceWithInvalidType" time="1447" />
  <testcase classname="ContractMergeFieldService_Test" name="testFormatCurrencyFieldValue" time="54" />
  <testcase classname="ContractMergeFieldService_Test" name="testFormatDateFieldValue" time="25" />
  <testcase classname="ContractMergeFieldService_Test" name="testFormatDatetimeFieldValue" time="15" />
  <testcase classname="ContractMergeFieldService_Test" name="testFormatNullValue" time="14" />
  <testcase classname="ContractMergeFieldService_Test" name="testGetMergeFieldsFromString" time="14" />
  <testcase classname="ContractMergeFieldService_Test" name="testGetMergeFieldsWithFallbackValue" time="18" />
  <testcase classname="ContractMergeFieldService_Test" name="testRemoveTableBlocks" time="12" />
  <testcase classname="ContractMergeFieldService_Test" name="testRemoveTableBlocksWithEmptyInput" time="12" />
  <testcase classname="ContractMergeFieldService_Test" name="testReplaceMergeFieldsWithValues" time="23" />
  <testcase classname="ContractMergeFieldService_Test" name="testReplaceParentMergeFieldsWithValues" time="273" />
  <testcase classname="ContractTemplateEditorController_Test" name="testGetFieldDescriptors" time="1195" />
  <testcase classname="ContractTemplateEditorController_Test" name="testGetFieldDescriptorsForInvalidObject" time="75" />
  <testcase classname="ContractTemplateEditorController_Test" name="testGetFieldDescriptorsForRelationshipPath" time="608" />
  <testcase classname="ContractTemplateEditorController_Test" name="testGetPreviewWaiverText" time="1222" />
  <testcase classname="ContractTemplateEditorController_Test" name="testGetPreviewWaiverTextWithFakeTemplateId" time="1063" />
  <testcase classname="ContractTemplateEditorController_Test" name="testGetTemplateQueries" time="695" />
  <testcase classname="ContractTemplateEditorController_Test" name="testGetTemplateQueriesWithInvalidId" time="472" />
  <testcase classname="ContractTemplateService_Test" name="testAddTemplatesToCache" time="8541" />
  <testcase classname="ContractTemplateService_Test" name="testDoesNotReloadAlreadyCachedTemplates" time="776" />
  <testcase classname="ContractTemplateService_Test" name="testMissingQueryRelationship" time="714" />
  <testcase classname="FieldPathManager_Test" name="testIsValid" time="10" />
  <testcase classname="FieldPathManager_Test" name="testNormalize" time="15" />
  <testcase classname="FieldPathResolver_Test" name="testFallbackByRelationshipName" time="122" />
  <testcase classname="FieldPathResolver_Test" name="testInvalidFieldPath" time="64" />
  <testcase classname="FieldPathResolver_Test" name="testNonRelationshipMidPath" time="24" />
  <testcase classname="FieldPathResolver_Test" name="testOneLevelRelationshipResolution" time="24" />
  <testcase classname="FieldPathResolver_Test" name="testSimpleFieldResolution" time="22" />
  <testcase classname="FieldPathResolver_Test" name="testTwoLevelRelationshipResolution" time="28" />
  <testcase classname="FinalizerHandler_Test" name="bypassFinalizerShouldSucceed" time="15" />
  <testcase classname="FinalizerHandler_Test" name="bypassedFinalizerShouldNotExecute" time="23" />
  <testcase classname="FinalizerHandler_Test" name="clearAllFinalizerBypassesShouldSucceed" time="11" />
  <testcase classname="FinalizerHandler_Test" name="clearFinalizerBypassShouldSucceed" time="10" />
  <testcase classname="FinalizerHandler_Test" name="finalizerIsBypassedShouldSucceed" time="16" />
  <testcase classname="FinalizerHandler_Test" name="finalizerThatInvokesDmlShouldCauseException" time="13" />
  <testcase classname="FinalizerHandler_Test" name="finalizersShouldExecuteInOrder" time="14" />
  <testcase classname="FinalizerHandler_Test" name="invalidFinalizerClassShouldThrowException" time="12" />
  <testcase classname="FinalizerHandler_Test" name="noConfiguredFinalizerShouldTakeNoAction" time="12" />
  <testcase classname="FinalizerHandler_Test" name="properlyConfiguredFinalizerShouldExecute" time="16" />
  <testcase classname="FinalizerHandler_Test" name="referencedClassDoesNotImplementDmlFinalizerShouldThrowException" time="12" />
  <testcase classname="FinalizerHandler_Test" name="staticallyBypassedFinalizerShouldNotExecute" time="11" />
  <testcase classname="FinalizerHandler_Test" name="userWithBypassPermissionDefinedOnFinalizerShouldNotExecute" time="12" />
  <testcase classname="FinalizerHandler_Test" name="userWithoutRequiredPermissionDefinedOnFinalizerShouldNotExecute" time="14" />
  <testcase classname="FlowChangeEventHeader_Test" name="shouldBeAbleToCompare" time="46" />
  <testcase classname="FlowChangeEventHeader_Test" name="shouldBeAbleToConstruct" time="27" />
  <testcase classname="FlowChangeEventHeader_Test" name="shouldBeAbleToGenerateHashCode" time="20" />
  <testcase classname="FormulaFilter_Test" name="emptyClassShouldThrowException" time="31" />
  <testcase classname="FormulaFilter_Test" name="emptyStringFormulaShouldProcessAllRecords" time="22" />
  <testcase classname="FormulaFilter_Test" name="invalidFormulaSyntaxShouldThrowException" time="36" />
  <testcase classname="FormulaFilter_Test" name="noFormulaShouldProcessAllRecords" time="16" />
  <testcase classname="FormulaFilter_Test" name="nonExistentClassShouldThrowException" time="20" />
  <testcase classname="FormulaFilter_Test" name="nonGlobalShouldThrowException" time="21" />
  <testcase classname="FormulaFilter_Test" name="nonTriggerRecordClassShouldThrowException" time="28" />
  <testcase classname="FormulaFilter_Test" name="nullClassShouldThrowException" time="17" />
  <testcase classname="FormulaFilter_Test" name="validFormulaShouldFilterContentsOftriggerNew" time="22" />
  <testcase classname="FormulaFilter_Test" name="validFormulaWithNoMatchingRecordsShouldProcessNoRecords" time="18" />
  <testcase classname="MetadataTriggerHandler_Test" name="actionMetadataShouldConstruct" time="220" />
  <testcase classname="MetadataTriggerHandler_Test" name="actionShouldExecuteIfNoRequiredOrBypassPermissionsAreDefinedForSObjectOrAction" time="39" />
  <testcase classname="MetadataTriggerHandler_Test" name="actionShouldExecuteIfUserDoesNotHaveBypassPermissionForSObjectOrAction" time="32" />
  <testcase classname="MetadataTriggerHandler_Test" name="actionShouldNotExecuteIfUserDoesNotHaveRequiredPermissionForAction" time="21" />
  <testcase classname="MetadataTriggerHandler_Test" name="actionShouldNotExecuteIfUserDoesNotHaveRequiredPermissionForSObject" time="22" />
  <testcase classname="MetadataTriggerHandler_Test" name="actionShouldNotExecuteIfUserHasBypassPermissionForAction" time="22" />
  <testcase classname="MetadataTriggerHandler_Test" name="actionShouldNotExecuteIfUserHasBypassPermissionForSObject" time="21" />
  <testcase classname="MetadataTriggerHandler_Test" name="afterDeleteShouldFailWithIncorrectClass" time="22" />
  <testcase classname="MetadataTriggerHandler_Test" name="afterDeleteShouldFailWithIncorrectType" time="23" />
  <testcase classname="MetadataTriggerHandler_Test" name="afterDeleteShouldSucceed" time="25" />
  <testcase classname="MetadataTriggerHandler_Test" name="afterInsertShouldFailWithIncorrectClass" time="22" />
  <testcase classname="MetadataTriggerHandler_Test" name="afterInsertShouldFailWithIncorrectType" time="23" />
  <testcase classname="MetadataTriggerHandler_Test" name="afterInsertShouldSucceed" time="25" />
  <testcase classname="MetadataTriggerHandler_Test" name="afterUndeleteShouldFailWithIncorrectClass" time="22" />
  <testcase classname="MetadataTriggerHandler_Test" name="afterUndeleteShouldFailWithIncorrectType" time="23" />
  <testcase classname="MetadataTriggerHandler_Test" name="afterUndeleteShouldSucceed" time="24" />
  <testcase classname="MetadataTriggerHandler_Test" name="afterUpdateShouldFailWithIncorrectClass" time="28" />
  <testcase classname="MetadataTriggerHandler_Test" name="afterUpdateShouldFailWithIncorrectType" time="22" />
  <testcase classname="MetadataTriggerHandler_Test" name="afterUpdateShouldSucceed" time="24" />
  <testcase classname="MetadataTriggerHandler_Test" name="beforeDeleteShouldFailWithIncorrectClass" time="22" />
  <testcase classname="MetadataTriggerHandler_Test" name="beforeDeleteShouldFailWithIncorrectType" time="22" />
  <testcase classname="MetadataTriggerHandler_Test" name="beforeDeleteShouldSucceed" time="25" />
  <testcase classname="MetadataTriggerHandler_Test" name="beforeInsertShouldFailWithIncorrectClass" time="23" />
  <testcase classname="MetadataTriggerHandler_Test" name="beforeInsertShouldFailWithIncorrectType" time="23" />
  <testcase classname="MetadataTriggerHandler_Test" name="beforeInsertShouldSucceed" time="23" />
  <testcase classname="MetadataTriggerHandler_Test" name="beforeUpdateShouldFailWithIncorrectClass" time="23" />
  <testcase classname="MetadataTriggerHandler_Test" name="beforeUpdateShouldFailWithIncorrectType" time="22" />
  <testcase classname="MetadataTriggerHandler_Test" name="beforeUpdateShouldSucceed" time="26" />
  <testcase classname="MetadataTriggerHandler_Test" name="bypassShouldSucceed" time="25" />
  <testcase classname="MetadataTriggerHandler_Test" name="clearAllBypassesShouldSucceed" time="22" />
  <testcase classname="MetadataTriggerHandler_Test" name="clearBypassShouldSucceed" time="65" />
  <testcase classname="MetadataTriggerHandler_Test" name="finalizerShouldSucceed" time="31" />
  <testcase classname="MetadataTriggerHandler_Test" name="isBypassedShouldSucceed" time="21" />
  <testcase classname="MetadataTriggerHandler_Test" name="nothingToProcessShouldExitEarly" time="23" />
  <testcase classname="MetadataTriggerHandler_Test" name="theFrameworkShouldSupportFlow" time="20" />
  <testcase classname="MetadataTriggerHandler_Test" name="theFrameworkShouldSupportSObjectsFromManagedPackages" time="46" />
  <testcase classname="TA_CAF_MergeFieldValues_Test" name="testPopulateMergeFields" time="13755" />
  <testcase classname="TriggerActionFlowAddError_Test" name="addErrorShouldAddAnErrorAtTheFieldSpecified" time="22" />
  <testcase classname="TriggerActionFlowAddError_Test" name="addErrorShouldSucceedWithValidRequest" time="13" />
  <testcase classname="TriggerActionFlowBypass_Test" name="bypassApexShouldSucceedWithValidRequest" time="38" />
  <testcase classname="TriggerActionFlowBypass_Test" name="bypassFlowShouldSucceedWithValidRequest" time="17" />
  <testcase classname="TriggerActionFlowBypass_Test" name="bypassObjectShouldSucceedWithValidRequest" time="11" />
  <testcase classname="TriggerActionFlowBypass_Test" name="bypassShouldFailWithInvalidType" time="12" />
  <testcase classname="TriggerActionFlowChangeEvent_Test" name="correctInputShouldProduceFlowInputs" time="33" />
  <testcase classname="TriggerActionFlowChangeEvent_Test" name="emptyInputShouldProduceEmptyFlowInputs" time="20" />
  <testcase classname="TriggerActionFlowChangeEvent_Test" name="wrongDataTypeShouldThrowException" time="14" />
  <testcase classname="TriggerActionFlowClearAllBypasses_Test" name="clearAllBypassApexShouldSucceedWithValidRequest" time="60" />
  <testcase classname="TriggerActionFlowClearAllBypasses_Test" name="clearAllBypassFlowShouldSucceedWithValidRequest" time="17" />
  <testcase classname="TriggerActionFlowClearAllBypasses_Test" name="clearAllBypassObjectShouldSucceedWithValidRequest" time="13" />
  <testcase classname="TriggerActionFlowClearAllBypasses_Test" name="clearAllBypassShouldFailWithInvalidType" time="14" />
  <testcase classname="TriggerActionFlowClearBypass_Test" name="clearBypassApexShouldSucceedWithValidRequest" time="44" />
  <testcase classname="TriggerActionFlowClearBypass_Test" name="clearBypassFlowShouldSucceedWithValidRequest" time="11" />
  <testcase classname="TriggerActionFlowClearBypass_Test" name="clearBypassObjecthouldSucceedWithValidRequest" time="12" />
  <testcase classname="TriggerActionFlowClearBypass_Test" name="clearBypassShouldFailWithInvalidType" time="12" />
  <testcase classname="TriggerActionFlowIsBypassed_Test" name="isBypassedApexShouldSucceedWithValidRequest" time="62" />
  <testcase classname="TriggerActionFlowIsBypassed_Test" name="isBypassedFlowShouldSucceedWithValidRequest" time="26" />
  <testcase classname="TriggerActionFlowIsBypassed_Test" name="isBypassedObjectShouldSucceedWithValidRequest" time="18" />
  <testcase classname="TriggerActionFlowIsBypassed_Test" name="isBypassedShouldFailWithInvalidType" time="23" />
  <testcase classname="TriggerActionFlow_Test" name="afterDeleteShouldSucceed" time="24" />
  <testcase classname="TriggerActionFlow_Test" name="afterInsertShouldSucceed" time="21" />
  <testcase classname="TriggerActionFlow_Test" name="afterUndeleteShouldSucceed" time="12" />
  <testcase classname="TriggerActionFlow_Test" name="afterUpdateShouldSucceed" time="14" />
  <testcase classname="TriggerActionFlow_Test" name="afterUpdateWithNoRecordsToProcessShouldSucceed" time="13" />
  <testcase classname="TriggerActionFlow_Test" name="beforeDeleteShouldSucceed" time="13" />
  <testcase classname="TriggerActionFlow_Test" name="beforeInsertShouldSucceed" time="14" />
  <testcase classname="TriggerActionFlow_Test" name="beforeUpdateShouldSucceed" time="14" />
  <testcase classname="TriggerActionFlow_Test" name="beforeUpdateWithNoRecordsToProcessShouldSucceed" time="14" />
  <testcase classname="TriggerActionFlow_Test" name="bypassShouldSucceed" time="13" />
  <testcase classname="TriggerActionFlow_Test" name="clearAllBypassesShouldSucceed" time="12" />
  <testcase classname="TriggerActionFlow_Test" name="clearBypassShouldSucceed" time="13" />
  <testcase classname="TriggerActionFlow_Test" name="emptyFlowNameShouldThrowException" time="13" />
  <testcase classname="TriggerActionFlow_Test" name="flowMissingRecordVariableInOutputShouldThrowException" time="12" />
  <testcase classname="TriggerActionFlow_Test" name="invokeFlowShouldReturnUnsuccessfulResponseWithBogusFlowName" time="23" />
  <testcase classname="TriggerActionFlow_Test" name="isBypassedShouldSucceed" time="12" />
  <testcase classname="TriggerActionFlow_Test" name="noRecordMutationsShouldSucceed" time="15" />
  <testcase classname="TriggerActionFlow_Test" name="nulledFieldInFlowShouldBeTransferredBack" time="13" />
  <testcase classname="TriggerActionFlow_Test" name="shouldDoNothingWhenBypassed" time="12" />
  <testcase classname="TriggerActionFlow_Test" name="unsuccessfulActionResultShouldBeAddedAsErrorToRecord" time="10" />
  <testcase classname="TriggerActionFlow_Test" name="validateTypeShouldThrowExceptionWithInvalidInput" time="13" />
  <testcase classname="TriggerBase_Test" name="afterDeleteShouldSucceed" time="34" />
  <testcase classname="TriggerBase_Test" name="afterInsertShouldSucceed" time="23" />
  <testcase classname="TriggerBase_Test" name="afterUndeleteShouldSucceed" time="14" />
  <testcase classname="TriggerBase_Test" name="afterUpdateShouldSucceed" time="13" />
  <testcase classname="TriggerBase_Test" name="beforeDeleteShouldSucceed" time="13" />
  <testcase classname="TriggerBase_Test" name="beforeInsertShouldSucceed" time="12" />
  <testcase classname="TriggerBase_Test" name="beforeUpdateShouldSucceed" time="13" />
  <testcase classname="TriggerBase_Test" name="bypassShouldSucceed" time="14" />
  <testcase classname="TriggerBase_Test" name="clearAllBypassesShouldSucceed" time="12" />
  <testcase classname="TriggerBase_Test" name="clearBypassShouldSucceed" time="12" />
  <testcase classname="TriggerBase_Test" name="finalizingWithoutWaitingShouldThrowError" time="11" />
  <testcase classname="TriggerBase_Test" name="idToNumberOfTimesSeenAfterUpdate" time="14" />
  <testcase classname="TriggerBase_Test" name="idToNumberOfTimesSeenBeforeUpdate" time="13" />
  <testcase classname="TriggerBase_Test" name="inverseContextsShouldFinalizeDmlOperationDelete" time="14" />
  <testcase classname="TriggerBase_Test" name="inverseContextsShouldFinalizeDmlOperationInsert" time="13" />
  <testcase classname="TriggerBase_Test" name="inverseContextsShouldFinalizeDmlOperationUndelete" time="16" />
  <testcase classname="TriggerBase_Test" name="inverseContextsShouldFinalizeDmlOperationUpdate" time="14" />
  <testcase classname="TriggerBase_Test" name="isBypassedShouldSucceed" time="12" />
  <testcase classname="TriggerBase_Test" name="offsetRowsShouldWork" time="12" />
  <testcase classname="TriggerBase_Test" name="oldAndNewShouldComeFromTrigger" time="12" />
  <testcase classname="TriggerBase_Test" name="peekShouldShowMostRecentlyAdded" time="12" />
  <testcase classname="TriggerBase_Test" name="peekingStackWhileEmptyShouldThrowException" time="13" />
  <testcase classname="TriggerBase_Test" name="poppingStackWhileEmptyShouldThrowException" time="12" />
  <testcase classname="TriggerBase_Test" name="runShouldDoNothingWhenBypassed" time="13" />
  <testcase classname="TriggerBase_Test" name="runShouldFailWhenCalledOutsideTrigger" time="13" />
  <testcase classname="TriggerBase_Test" name="sObjectNameShouldBePopulatedFromTriggerNew" time="13" />
  <testcase classname="TriggerBase_Test" name="sObjectNameShouldBePopulatedFromTriggerOld" time="13" />
  <testcase classname="TriggerBase_Test" name="stackDepthShouldBeCalculatedProperly" time="14" />
  <testcase classname="TriggerBase_Test" name="stackShouldBeFirstInLastOut" time="13" />
  <testcase classname="TriggerBase_Test" name="stackShouldBeLastInFirstOut" time="25" />
  <testcase classname="TriggerBase_Test" name="stacksShouldBeAbleToDetermineIftheyAreEmpty" time="12" />
  <testcase classname="TriggerBase_Test" name="waitingThenFinalizingShouldWork" time="12" />
  <testcase classname="TriggerRecord_Test" name="shouldBeAbleToConstructATriggerRecord" time="21" />
  <testcase classname="Triggers_Test" name="testContentDocumentLinkTrigger" time="10738" />
  <testcase classname="Triggers_Test" name="testContractAndFormTrigger" time="1047" />
  <testcase classname="Triggers_Test" name="testTransactionTrigger" time="358" />
  <testcase classname="Triggers_Test" name="testTransactionTriggerRecord" time="29" />
  <testcase classname="Util_Test" name="testGetNamespace" time="40" />
  <testcase classname="Util_Test" name="testIsOrgEmailEnabled" time="44" />
  <testcase classname="Util_Test" name="testPrefixNamespace" time="18" />
</testsuite>