<testsuite tests="182">
  <testcase classname="ContractFieldMergeInvocable_Test" name="testRefreshContracts" time="14029" />
  <testcase classname="ContractFieldMergeInvocable_Test" name="testRefreshContractsWithNoRequests" time="31" />
  <testcase classname="ContractFieldMergeInvocable_Test" name="testRefreshContractsWithNullRequests" time="27" />
  <testcase classname="ContractFieldMerge_Test" name="testInitializeServiceWithTemplatelessContract" time="7144" />
  <testcase classname="ContractFieldMerge_Test" name="testPopulateMergeFields" time="2051" />
  <testcase classname="ContractFieldMerge_Test" name="testPopulateMergeFieldsForEmptyList" time="567" />
  <testcase classname="ContractFieldMerge_Test" name="testServiceWithInvalidStatus" time="1741" />
  <testcase classname="ContractFieldMerge_Test" name="testServiceWithInvalidType" time="1700" />
  <testcase classname="ContractMergeFieldService_Test" name="testFormatCurrencyFieldValue" time="54" />
  <testcase classname="ContractMergeFieldService_Test" name="testFormatDateFieldValue" time="27" />
  <testcase classname="ContractMergeFieldService_Test" name="testFormatDatetimeFieldValue" time="16" />
  <testcase classname="ContractMergeFieldService_Test" name="testFormatNullValue" time="18" />
  <testcase classname="ContractMergeFieldService_Test" name="testGetMergeFieldsFromString" time="16" />
  <testcase classname="ContractMergeFieldService_Test" name="testGetMergeFieldsWithFallbackValue" time="16" />
  <testcase classname="ContractMergeFieldService_Test" name="testRemoveTableBlocks" time="16" />
  <testcase classname="ContractMergeFieldService_Test" name="testRemoveTableBlocksWithEmptyInput" time="15" />
  <testcase classname="ContractMergeFieldService_Test" name="testReplaceMergeFieldsWithValues" time="28" />
  <testcase classname="ContractMergeFieldService_Test" name="testReplaceParentMergeFieldsWithValues" time="260" />
  <testcase classname="ContractTemplateEditorController_Test" name="testGetFieldDescriptors" time="8701" />
  <testcase classname="ContractTemplateEditorController_Test" name="testGetFieldDescriptorsForInvalidObject" time="61" />
  <testcase classname="ContractTemplateEditorController_Test" name="testGetFieldDescriptorsForRelationshipPath" time="663" />
  <testcase classname="ContractTemplateEditorController_Test" name="testGetPreviewWaiverText" time="1562" />
  <testcase classname="ContractTemplateEditorController_Test" name="testGetPreviewWaiverTextWithFakeTemplateId" time="1156" />
  <testcase classname="ContractTemplateEditorController_Test" name="testGetTemplateQueries" time="724" />
  <testcase classname="ContractTemplateEditorController_Test" name="testGetTemplateQueriesWithInvalidId" time="529" />
  <testcase classname="ContractTemplateService_Test" name="testAddTemplatesToCache" time="10874" />
  <testcase classname="ContractTemplateService_Test" name="testDoesNotReloadAlreadyCachedTemplates" time="817" />
  <testcase classname="ContractTemplateService_Test" name="testMissingQueryRelationship" time="650" />
  <testcase classname="FieldPathManager_Test" name="testIsValid" time="20" />
  <testcase classname="FieldPathManager_Test" name="testNormalize" time="12" />
  <testcase classname="FieldPathResolver_Test" name="testFallbackByRelationshipName" time="161" />
  <testcase classname="FieldPathResolver_Test" name="testInvalidFieldPath" time="75" />
  <testcase classname="FieldPathResolver_Test" name="testNonRelationshipMidPath" time="24" />
  <testcase classname="FieldPathResolver_Test" name="testOneLevelRelationshipResolution" time="24" />
  <testcase classname="FieldPathResolver_Test" name="testSimpleFieldResolution" time="23" />
  <testcase classname="FieldPathResolver_Test" name="testTwoLevelRelationshipResolution" time="37" />
  <testcase classname="FinalizerHandler_Test" name="bypassFinalizerShouldSucceed" time="26" />
  <testcase classname="FinalizerHandler_Test" name="bypassedFinalizerShouldNotExecute" time="26" />
  <testcase classname="FinalizerHandler_Test" name="clearAllFinalizerBypassesShouldSucceed" time="18" />
  <testcase classname="FinalizerHandler_Test" name="clearFinalizerBypassShouldSucceed" time="19" />
  <testcase classname="FinalizerHandler_Test" name="finalizerIsBypassedShouldSucceed" time="19" />
  <testcase classname="FinalizerHandler_Test" name="finalizerThatInvokesDmlShouldCauseException" time="21" />
  <testcase classname="FinalizerHandler_Test" name="finalizersShouldExecuteInOrder" time="21" />
  <testcase classname="FinalizerHandler_Test" name="invalidFinalizerClassShouldThrowException" time="19" />
  <testcase classname="FinalizerHandler_Test" name="noConfiguredFinalizerShouldTakeNoAction" time="21" />
  <testcase classname="FinalizerHandler_Test" name="properlyConfiguredFinalizerShouldExecute" time="24" />
  <testcase classname="FinalizerHandler_Test" name="referencedClassDoesNotImplementDmlFinalizerShouldThrowException" time="22" />
  <testcase classname="FinalizerHandler_Test" name="staticallyBypassedFinalizerShouldNotExecute" time="22" />
  <testcase classname="FinalizerHandler_Test" name="userWithBypassPermissionDefinedOnFinalizerShouldNotExecute" time="20" />
  <testcase classname="FinalizerHandler_Test" name="userWithoutRequiredPermissionDefinedOnFinalizerShouldNotExecute" time="17" />
  <testcase classname="FlowChangeEventHeader_Test" name="shouldBeAbleToCompare" time="31" />
  <testcase classname="FlowChangeEventHeader_Test" name="shouldBeAbleToConstruct" time="32" />
  <testcase classname="FlowChangeEventHeader_Test" name="shouldBeAbleToGenerateHashCode" time="25" />
  <testcase classname="FormulaFilter_Test" name="emptyClassShouldThrowException" time="26" />
  <testcase classname="FormulaFilter_Test" name="emptyStringFormulaShouldProcessAllRecords" time="13" />
  <testcase classname="FormulaFilter_Test" name="invalidFormulaSyntaxShouldThrowException" time="31" />
  <testcase classname="FormulaFilter_Test" name="noFormulaShouldProcessAllRecords" time="13" />
  <testcase classname="FormulaFilter_Test" name="nonExistentClassShouldThrowException" time="15" />
  <testcase classname="FormulaFilter_Test" name="nonGlobalShouldThrowException" time="21" />
  <testcase classname="FormulaFilter_Test" name="nonTriggerRecordClassShouldThrowException" time="22" />
  <testcase classname="FormulaFilter_Test" name="nullClassShouldThrowException" time="16" />
  <testcase classname="FormulaFilter_Test" name="validFormulaShouldFilterContentsOftriggerNew" time="16" />
  <testcase classname="FormulaFilter_Test" name="validFormulaWithNoMatchingRecordsShouldProcessNoRecords" time="15" />
  <testcase classname="MetadataTriggerHandler_Test" name="actionMetadataShouldConstruct" time="139" />
  <testcase classname="MetadataTriggerHandler_Test" name="actionShouldExecuteIfNoRequiredOrBypassPermissionsAreDefinedForSObjectOrAction" time="36" />
  <testcase classname="MetadataTriggerHandler_Test" name="actionShouldExecuteIfUserDoesNotHaveBypassPermissionForSObjectOrAction" time="19" />
  <testcase classname="MetadataTriggerHandler_Test" name="actionShouldNotExecuteIfUserDoesNotHaveRequiredPermissionForAction" time="14" />
  <testcase classname="MetadataTriggerHandler_Test" name="actionShouldNotExecuteIfUserDoesNotHaveRequiredPermissionForSObject" time="16" />
  <testcase classname="MetadataTriggerHandler_Test" name="actionShouldNotExecuteIfUserHasBypassPermissionForAction" time="14" />
  <testcase classname="MetadataTriggerHandler_Test" name="actionShouldNotExecuteIfUserHasBypassPermissionForSObject" time="15" />
  <testcase classname="MetadataTriggerHandler_Test" name="afterDeleteShouldFailWithIncorrectClass" time="21" />
  <testcase classname="MetadataTriggerHandler_Test" name="afterDeleteShouldFailWithIncorrectType" time="17" />
  <testcase classname="MetadataTriggerHandler_Test" name="afterDeleteShouldSucceed" time="18" />
  <testcase classname="MetadataTriggerHandler_Test" name="afterInsertShouldFailWithIncorrectClass" time="16" />
  <testcase classname="MetadataTriggerHandler_Test" name="afterInsertShouldFailWithIncorrectType" time="16" />
  <testcase classname="MetadataTriggerHandler_Test" name="afterInsertShouldSucceed" time="18" />
  <testcase classname="MetadataTriggerHandler_Test" name="afterUndeleteShouldFailWithIncorrectClass" time="18" />
  <testcase classname="MetadataTriggerHandler_Test" name="afterUndeleteShouldFailWithIncorrectType" time="17" />
  <testcase classname="MetadataTriggerHandler_Test" name="afterUndeleteShouldSucceed" time="17" />
  <testcase classname="MetadataTriggerHandler_Test" name="afterUpdateShouldFailWithIncorrectClass" time="15" />
  <testcase classname="MetadataTriggerHandler_Test" name="afterUpdateShouldFailWithIncorrectType" time="18" />
  <testcase classname="MetadataTriggerHandler_Test" name="afterUpdateShouldSucceed" time="15" />
  <testcase classname="MetadataTriggerHandler_Test" name="beforeDeleteShouldFailWithIncorrectClass" time="15" />
  <testcase classname="MetadataTriggerHandler_Test" name="beforeDeleteShouldFailWithIncorrectType" time="16" />
  <testcase classname="MetadataTriggerHandler_Test" name="beforeDeleteShouldSucceed" time="19" />
  <testcase classname="MetadataTriggerHandler_Test" name="beforeInsertShouldFailWithIncorrectClass" time="20" />
  <testcase classname="MetadataTriggerHandler_Test" name="beforeInsertShouldFailWithIncorrectType" time="15" />
  <testcase classname="MetadataTriggerHandler_Test" name="beforeInsertShouldSucceed" time="18" />
  <testcase classname="MetadataTriggerHandler_Test" name="beforeUpdateShouldFailWithIncorrectClass" time="17" />
  <testcase classname="MetadataTriggerHandler_Test" name="beforeUpdateShouldFailWithIncorrectType" time="16" />
  <testcase classname="MetadataTriggerHandler_Test" name="beforeUpdateShouldSucceed" time="17" />
  <testcase classname="MetadataTriggerHandler_Test" name="bypassShouldSucceed" time="15" />
  <testcase classname="MetadataTriggerHandler_Test" name="clearAllBypassesShouldSucceed" time="14" />
  <testcase classname="MetadataTriggerHandler_Test" name="clearBypassShouldSucceed" time="15" />
  <testcase classname="MetadataTriggerHandler_Test" name="finalizerShouldSucceed" time="18" />
  <testcase classname="MetadataTriggerHandler_Test" name="isBypassedShouldSucceed" time="16" />
  <testcase classname="MetadataTriggerHandler_Test" name="nothingToProcessShouldExitEarly" time="15" />
  <testcase classname="MetadataTriggerHandler_Test" name="theFrameworkShouldSupportFlow" time="14" />
  <testcase classname="MetadataTriggerHandler_Test" name="theFrameworkShouldSupportSObjectsFromManagedPackages" time="38" />
  <testcase classname="TA_CAF_MergeFieldValues_Test" name="testPopulateMergeFields" time="19293" />
  <testcase classname="TriggerActionFlowAddError_Test" name="addErrorShouldAddAnErrorAtTheFieldSpecified" time="28" />
  <testcase classname="TriggerActionFlowAddError_Test" name="addErrorShouldSucceedWithValidRequest" time="19" />
  <testcase classname="TriggerActionFlowBypass_Test" name="bypassApexShouldSucceedWithValidRequest" time="40" />
  <testcase classname="TriggerActionFlowBypass_Test" name="bypassFlowShouldSucceedWithValidRequest" time="21" />
  <testcase classname="TriggerActionFlowBypass_Test" name="bypassObjectShouldSucceedWithValidRequest" time="11" />
  <testcase classname="TriggerActionFlowBypass_Test" name="bypassShouldFailWithInvalidType" time="15" />
  <testcase classname="TriggerActionFlowChangeEvent_Test" name="correctInputShouldProduceFlowInputs" time="152" />
  <testcase classname="TriggerActionFlowChangeEvent_Test" name="emptyInputShouldProduceEmptyFlowInputs" time="18" />
  <testcase classname="TriggerActionFlowChangeEvent_Test" name="wrongDataTypeShouldThrowException" time="15" />
  <testcase classname="TriggerActionFlowClearAllBypasses_Test" name="clearAllBypassApexShouldSucceedWithValidRequest" time="41" />
  <testcase classname="TriggerActionFlowClearAllBypasses_Test" name="clearAllBypassFlowShouldSucceedWithValidRequest" time="21" />
  <testcase classname="TriggerActionFlowClearAllBypasses_Test" name="clearAllBypassObjectShouldSucceedWithValidRequest" time="13" />
  <testcase classname="TriggerActionFlowClearAllBypasses_Test" name="clearAllBypassShouldFailWithInvalidType" time="17" />
  <testcase classname="TriggerActionFlowClearBypass_Test" name="clearBypassApexShouldSucceedWithValidRequest" time="58" />
  <testcase classname="TriggerActionFlowClearBypass_Test" name="clearBypassFlowShouldSucceedWithValidRequest" time="13" />
  <testcase classname="TriggerActionFlowClearBypass_Test" name="clearBypassObjecthouldSucceedWithValidRequest" time="18" />
  <testcase classname="TriggerActionFlowClearBypass_Test" name="clearBypassShouldFailWithInvalidType" time="19" />
  <testcase classname="TriggerActionFlowIsBypassed_Test" name="isBypassedApexShouldSucceedWithValidRequest" time="94" />
  <testcase classname="TriggerActionFlowIsBypassed_Test" name="isBypassedFlowShouldSucceedWithValidRequest" time="31" />
  <testcase classname="TriggerActionFlowIsBypassed_Test" name="isBypassedObjectShouldSucceedWithValidRequest" time="22" />
  <testcase classname="TriggerActionFlowIsBypassed_Test" name="isBypassedShouldFailWithInvalidType" time="29" />
  <testcase classname="TriggerActionFlow_Test" name="afterDeleteShouldSucceed" time="105" />
  <testcase classname="TriggerActionFlow_Test" name="afterInsertShouldSucceed" time="36" />
  <testcase classname="TriggerActionFlow_Test" name="afterUndeleteShouldSucceed" time="24" />
  <testcase classname="TriggerActionFlow_Test" name="afterUpdateShouldSucceed" time="15" />
  <testcase classname="TriggerActionFlow_Test" name="afterUpdateWithNoRecordsToProcessShouldSucceed" time="26" />
  <testcase classname="TriggerActionFlow_Test" name="beforeDeleteShouldSucceed" time="25" />
  <testcase classname="TriggerActionFlow_Test" name="beforeInsertShouldSucceed" time="25" />
  <testcase classname="TriggerActionFlow_Test" name="beforeUpdateShouldSucceed" time="26" />
  <testcase classname="TriggerActionFlow_Test" name="beforeUpdateWithNoRecordsToProcessShouldSucceed" time="23" />
  <testcase classname="TriggerActionFlow_Test" name="bypassShouldSucceed" time="23" />
  <testcase classname="TriggerActionFlow_Test" name="clearAllBypassesShouldSucceed" time="25" />
  <testcase classname="TriggerActionFlow_Test" name="clearBypassShouldSucceed" time="23" />
  <testcase classname="TriggerActionFlow_Test" name="emptyFlowNameShouldThrowException" time="30" />
  <testcase classname="TriggerActionFlow_Test" name="flowMissingRecordVariableInOutputShouldThrowException" time="27" />
  <testcase classname="TriggerActionFlow_Test" name="invokeFlowShouldReturnUnsuccessfulResponseWithBogusFlowName" time="40" />
  <testcase classname="TriggerActionFlow_Test" name="isBypassedShouldSucceed" time="24" />
  <testcase classname="TriggerActionFlow_Test" name="noRecordMutationsShouldSucceed" time="24" />
  <testcase classname="TriggerActionFlow_Test" name="nulledFieldInFlowShouldBeTransferredBack" time="25" />
  <testcase classname="TriggerActionFlow_Test" name="shouldDoNothingWhenBypassed" time="26" />
  <testcase classname="TriggerActionFlow_Test" name="unsuccessfulActionResultShouldBeAddedAsErrorToRecord" time="27" />
  <testcase classname="TriggerActionFlow_Test" name="validateTypeShouldThrowExceptionWithInvalidInput" time="25" />
  <testcase classname="TriggerBase_Test" name="afterDeleteShouldSucceed" time="44" />
  <testcase classname="TriggerBase_Test" name="afterInsertShouldSucceed" time="23" />
  <testcase classname="TriggerBase_Test" name="afterUndeleteShouldSucceed" time="20" />
  <testcase classname="TriggerBase_Test" name="afterUpdateShouldSucceed" time="15" />
  <testcase classname="TriggerBase_Test" name="beforeDeleteShouldSucceed" time="19" />
  <testcase classname="TriggerBase_Test" name="beforeInsertShouldSucceed" time="16" />
  <testcase classname="TriggerBase_Test" name="beforeUpdateShouldSucceed" time="17" />
  <testcase classname="TriggerBase_Test" name="bypassShouldSucceed" time="15" />
  <testcase classname="TriggerBase_Test" name="clearAllBypassesShouldSucceed" time="16" />
  <testcase classname="TriggerBase_Test" name="clearBypassShouldSucceed" time="18" />
  <testcase classname="TriggerBase_Test" name="finalizingWithoutWaitingShouldThrowError" time="15" />
  <testcase classname="TriggerBase_Test" name="idToNumberOfTimesSeenAfterUpdate" time="17" />
  <testcase classname="TriggerBase_Test" name="idToNumberOfTimesSeenBeforeUpdate" time="17" />
  <testcase classname="TriggerBase_Test" name="inverseContextsShouldFinalizeDmlOperationDelete" time="19" />
  <testcase classname="TriggerBase_Test" name="inverseContextsShouldFinalizeDmlOperationInsert" time="17" />
  <testcase classname="TriggerBase_Test" name="inverseContextsShouldFinalizeDmlOperationUndelete" time="18" />
  <testcase classname="TriggerBase_Test" name="inverseContextsShouldFinalizeDmlOperationUpdate" time="16" />
  <testcase classname="TriggerBase_Test" name="isBypassedShouldSucceed" time="14" />
  <testcase classname="TriggerBase_Test" name="offsetRowsShouldWork" time="15" />
  <testcase classname="TriggerBase_Test" name="oldAndNewShouldComeFromTrigger" time="15" />
  <testcase classname="TriggerBase_Test" name="peekShouldShowMostRecentlyAdded" time="15" />
  <testcase classname="TriggerBase_Test" name="peekingStackWhileEmptyShouldThrowException" time="18" />
  <testcase classname="TriggerBase_Test" name="poppingStackWhileEmptyShouldThrowException" time="14" />
  <testcase classname="TriggerBase_Test" name="runShouldDoNothingWhenBypassed" time="15" />
  <testcase classname="TriggerBase_Test" name="runShouldFailWhenCalledOutsideTrigger" time="15" />
  <testcase classname="TriggerBase_Test" name="sObjectNameShouldBePopulatedFromTriggerNew" time="16" />
  <testcase classname="TriggerBase_Test" name="sObjectNameShouldBePopulatedFromTriggerOld" time="14" />
  <testcase classname="TriggerBase_Test" name="stackDepthShouldBeCalculatedProperly" time="15" />
  <testcase classname="TriggerBase_Test" name="stackShouldBeFirstInLastOut" time="16" />
  <testcase classname="TriggerBase_Test" name="stackShouldBeLastInFirstOut" time="14" />
  <testcase classname="TriggerBase_Test" name="stacksShouldBeAbleToDetermineIftheyAreEmpty" time="16" />
  <testcase classname="TriggerBase_Test" name="waitingThenFinalizingShouldWork" time="14" />
  <testcase classname="TriggerRecord_Test" name="shouldBeAbleToConstructATriggerRecord" time="14" />
  <testcase classname="Triggers_Test" name="testContentDocumentLinkTrigger" time="2402" />
  <testcase classname="Triggers_Test" name="testContractAndFormTrigger" time="722" />
  <testcase classname="Triggers_Test" name="testTransactionTrigger" time="296" />
  <testcase classname="Triggers_Test" name="testTransactionTriggerRecord" time="21" />
  <testcase classname="Util_Test" name="testGetNamespace" time="33" />
  <testcase classname="Util_Test" name="testIsOrgEmailEnabled" time="47" />
  <testcase classname="Util_Test" name="testPrefixNamespace" time="22" />
</testsuite>