<testsuite tests="182">
  <testcase classname="ContractFieldMergeInvocable_Test" name="testRefreshContracts" time="9665" />
  <testcase classname="ContractFieldMergeInvocable_Test" name="testRefreshContractsWithNoRequests" time="22" />
  <testcase classname="ContractFieldMergeInvocable_Test" name="testRefreshContractsWithNullRequests" time="18" />
  <testcase classname="ContractFieldMerge_Test" name="testInitializeServiceWithTemplatelessContract" time="11119" />
  <testcase classname="ContractFieldMerge_Test" name="testPopulateMergeFields" time="2988" />
  <testcase classname="ContractFieldMerge_Test" name="testPopulateMergeFieldsForEmptyList" time="695" />
  <testcase classname="ContractFieldMerge_Test" name="testServiceWithInvalidStatus" time="2645" />
  <testcase classname="ContractFieldMerge_Test" name="testServiceWithInvalidType" time="2546">
    <failure type="failed" message="System.AssertException: Assertion Failed: Received unexpected exception message"><![CDATA[External entry point
Class.agrec.ContractFieldMerge_Test.testServiceWithInvalidType: line 97, column 1]]></failure>
  </testcase>
  <testcase classname="ContractMergeFieldService_Test" name="testFormatCurrencyFieldValue" time="86" />
  <testcase classname="ContractMergeFieldService_Test" name="testFormatDateFieldValue" time="44" />
  <testcase classname="ContractMergeFieldService_Test" name="testFormatDatetimeFieldValue" time="25" />
  <testcase classname="ContractMergeFieldService_Test" name="testFormatNullValue" time="22" />
  <testcase classname="ContractMergeFieldService_Test" name="testGetMergeFieldsFromString" time="32" />
  <testcase classname="ContractMergeFieldService_Test" name="testGetMergeFieldsWithFallbackValue" time="25" />
  <testcase classname="ContractMergeFieldService_Test" name="testRemoveTableBlocks" time="21" />
  <testcase classname="ContractMergeFieldService_Test" name="testRemoveTableBlocksWithEmptyInput" time="21" />
  <testcase classname="ContractMergeFieldService_Test" name="testReplaceMergeFieldsWithValues" time="66" />
  <testcase classname="ContractMergeFieldService_Test" name="testReplaceParentMergeFieldsWithValues" time="454" />
  <testcase classname="ContractTemplateEditorController_Test" name="testGetFieldDescriptors" time="1528" />
  <testcase classname="ContractTemplateEditorController_Test" name="testGetFieldDescriptorsForInvalidObject" time="67" />
  <testcase classname="ContractTemplateEditorController_Test" name="testGetFieldDescriptorsForRelationshipPath" time="824" />
  <testcase classname="ContractTemplateEditorController_Test" name="testGetPreviewWaiverText" time="1592" />
  <testcase classname="ContractTemplateEditorController_Test" name="testGetPreviewWaiverTextWithFakeTemplateId" time="1423" />
  <testcase classname="ContractTemplateEditorController_Test" name="testGetTemplateQueries" time="739" />
  <testcase classname="ContractTemplateEditorController_Test" name="testGetTemplateQueriesWithInvalidId" time="548" />
  <testcase classname="ContractTemplateService_Test" name="testAddTemplatesToCache" time="8939" />
  <testcase classname="ContractTemplateService_Test" name="testDoesNotReloadAlreadyCachedTemplates" time="678" />
  <testcase classname="ContractTemplateService_Test" name="testMissingQueryRelationship" time="568" />
  <testcase classname="FieldPathManager_Test" name="testIsValid" time="41" />
  <testcase classname="FieldPathManager_Test" name="testNormalize" time="30" />
  <testcase classname="FieldPathResolver_Test" name="testFallbackByRelationshipName" time="53" />
  <testcase classname="FieldPathResolver_Test" name="testInvalidFieldPath" time="35" />
  <testcase classname="FieldPathResolver_Test" name="testNonRelationshipMidPath" time="13" />
  <testcase classname="FieldPathResolver_Test" name="testOneLevelRelationshipResolution" time="14" />
  <testcase classname="FieldPathResolver_Test" name="testSimpleFieldResolution" time="12" />
  <testcase classname="FieldPathResolver_Test" name="testTwoLevelRelationshipResolution" time="21" />
  <testcase classname="FinalizerHandler_Test" name="bypassFinalizerShouldSucceed" time="34" />
  <testcase classname="FinalizerHandler_Test" name="bypassedFinalizerShouldNotExecute" time="29" />
  <testcase classname="FinalizerHandler_Test" name="clearAllFinalizerBypassesShouldSucceed" time="17" />
  <testcase classname="FinalizerHandler_Test" name="clearFinalizerBypassShouldSucceed" time="16" />
  <testcase classname="FinalizerHandler_Test" name="finalizerIsBypassedShouldSucceed" time="21" />
  <testcase classname="FinalizerHandler_Test" name="finalizerThatInvokesDmlShouldCauseException" time="28" />
  <testcase classname="FinalizerHandler_Test" name="finalizersShouldExecuteInOrder" time="23" />
  <testcase classname="FinalizerHandler_Test" name="invalidFinalizerClassShouldThrowException" time="19" />
  <testcase classname="FinalizerHandler_Test" name="noConfiguredFinalizerShouldTakeNoAction" time="19" />
  <testcase classname="FinalizerHandler_Test" name="properlyConfiguredFinalizerShouldExecute" time="23" />
  <testcase classname="FinalizerHandler_Test" name="referencedClassDoesNotImplementDmlFinalizerShouldThrowException" time="22" />
  <testcase classname="FinalizerHandler_Test" name="staticallyBypassedFinalizerShouldNotExecute" time="19" />
  <testcase classname="FinalizerHandler_Test" name="userWithBypassPermissionDefinedOnFinalizerShouldNotExecute" time="17" />
  <testcase classname="FinalizerHandler_Test" name="userWithoutRequiredPermissionDefinedOnFinalizerShouldNotExecute" time="17" />
  <testcase classname="FlowChangeEventHeader_Test" name="shouldBeAbleToCompare" time="37" />
  <testcase classname="FlowChangeEventHeader_Test" name="shouldBeAbleToConstruct" time="28" />
  <testcase classname="FlowChangeEventHeader_Test" name="shouldBeAbleToGenerateHashCode" time="24" />
  <testcase classname="FormulaFilter_Test" name="emptyClassShouldThrowException" time="30" />
  <testcase classname="FormulaFilter_Test" name="emptyStringFormulaShouldProcessAllRecords" time="14" />
  <testcase classname="FormulaFilter_Test" name="invalidFormulaSyntaxShouldThrowException" time="42" />
  <testcase classname="FormulaFilter_Test" name="noFormulaShouldProcessAllRecords" time="16" />
  <testcase classname="FormulaFilter_Test" name="nonExistentClassShouldThrowException" time="19" />
  <testcase classname="FormulaFilter_Test" name="nonGlobalShouldThrowException" time="18" />
  <testcase classname="FormulaFilter_Test" name="nonTriggerRecordClassShouldThrowException" time="25" />
  <testcase classname="FormulaFilter_Test" name="nullClassShouldThrowException" time="18" />
  <testcase classname="FormulaFilter_Test" name="validFormulaShouldFilterContentsOftriggerNew" time="20" />
  <testcase classname="FormulaFilter_Test" name="validFormulaWithNoMatchingRecordsShouldProcessNoRecords" time="18" />
  <testcase classname="MetadataTriggerHandler_Test" name="actionMetadataShouldConstruct" time="288" />
  <testcase classname="MetadataTriggerHandler_Test" name="actionShouldExecuteIfNoRequiredOrBypassPermissionsAreDefinedForSObjectOrAction" time="71" />
  <testcase classname="MetadataTriggerHandler_Test" name="actionShouldExecuteIfUserDoesNotHaveBypassPermissionForSObjectOrAction" time="48" />
  <testcase classname="MetadataTriggerHandler_Test" name="actionShouldNotExecuteIfUserDoesNotHaveRequiredPermissionForAction" time="36" />
  <testcase classname="MetadataTriggerHandler_Test" name="actionShouldNotExecuteIfUserDoesNotHaveRequiredPermissionForSObject" time="33" />
  <testcase classname="MetadataTriggerHandler_Test" name="actionShouldNotExecuteIfUserHasBypassPermissionForAction" time="31" />
  <testcase classname="MetadataTriggerHandler_Test" name="actionShouldNotExecuteIfUserHasBypassPermissionForSObject" time="32" />
  <testcase classname="MetadataTriggerHandler_Test" name="afterDeleteShouldFailWithIncorrectClass" time="34" />
  <testcase classname="MetadataTriggerHandler_Test" name="afterDeleteShouldFailWithIncorrectType" time="34" />
  <testcase classname="MetadataTriggerHandler_Test" name="afterDeleteShouldSucceed" time="33" />
  <testcase classname="MetadataTriggerHandler_Test" name="afterInsertShouldFailWithIncorrectClass" time="40" />
  <testcase classname="MetadataTriggerHandler_Test" name="afterInsertShouldFailWithIncorrectType" time="30" />
  <testcase classname="MetadataTriggerHandler_Test" name="afterInsertShouldSucceed" time="33" />
  <testcase classname="MetadataTriggerHandler_Test" name="afterUndeleteShouldFailWithIncorrectClass" time="30" />
  <testcase classname="MetadataTriggerHandler_Test" name="afterUndeleteShouldFailWithIncorrectType" time="32" />
  <testcase classname="MetadataTriggerHandler_Test" name="afterUndeleteShouldSucceed" time="33" />
  <testcase classname="MetadataTriggerHandler_Test" name="afterUpdateShouldFailWithIncorrectClass" time="32" />
  <testcase classname="MetadataTriggerHandler_Test" name="afterUpdateShouldFailWithIncorrectType" time="34" />
  <testcase classname="MetadataTriggerHandler_Test" name="afterUpdateShouldSucceed" time="32" />
  <testcase classname="MetadataTriggerHandler_Test" name="beforeDeleteShouldFailWithIncorrectClass" time="36" />
  <testcase classname="MetadataTriggerHandler_Test" name="beforeDeleteShouldFailWithIncorrectType" time="32" />
  <testcase classname="MetadataTriggerHandler_Test" name="beforeDeleteShouldSucceed" time="38" />
  <testcase classname="MetadataTriggerHandler_Test" name="beforeInsertShouldFailWithIncorrectClass" time="30" />
  <testcase classname="MetadataTriggerHandler_Test" name="beforeInsertShouldFailWithIncorrectType" time="30" />
  <testcase classname="MetadataTriggerHandler_Test" name="beforeInsertShouldSucceed" time="31" />
  <testcase classname="MetadataTriggerHandler_Test" name="beforeUpdateShouldFailWithIncorrectClass" time="31" />
  <testcase classname="MetadataTriggerHandler_Test" name="beforeUpdateShouldFailWithIncorrectType" time="31" />
  <testcase classname="MetadataTriggerHandler_Test" name="beforeUpdateShouldSucceed" time="31" />
  <testcase classname="MetadataTriggerHandler_Test" name="bypassShouldSucceed" time="24" />
  <testcase classname="MetadataTriggerHandler_Test" name="clearAllBypassesShouldSucceed" time="25" />
  <testcase classname="MetadataTriggerHandler_Test" name="clearBypassShouldSucceed" time="24" />
  <testcase classname="MetadataTriggerHandler_Test" name="finalizerShouldSucceed" time="30" />
  <testcase classname="MetadataTriggerHandler_Test" name="isBypassedShouldSucceed" time="24" />
  <testcase classname="MetadataTriggerHandler_Test" name="nothingToProcessShouldExitEarly" time="29" />
  <testcase classname="MetadataTriggerHandler_Test" name="theFrameworkShouldSupportFlow" time="33" />
  <testcase classname="MetadataTriggerHandler_Test" name="theFrameworkShouldSupportSObjectsFromManagedPackages" time="52" />
  <testcase classname="TA_CAF_MergeFieldValues_Test" name="testPopulateMergeFields" time="14593" />
  <testcase classname="TriggerActionFlowAddError_Test" name="addErrorShouldAddAnErrorAtTheFieldSpecified" time="58" />
  <testcase classname="TriggerActionFlowAddError_Test" name="addErrorShouldSucceedWithValidRequest" time="28" />
  <testcase classname="TriggerActionFlowBypass_Test" name="bypassApexShouldSucceedWithValidRequest" time="76" />
  <testcase classname="TriggerActionFlowBypass_Test" name="bypassFlowShouldSucceedWithValidRequest" time="37" />
  <testcase classname="TriggerActionFlowBypass_Test" name="bypassObjectShouldSucceedWithValidRequest" time="20" />
  <testcase classname="TriggerActionFlowBypass_Test" name="bypassShouldFailWithInvalidType" time="16" />
  <testcase classname="TriggerActionFlowChangeEvent_Test" name="correctInputShouldProduceFlowInputs" time="61" />
  <testcase classname="TriggerActionFlowChangeEvent_Test" name="emptyInputShouldProduceEmptyFlowInputs" time="20" />
  <testcase classname="TriggerActionFlowChangeEvent_Test" name="wrongDataTypeShouldThrowException" time="16" />
  <testcase classname="TriggerActionFlowClearAllBypasses_Test" name="clearAllBypassApexShouldSucceedWithValidRequest" time="74" />
  <testcase classname="TriggerActionFlowClearAllBypasses_Test" name="clearAllBypassFlowShouldSucceedWithValidRequest" time="24" />
  <testcase classname="TriggerActionFlowClearAllBypasses_Test" name="clearAllBypassObjectShouldSucceedWithValidRequest" time="16" />
  <testcase classname="TriggerActionFlowClearAllBypasses_Test" name="clearAllBypassShouldFailWithInvalidType" time="20" />
  <testcase classname="TriggerActionFlowClearBypass_Test" name="clearBypassApexShouldSucceedWithValidRequest" time="81" />
  <testcase classname="TriggerActionFlowClearBypass_Test" name="clearBypassFlowShouldSucceedWithValidRequest" time="39" />
  <testcase classname="TriggerActionFlowClearBypass_Test" name="clearBypassObjecthouldSucceedWithValidRequest" time="22" />
  <testcase classname="TriggerActionFlowClearBypass_Test" name="clearBypassShouldFailWithInvalidType" time="25" />
  <testcase classname="TriggerActionFlowIsBypassed_Test" name="isBypassedApexShouldSucceedWithValidRequest" time="119" />
  <testcase classname="TriggerActionFlowIsBypassed_Test" name="isBypassedFlowShouldSucceedWithValidRequest" time="33" />
  <testcase classname="TriggerActionFlowIsBypassed_Test" name="isBypassedObjectShouldSucceedWithValidRequest" time="22" />
  <testcase classname="TriggerActionFlowIsBypassed_Test" name="isBypassedShouldFailWithInvalidType" time="27" />
  <testcase classname="TriggerActionFlow_Test" name="afterDeleteShouldSucceed" time="61" />
  <testcase classname="TriggerActionFlow_Test" name="afterInsertShouldSucceed" time="29" />
  <testcase classname="TriggerActionFlow_Test" name="afterUndeleteShouldSucceed" time="18" />
  <testcase classname="TriggerActionFlow_Test" name="afterUpdateShouldSucceed" time="24" />
  <testcase classname="TriggerActionFlow_Test" name="afterUpdateWithNoRecordsToProcessShouldSucceed" time="19" />
  <testcase classname="TriggerActionFlow_Test" name="beforeDeleteShouldSucceed" time="17" />
  <testcase classname="TriggerActionFlow_Test" name="beforeInsertShouldSucceed" time="22" />
  <testcase classname="TriggerActionFlow_Test" name="beforeUpdateShouldSucceed" time="21" />
  <testcase classname="TriggerActionFlow_Test" name="beforeUpdateWithNoRecordsToProcessShouldSucceed" time="17" />
  <testcase classname="TriggerActionFlow_Test" name="bypassShouldSucceed" time="16" />
  <testcase classname="TriggerActionFlow_Test" name="clearAllBypassesShouldSucceed" time="16" />
  <testcase classname="TriggerActionFlow_Test" name="clearBypassShouldSucceed" time="21" />
  <testcase classname="TriggerActionFlow_Test" name="emptyFlowNameShouldThrowException" time="25" />
  <testcase classname="TriggerActionFlow_Test" name="flowMissingRecordVariableInOutputShouldThrowException" time="19" />
  <testcase classname="TriggerActionFlow_Test" name="invokeFlowShouldReturnUnsuccessfulResponseWithBogusFlowName" time="74" />
  <testcase classname="TriggerActionFlow_Test" name="isBypassedShouldSucceed" time="20" />
  <testcase classname="TriggerActionFlow_Test" name="noRecordMutationsShouldSucceed" time="19" />
  <testcase classname="TriggerActionFlow_Test" name="nulledFieldInFlowShouldBeTransferredBack" time="20" />
  <testcase classname="TriggerActionFlow_Test" name="shouldDoNothingWhenBypassed" time="18" />
  <testcase classname="TriggerActionFlow_Test" name="unsuccessfulActionResultShouldBeAddedAsErrorToRecord" time="21" />
  <testcase classname="TriggerActionFlow_Test" name="validateTypeShouldThrowExceptionWithInvalidInput" time="18" />
  <testcase classname="TriggerBase_Test" name="afterDeleteShouldSucceed" time="70" />
  <testcase classname="TriggerBase_Test" name="afterInsertShouldSucceed" time="40" />
  <testcase classname="TriggerBase_Test" name="afterUndeleteShouldSucceed" time="23" />
  <testcase classname="TriggerBase_Test" name="afterUpdateShouldSucceed" time="28" />
  <testcase classname="TriggerBase_Test" name="beforeDeleteShouldSucceed" time="18" />
  <testcase classname="TriggerBase_Test" name="beforeInsertShouldSucceed" time="18" />
  <testcase classname="TriggerBase_Test" name="beforeUpdateShouldSucceed" time="18" />
  <testcase classname="TriggerBase_Test" name="bypassShouldSucceed" time="14" />
  <testcase classname="TriggerBase_Test" name="clearAllBypassesShouldSucceed" time="14" />
  <testcase classname="TriggerBase_Test" name="clearBypassShouldSucceed" time="13" />
  <testcase classname="TriggerBase_Test" name="finalizingWithoutWaitingShouldThrowError" time="16" />
  <testcase classname="TriggerBase_Test" name="idToNumberOfTimesSeenAfterUpdate" time="24" />
  <testcase classname="TriggerBase_Test" name="idToNumberOfTimesSeenBeforeUpdate" time="22" />
  <testcase classname="TriggerBase_Test" name="inverseContextsShouldFinalizeDmlOperationDelete" time="20" />
  <testcase classname="TriggerBase_Test" name="inverseContextsShouldFinalizeDmlOperationInsert" time="19" />
  <testcase classname="TriggerBase_Test" name="inverseContextsShouldFinalizeDmlOperationUndelete" time="19" />
  <testcase classname="TriggerBase_Test" name="inverseContextsShouldFinalizeDmlOperationUpdate" time="36" />
  <testcase classname="TriggerBase_Test" name="isBypassedShouldSucceed" time="17" />
  <testcase classname="TriggerBase_Test" name="offsetRowsShouldWork" time="22" />
  <testcase classname="TriggerBase_Test" name="oldAndNewShouldComeFromTrigger" time="15" />
  <testcase classname="TriggerBase_Test" name="peekShouldShowMostRecentlyAdded" time="15" />
  <testcase classname="TriggerBase_Test" name="peekingStackWhileEmptyShouldThrowException" time="17" />
  <testcase classname="TriggerBase_Test" name="poppingStackWhileEmptyShouldThrowException" time="15" />
  <testcase classname="TriggerBase_Test" name="runShouldDoNothingWhenBypassed" time="16" />
  <testcase classname="TriggerBase_Test" name="runShouldFailWhenCalledOutsideTrigger" time="18" />
  <testcase classname="TriggerBase_Test" name="sObjectNameShouldBePopulatedFromTriggerNew" time="15" />
  <testcase classname="TriggerBase_Test" name="sObjectNameShouldBePopulatedFromTriggerOld" time="18" />
  <testcase classname="TriggerBase_Test" name="stackDepthShouldBeCalculatedProperly" time="15" />
  <testcase classname="TriggerBase_Test" name="stackShouldBeFirstInLastOut" time="16" />
  <testcase classname="TriggerBase_Test" name="stackShouldBeLastInFirstOut" time="15" />
  <testcase classname="TriggerBase_Test" name="stacksShouldBeAbleToDetermineIftheyAreEmpty" time="15" />
  <testcase classname="TriggerBase_Test" name="waitingThenFinalizingShouldWork" time="17" />
  <testcase classname="TriggerRecord_Test" name="shouldBeAbleToConstructATriggerRecord" time="46" />
  <testcase classname="Triggers_Test" name="testContentDocumentLinkTrigger" time="11746" />
  <testcase classname="Triggers_Test" name="testContractAndFormTrigger" time="1020" />
  <testcase classname="Triggers_Test" name="testTransactionTrigger" time="424" />
  <testcase classname="Triggers_Test" name="testTransactionTriggerRecord" time="34" />
  <testcase classname="Util_Test" name="testGetNamespace" time="29" />
  <testcase classname="Util_Test" name="testIsOrgEmailEnabled" time="30" />
  <testcase classname="Util_Test" name="testPrefixNamespace" time="15" />
</testsuite>