<testsuite tests="170">
  <testcase classname="ContractFieldMergeInvocable_Test" name="testRefreshContracts" time="5226" />
  <testcase classname="ContractFieldMergeInvocable_Test" name="testRefreshContractsWithNoRequests" time="32" />
  <testcase classname="ContractFieldMergeInvocable_Test" name="testRefreshContractsWithNullRequests" time="20" />
  <testcase classname="ContractFieldMerge_Test" name="testPopulateMergeFields" time="17788" />
  <testcase classname="ContractFieldMerge_Test" name="testServiceWithInvalidStatus" time="2790" />
  <testcase classname="ContractFieldMerge_Test" name="testServiceWithInvalidType" time="3043" />
  <testcase classname="ContractMergeFieldService_Test" name="testFormatCurrencyFieldValue" time="79" />
  <testcase classname="ContractMergeFieldService_Test" name="testFormatFieldValue" time="36" />
  <testcase classname="ContractMergeFieldService_Test" name="testFormatNullValue" time="27" />
  <testcase classname="ContractMergeFieldService_Test" name="testGetMergeFieldsFromString" time="29" />
  <testcase classname="ContractMergeFieldService_Test" name="testGetMergeFieldsWithFallbackValue" time="30" />
  <testcase classname="ContractMergeFieldService_Test" name="testRemoveTableBlocks" time="37" />
  <testcase classname="ContractMergeFieldService_Test" name="testReplaceMergeFieldsWithValues" time="60" />
  <testcase classname="ContractMergeFieldService_Test" name="testReplaceParentMergeFieldsWithValues" time="486" />
  <testcase classname="ContractTemplateEditorController_Test" name="testGetFieldDescriptors" time="11154" />
  <testcase classname="ContractTemplateEditorController_Test" name="testGetFieldDescriptorsForInvalidObject" time="78" />
  <testcase classname="ContractTemplateEditorController_Test" name="testGetFieldDescriptorsForRelationshipPath" time="986" />
  <testcase classname="ContractTemplateEditorController_Test" name="testGetPreviewWaiverText" time="2145" />
  <testcase classname="ContractTemplateEditorController_Test" name="testGetPreviewWaiverTextWithFakeTemplateId" time="1673" />
  <testcase classname="ContractTemplateService_Test" name="testAddTemplatesToCache" time="10258" />
  <testcase classname="ContractTemplateService_Test" name="testDoesNotReloadAlreadyCachedTemplates" time="932" />
  <testcase classname="ContractTemplateService_Test" name="testMissingQueryRelationship" time="861" />
  <testcase classname="FieldPathManager_Test" name="testIsValid" time="28" />
  <testcase classname="FieldPathManager_Test" name="testNormalize" time="23" />
  <testcase classname="FinalizerHandler_Test" name="bypassFinalizerShouldSucceed" time="41" />
  <testcase classname="FinalizerHandler_Test" name="bypassedFinalizerShouldNotExecute" time="50" />
  <testcase classname="FinalizerHandler_Test" name="clearAllFinalizerBypassesShouldSucceed" time="28" />
  <testcase classname="FinalizerHandler_Test" name="clearFinalizerBypassShouldSucceed" time="28" />
  <testcase classname="FinalizerHandler_Test" name="finalizerIsBypassedShouldSucceed" time="31" />
  <testcase classname="FinalizerHandler_Test" name="finalizerThatInvokesDmlShouldCauseException" time="39" />
  <testcase classname="FinalizerHandler_Test" name="finalizersShouldExecuteInOrder" time="32" />
  <testcase classname="FinalizerHandler_Test" name="invalidFinalizerClassShouldThrowException" time="30" />
  <testcase classname="FinalizerHandler_Test" name="noConfiguredFinalizerShouldTakeNoAction" time="30" />
  <testcase classname="FinalizerHandler_Test" name="properlyConfiguredFinalizerShouldExecute" time="39" />
  <testcase classname="FinalizerHandler_Test" name="referencedClassDoesNotImplementDmlFinalizerShouldThrowException" time="31" />
  <testcase classname="FinalizerHandler_Test" name="staticallyBypassedFinalizerShouldNotExecute" time="28" />
  <testcase classname="FinalizerHandler_Test" name="userWithBypassPermissionDefinedOnFinalizerShouldNotExecute" time="27" />
  <testcase classname="FinalizerHandler_Test" name="userWithoutRequiredPermissionDefinedOnFinalizerShouldNotExecute" time="28" />
  <testcase classname="FlowChangeEventHeader_Test" name="shouldBeAbleToCompare" time="34" />
  <testcase classname="FlowChangeEventHeader_Test" name="shouldBeAbleToConstruct" time="34" />
  <testcase classname="FlowChangeEventHeader_Test" name="shouldBeAbleToGenerateHashCode" time="29" />
  <testcase classname="FormulaFilter_Test" name="emptyClassShouldThrowException" time="50" />
  <testcase classname="FormulaFilter_Test" name="emptyStringFormulaShouldProcessAllRecords" time="32" />
  <testcase classname="FormulaFilter_Test" name="invalidFormulaSyntaxShouldThrowException" time="44" />
  <testcase classname="FormulaFilter_Test" name="noFormulaShouldProcessAllRecords" time="31" />
  <testcase classname="FormulaFilter_Test" name="nonExistentClassShouldThrowException" time="31" />
  <testcase classname="FormulaFilter_Test" name="nonGlobalShouldThrowException" time="24" />
  <testcase classname="FormulaFilter_Test" name="nonTriggerRecordClassShouldThrowException" time="38" />
  <testcase classname="FormulaFilter_Test" name="nullClassShouldThrowException" time="27" />
  <testcase classname="FormulaFilter_Test" name="validFormulaShouldFilterContentsOftriggerNew" time="26" />
  <testcase classname="FormulaFilter_Test" name="validFormulaWithNoMatchingRecordsShouldProcessNoRecords" time="27" />
  <testcase classname="MetadataTriggerHandler_Test" name="actionMetadataShouldConstruct" time="289" />
  <testcase classname="MetadataTriggerHandler_Test" name="actionShouldExecuteIfNoRequiredOrBypassPermissionsAreDefinedForSObjectOrAction" time="54" />
  <testcase classname="MetadataTriggerHandler_Test" name="actionShouldExecuteIfUserDoesNotHaveBypassPermissionForSObjectOrAction" time="40" />
  <testcase classname="MetadataTriggerHandler_Test" name="actionShouldNotExecuteIfUserDoesNotHaveRequiredPermissionForAction" time="29" />
  <testcase classname="MetadataTriggerHandler_Test" name="actionShouldNotExecuteIfUserDoesNotHaveRequiredPermissionForSObject" time="29" />
  <testcase classname="MetadataTriggerHandler_Test" name="actionShouldNotExecuteIfUserHasBypassPermissionForAction" time="30" />
  <testcase classname="MetadataTriggerHandler_Test" name="actionShouldNotExecuteIfUserHasBypassPermissionForSObject" time="40" />
  <testcase classname="MetadataTriggerHandler_Test" name="afterDeleteShouldFailWithIncorrectClass" time="29" />
  <testcase classname="MetadataTriggerHandler_Test" name="afterDeleteShouldFailWithIncorrectType" time="29" />
  <testcase classname="MetadataTriggerHandler_Test" name="afterDeleteShouldSucceed" time="35" />
  <testcase classname="MetadataTriggerHandler_Test" name="afterInsertShouldFailWithIncorrectClass" time="25" />
  <testcase classname="MetadataTriggerHandler_Test" name="afterInsertShouldFailWithIncorrectType" time="27" />
  <testcase classname="MetadataTriggerHandler_Test" name="afterInsertShouldSucceed" time="35" />
  <testcase classname="MetadataTriggerHandler_Test" name="afterUndeleteShouldFailWithIncorrectClass" time="27" />
  <testcase classname="MetadataTriggerHandler_Test" name="afterUndeleteShouldFailWithIncorrectType" time="30" />
  <testcase classname="MetadataTriggerHandler_Test" name="afterUndeleteShouldSucceed" time="33" />
  <testcase classname="MetadataTriggerHandler_Test" name="afterUpdateShouldFailWithIncorrectClass" time="28" />
  <testcase classname="MetadataTriggerHandler_Test" name="afterUpdateShouldFailWithIncorrectType" time="92" />
  <testcase classname="MetadataTriggerHandler_Test" name="afterUpdateShouldSucceed" time="25" />
  <testcase classname="MetadataTriggerHandler_Test" name="beforeDeleteShouldFailWithIncorrectClass" time="15" />
  <testcase classname="MetadataTriggerHandler_Test" name="beforeDeleteShouldFailWithIncorrectType" time="21" />
  <testcase classname="MetadataTriggerHandler_Test" name="beforeDeleteShouldSucceed" time="19" />
  <testcase classname="MetadataTriggerHandler_Test" name="beforeInsertShouldFailWithIncorrectClass" time="27" />
  <testcase classname="MetadataTriggerHandler_Test" name="beforeInsertShouldFailWithIncorrectType" time="23" />
  <testcase classname="MetadataTriggerHandler_Test" name="beforeInsertShouldSucceed" time="20" />
  <testcase classname="MetadataTriggerHandler_Test" name="beforeUpdateShouldFailWithIncorrectClass" time="16" />
  <testcase classname="MetadataTriggerHandler_Test" name="beforeUpdateShouldFailWithIncorrectType" time="26" />
  <testcase classname="MetadataTriggerHandler_Test" name="beforeUpdateShouldSucceed" time="61" />
  <testcase classname="MetadataTriggerHandler_Test" name="bypassShouldSucceed" time="17" />
  <testcase classname="MetadataTriggerHandler_Test" name="clearAllBypassesShouldSucceed" time="19" />
  <testcase classname="MetadataTriggerHandler_Test" name="clearBypassShouldSucceed" time="18" />
  <testcase classname="MetadataTriggerHandler_Test" name="finalizerShouldSucceed" time="20" />
  <testcase classname="MetadataTriggerHandler_Test" name="isBypassedShouldSucceed" time="23" />
  <testcase classname="MetadataTriggerHandler_Test" name="nothingToProcessShouldExitEarly" time="16" />
  <testcase classname="MetadataTriggerHandler_Test" name="theFrameworkShouldSupportFlow" time="20" />
  <testcase classname="MetadataTriggerHandler_Test" name="theFrameworkShouldSupportSObjectsFromManagedPackages" time="45" />
  <testcase classname="TA_CAF_MergeFieldValues_Test" name="testPopulateMergeFields" time="5724" />
  <testcase classname="TriggerActionFlowAddError_Test" name="addErrorShouldAddAnErrorAtTheFieldSpecified" time="20" />
  <testcase classname="TriggerActionFlowAddError_Test" name="addErrorShouldSucceedWithValidRequest" time="21" />
  <testcase classname="TriggerActionFlowBypass_Test" name="bypassApexShouldSucceedWithValidRequest" time="60" />
  <testcase classname="TriggerActionFlowBypass_Test" name="bypassFlowShouldSucceedWithValidRequest" time="33" />
  <testcase classname="TriggerActionFlowBypass_Test" name="bypassObjectShouldSucceedWithValidRequest" time="23" />
  <testcase classname="TriggerActionFlowBypass_Test" name="bypassShouldFailWithInvalidType" time="29" />
  <testcase classname="TriggerActionFlowChangeEvent_Test" name="correctInputShouldProduceFlowInputs" time="49" />
  <testcase classname="TriggerActionFlowChangeEvent_Test" name="emptyInputShouldProduceEmptyFlowInputs" time="37" />
  <testcase classname="TriggerActionFlowChangeEvent_Test" name="wrongDataTypeShouldThrowException" time="25" />
  <testcase classname="TriggerActionFlowClearAllBypasses_Test" name="clearAllBypassApexShouldSucceedWithValidRequest" time="61" />
  <testcase classname="TriggerActionFlowClearAllBypasses_Test" name="clearAllBypassFlowShouldSucceedWithValidRequest" time="38" />
  <testcase classname="TriggerActionFlowClearAllBypasses_Test" name="clearAllBypassObjectShouldSucceedWithValidRequest" time="25" />
  <testcase classname="TriggerActionFlowClearAllBypasses_Test" name="clearAllBypassShouldFailWithInvalidType" time="19" />
  <testcase classname="TriggerActionFlowClearBypass_Test" name="clearBypassApexShouldSucceedWithValidRequest" time="43" />
  <testcase classname="TriggerActionFlowClearBypass_Test" name="clearBypassFlowShouldSucceedWithValidRequest" time="22" />
  <testcase classname="TriggerActionFlowClearBypass_Test" name="clearBypassObjecthouldSucceedWithValidRequest" time="20" />
  <testcase classname="TriggerActionFlowClearBypass_Test" name="clearBypassShouldFailWithInvalidType" time="19" />
  <testcase classname="TriggerActionFlowIsBypassed_Test" name="isBypassedApexShouldSucceedWithValidRequest" time="97" />
  <testcase classname="TriggerActionFlowIsBypassed_Test" name="isBypassedFlowShouldSucceedWithValidRequest" time="35" />
  <testcase classname="TriggerActionFlowIsBypassed_Test" name="isBypassedObjectShouldSucceedWithValidRequest" time="27" />
  <testcase classname="TriggerActionFlowIsBypassed_Test" name="isBypassedShouldFailWithInvalidType" time="26" />
  <testcase classname="TriggerActionFlow_Test" name="afterDeleteShouldSucceed" time="46" />
  <testcase classname="TriggerActionFlow_Test" name="afterInsertShouldSucceed" time="43" />
  <testcase classname="TriggerActionFlow_Test" name="afterUndeleteShouldSucceed" time="26" />
  <testcase classname="TriggerActionFlow_Test" name="afterUpdateShouldSucceed" time="26" />
  <testcase classname="TriggerActionFlow_Test" name="afterUpdateWithNoRecordsToProcessShouldSucceed" time="26" />
  <testcase classname="TriggerActionFlow_Test" name="beforeDeleteShouldSucceed" time="30" />
  <testcase classname="TriggerActionFlow_Test" name="beforeInsertShouldSucceed" time="35" />
  <testcase classname="TriggerActionFlow_Test" name="beforeUpdateShouldSucceed" time="28" />
  <testcase classname="TriggerActionFlow_Test" name="beforeUpdateWithNoRecordsToProcessShouldSucceed" time="30" />
  <testcase classname="TriggerActionFlow_Test" name="bypassShouldSucceed" time="29" />
  <testcase classname="TriggerActionFlow_Test" name="clearAllBypassesShouldSucceed" time="26" />
  <testcase classname="TriggerActionFlow_Test" name="clearBypassShouldSucceed" time="209" />
  <testcase classname="TriggerActionFlow_Test" name="emptyFlowNameShouldThrowException" time="29" />
  <testcase classname="TriggerActionFlow_Test" name="flowMissingRecordVariableInOutputShouldThrowException" time="30" />
  <testcase classname="TriggerActionFlow_Test" name="invokeFlowShouldReturnUnsuccessfulResponseWithBogusFlowName" time="50" />
  <testcase classname="TriggerActionFlow_Test" name="isBypassedShouldSucceed" time="27" />
  <testcase classname="TriggerActionFlow_Test" name="noRecordMutationsShouldSucceed" time="26" />
  <testcase classname="TriggerActionFlow_Test" name="nulledFieldInFlowShouldBeTransferredBack" time="87" />
  <testcase classname="TriggerActionFlow_Test" name="shouldDoNothingWhenBypassed" time="36" />
  <testcase classname="TriggerActionFlow_Test" name="unsuccessfulActionResultShouldBeAddedAsErrorToRecord" time="75" />
  <testcase classname="TriggerActionFlow_Test" name="validateTypeShouldThrowExceptionWithInvalidInput" time="231" />
  <testcase classname="TriggerBase_Test" name="afterDeleteShouldSucceed" time="56" />
  <testcase classname="TriggerBase_Test" name="afterInsertShouldSucceed" time="39" />
  <testcase classname="TriggerBase_Test" name="afterUndeleteShouldSucceed" time="25" />
  <testcase classname="TriggerBase_Test" name="afterUpdateShouldSucceed" time="25" />
  <testcase classname="TriggerBase_Test" name="beforeDeleteShouldSucceed" time="28" />
  <testcase classname="TriggerBase_Test" name="beforeInsertShouldSucceed" time="31" />
  <testcase classname="TriggerBase_Test" name="beforeUpdateShouldSucceed" time="25" />
  <testcase classname="TriggerBase_Test" name="bypassShouldSucceed" time="23" />
  <testcase classname="TriggerBase_Test" name="clearAllBypassesShouldSucceed" time="30" />
  <testcase classname="TriggerBase_Test" name="clearBypassShouldSucceed" time="24" />
  <testcase classname="TriggerBase_Test" name="finalizingWithoutWaitingShouldThrowError" time="21" />
  <testcase classname="TriggerBase_Test" name="idToNumberOfTimesSeenAfterUpdate" time="23" />
  <testcase classname="TriggerBase_Test" name="idToNumberOfTimesSeenBeforeUpdate" time="29" />
  <testcase classname="TriggerBase_Test" name="inverseContextsShouldFinalizeDmlOperationDelete" time="27" />
  <testcase classname="TriggerBase_Test" name="inverseContextsShouldFinalizeDmlOperationInsert" time="26" />
  <testcase classname="TriggerBase_Test" name="inverseContextsShouldFinalizeDmlOperationUndelete" time="29" />
  <testcase classname="TriggerBase_Test" name="inverseContextsShouldFinalizeDmlOperationUpdate" time="29" />
  <testcase classname="TriggerBase_Test" name="isBypassedShouldSucceed" time="45" />
  <testcase classname="TriggerBase_Test" name="offsetRowsShouldWork" time="24" />
  <testcase classname="TriggerBase_Test" name="oldAndNewShouldComeFromTrigger" time="17" />
  <testcase classname="TriggerBase_Test" name="peekShouldShowMostRecentlyAdded" time="16" />
  <testcase classname="TriggerBase_Test" name="peekingStackWhileEmptyShouldThrowException" time="18" />
  <testcase classname="TriggerBase_Test" name="poppingStackWhileEmptyShouldThrowException" time="12" />
  <testcase classname="TriggerBase_Test" name="runShouldDoNothingWhenBypassed" time="13" />
  <testcase classname="TriggerBase_Test" name="runShouldFailWhenCalledOutsideTrigger" time="14" />
  <testcase classname="TriggerBase_Test" name="sObjectNameShouldBePopulatedFromTriggerNew" time="14" />
  <testcase classname="TriggerBase_Test" name="sObjectNameShouldBePopulatedFromTriggerOld" time="15" />
  <testcase classname="TriggerBase_Test" name="stackDepthShouldBeCalculatedProperly" time="17" />
  <testcase classname="TriggerBase_Test" name="stackShouldBeFirstInLastOut" time="16" />
  <testcase classname="TriggerBase_Test" name="stackShouldBeLastInFirstOut" time="16" />
  <testcase classname="TriggerBase_Test" name="stacksShouldBeAbleToDetermineIftheyAreEmpty" time="20" />
  <testcase classname="TriggerBase_Test" name="waitingThenFinalizingShouldWork" time="27" />
  <testcase classname="TriggerRecord_Test" name="shouldBeAbleToConstructATriggerRecord" time="33" />
  <testcase classname="Triggers_Test" name="testContentDocumentLinkTrigger" time="11335" />
  <testcase classname="Triggers_Test" name="testContractAndFormTrigger" time="1347" />
  <testcase classname="Triggers_Test" name="testTransactionTrigger" time="441" />
  <testcase classname="Triggers_Test" name="testTransactionTriggerRecord" time="32" />
  <testcase classname="Util_Test" name="testGetNamespace" time="28" />
  <testcase classname="Util_Test" name="testIsOrgEmailEnabled" time="36" />
  <testcase classname="Util_Test" name="testPrefixNamespace" time="26" />
</testsuite>