<testsuite tests="189">
  <testcase classname="ContractFieldMergeInvocable_Test" name="testRefreshContractCollection" time="4344" />
  <testcase classname="ContractFieldMergeInvocable_Test" name="testRefreshContractCollectionWithDml" time="2855" />
  <testcase classname="ContractFieldMergeInvocable_Test" name="testRefreshContracts" time="2690" />
  <testcase classname="ContractFieldMergeInvocable_Test" name="testRefreshContractsWithDml" time="2929" />
  <testcase classname="ContractFieldMergeInvocable_Test" name="testRefreshContractsWithNoRequests" time="16" />
  <testcase classname="ContractFieldMergeInvocable_Test" name="testRefreshContractsWithNullRequests" time="16" />
  <testcase classname="ContractFieldMergeInvocable_Test" name="testRefreshEmptyCollection" time="740" />
  <testcase classname="ContractFieldMerge_Test" name="testInitializeServiceWithTemplatelessContract" time="1320" />
  <testcase classname="ContractFieldMerge_Test" name="testPopulateMergeFieldsForEmptyList" time="709" />
  <testcase classname="ContractFieldMerge_Test" name="testResolveMergeFields" time="2931" />
  <testcase classname="ContractFieldMerge_Test" name="testServiceWithInvalidStatus" time="2361" />
  <testcase classname="ContractFieldMerge_Test" name="testServiceWithInvalidType" time="2404" />
  <testcase classname="ContractMergeFieldService_Test" name="testMergeContractCollectionById" time="2838" />
  <testcase classname="ContractMergeFieldService_Test" name="testMergeSingleContractById" time="1759" />
  <testcase classname="ContractMergeFieldService_Test" name="testUpdateContracts" time="978" />
  <testcase classname="ContractMergeFieldUtils_Test" name="testFormatCurrencyFieldValue" time="34" />
  <testcase classname="ContractMergeFieldUtils_Test" name="testFormatDateFieldValue" time="10" />
  <testcase classname="ContractMergeFieldUtils_Test" name="testFormatDatetimeFieldValue" time="5" />
  <testcase classname="ContractMergeFieldUtils_Test" name="testFormatNullValue" time="7" />
  <testcase classname="ContractMergeFieldUtils_Test" name="testGetMergeFieldsFromString" time="44" />
  <testcase classname="ContractMergeFieldUtils_Test" name="testGetMergeFieldsWithFallbackValue" time="6" />
  <testcase classname="ContractMergeFieldUtils_Test" name="testRemoveTableBlocks" time="5" />
  <testcase classname="ContractMergeFieldUtils_Test" name="testRemoveTableBlocksWithEmptyInput" time="4" />
  <testcase classname="ContractMergeFieldUtils_Test" name="testReplaceMergeFieldsWithValues" time="27" />
  <testcase classname="ContractMergeFieldUtils_Test" name="testReplaceParentMergeFieldsWithValues" time="277" />
  <testcase classname="ContractTemplateEditorController_Test" name="testGetFieldDescriptors" time="1852" />
  <testcase classname="ContractTemplateEditorController_Test" name="testGetFieldDescriptorsForInvalidObject" time="62" />
  <testcase classname="ContractTemplateEditorController_Test" name="testGetFieldDescriptorsForRelationshipPath" time="1048" />
  <testcase classname="ContractTemplateEditorController_Test" name="testGetPreviewWaiverText" time="2593" />
  <testcase classname="ContractTemplateEditorController_Test" name="testGetPreviewWaiverTextWithFakeTemplateId" time="2271" />
  <testcase classname="ContractTemplateEditorController_Test" name="testGetTemplateQueries" time="1025" />
  <testcase classname="ContractTemplateEditorController_Test" name="testGetTemplateQueriesWithInvalidId" time="757" />
  <testcase classname="ContractTemplateService_Test" name="testAddTemplatesToCache" time="1403" />
  <testcase classname="ContractTemplateService_Test" name="testDoesNotReloadAlreadyCachedTemplates" time="674" />
  <testcase classname="ContractTemplateService_Test" name="testMissingQueryRelationship" time="587" />
  <testcase classname="FieldPathManager_Test" name="testIsValid" time="18" />
  <testcase classname="FieldPathManager_Test" name="testNormalize" time="7" />
  <testcase classname="FieldPathResolver_Test" name="testFallbackByRelationshipName" time="89" />
  <testcase classname="FieldPathResolver_Test" name="testInvalidFieldPath" time="31" />
  <testcase classname="FieldPathResolver_Test" name="testNonRelationshipMidPath" time="7" />
  <testcase classname="FieldPathResolver_Test" name="testOneLevelRelationshipResolution" time="7" />
  <testcase classname="FieldPathResolver_Test" name="testSimpleFieldResolution" time="6" />
  <testcase classname="FieldPathResolver_Test" name="testTwoLevelRelationshipResolution" time="13" />
  <testcase classname="FinalizerHandler_Test" name="bypassFinalizerShouldSucceed" time="48" />
  <testcase classname="FinalizerHandler_Test" name="bypassedFinalizerShouldNotExecute" time="14" />
  <testcase classname="FinalizerHandler_Test" name="clearAllFinalizerBypassesShouldSucceed" time="10" />
  <testcase classname="FinalizerHandler_Test" name="clearFinalizerBypassShouldSucceed" time="6" />
  <testcase classname="FinalizerHandler_Test" name="finalizerIsBypassedShouldSucceed" time="7" />
  <testcase classname="FinalizerHandler_Test" name="finalizerThatInvokesDmlShouldCauseException" time="13" />
  <testcase classname="FinalizerHandler_Test" name="finalizersShouldExecuteInOrder" time="11" />
  <testcase classname="FinalizerHandler_Test" name="invalidFinalizerClassShouldThrowException" time="8" />
  <testcase classname="FinalizerHandler_Test" name="noConfiguredFinalizerShouldTakeNoAction" time="9" />
  <testcase classname="FinalizerHandler_Test" name="properlyConfiguredFinalizerShouldExecute" time="14" />
  <testcase classname="FinalizerHandler_Test" name="referencedClassDoesNotImplementDmlFinalizerShouldThrowException" time="9" />
  <testcase classname="FinalizerHandler_Test" name="staticallyBypassedFinalizerShouldNotExecute" time="7" />
  <testcase classname="FinalizerHandler_Test" name="userWithBypassPermissionDefinedOnFinalizerShouldNotExecute" time="6" />
  <testcase classname="FinalizerHandler_Test" name="userWithoutRequiredPermissionDefinedOnFinalizerShouldNotExecute" time="7" />
  <testcase classname="FlowChangeEventHeader_Test" name="shouldBeAbleToCompare" time="30" />
  <testcase classname="FlowChangeEventHeader_Test" name="shouldBeAbleToConstruct" time="11" />
  <testcase classname="FlowChangeEventHeader_Test" name="shouldBeAbleToGenerateHashCode" time="7" />
  <testcase classname="FormulaFilter_Test" name="emptyClassShouldThrowException" time="24" />
  <testcase classname="FormulaFilter_Test" name="emptyStringFormulaShouldProcessAllRecords" time="3" />
  <testcase classname="FormulaFilter_Test" name="invalidFormulaSyntaxShouldThrowException" time="8" />
  <testcase classname="FormulaFilter_Test" name="noFormulaShouldProcessAllRecords" time="3" />
  <testcase classname="FormulaFilter_Test" name="nonExistentClassShouldThrowException" time="3" />
  <testcase classname="FormulaFilter_Test" name="nonGlobalShouldThrowException" time="40" />
  <testcase classname="FormulaFilter_Test" name="nonTriggerRecordClassShouldThrowException" time="5" />
  <testcase classname="FormulaFilter_Test" name="nullClassShouldThrowException" time="2" />
  <testcase classname="FormulaFilter_Test" name="validFormulaShouldFilterContentsOftriggerNew" time="6" />
  <testcase classname="FormulaFilter_Test" name="validFormulaWithNoMatchingRecordsShouldProcessNoRecords" time="4" />
  <testcase classname="MetadataTriggerHandler_Test" name="actionMetadataShouldConstruct" time="110" />
  <testcase classname="MetadataTriggerHandler_Test" name="actionShouldExecuteIfNoRequiredOrBypassPermissionsAreDefinedForSObjectOrAction" time="13" />
  <testcase classname="MetadataTriggerHandler_Test" name="actionShouldExecuteIfUserDoesNotHaveBypassPermissionForSObjectOrAction" time="10" />
  <testcase classname="MetadataTriggerHandler_Test" name="actionShouldNotExecuteIfUserDoesNotHaveRequiredPermissionForAction" time="3" />
  <testcase classname="MetadataTriggerHandler_Test" name="actionShouldNotExecuteIfUserDoesNotHaveRequiredPermissionForSObject" time="4" />
  <testcase classname="MetadataTriggerHandler_Test" name="actionShouldNotExecuteIfUserHasBypassPermissionForAction" time="4" />
  <testcase classname="MetadataTriggerHandler_Test" name="actionShouldNotExecuteIfUserHasBypassPermissionForSObject" time="4" />
  <testcase classname="MetadataTriggerHandler_Test" name="afterDeleteShouldFailWithIncorrectClass" time="5" />
  <testcase classname="MetadataTriggerHandler_Test" name="afterDeleteShouldFailWithIncorrectType" time="4" />
  <testcase classname="MetadataTriggerHandler_Test" name="afterDeleteShouldSucceed" time="5" />
  <testcase classname="MetadataTriggerHandler_Test" name="afterInsertShouldFailWithIncorrectClass" time="4" />
  <testcase classname="MetadataTriggerHandler_Test" name="afterInsertShouldFailWithIncorrectType" time="5" />
  <testcase classname="MetadataTriggerHandler_Test" name="afterInsertShouldSucceed" time="4" />
  <testcase classname="MetadataTriggerHandler_Test" name="afterUndeleteShouldFailWithIncorrectClass" time="5" />
  <testcase classname="MetadataTriggerHandler_Test" name="afterUndeleteShouldFailWithIncorrectType" time="5" />
  <testcase classname="MetadataTriggerHandler_Test" name="afterUndeleteShouldSucceed" time="5" />
  <testcase classname="MetadataTriggerHandler_Test" name="afterUpdateShouldFailWithIncorrectClass" time="4" />
  <testcase classname="MetadataTriggerHandler_Test" name="afterUpdateShouldFailWithIncorrectType" time="4" />
  <testcase classname="MetadataTriggerHandler_Test" name="afterUpdateShouldSucceed" time="5" />
  <testcase classname="MetadataTriggerHandler_Test" name="beforeDeleteShouldFailWithIncorrectClass" time="4" />
  <testcase classname="MetadataTriggerHandler_Test" name="beforeDeleteShouldFailWithIncorrectType" time="4" />
  <testcase classname="MetadataTriggerHandler_Test" name="beforeDeleteShouldSucceed" time="5" />
  <testcase classname="MetadataTriggerHandler_Test" name="beforeInsertShouldFailWithIncorrectClass" time="4" />
  <testcase classname="MetadataTriggerHandler_Test" name="beforeInsertShouldFailWithIncorrectType" time="4" />
  <testcase classname="MetadataTriggerHandler_Test" name="beforeInsertShouldSucceed" time="4" />
  <testcase classname="MetadataTriggerHandler_Test" name="beforeUpdateShouldFailWithIncorrectClass" time="3" />
  <testcase classname="MetadataTriggerHandler_Test" name="beforeUpdateShouldFailWithIncorrectType" time="4" />
  <testcase classname="MetadataTriggerHandler_Test" name="beforeUpdateShouldSucceed" time="5" />
  <testcase classname="MetadataTriggerHandler_Test" name="bypassShouldSucceed" time="3" />
  <testcase classname="MetadataTriggerHandler_Test" name="clearAllBypassesShouldSucceed" time="3" />
  <testcase classname="MetadataTriggerHandler_Test" name="clearBypassShouldSucceed" time="3" />
  <testcase classname="MetadataTriggerHandler_Test" name="finalizerShouldSucceed" time="4" />
  <testcase classname="MetadataTriggerHandler_Test" name="isBypassedShouldSucceed" time="3" />
  <testcase classname="MetadataTriggerHandler_Test" name="nothingToProcessShouldExitEarly" time="3" />
  <testcase classname="MetadataTriggerHandler_Test" name="theFrameworkShouldSupportFlow" time="4" />
  <testcase classname="MetadataTriggerHandler_Test" name="theFrameworkShouldSupportSObjectsFromManagedPackages" time="15" />
  <testcase classname="TA_CAF_MergeFieldValues_Test" name="testresolveMergeFields" time="2553" />
  <testcase classname="TriggerActionFlowAddError_Test" name="addErrorShouldAddAnErrorAtTheFieldSpecified" time="21" />
  <testcase classname="TriggerActionFlowAddError_Test" name="addErrorShouldSucceedWithValidRequest" time="3" />
  <testcase classname="TriggerActionFlowBypass_Test" name="bypassApexShouldSucceedWithValidRequest" time="45" />
  <testcase classname="TriggerActionFlowBypass_Test" name="bypassFlowShouldSucceedWithValidRequest" time="5" />
  <testcase classname="TriggerActionFlowBypass_Test" name="bypassObjectShouldSucceedWithValidRequest" time="2" />
  <testcase classname="TriggerActionFlowBypass_Test" name="bypassShouldFailWithInvalidType" time="4" />
  <testcase classname="TriggerActionFlowChangeEvent_Test" name="correctInputShouldProduceFlowInputs" time="32" />
  <testcase classname="TriggerActionFlowChangeEvent_Test" name="emptyInputShouldProduceEmptyFlowInputs" time="3" />
  <testcase classname="TriggerActionFlowChangeEvent_Test" name="wrongDataTypeShouldThrowException" time="4" />
  <testcase classname="TriggerActionFlowClearAllBypasses_Test" name="clearAllBypassApexShouldSucceedWithValidRequest" time="33" />
  <testcase classname="TriggerActionFlowClearAllBypasses_Test" name="clearAllBypassFlowShouldSucceedWithValidRequest" time="6" />
  <testcase classname="TriggerActionFlowClearAllBypasses_Test" name="clearAllBypassObjectShouldSucceedWithValidRequest" time="2" />
  <testcase classname="TriggerActionFlowClearAllBypasses_Test" name="clearAllBypassShouldFailWithInvalidType" time="5" />
  <testcase classname="TriggerActionFlowClearBypass_Test" name="clearBypassApexShouldSucceedWithValidRequest" time="15" />
  <testcase classname="TriggerActionFlowClearBypass_Test" name="clearBypassFlowShouldSucceedWithValidRequest" time="3" />
  <testcase classname="TriggerActionFlowClearBypass_Test" name="clearBypassObjecthouldSucceedWithValidRequest" time="2" />
  <testcase classname="TriggerActionFlowClearBypass_Test" name="clearBypassShouldFailWithInvalidType" time="5" />
  <testcase classname="TriggerActionFlowIsBypassed_Test" name="isBypassedApexShouldSucceedWithValidRequest" time="26" />
  <testcase classname="TriggerActionFlowIsBypassed_Test" name="isBypassedFlowShouldSucceedWithValidRequest" time="6" />
  <testcase classname="TriggerActionFlowIsBypassed_Test" name="isBypassedObjectShouldSucceedWithValidRequest" time="2" />
  <testcase classname="TriggerActionFlowIsBypassed_Test" name="isBypassedShouldFailWithInvalidType" time="3" />
  <testcase classname="TriggerActionFlow_Test" name="afterDeleteShouldSucceed" time="40" />
  <testcase classname="TriggerActionFlow_Test" name="afterInsertShouldSucceed" time="4" />
  <testcase classname="TriggerActionFlow_Test" name="afterUndeleteShouldSucceed" time="4" />
  <testcase classname="TriggerActionFlow_Test" name="afterUpdateShouldSucceed" time="8" />
  <testcase classname="TriggerActionFlow_Test" name="afterUpdateWithNoRecordsToProcessShouldSucceed" time="4" />
  <testcase classname="TriggerActionFlow_Test" name="beforeDeleteShouldSucceed" time="4" />
  <testcase classname="TriggerActionFlow_Test" name="beforeInsertShouldSucceed" time="4" />
  <testcase classname="TriggerActionFlow_Test" name="beforeUpdateShouldSucceed" time="4" />
  <testcase classname="TriggerActionFlow_Test" name="beforeUpdateWithNoRecordsToProcessShouldSucceed" time="3" />
  <testcase classname="TriggerActionFlow_Test" name="bypassShouldSucceed" time="4" />
  <testcase classname="TriggerActionFlow_Test" name="clearAllBypassesShouldSucceed" time="3" />
  <testcase classname="TriggerActionFlow_Test" name="clearBypassShouldSucceed" time="3" />
  <testcase classname="TriggerActionFlow_Test" name="emptyFlowNameShouldThrowException" time="5" />
  <testcase classname="TriggerActionFlow_Test" name="flowMissingRecordVariableInOutputShouldThrowException" time="4" />
  <testcase classname="TriggerActionFlow_Test" name="invokeFlowShouldReturnUnsuccessfulResponseWithBogusFlowName" time="10" />
  <testcase classname="TriggerActionFlow_Test" name="isBypassedShouldSucceed" time="3" />
  <testcase classname="TriggerActionFlow_Test" name="noRecordMutationsShouldSucceed" time="4" />
  <testcase classname="TriggerActionFlow_Test" name="nulledFieldInFlowShouldBeTransferredBack" time="6" />
  <testcase classname="TriggerActionFlow_Test" name="shouldDoNothingWhenBypassed" time="5" />
  <testcase classname="TriggerActionFlow_Test" name="unsuccessfulActionResultShouldBeAddedAsErrorToRecord" time="8" />
  <testcase classname="TriggerActionFlow_Test" name="validateTypeShouldThrowExceptionWithInvalidInput" time="4" />
  <testcase classname="TriggerBase_Test" name="afterDeleteShouldSucceed" time="33" />
  <testcase classname="TriggerBase_Test" name="afterInsertShouldSucceed" time="4" />
  <testcase classname="TriggerBase_Test" name="afterUndeleteShouldSucceed" time="4" />
  <testcase classname="TriggerBase_Test" name="afterUpdateShouldSucceed" time="4" />
  <testcase classname="TriggerBase_Test" name="beforeDeleteShouldSucceed" time="3" />
  <testcase classname="TriggerBase_Test" name="beforeInsertShouldSucceed" time="3" />
  <testcase classname="TriggerBase_Test" name="beforeUpdateShouldSucceed" time="3" />
  <testcase classname="TriggerBase_Test" name="bypassShouldSucceed" time="2" />
  <testcase classname="TriggerBase_Test" name="clearAllBypassesShouldSucceed" time="4" />
  <testcase classname="TriggerBase_Test" name="clearBypassShouldSucceed" time="2" />
  <testcase classname="TriggerBase_Test" name="finalizingWithoutWaitingShouldThrowError" time="3" />
  <testcase classname="TriggerBase_Test" name="idToNumberOfTimesSeenAfterUpdate" time="3" />
  <testcase classname="TriggerBase_Test" name="idToNumberOfTimesSeenBeforeUpdate" time="4" />
  <testcase classname="TriggerBase_Test" name="inverseContextsShouldFinalizeDmlOperationDelete" time="3" />
  <testcase classname="TriggerBase_Test" name="inverseContextsShouldFinalizeDmlOperationInsert" time="3" />
  <testcase classname="TriggerBase_Test" name="inverseContextsShouldFinalizeDmlOperationUndelete" time="3" />
  <testcase classname="TriggerBase_Test" name="inverseContextsShouldFinalizeDmlOperationUpdate" time="3" />
  <testcase classname="TriggerBase_Test" name="isBypassedShouldSucceed" time="2" />
  <testcase classname="TriggerBase_Test" name="offsetRowsShouldWork" time="3" />
  <testcase classname="TriggerBase_Test" name="oldAndNewShouldComeFromTrigger" time="2" />
  <testcase classname="TriggerBase_Test" name="peekShouldShowMostRecentlyAdded" time="3" />
  <testcase classname="TriggerBase_Test" name="peekingStackWhileEmptyShouldThrowException" time="2" />
  <testcase classname="TriggerBase_Test" name="poppingStackWhileEmptyShouldThrowException" time="3" />
  <testcase classname="TriggerBase_Test" name="runShouldDoNothingWhenBypassed" time="2" />
  <testcase classname="TriggerBase_Test" name="runShouldFailWhenCalledOutsideTrigger" time="3" />
  <testcase classname="TriggerBase_Test" name="sObjectNameShouldBePopulatedFromTriggerNew" time="3" />
  <testcase classname="TriggerBase_Test" name="sObjectNameShouldBePopulatedFromTriggerOld" time="2" />
  <testcase classname="TriggerBase_Test" name="stackDepthShouldBeCalculatedProperly" time="2" />
  <testcase classname="TriggerBase_Test" name="stackShouldBeFirstInLastOut" time="2" />
  <testcase classname="TriggerBase_Test" name="stackShouldBeLastInFirstOut" time="2" />
  <testcase classname="TriggerBase_Test" name="stacksShouldBeAbleToDetermineIftheyAreEmpty" time="2" />
  <testcase classname="TriggerBase_Test" name="waitingThenFinalizingShouldWork" time="2" />
  <testcase classname="TriggerRecord_Test" name="shouldBeAbleToConstructATriggerRecord" time="44" />
  <testcase classname="Triggers_Test" name="testContentDocumentLinkTrigger" time="1056" />
  <testcase classname="Triggers_Test" name="testContractAndFormTrigger" time="615" />
  <testcase classname="Triggers_Test" name="testTransactionTrigger" time="229" />
  <testcase classname="Triggers_Test" name="testTransactionTriggerRecord" time="14" />
  <testcase classname="Util_Test" name="testGetNamespace" time="28" />
  <testcase classname="Util_Test" name="testIsOrgEmailEnabled" time="8" />
  <testcase classname="Util_Test" name="testPrefixNamespace" time="5" />
</testsuite>