<testsuite tests="156">
  <testcase classname="ContractFieldMerge_Test" name="makeData" time="7174" />
  <testcase classname="ContractFieldMerge_Test" name="testPopulateMergeFields" time="54" />
  <testcase classname="ContractMergeFieldService_Test" name="testFormatCurrencyFieldValue" time="66" />
  <testcase classname="ContractMergeFieldService_Test" name="testFormatFieldValue" time="36" />
  <testcase classname="ContractMergeFieldService_Test" name="testFormatNullValue" time="23" />
  <testcase classname="ContractMergeFieldService_Test" name="testGetMergeFieldsFromString" time="25" />
  <testcase classname="ContractMergeFieldService_Test" name="testGetMergeFieldsWithFallbackValue" time="26" />
  <testcase classname="ContractMergeFieldService_Test" name="testReplaceMergeFieldsWithValues" time="59" />
  <testcase classname="ContractMergeFieldService_Test" name="testReplaceParentMergeFieldsWithValues" time="469" />
  <testcase classname="FinalizerHandler_Test" name="bypassFinalizerShouldSucceed" time="22" />
  <testcase classname="FinalizerHandler_Test" name="bypassedFinalizerShouldNotExecute" time="20" />
  <testcase classname="FinalizerHandler_Test" name="clearAllFinalizerBypassesShouldSucceed" time="12" />
  <testcase classname="FinalizerHandler_Test" name="clearFinalizerBypassShouldSucceed" time="10" />
  <testcase classname="FinalizerHandler_Test" name="finalizerIsBypassedShouldSucceed" time="13" />
  <testcase classname="FinalizerHandler_Test" name="finalizerThatInvokesDmlShouldCauseException" time="15" />
  <testcase classname="FinalizerHandler_Test" name="finalizersShouldExecuteInOrder" time="12" />
  <testcase classname="FinalizerHandler_Test" name="invalidFinalizerClassShouldThrowException" time="14" />
  <testcase classname="FinalizerHandler_Test" name="noConfiguredFinalizerShouldTakeNoAction" time="15" />
  <testcase classname="FinalizerHandler_Test" name="properlyConfiguredFinalizerShouldExecute" time="23" />
  <testcase classname="FinalizerHandler_Test" name="referencedClassDoesNotImplementDmlFinalizerShouldThrowException" time="14" />
  <testcase classname="FinalizerHandler_Test" name="staticallyBypassedFinalizerShouldNotExecute" time="12" />
  <testcase classname="FinalizerHandler_Test" name="userWithBypassPermissionDefinedOnFinalizerShouldNotExecute" time="12" />
  <testcase classname="FinalizerHandler_Test" name="userWithoutRequiredPermissionDefinedOnFinalizerShouldNotExecute" time="11" />
  <testcase classname="FlowChangeEventHeader_Test" name="shouldBeAbleToCompare" time="19" />
  <testcase classname="FlowChangeEventHeader_Test" name="shouldBeAbleToConstruct" time="24" />
  <testcase classname="FlowChangeEventHeader_Test" name="shouldBeAbleToGenerateHashCode" time="17" />
  <testcase classname="FormulaFilter_Test" name="emptyClassShouldThrowException" time="38" />
  <testcase classname="FormulaFilter_Test" name="emptyStringFormulaShouldProcessAllRecords" time="22" />
  <testcase classname="FormulaFilter_Test" name="invalidFormulaSyntaxShouldThrowException" time="32" />
  <testcase classname="FormulaFilter_Test" name="noFormulaShouldProcessAllRecords" time="19" />
  <testcase classname="FormulaFilter_Test" name="nonExistentClassShouldThrowException" time="16" />
  <testcase classname="FormulaFilter_Test" name="nonGlobalShouldThrowException" time="21" />
  <testcase classname="FormulaFilter_Test" name="nonTriggerRecordClassShouldThrowException" time="21" />
  <testcase classname="FormulaFilter_Test" name="nullClassShouldThrowException" time="23" />
  <testcase classname="FormulaFilter_Test" name="validFormulaShouldFilterContentsOftriggerNew" time="130" />
  <testcase classname="FormulaFilter_Test" name="validFormulaWithNoMatchingRecordsShouldProcessNoRecords" time="17" />
  <testcase classname="MetadataTriggerHandler_Test" name="actionMetadataShouldConstruct" time="215" />
  <testcase classname="MetadataTriggerHandler_Test" name="actionShouldExecuteIfNoRequiredOrBypassPermissionsAreDefinedForSObjectOrAction" time="109" />
  <testcase classname="MetadataTriggerHandler_Test" name="actionShouldExecuteIfUserDoesNotHaveBypassPermissionForSObjectOrAction" time="27" />
  <testcase classname="MetadataTriggerHandler_Test" name="actionShouldNotExecuteIfUserDoesNotHaveRequiredPermissionForAction" time="19" />
  <testcase classname="MetadataTriggerHandler_Test" name="actionShouldNotExecuteIfUserDoesNotHaveRequiredPermissionForSObject" time="19" />
  <testcase classname="MetadataTriggerHandler_Test" name="actionShouldNotExecuteIfUserHasBypassPermissionForAction" time="20" />
  <testcase classname="MetadataTriggerHandler_Test" name="actionShouldNotExecuteIfUserHasBypassPermissionForSObject" time="24" />
  <testcase classname="MetadataTriggerHandler_Test" name="afterDeleteShouldFailWithIncorrectClass" time="21" />
  <testcase classname="MetadataTriggerHandler_Test" name="afterDeleteShouldFailWithIncorrectType" time="20" />
  <testcase classname="MetadataTriggerHandler_Test" name="afterDeleteShouldSucceed" time="24" />
  <testcase classname="MetadataTriggerHandler_Test" name="afterInsertShouldFailWithIncorrectClass" time="23" />
  <testcase classname="MetadataTriggerHandler_Test" name="afterInsertShouldFailWithIncorrectType" time="20" />
  <testcase classname="MetadataTriggerHandler_Test" name="afterInsertShouldSucceed" time="32" />
  <testcase classname="MetadataTriggerHandler_Test" name="afterUndeleteShouldFailWithIncorrectClass" time="24" />
  <testcase classname="MetadataTriggerHandler_Test" name="afterUndeleteShouldFailWithIncorrectType" time="21" />
  <testcase classname="MetadataTriggerHandler_Test" name="afterUndeleteShouldSucceed" time="24" />
  <testcase classname="MetadataTriggerHandler_Test" name="afterUpdateShouldFailWithIncorrectClass" time="27" />
  <testcase classname="MetadataTriggerHandler_Test" name="afterUpdateShouldFailWithIncorrectType" time="25" />
  <testcase classname="MetadataTriggerHandler_Test" name="afterUpdateShouldSucceed" time="24" />
  <testcase classname="MetadataTriggerHandler_Test" name="beforeDeleteShouldFailWithIncorrectClass" time="21" />
  <testcase classname="MetadataTriggerHandler_Test" name="beforeDeleteShouldFailWithIncorrectType" time="21" />
  <testcase classname="MetadataTriggerHandler_Test" name="beforeDeleteShouldSucceed" time="23" />
  <testcase classname="MetadataTriggerHandler_Test" name="beforeInsertShouldFailWithIncorrectClass" time="37" />
  <testcase classname="MetadataTriggerHandler_Test" name="beforeInsertShouldFailWithIncorrectType" time="22" />
  <testcase classname="MetadataTriggerHandler_Test" name="beforeInsertShouldSucceed" time="21" />
  <testcase classname="MetadataTriggerHandler_Test" name="beforeUpdateShouldFailWithIncorrectClass" time="25" />
  <testcase classname="MetadataTriggerHandler_Test" name="beforeUpdateShouldFailWithIncorrectType" time="26" />
  <testcase classname="MetadataTriggerHandler_Test" name="beforeUpdateShouldSucceed" time="23" />
  <testcase classname="MetadataTriggerHandler_Test" name="bypassShouldSucceed" time="33" />
  <testcase classname="MetadataTriggerHandler_Test" name="clearAllBypassesShouldSucceed" time="24" />
  <testcase classname="MetadataTriggerHandler_Test" name="clearBypassShouldSucceed" time="24" />
  <testcase classname="MetadataTriggerHandler_Test" name="finalizerShouldSucceed" time="59" />
  <testcase classname="MetadataTriggerHandler_Test" name="isBypassedShouldSucceed" time="71" />
  <testcase classname="MetadataTriggerHandler_Test" name="nothingToProcessShouldExitEarly" time="29" />
  <testcase classname="MetadataTriggerHandler_Test" name="theFrameworkShouldSupportFlow" time="16" />
  <testcase classname="MetadataTriggerHandler_Test" name="theFrameworkShouldSupportSObjectsFromManagedPackages" time="38" />
  <testcase classname="TA_CAF_MergeFieldValues_Test" name="makeData" time="10176" />
  <testcase classname="TA_CAF_MergeFieldValues_Test" name="testPopulateMergeFields" time="519" />
  <testcase classname="TriggerActionFlowAddError_Test" name="addErrorShouldAddAnErrorAtTheFieldSpecified" time="34" />
  <testcase classname="TriggerActionFlowAddError_Test" name="addErrorShouldSucceedWithValidRequest" time="32" />
  <testcase classname="TriggerActionFlowBypass_Test" name="bypassApexShouldSucceedWithValidRequest" time="18" />
  <testcase classname="TriggerActionFlowBypass_Test" name="bypassFlowShouldSucceedWithValidRequest" time="17" />
  <testcase classname="TriggerActionFlowBypass_Test" name="bypassObjectShouldSucceedWithValidRequest" time="14" />
  <testcase classname="TriggerActionFlowBypass_Test" name="bypassShouldFailWithInvalidType" time="12" />
  <testcase classname="TriggerActionFlowChangeEvent_Test" name="correctInputShouldProduceFlowInputs" time="46" />
  <testcase classname="TriggerActionFlowChangeEvent_Test" name="emptyInputShouldProduceEmptyFlowInputs" time="29" />
  <testcase classname="TriggerActionFlowChangeEvent_Test" name="wrongDataTypeShouldThrowException" time="18" />
  <testcase classname="TriggerActionFlowClearAllBypasses_Test" name="clearAllBypassApexShouldSucceedWithValidRequest" time="61" />
  <testcase classname="TriggerActionFlowClearAllBypasses_Test" name="clearAllBypassFlowShouldSucceedWithValidRequest" time="33" />
  <testcase classname="TriggerActionFlowClearAllBypasses_Test" name="clearAllBypassObjectShouldSucceedWithValidRequest" time="23" />
  <testcase classname="TriggerActionFlowClearAllBypasses_Test" name="clearAllBypassShouldFailWithInvalidType" time="25" />
  <testcase classname="TriggerActionFlowClearBypass_Test" name="clearBypassApexShouldSucceedWithValidRequest" time="45" />
  <testcase classname="TriggerActionFlowClearBypass_Test" name="clearBypassFlowShouldSucceedWithValidRequest" time="21" />
  <testcase classname="TriggerActionFlowClearBypass_Test" name="clearBypassObjecthouldSucceedWithValidRequest" time="11" />
  <testcase classname="TriggerActionFlowClearBypass_Test" name="clearBypassShouldFailWithInvalidType" time="11" />
  <testcase classname="TriggerActionFlowIsBypassed_Test" name="isBypassedApexShouldSucceedWithValidRequest" time="97" />
  <testcase classname="TriggerActionFlowIsBypassed_Test" name="isBypassedFlowShouldSucceedWithValidRequest" time="34" />
  <testcase classname="TriggerActionFlowIsBypassed_Test" name="isBypassedObjectShouldSucceedWithValidRequest" time="26" />
  <testcase classname="TriggerActionFlowIsBypassed_Test" name="isBypassedShouldFailWithInvalidType" time="26" />
  <testcase classname="TriggerActionFlow_Test" name="afterDeleteShouldSucceed" time="43" />
  <testcase classname="TriggerActionFlow_Test" name="afterInsertShouldSucceed" time="23" />
  <testcase classname="TriggerActionFlow_Test" name="afterUndeleteShouldSucceed" time="12" />
  <testcase classname="TriggerActionFlow_Test" name="afterUpdateShouldSucceed" time="12" />
  <testcase classname="TriggerActionFlow_Test" name="afterUpdateWithNoRecordsToProcessShouldSucceed" time="11" />
  <testcase classname="TriggerActionFlow_Test" name="beforeDeleteShouldSucceed" time="12" />
  <testcase classname="TriggerActionFlow_Test" name="beforeInsertShouldSucceed" time="13" />
  <testcase classname="TriggerActionFlow_Test" name="beforeUpdateShouldSucceed" time="12" />
  <testcase classname="TriggerActionFlow_Test" name="beforeUpdateWithNoRecordsToProcessShouldSucceed" time="11" />
  <testcase classname="TriggerActionFlow_Test" name="bypassShouldSucceed" time="11" />
  <testcase classname="TriggerActionFlow_Test" name="clearAllBypassesShouldSucceed" time="12" />
  <testcase classname="TriggerActionFlow_Test" name="clearBypassShouldSucceed" time="12" />
  <testcase classname="TriggerActionFlow_Test" name="emptyFlowNameShouldThrowException" time="12" />
  <testcase classname="TriggerActionFlow_Test" name="flowMissingRecordVariableInOutputShouldThrowException" time="34" />
  <testcase classname="TriggerActionFlow_Test" name="invokeFlowShouldReturnUnsuccessfulResponseWithBogusFlowName" time="57" />
  <testcase classname="TriggerActionFlow_Test" name="isBypassedShouldSucceed" time="11" />
  <testcase classname="TriggerActionFlow_Test" name="noRecordMutationsShouldSucceed" time="14" />
  <testcase classname="TriggerActionFlow_Test" name="nulledFieldInFlowShouldBeTransferredBack" time="17" />
  <testcase classname="TriggerActionFlow_Test" name="shouldDoNothingWhenBypassed" time="13" />
  <testcase classname="TriggerActionFlow_Test" name="unsuccessfulActionResultShouldBeAddedAsErrorToRecord" time="17" />
  <testcase classname="TriggerActionFlow_Test" name="validateTypeShouldThrowExceptionWithInvalidInput" time="16" />
  <testcase classname="TriggerBase_Test" name="afterDeleteShouldSucceed" time="89" />
  <testcase classname="TriggerBase_Test" name="afterInsertShouldSucceed" time="43" />
  <testcase classname="TriggerBase_Test" name="afterUndeleteShouldSucceed" time="108" />
  <testcase classname="TriggerBase_Test" name="afterUpdateShouldSucceed" time="29" />
  <testcase classname="TriggerBase_Test" name="beforeDeleteShouldSucceed" time="27" />
  <testcase classname="TriggerBase_Test" name="beforeInsertShouldSucceed" time="27" />
  <testcase classname="TriggerBase_Test" name="beforeUpdateShouldSucceed" time="26" />
  <testcase classname="TriggerBase_Test" name="bypassShouldSucceed" time="25" />
  <testcase classname="TriggerBase_Test" name="clearAllBypassesShouldSucceed" time="26" />
  <testcase classname="TriggerBase_Test" name="clearBypassShouldSucceed" time="27" />
  <testcase classname="TriggerBase_Test" name="finalizingWithoutWaitingShouldThrowError" time="32" />
  <testcase classname="TriggerBase_Test" name="idToNumberOfTimesSeenAfterUpdate" time="27" />
  <testcase classname="TriggerBase_Test" name="idToNumberOfTimesSeenBeforeUpdate" time="29" />
  <testcase classname="TriggerBase_Test" name="inverseContextsShouldFinalizeDmlOperationDelete" time="29" />
  <testcase classname="TriggerBase_Test" name="inverseContextsShouldFinalizeDmlOperationInsert" time="28" />
  <testcase classname="TriggerBase_Test" name="inverseContextsShouldFinalizeDmlOperationUndelete" time="30" />
  <testcase classname="TriggerBase_Test" name="inverseContextsShouldFinalizeDmlOperationUpdate" time="30" />
  <testcase classname="TriggerBase_Test" name="isBypassedShouldSucceed" time="29" />
  <testcase classname="TriggerBase_Test" name="offsetRowsShouldWork" time="26" />
  <testcase classname="TriggerBase_Test" name="oldAndNewShouldComeFromTrigger" time="26" />
  <testcase classname="TriggerBase_Test" name="peekShouldShowMostRecentlyAdded" time="24" />
  <testcase classname="TriggerBase_Test" name="peekingStackWhileEmptyShouldThrowException" time="31" />
  <testcase classname="TriggerBase_Test" name="poppingStackWhileEmptyShouldThrowException" time="27" />
  <testcase classname="TriggerBase_Test" name="runShouldDoNothingWhenBypassed" time="27" />
  <testcase classname="TriggerBase_Test" name="runShouldFailWhenCalledOutsideTrigger" time="53" />
  <testcase classname="TriggerBase_Test" name="sObjectNameShouldBePopulatedFromTriggerNew" time="41" />
  <testcase classname="TriggerBase_Test" name="sObjectNameShouldBePopulatedFromTriggerOld" time="23" />
  <testcase classname="TriggerBase_Test" name="stackDepthShouldBeCalculatedProperly" time="22" />
  <testcase classname="TriggerBase_Test" name="stackShouldBeFirstInLastOut" time="27" />
  <testcase classname="TriggerBase_Test" name="stackShouldBeLastInFirstOut" time="23" />
  <testcase classname="TriggerBase_Test" name="stacksShouldBeAbleToDetermineIftheyAreEmpty" time="23" />
  <testcase classname="TriggerBase_Test" name="waitingThenFinalizingShouldWork" time="25" />
  <testcase classname="TriggerRecord_Test" name="shouldBeAbleToConstructATriggerRecord" time="17" />
  <testcase classname="Triggers_Test" name="testContentDocumentLinkTrigger" time="8241" />
  <testcase classname="Triggers_Test" name="testContractAndFormTrigger" time="436" />
  <testcase classname="Triggers_Test" name="testTransactionTrigger" time="251" />
  <testcase classname="Triggers_Test" name="testTransactionTriggerRecord" time="21" />
  <testcase classname="Util_Test" name="testGetNamespace" time="57" />
  <testcase classname="Util_Test" name="testIsOrgEmailEnabled" time="40" />
  <testcase classname="Util_Test" name="testPrefixNamespace" time="24" />
</testsuite>