<testsuite tests="156">
  <testcase classname="ContractFieldMerge_Test" name="makeData" time="3084" />
  <testcase classname="ContractFieldMerge_Test" name="testPopulateMergeFields" time="50" />
  <testcase classname="ContractMergeFieldService_Test" name="testFormatCurrencyFieldValue" time="45" />
  <testcase classname="ContractMergeFieldService_Test" name="testFormatFieldValue" time="9" />
  <testcase classname="ContractMergeFieldService_Test" name="testFormatNullValue" time="8" />
  <testcase classname="ContractMergeFieldService_Test" name="testGetMergeFieldsFromString" time="7" />
  <testcase classname="ContractMergeFieldService_Test" name="testGetMergeFieldsWithFallbackValue" time="7" />
  <testcase classname="ContractMergeFieldService_Test" name="testReplaceMergeFieldsWithValues" time="24" />
  <testcase classname="ContractMergeFieldService_Test" name="testReplaceParentMergeFieldsWithValues" time="326" />
  <testcase classname="FinalizerHandler_Test" name="bypassFinalizerShouldSucceed" time="29" />
  <testcase classname="FinalizerHandler_Test" name="bypassedFinalizerShouldNotExecute" time="14" />
  <testcase classname="FinalizerHandler_Test" name="clearAllFinalizerBypassesShouldSucceed" time="5" />
  <testcase classname="FinalizerHandler_Test" name="clearFinalizerBypassShouldSucceed" time="2" />
  <testcase classname="FinalizerHandler_Test" name="finalizerIsBypassedShouldSucceed" time="2" />
  <testcase classname="FinalizerHandler_Test" name="finalizerThatInvokesDmlShouldCauseException" time="6" />
  <testcase classname="FinalizerHandler_Test" name="finalizersShouldExecuteInOrder" time="4" />
  <testcase classname="FinalizerHandler_Test" name="invalidFinalizerClassShouldThrowException" time="4" />
  <testcase classname="FinalizerHandler_Test" name="noConfiguredFinalizerShouldTakeNoAction" time="4" />
  <testcase classname="FinalizerHandler_Test" name="properlyConfiguredFinalizerShouldExecute" time="8" />
  <testcase classname="FinalizerHandler_Test" name="referencedClassDoesNotImplementDmlFinalizerShouldThrowException" time="5" />
  <testcase classname="FinalizerHandler_Test" name="staticallyBypassedFinalizerShouldNotExecute" time="2" />
  <testcase classname="FinalizerHandler_Test" name="userWithBypassPermissionDefinedOnFinalizerShouldNotExecute" time="3" />
  <testcase classname="FinalizerHandler_Test" name="userWithoutRequiredPermissionDefinedOnFinalizerShouldNotExecute" time="4" />
  <testcase classname="FlowChangeEventHeader_Test" name="shouldBeAbleToCompare" time="88" />
  <testcase classname="FlowChangeEventHeader_Test" name="shouldBeAbleToConstruct" time="9" />
  <testcase classname="FlowChangeEventHeader_Test" name="shouldBeAbleToGenerateHashCode" time="4" />
  <testcase classname="FormulaFilter_Test" name="emptyClassShouldThrowException" time="46" />
  <testcase classname="FormulaFilter_Test" name="emptyStringFormulaShouldProcessAllRecords" time="22" />
  <testcase classname="FormulaFilter_Test" name="invalidFormulaSyntaxShouldThrowException" time="9" />
  <testcase classname="FormulaFilter_Test" name="noFormulaShouldProcessAllRecords" time="5" />
  <testcase classname="FormulaFilter_Test" name="nonExistentClassShouldThrowException" time="5" />
  <testcase classname="FormulaFilter_Test" name="nonGlobalShouldThrowException" time="5" />
  <testcase classname="FormulaFilter_Test" name="nonTriggerRecordClassShouldThrowException" time="8" />
  <testcase classname="FormulaFilter_Test" name="nullClassShouldThrowException" time="3" />
  <testcase classname="FormulaFilter_Test" name="validFormulaShouldFilterContentsOftriggerNew" time="6" />
  <testcase classname="FormulaFilter_Test" name="validFormulaWithNoMatchingRecordsShouldProcessNoRecords" time="6" />
  <testcase classname="MetadataTriggerHandler_Test" name="actionMetadataShouldConstruct" time="138" />
  <testcase classname="MetadataTriggerHandler_Test" name="actionShouldExecuteIfNoRequiredOrBypassPermissionsAreDefinedForSObjectOrAction" time="19" />
  <testcase classname="MetadataTriggerHandler_Test" name="actionShouldExecuteIfUserDoesNotHaveBypassPermissionForSObjectOrAction" time="15" />
  <testcase classname="MetadataTriggerHandler_Test" name="actionShouldNotExecuteIfUserDoesNotHaveRequiredPermissionForAction" time="7" />
  <testcase classname="MetadataTriggerHandler_Test" name="actionShouldNotExecuteIfUserDoesNotHaveRequiredPermissionForSObject" time="6" />
  <testcase classname="MetadataTriggerHandler_Test" name="actionShouldNotExecuteIfUserHasBypassPermissionForAction" time="6" />
  <testcase classname="MetadataTriggerHandler_Test" name="actionShouldNotExecuteIfUserHasBypassPermissionForSObject" time="8" />
  <testcase classname="MetadataTriggerHandler_Test" name="afterDeleteShouldFailWithIncorrectClass" time="7" />
  <testcase classname="MetadataTriggerHandler_Test" name="afterDeleteShouldFailWithIncorrectType" time="7" />
  <testcase classname="MetadataTriggerHandler_Test" name="afterDeleteShouldSucceed" time="8" />
  <testcase classname="MetadataTriggerHandler_Test" name="afterInsertShouldFailWithIncorrectClass" time="8" />
  <testcase classname="MetadataTriggerHandler_Test" name="afterInsertShouldFailWithIncorrectType" time="6" />
  <testcase classname="MetadataTriggerHandler_Test" name="afterInsertShouldSucceed" time="9" />
  <testcase classname="MetadataTriggerHandler_Test" name="afterUndeleteShouldFailWithIncorrectClass" time="9" />
  <testcase classname="MetadataTriggerHandler_Test" name="afterUndeleteShouldFailWithIncorrectType" time="7" />
  <testcase classname="MetadataTriggerHandler_Test" name="afterUndeleteShouldSucceed" time="8" />
  <testcase classname="MetadataTriggerHandler_Test" name="afterUpdateShouldFailWithIncorrectClass" time="7" />
  <testcase classname="MetadataTriggerHandler_Test" name="afterUpdateShouldFailWithIncorrectType" time="6" />
  <testcase classname="MetadataTriggerHandler_Test" name="afterUpdateShouldSucceed" time="7" />
  <testcase classname="MetadataTriggerHandler_Test" name="beforeDeleteShouldFailWithIncorrectClass" time="6" />
  <testcase classname="MetadataTriggerHandler_Test" name="beforeDeleteShouldFailWithIncorrectType" time="6" />
  <testcase classname="MetadataTriggerHandler_Test" name="beforeDeleteShouldSucceed" time="8" />
  <testcase classname="MetadataTriggerHandler_Test" name="beforeInsertShouldFailWithIncorrectClass" time="6" />
  <testcase classname="MetadataTriggerHandler_Test" name="beforeInsertShouldFailWithIncorrectType" time="7" />
  <testcase classname="MetadataTriggerHandler_Test" name="beforeInsertShouldSucceed" time="9" />
  <testcase classname="MetadataTriggerHandler_Test" name="beforeUpdateShouldFailWithIncorrectClass" time="6" />
  <testcase classname="MetadataTriggerHandler_Test" name="beforeUpdateShouldFailWithIncorrectType" time="6" />
  <testcase classname="MetadataTriggerHandler_Test" name="beforeUpdateShouldSucceed" time="9" />
  <testcase classname="MetadataTriggerHandler_Test" name="bypassShouldSucceed" time="5" />
  <testcase classname="MetadataTriggerHandler_Test" name="clearAllBypassesShouldSucceed" time="5" />
  <testcase classname="MetadataTriggerHandler_Test" name="clearBypassShouldSucceed" time="5" />
  <testcase classname="MetadataTriggerHandler_Test" name="finalizerShouldSucceed" time="8" />
  <testcase classname="MetadataTriggerHandler_Test" name="isBypassedShouldSucceed" time="7" />
  <testcase classname="MetadataTriggerHandler_Test" name="nothingToProcessShouldExitEarly" time="6" />
  <testcase classname="MetadataTriggerHandler_Test" name="theFrameworkShouldSupportFlow" time="11" />
  <testcase classname="MetadataTriggerHandler_Test" name="theFrameworkShouldSupportSObjectsFromManagedPackages" time="25" />
  <testcase classname="TA_CAF_MergeFieldValues_Test" name="makeData" time="1863" />
  <testcase classname="TA_CAF_MergeFieldValues_Test" name="testPopulateMergeFields" time="177" />
  <testcase classname="TriggerActionFlowAddError_Test" name="addErrorShouldAddAnErrorAtTheFieldSpecified" time="42" />
  <testcase classname="TriggerActionFlowAddError_Test" name="addErrorShouldSucceedWithValidRequest" time="9" />
  <testcase classname="TriggerActionFlowBypass_Test" name="bypassApexShouldSucceedWithValidRequest" time="37" />
  <testcase classname="TriggerActionFlowBypass_Test" name="bypassFlowShouldSucceedWithValidRequest" time="7" />
  <testcase classname="TriggerActionFlowBypass_Test" name="bypassObjectShouldSucceedWithValidRequest" time="4" />
  <testcase classname="TriggerActionFlowBypass_Test" name="bypassShouldFailWithInvalidType" time="8" />
  <testcase classname="TriggerActionFlowChangeEvent_Test" name="correctInputShouldProduceFlowInputs" time="75" />
  <testcase classname="TriggerActionFlowChangeEvent_Test" name="emptyInputShouldProduceEmptyFlowInputs" time="9" />
  <testcase classname="TriggerActionFlowChangeEvent_Test" name="wrongDataTypeShouldThrowException" time="5" />
  <testcase classname="TriggerActionFlowClearAllBypasses_Test" name="clearAllBypassApexShouldSucceedWithValidRequest" time="77" />
  <testcase classname="TriggerActionFlowClearAllBypasses_Test" name="clearAllBypassFlowShouldSucceedWithValidRequest" time="29" />
  <testcase classname="TriggerActionFlowClearAllBypasses_Test" name="clearAllBypassObjectShouldSucceedWithValidRequest" time="5" />
  <testcase classname="TriggerActionFlowClearAllBypasses_Test" name="clearAllBypassShouldFailWithInvalidType" time="10" />
  <testcase classname="TriggerActionFlowClearBypass_Test" name="clearBypassApexShouldSucceedWithValidRequest" time="39" />
  <testcase classname="TriggerActionFlowClearBypass_Test" name="clearBypassFlowShouldSucceedWithValidRequest" time="7" />
  <testcase classname="TriggerActionFlowClearBypass_Test" name="clearBypassObjecthouldSucceedWithValidRequest" time="4" />
  <testcase classname="TriggerActionFlowClearBypass_Test" name="clearBypassShouldFailWithInvalidType" time="7" />
  <testcase classname="TriggerActionFlowIsBypassed_Test" name="isBypassedApexShouldSucceedWithValidRequest" time="39" />
  <testcase classname="TriggerActionFlowIsBypassed_Test" name="isBypassedFlowShouldSucceedWithValidRequest" time="9" />
  <testcase classname="TriggerActionFlowIsBypassed_Test" name="isBypassedObjectShouldSucceedWithValidRequest" time="4" />
  <testcase classname="TriggerActionFlowIsBypassed_Test" name="isBypassedShouldFailWithInvalidType" time="5" />
  <testcase classname="TriggerActionFlow_Test" name="afterDeleteShouldSucceed" time="54" />
  <testcase classname="TriggerActionFlow_Test" name="afterInsertShouldSucceed" time="6" />
  <testcase classname="TriggerActionFlow_Test" name="afterUndeleteShouldSucceed" time="17" />
  <testcase classname="TriggerActionFlow_Test" name="afterUpdateShouldSucceed" time="9" />
  <testcase classname="TriggerActionFlow_Test" name="afterUpdateWithNoRecordsToProcessShouldSucceed" time="5" />
  <testcase classname="TriggerActionFlow_Test" name="beforeDeleteShouldSucceed" time="5" />
  <testcase classname="TriggerActionFlow_Test" name="beforeInsertShouldSucceed" time="5" />
  <testcase classname="TriggerActionFlow_Test" name="beforeUpdateShouldSucceed" time="5" />
  <testcase classname="TriggerActionFlow_Test" name="beforeUpdateWithNoRecordsToProcessShouldSucceed" time="4" />
  <testcase classname="TriggerActionFlow_Test" name="bypassShouldSucceed" time="4" />
  <testcase classname="TriggerActionFlow_Test" name="clearAllBypassesShouldSucceed" time="5" />
  <testcase classname="TriggerActionFlow_Test" name="clearBypassShouldSucceed" time="4" />
  <testcase classname="TriggerActionFlow_Test" name="emptyFlowNameShouldThrowException" time="7" />
  <testcase classname="TriggerActionFlow_Test" name="flowMissingRecordVariableInOutputShouldThrowException" time="8" />
  <testcase classname="TriggerActionFlow_Test" name="invokeFlowShouldReturnUnsuccessfulResponseWithBogusFlowName" time="25" />
  <testcase classname="TriggerActionFlow_Test" name="isBypassedShouldSucceed" time="5" />
  <testcase classname="TriggerActionFlow_Test" name="noRecordMutationsShouldSucceed" time="6" />
  <testcase classname="TriggerActionFlow_Test" name="nulledFieldInFlowShouldBeTransferredBack" time="6" />
  <testcase classname="TriggerActionFlow_Test" name="shouldDoNothingWhenBypassed" time="7" />
  <testcase classname="TriggerActionFlow_Test" name="unsuccessfulActionResultShouldBeAddedAsErrorToRecord" time="7" />
  <testcase classname="TriggerActionFlow_Test" name="validateTypeShouldThrowExceptionWithInvalidInput" time="6" />
  <testcase classname="TriggerBase_Test" name="afterDeleteShouldSucceed" time="39" />
  <testcase classname="TriggerBase_Test" name="afterInsertShouldSucceed" time="10" />
  <testcase classname="TriggerBase_Test" name="afterUndeleteShouldSucceed" time="4" />
  <testcase classname="TriggerBase_Test" name="afterUpdateShouldSucceed" time="6" />
  <testcase classname="TriggerBase_Test" name="beforeDeleteShouldSucceed" time="5" />
  <testcase classname="TriggerBase_Test" name="beforeInsertShouldSucceed" time="4" />
  <testcase classname="TriggerBase_Test" name="beforeUpdateShouldSucceed" time="5" />
  <testcase classname="TriggerBase_Test" name="bypassShouldSucceed" time="4" />
  <testcase classname="TriggerBase_Test" name="clearAllBypassesShouldSucceed" time="6" />
  <testcase classname="TriggerBase_Test" name="clearBypassShouldSucceed" time="5" />
  <testcase classname="TriggerBase_Test" name="finalizingWithoutWaitingShouldThrowError" time="5" />
  <testcase classname="TriggerBase_Test" name="idToNumberOfTimesSeenAfterUpdate" time="5" />
  <testcase classname="TriggerBase_Test" name="idToNumberOfTimesSeenBeforeUpdate" time="6" />
  <testcase classname="TriggerBase_Test" name="inverseContextsShouldFinalizeDmlOperationDelete" time="4" />
  <testcase classname="TriggerBase_Test" name="inverseContextsShouldFinalizeDmlOperationInsert" time="5" />
  <testcase classname="TriggerBase_Test" name="inverseContextsShouldFinalizeDmlOperationUndelete" time="4" />
  <testcase classname="TriggerBase_Test" name="inverseContextsShouldFinalizeDmlOperationUpdate" time="5" />
  <testcase classname="TriggerBase_Test" name="isBypassedShouldSucceed" time="3" />
  <testcase classname="TriggerBase_Test" name="offsetRowsShouldWork" time="3" />
  <testcase classname="TriggerBase_Test" name="oldAndNewShouldComeFromTrigger" time="4" />
  <testcase classname="TriggerBase_Test" name="peekShouldShowMostRecentlyAdded" time="5" />
  <testcase classname="TriggerBase_Test" name="peekingStackWhileEmptyShouldThrowException" time="4" />
  <testcase classname="TriggerBase_Test" name="poppingStackWhileEmptyShouldThrowException" time="4" />
  <testcase classname="TriggerBase_Test" name="runShouldDoNothingWhenBypassed" time="4" />
  <testcase classname="TriggerBase_Test" name="runShouldFailWhenCalledOutsideTrigger" time="4" />
  <testcase classname="TriggerBase_Test" name="sObjectNameShouldBePopulatedFromTriggerNew" time="4" />
  <testcase classname="TriggerBase_Test" name="sObjectNameShouldBePopulatedFromTriggerOld" time="4" />
  <testcase classname="TriggerBase_Test" name="stackDepthShouldBeCalculatedProperly" time="4" />
  <testcase classname="TriggerBase_Test" name="stackShouldBeFirstInLastOut" time="4" />
  <testcase classname="TriggerBase_Test" name="stackShouldBeLastInFirstOut" time="4" />
  <testcase classname="TriggerBase_Test" name="stacksShouldBeAbleToDetermineIftheyAreEmpty" time="4" />
  <testcase classname="TriggerBase_Test" name="waitingThenFinalizingShouldWork" time="4" />
  <testcase classname="TriggerRecord_Test" name="shouldBeAbleToConstructATriggerRecord" time="20" />
  <testcase classname="Triggers_Test" name="testContentDocumentLinkTrigger" time="3572" />
  <testcase classname="Triggers_Test" name="testContractAndFormTrigger" time="829" />
  <testcase classname="Triggers_Test" name="testTransactionTrigger" time="372" />
  <testcase classname="Triggers_Test" name="testTransactionTriggerRecord" time="19" />
  <testcase classname="Util_Test" name="testGetNamespace" time="36" />
  <testcase classname="Util_Test" name="testIsOrgEmailEnabled" time="12" />
  <testcase classname="Util_Test" name="testPrefixNamespace" time="5" />
</testsuite>