<testsuite tests="189">
  <testcase classname="ContractFieldMergeInvocable_Test" name="testRefreshContractCollection" time="2583" />
  <testcase classname="ContractFieldMergeInvocable_Test" name="testRefreshContractCollectionWithDml" time="1579" />
  <testcase classname="ContractFieldMergeInvocable_Test" name="testRefreshContracts" time="1459" />
  <testcase classname="ContractFieldMergeInvocable_Test" name="testRefreshContractsWithDml" time="1541" />
  <testcase classname="ContractFieldMergeInvocable_Test" name="testRefreshContractsWithNoRequests" time="29" />
  <testcase classname="ContractFieldMergeInvocable_Test" name="testRefreshContractsWithNullRequests" time="7" />
  <testcase classname="ContractFieldMergeInvocable_Test" name="testRefreshEmptyCollection" time="515" />
  <testcase classname="ContractFieldMerge_Test" name="testInitializeServiceWithTemplatelessContract" time="1267" />
  <testcase classname="ContractFieldMerge_Test" name="testPopulateMergeFieldsForEmptyList" time="582" />
  <testcase classname="ContractFieldMerge_Test" name="testResolveMergeFields" time="1922" />
  <testcase classname="ContractFieldMerge_Test" name="testServiceWithInvalidStatus" time="1559" />
  <testcase classname="ContractFieldMerge_Test" name="testServiceWithInvalidType" time="1570" />
  <testcase classname="ContractMergeFieldService_Test" name="testMergeContractCollectionById" time="20" />
  <testcase classname="ContractMergeFieldService_Test" name="testMergeSingleContractById" time="22" />
  <testcase classname="ContractMergeFieldService_Test" name="testUpdateContracts" time="21" />
  <testcase classname="ContractMergeFieldUtils_Test" name="testFormatCurrencyFieldValue" time="35" />
  <testcase classname="ContractMergeFieldUtils_Test" name="testFormatDateFieldValue" time="21" />
  <testcase classname="ContractMergeFieldUtils_Test" name="testFormatDatetimeFieldValue" time="6" />
  <testcase classname="ContractMergeFieldUtils_Test" name="testFormatNullValue" time="5" />
  <testcase classname="ContractMergeFieldUtils_Test" name="testGetMergeFieldsFromString" time="9" />
  <testcase classname="ContractMergeFieldUtils_Test" name="testGetMergeFieldsWithFallbackValue" time="7" />
  <testcase classname="ContractMergeFieldUtils_Test" name="testRemoveTableBlocks" time="5" />
  <testcase classname="ContractMergeFieldUtils_Test" name="testRemoveTableBlocksWithEmptyInput" time="5" />
  <testcase classname="ContractMergeFieldUtils_Test" name="testReplaceMergeFieldsWithValues" time="31" />
  <testcase classname="ContractMergeFieldUtils_Test" name="testReplaceParentMergeFieldsWithValues" time="265" />
  <testcase classname="ContractTemplateEditorController_Test" name="testGetFieldDescriptors" time="1688" />
  <testcase classname="ContractTemplateEditorController_Test" name="testGetFieldDescriptorsForInvalidObject" time="68" />
  <testcase classname="ContractTemplateEditorController_Test" name="testGetFieldDescriptorsForRelationshipPath" time="712" />
  <testcase classname="ContractTemplateEditorController_Test" name="testGetPreviewWaiverText" time="1606" />
  <testcase classname="ContractTemplateEditorController_Test" name="testGetPreviewWaiverTextWithFakeTemplateId" time="1300" />
  <testcase classname="ContractTemplateEditorController_Test" name="testGetTemplateQueries" time="737" />
  <testcase classname="ContractTemplateEditorController_Test" name="testGetTemplateQueriesWithInvalidId" time="500" />
  <testcase classname="ContractTemplateService_Test" name="testAddTemplatesToCache" time="1261" />
  <testcase classname="ContractTemplateService_Test" name="testDoesNotReloadAlreadyCachedTemplates" time="660" />
  <testcase classname="ContractTemplateService_Test" name="testMissingQueryRelationship" time="578" />
  <testcase classname="FieldPathManager_Test" name="testIsValid" time="31" />
  <testcase classname="FieldPathManager_Test" name="testNormalize" time="8" />
  <testcase classname="FieldPathResolver_Test" name="testFallbackByRelationshipName" time="57" />
  <testcase classname="FieldPathResolver_Test" name="testInvalidFieldPath" time="62" />
  <testcase classname="FieldPathResolver_Test" name="testNonRelationshipMidPath" time="5" />
  <testcase classname="FieldPathResolver_Test" name="testOneLevelRelationshipResolution" time="8" />
  <testcase classname="FieldPathResolver_Test" name="testSimpleFieldResolution" time="5" />
  <testcase classname="FieldPathResolver_Test" name="testTwoLevelRelationshipResolution" time="13" />
  <testcase classname="FinalizerHandler_Test" name="bypassFinalizerShouldSucceed" time="27" />
  <testcase classname="FinalizerHandler_Test" name="bypassedFinalizerShouldNotExecute" time="31" />
  <testcase classname="FinalizerHandler_Test" name="clearAllFinalizerBypassesShouldSucceed" time="21" />
  <testcase classname="FinalizerHandler_Test" name="clearFinalizerBypassShouldSucceed" time="21" />
  <testcase classname="FinalizerHandler_Test" name="finalizerIsBypassedShouldSucceed" time="20" />
  <testcase classname="FinalizerHandler_Test" name="finalizerThatInvokesDmlShouldCauseException" time="27" />
  <testcase classname="FinalizerHandler_Test" name="finalizersShouldExecuteInOrder" time="26" />
  <testcase classname="FinalizerHandler_Test" name="invalidFinalizerClassShouldThrowException" time="25" />
  <testcase classname="FinalizerHandler_Test" name="noConfiguredFinalizerShouldTakeNoAction" time="20" />
  <testcase classname="FinalizerHandler_Test" name="properlyConfiguredFinalizerShouldExecute" time="27" />
  <testcase classname="FinalizerHandler_Test" name="referencedClassDoesNotImplementDmlFinalizerShouldThrowException" time="27" />
  <testcase classname="FinalizerHandler_Test" name="staticallyBypassedFinalizerShouldNotExecute" time="22" />
  <testcase classname="FinalizerHandler_Test" name="userWithBypassPermissionDefinedOnFinalizerShouldNotExecute" time="22" />
  <testcase classname="FinalizerHandler_Test" name="userWithoutRequiredPermissionDefinedOnFinalizerShouldNotExecute" time="22" />
  <testcase classname="FlowChangeEventHeader_Test" name="shouldBeAbleToCompare" time="30" />
  <testcase classname="FlowChangeEventHeader_Test" name="shouldBeAbleToConstruct" time="24" />
  <testcase classname="FlowChangeEventHeader_Test" name="shouldBeAbleToGenerateHashCode" time="23" />
  <testcase classname="FormulaFilter_Test" name="emptyClassShouldThrowException" time="22" />
  <testcase classname="FormulaFilter_Test" name="emptyStringFormulaShouldProcessAllRecords" time="13" />
  <testcase classname="FormulaFilter_Test" name="invalidFormulaSyntaxShouldThrowException" time="25" />
  <testcase classname="FormulaFilter_Test" name="noFormulaShouldProcessAllRecords" time="14" />
  <testcase classname="FormulaFilter_Test" name="nonExistentClassShouldThrowException" time="21" />
  <testcase classname="FormulaFilter_Test" name="nonGlobalShouldThrowException" time="17" />
  <testcase classname="FormulaFilter_Test" name="nonTriggerRecordClassShouldThrowException" time="20" />
  <testcase classname="FormulaFilter_Test" name="nullClassShouldThrowException" time="16" />
  <testcase classname="FormulaFilter_Test" name="validFormulaShouldFilterContentsOftriggerNew" time="20" />
  <testcase classname="FormulaFilter_Test" name="validFormulaWithNoMatchingRecordsShouldProcessNoRecords" time="20" />
  <testcase classname="MetadataTriggerHandler_Test" name="actionMetadataShouldConstruct" time="190" />
  <testcase classname="MetadataTriggerHandler_Test" name="actionShouldExecuteIfNoRequiredOrBypassPermissionsAreDefinedForSObjectOrAction" time="51" />
  <testcase classname="MetadataTriggerHandler_Test" name="actionShouldExecuteIfUserDoesNotHaveBypassPermissionForSObjectOrAction" time="47" />
  <testcase classname="MetadataTriggerHandler_Test" name="actionShouldNotExecuteIfUserDoesNotHaveRequiredPermissionForAction" time="32" />
  <testcase classname="MetadataTriggerHandler_Test" name="actionShouldNotExecuteIfUserDoesNotHaveRequiredPermissionForSObject" time="33" />
  <testcase classname="MetadataTriggerHandler_Test" name="actionShouldNotExecuteIfUserHasBypassPermissionForAction" time="34" />
  <testcase classname="MetadataTriggerHandler_Test" name="actionShouldNotExecuteIfUserHasBypassPermissionForSObject" time="34" />
  <testcase classname="MetadataTriggerHandler_Test" name="afterDeleteShouldFailWithIncorrectClass" time="32" />
  <testcase classname="MetadataTriggerHandler_Test" name="afterDeleteShouldFailWithIncorrectType" time="33" />
  <testcase classname="MetadataTriggerHandler_Test" name="afterDeleteShouldSucceed" time="44" />
  <testcase classname="MetadataTriggerHandler_Test" name="afterInsertShouldFailWithIncorrectClass" time="31" />
  <testcase classname="MetadataTriggerHandler_Test" name="afterInsertShouldFailWithIncorrectType" time="31" />
  <testcase classname="MetadataTriggerHandler_Test" name="afterInsertShouldSucceed" time="34" />
  <testcase classname="MetadataTriggerHandler_Test" name="afterUndeleteShouldFailWithIncorrectClass" time="32" />
  <testcase classname="MetadataTriggerHandler_Test" name="afterUndeleteShouldFailWithIncorrectType" time="30" />
  <testcase classname="MetadataTriggerHandler_Test" name="afterUndeleteShouldSucceed" time="33" />
  <testcase classname="MetadataTriggerHandler_Test" name="afterUpdateShouldFailWithIncorrectClass" time="31" />
  <testcase classname="MetadataTriggerHandler_Test" name="afterUpdateShouldFailWithIncorrectType" time="36" />
  <testcase classname="MetadataTriggerHandler_Test" name="afterUpdateShouldSucceed" time="36" />
  <testcase classname="MetadataTriggerHandler_Test" name="beforeDeleteShouldFailWithIncorrectClass" time="30" />
  <testcase classname="MetadataTriggerHandler_Test" name="beforeDeleteShouldFailWithIncorrectType" time="32" />
  <testcase classname="MetadataTriggerHandler_Test" name="beforeDeleteShouldSucceed" time="33" />
  <testcase classname="MetadataTriggerHandler_Test" name="beforeInsertShouldFailWithIncorrectClass" time="33" />
  <testcase classname="MetadataTriggerHandler_Test" name="beforeInsertShouldFailWithIncorrectType" time="34" />
  <testcase classname="MetadataTriggerHandler_Test" name="beforeInsertShouldSucceed" time="31" />
  <testcase classname="MetadataTriggerHandler_Test" name="beforeUpdateShouldFailWithIncorrectClass" time="32" />
  <testcase classname="MetadataTriggerHandler_Test" name="beforeUpdateShouldFailWithIncorrectType" time="33" />
  <testcase classname="MetadataTriggerHandler_Test" name="beforeUpdateShouldSucceed" time="36" />
  <testcase classname="MetadataTriggerHandler_Test" name="bypassShouldSucceed" time="37" />
  <testcase classname="MetadataTriggerHandler_Test" name="clearAllBypassesShouldSucceed" time="30" />
  <testcase classname="MetadataTriggerHandler_Test" name="clearBypassShouldSucceed" time="28" />
  <testcase classname="MetadataTriggerHandler_Test" name="finalizerShouldSucceed" time="35" />
  <testcase classname="MetadataTriggerHandler_Test" name="isBypassedShouldSucceed" time="28" />
  <testcase classname="MetadataTriggerHandler_Test" name="nothingToProcessShouldExitEarly" time="32" />
  <testcase classname="MetadataTriggerHandler_Test" name="theFrameworkShouldSupportFlow" time="37" />
  <testcase classname="MetadataTriggerHandler_Test" name="theFrameworkShouldSupportSObjectsFromManagedPackages" time="59" />
  <testcase classname="TA_CAF_MergeFieldValues_Test" name="testresolveMergeFields" time="3695" />
  <testcase classname="TriggerActionFlowAddError_Test" name="addErrorShouldAddAnErrorAtTheFieldSpecified" time="29" />
  <testcase classname="TriggerActionFlowAddError_Test" name="addErrorShouldSucceedWithValidRequest" time="20" />
  <testcase classname="TriggerActionFlowBypass_Test" name="bypassApexShouldSucceedWithValidRequest" time="72" />
  <testcase classname="TriggerActionFlowBypass_Test" name="bypassFlowShouldSucceedWithValidRequest" time="32" />
  <testcase classname="TriggerActionFlowBypass_Test" name="bypassObjectShouldSucceedWithValidRequest" time="22" />
  <testcase classname="TriggerActionFlowBypass_Test" name="bypassShouldFailWithInvalidType" time="26" />
  <testcase classname="TriggerActionFlowChangeEvent_Test" name="correctInputShouldProduceFlowInputs" time="33" />
  <testcase classname="TriggerActionFlowChangeEvent_Test" name="emptyInputShouldProduceEmptyFlowInputs" time="14" />
  <testcase classname="TriggerActionFlowChangeEvent_Test" name="wrongDataTypeShouldThrowException" time="14" />
  <testcase classname="TriggerActionFlowClearAllBypasses_Test" name="clearAllBypassApexShouldSucceedWithValidRequest" time="66" />
  <testcase classname="TriggerActionFlowClearAllBypasses_Test" name="clearAllBypassFlowShouldSucceedWithValidRequest" time="9" />
  <testcase classname="TriggerActionFlowClearAllBypasses_Test" name="clearAllBypassObjectShouldSucceedWithValidRequest" time="4" />
  <testcase classname="TriggerActionFlowClearAllBypasses_Test" name="clearAllBypassShouldFailWithInvalidType" time="8" />
  <testcase classname="TriggerActionFlowClearBypass_Test" name="clearBypassApexShouldSucceedWithValidRequest" time="39" />
  <testcase classname="TriggerActionFlowClearBypass_Test" name="clearBypassFlowShouldSucceedWithValidRequest" time="24" />
  <testcase classname="TriggerActionFlowClearBypass_Test" name="clearBypassObjecthouldSucceedWithValidRequest" time="15" />
  <testcase classname="TriggerActionFlowClearBypass_Test" name="clearBypassShouldFailWithInvalidType" time="15" />
  <testcase classname="TriggerActionFlowIsBypassed_Test" name="isBypassedApexShouldSucceedWithValidRequest" time="31" />
  <testcase classname="TriggerActionFlowIsBypassed_Test" name="isBypassedFlowShouldSucceedWithValidRequest" time="15" />
  <testcase classname="TriggerActionFlowIsBypassed_Test" name="isBypassedObjectShouldSucceedWithValidRequest" time="16" />
  <testcase classname="TriggerActionFlowIsBypassed_Test" name="isBypassedShouldFailWithInvalidType" time="15" />
  <testcase classname="TriggerActionFlow_Test" name="afterDeleteShouldSucceed" time="28" />
  <testcase classname="TriggerActionFlow_Test" name="afterInsertShouldSucceed" time="17" />
  <testcase classname="TriggerActionFlow_Test" name="afterUndeleteShouldSucceed" time="15" />
  <testcase classname="TriggerActionFlow_Test" name="afterUpdateShouldSucceed" time="17" />
  <testcase classname="TriggerActionFlow_Test" name="afterUpdateWithNoRecordsToProcessShouldSucceed" time="17" />
  <testcase classname="TriggerActionFlow_Test" name="beforeDeleteShouldSucceed" time="17" />
  <testcase classname="TriggerActionFlow_Test" name="beforeInsertShouldSucceed" time="16" />
  <testcase classname="TriggerActionFlow_Test" name="beforeUpdateShouldSucceed" time="20" />
  <testcase classname="TriggerActionFlow_Test" name="beforeUpdateWithNoRecordsToProcessShouldSucceed" time="17" />
  <testcase classname="TriggerActionFlow_Test" name="bypassShouldSucceed" time="15" />
  <testcase classname="TriggerActionFlow_Test" name="clearAllBypassesShouldSucceed" time="15" />
  <testcase classname="TriggerActionFlow_Test" name="clearBypassShouldSucceed" time="14" />
  <testcase classname="TriggerActionFlow_Test" name="emptyFlowNameShouldThrowException" time="17" />
  <testcase classname="TriggerActionFlow_Test" name="flowMissingRecordVariableInOutputShouldThrowException" time="18" />
  <testcase classname="TriggerActionFlow_Test" name="invokeFlowShouldReturnUnsuccessfulResponseWithBogusFlowName" time="239" />
  <testcase classname="TriggerActionFlow_Test" name="isBypassedShouldSucceed" time="15" />
  <testcase classname="TriggerActionFlow_Test" name="noRecordMutationsShouldSucceed" time="16" />
  <testcase classname="TriggerActionFlow_Test" name="nulledFieldInFlowShouldBeTransferredBack" time="18" />
  <testcase classname="TriggerActionFlow_Test" name="shouldDoNothingWhenBypassed" time="16" />
  <testcase classname="TriggerActionFlow_Test" name="unsuccessfulActionResultShouldBeAddedAsErrorToRecord" time="26" />
  <testcase classname="TriggerActionFlow_Test" name="validateTypeShouldThrowExceptionWithInvalidInput" time="15" />
  <testcase classname="TriggerBase_Test" name="afterDeleteShouldSucceed" time="86" />
  <testcase classname="TriggerBase_Test" name="afterInsertShouldSucceed" time="34" />
  <testcase classname="TriggerBase_Test" name="afterUndeleteShouldSucceed" time="30" />
  <testcase classname="TriggerBase_Test" name="afterUpdateShouldSucceed" time="30" />
  <testcase classname="TriggerBase_Test" name="beforeDeleteShouldSucceed" time="28" />
  <testcase classname="TriggerBase_Test" name="beforeInsertShouldSucceed" time="28" />
  <testcase classname="TriggerBase_Test" name="beforeUpdateShouldSucceed" time="29" />
  <testcase classname="TriggerBase_Test" name="bypassShouldSucceed" time="24" />
  <testcase classname="TriggerBase_Test" name="clearAllBypassesShouldSucceed" time="23" />
  <testcase classname="TriggerBase_Test" name="clearBypassShouldSucceed" time="24" />
  <testcase classname="TriggerBase_Test" name="finalizingWithoutWaitingShouldThrowError" time="26" />
  <testcase classname="TriggerBase_Test" name="idToNumberOfTimesSeenAfterUpdate" time="38" />
  <testcase classname="TriggerBase_Test" name="idToNumberOfTimesSeenBeforeUpdate" time="31" />
  <testcase classname="TriggerBase_Test" name="inverseContextsShouldFinalizeDmlOperationDelete" time="31" />
  <testcase classname="TriggerBase_Test" name="inverseContextsShouldFinalizeDmlOperationInsert" time="29" />
  <testcase classname="TriggerBase_Test" name="inverseContextsShouldFinalizeDmlOperationUndelete" time="28" />
  <testcase classname="TriggerBase_Test" name="inverseContextsShouldFinalizeDmlOperationUpdate" time="31" />
  <testcase classname="TriggerBase_Test" name="isBypassedShouldSucceed" time="23" />
  <testcase classname="TriggerBase_Test" name="offsetRowsShouldWork" time="27" />
  <testcase classname="TriggerBase_Test" name="oldAndNewShouldComeFromTrigger" time="25" />
  <testcase classname="TriggerBase_Test" name="peekShouldShowMostRecentlyAdded" time="23" />
  <testcase classname="TriggerBase_Test" name="peekingStackWhileEmptyShouldThrowException" time="26" />
  <testcase classname="TriggerBase_Test" name="poppingStackWhileEmptyShouldThrowException" time="26" />
  <testcase classname="TriggerBase_Test" name="runShouldDoNothingWhenBypassed" time="26" />
  <testcase classname="TriggerBase_Test" name="runShouldFailWhenCalledOutsideTrigger" time="26" />
  <testcase classname="TriggerBase_Test" name="sObjectNameShouldBePopulatedFromTriggerNew" time="28" />
  <testcase classname="TriggerBase_Test" name="sObjectNameShouldBePopulatedFromTriggerOld" time="23" />
  <testcase classname="TriggerBase_Test" name="stackDepthShouldBeCalculatedProperly" time="29" />
  <testcase classname="TriggerBase_Test" name="stackShouldBeFirstInLastOut" time="25" />
  <testcase classname="TriggerBase_Test" name="stackShouldBeLastInFirstOut" time="26" />
  <testcase classname="TriggerBase_Test" name="stacksShouldBeAbleToDetermineIftheyAreEmpty" time="24" />
  <testcase classname="TriggerBase_Test" name="waitingThenFinalizingShouldWork" time="25" />
  <testcase classname="TriggerRecord_Test" name="shouldBeAbleToConstructATriggerRecord" time="21" />
  <testcase classname="Triggers_Test" name="testContentDocumentLinkTrigger" time="1853" />
  <testcase classname="Triggers_Test" name="testContractAndFormTrigger" time="795" />
  <testcase classname="Triggers_Test" name="testTransactionTrigger" time="308" />
  <testcase classname="Triggers_Test" name="testTransactionTriggerRecord" time="32" />
  <testcase classname="Util_Test" name="testGetNamespace" time="33" />
  <testcase classname="Util_Test" name="testIsOrgEmailEnabled" time="39" />
  <testcase classname="Util_Test" name="testPrefixNamespace" time="24" />
</testsuite>