<testsuite tests="182">
  <testcase classname="ContractFieldMergeInvocable_Test" name="testRefreshContracts" time="2867" />
  <testcase classname="ContractFieldMergeInvocable_Test" name="testRefreshContractsWithNoRequests" time="18" />
  <testcase classname="ContractFieldMergeInvocable_Test" name="testRefreshContractsWithNullRequests" time="18" />
  <testcase classname="ContractFieldMerge_Test" name="testInitializeServiceWithTemplatelessContract" time="1228" />
  <testcase classname="ContractFieldMerge_Test" name="testPopulateMergeFields" time="2993" />
  <testcase classname="ContractFieldMerge_Test" name="testPopulateMergeFieldsForEmptyList" time="711" />
  <testcase classname="ContractFieldMerge_Test" name="testServiceWithInvalidStatus" time="2778" />
  <testcase classname="ContractFieldMerge_Test" name="testServiceWithInvalidType" time="2691" />
  <testcase classname="ContractMergeFieldService_Test" name="testFormatCurrencyFieldValue" time="70" />
  <testcase classname="ContractMergeFieldService_Test" name="testFormatDateFieldValue" time="31" />
  <testcase classname="ContractMergeFieldService_Test" name="testFormatDatetimeFieldValue" time="23" />
  <testcase classname="ContractMergeFieldService_Test" name="testFormatNullValue" time="22" />
  <testcase classname="ContractMergeFieldService_Test" name="testGetMergeFieldsFromString" time="29" />
  <testcase classname="ContractMergeFieldService_Test" name="testGetMergeFieldsWithFallbackValue" time="26" />
  <testcase classname="ContractMergeFieldService_Test" name="testRemoveTableBlocks" time="24" />
  <testcase classname="ContractMergeFieldService_Test" name="testRemoveTableBlocksWithEmptyInput" time="21" />
  <testcase classname="ContractMergeFieldService_Test" name="testReplaceMergeFieldsWithValues" time="70" />
  <testcase classname="ContractMergeFieldService_Test" name="testReplaceParentMergeFieldsWithValues" time="442" />
  <testcase classname="ContractTemplateEditorController_Test" name="testGetFieldDescriptors" time="2858" />
  <testcase classname="ContractTemplateEditorController_Test" name="testGetFieldDescriptorsForInvalidObject" time="72" />
  <testcase classname="ContractTemplateEditorController_Test" name="testGetFieldDescriptorsForRelationshipPath" time="992" />
  <testcase classname="ContractTemplateEditorController_Test" name="testGetPreviewWaiverText" time="2474" />
  <testcase classname="ContractTemplateEditorController_Test" name="testGetPreviewWaiverTextWithFakeTemplateId" time="2189" />
  <testcase classname="ContractTemplateEditorController_Test" name="testGetTemplateQueries" time="1039" />
  <testcase classname="ContractTemplateEditorController_Test" name="testGetTemplateQueriesWithInvalidId" time="714" />
  <testcase classname="ContractTemplateService_Test" name="testAddTemplatesToCache" time="2199" />
  <testcase classname="ContractTemplateService_Test" name="testDoesNotReloadAlreadyCachedTemplates" time="880" />
  <testcase classname="ContractTemplateService_Test" name="testMissingQueryRelationship" time="753" />
  <testcase classname="FieldPathManager_Test" name="testIsValid" time="71" />
  <testcase classname="FieldPathManager_Test" name="testNormalize" time="7" />
  <testcase classname="FieldPathResolver_Test" name="testFallbackByRelationshipName" time="175" />
  <testcase classname="FieldPathResolver_Test" name="testInvalidFieldPath" time="100" />
  <testcase classname="FieldPathResolver_Test" name="testNonRelationshipMidPath" time="20" />
  <testcase classname="FieldPathResolver_Test" name="testOneLevelRelationshipResolution" time="19" />
  <testcase classname="FieldPathResolver_Test" name="testSimpleFieldResolution" time="17" />
  <testcase classname="FieldPathResolver_Test" name="testTwoLevelRelationshipResolution" time="28" />
  <testcase classname="FinalizerHandler_Test" name="bypassFinalizerShouldSucceed" time="55" />
  <testcase classname="FinalizerHandler_Test" name="bypassedFinalizerShouldNotExecute" time="29" />
  <testcase classname="FinalizerHandler_Test" name="clearAllFinalizerBypassesShouldSucceed" time="20" />
  <testcase classname="FinalizerHandler_Test" name="clearFinalizerBypassShouldSucceed" time="22" />
  <testcase classname="FinalizerHandler_Test" name="finalizerIsBypassedShouldSucceed" time="20" />
  <testcase classname="FinalizerHandler_Test" name="finalizerThatInvokesDmlShouldCauseException" time="29" />
  <testcase classname="FinalizerHandler_Test" name="finalizersShouldExecuteInOrder" time="27" />
  <testcase classname="FinalizerHandler_Test" name="invalidFinalizerClassShouldThrowException" time="23" />
  <testcase classname="FinalizerHandler_Test" name="noConfiguredFinalizerShouldTakeNoAction" time="24" />
  <testcase classname="FinalizerHandler_Test" name="properlyConfiguredFinalizerShouldExecute" time="33" />
  <testcase classname="FinalizerHandler_Test" name="referencedClassDoesNotImplementDmlFinalizerShouldThrowException" time="23" />
  <testcase classname="FinalizerHandler_Test" name="staticallyBypassedFinalizerShouldNotExecute" time="23" />
  <testcase classname="FinalizerHandler_Test" name="userWithBypassPermissionDefinedOnFinalizerShouldNotExecute" time="22" />
  <testcase classname="FinalizerHandler_Test" name="userWithoutRequiredPermissionDefinedOnFinalizerShouldNotExecute" time="23" />
  <testcase classname="FlowChangeEventHeader_Test" name="shouldBeAbleToCompare" time="43" />
  <testcase classname="FlowChangeEventHeader_Test" name="shouldBeAbleToConstruct" time="15" />
  <testcase classname="FlowChangeEventHeader_Test" name="shouldBeAbleToGenerateHashCode" time="15" />
  <testcase classname="FormulaFilter_Test" name="emptyClassShouldThrowException" time="60" />
  <testcase classname="FormulaFilter_Test" name="emptyStringFormulaShouldProcessAllRecords" time="23" />
  <testcase classname="FormulaFilter_Test" name="invalidFormulaSyntaxShouldThrowException" time="51" />
  <testcase classname="FormulaFilter_Test" name="noFormulaShouldProcessAllRecords" time="23" />
  <testcase classname="FormulaFilter_Test" name="nonExistentClassShouldThrowException" time="28" />
  <testcase classname="FormulaFilter_Test" name="nonGlobalShouldThrowException" time="30" />
  <testcase classname="FormulaFilter_Test" name="nonTriggerRecordClassShouldThrowException" time="36" />
  <testcase classname="FormulaFilter_Test" name="nullClassShouldThrowException" time="24" />
  <testcase classname="FormulaFilter_Test" name="validFormulaShouldFilterContentsOftriggerNew" time="26" />
  <testcase classname="FormulaFilter_Test" name="validFormulaWithNoMatchingRecordsShouldProcessNoRecords" time="31" />
  <testcase classname="MetadataTriggerHandler_Test" name="actionMetadataShouldConstruct" time="263" />
  <testcase classname="MetadataTriggerHandler_Test" name="actionShouldExecuteIfNoRequiredOrBypassPermissionsAreDefinedForSObjectOrAction" time="48" />
  <testcase classname="MetadataTriggerHandler_Test" name="actionShouldExecuteIfUserDoesNotHaveBypassPermissionForSObjectOrAction" time="39" />
  <testcase classname="MetadataTriggerHandler_Test" name="actionShouldNotExecuteIfUserDoesNotHaveRequiredPermissionForAction" time="27" />
  <testcase classname="MetadataTriggerHandler_Test" name="actionShouldNotExecuteIfUserDoesNotHaveRequiredPermissionForSObject" time="30" />
  <testcase classname="MetadataTriggerHandler_Test" name="actionShouldNotExecuteIfUserHasBypassPermissionForAction" time="29" />
  <testcase classname="MetadataTriggerHandler_Test" name="actionShouldNotExecuteIfUserHasBypassPermissionForSObject" time="34" />
  <testcase classname="MetadataTriggerHandler_Test" name="afterDeleteShouldFailWithIncorrectClass" time="36" />
  <testcase classname="MetadataTriggerHandler_Test" name="afterDeleteShouldFailWithIncorrectType" time="30" />
  <testcase classname="MetadataTriggerHandler_Test" name="afterDeleteShouldSucceed" time="34" />
  <testcase classname="MetadataTriggerHandler_Test" name="afterInsertShouldFailWithIncorrectClass" time="30" />
  <testcase classname="MetadataTriggerHandler_Test" name="afterInsertShouldFailWithIncorrectType" time="27" />
  <testcase classname="MetadataTriggerHandler_Test" name="afterInsertShouldSucceed" time="33" />
  <testcase classname="MetadataTriggerHandler_Test" name="afterUndeleteShouldFailWithIncorrectClass" time="30" />
  <testcase classname="MetadataTriggerHandler_Test" name="afterUndeleteShouldFailWithIncorrectType" time="26" />
  <testcase classname="MetadataTriggerHandler_Test" name="afterUndeleteShouldSucceed" time="30" />
  <testcase classname="MetadataTriggerHandler_Test" name="afterUpdateShouldFailWithIncorrectClass" time="26" />
  <testcase classname="MetadataTriggerHandler_Test" name="afterUpdateShouldFailWithIncorrectType" time="31" />
  <testcase classname="MetadataTriggerHandler_Test" name="afterUpdateShouldSucceed" time="35" />
  <testcase classname="MetadataTriggerHandler_Test" name="beforeDeleteShouldFailWithIncorrectClass" time="28" />
  <testcase classname="MetadataTriggerHandler_Test" name="beforeDeleteShouldFailWithIncorrectType" time="30" />
  <testcase classname="MetadataTriggerHandler_Test" name="beforeDeleteShouldSucceed" time="31" />
  <testcase classname="MetadataTriggerHandler_Test" name="beforeInsertShouldFailWithIncorrectClass" time="27" />
  <testcase classname="MetadataTriggerHandler_Test" name="beforeInsertShouldFailWithIncorrectType" time="30" />
  <testcase classname="MetadataTriggerHandler_Test" name="beforeInsertShouldSucceed" time="30" />
  <testcase classname="MetadataTriggerHandler_Test" name="beforeUpdateShouldFailWithIncorrectClass" time="26" />
  <testcase classname="MetadataTriggerHandler_Test" name="beforeUpdateShouldFailWithIncorrectType" time="27" />
  <testcase classname="MetadataTriggerHandler_Test" name="beforeUpdateShouldSucceed" time="36" />
  <testcase classname="MetadataTriggerHandler_Test" name="bypassShouldSucceed" time="22" />
  <testcase classname="MetadataTriggerHandler_Test" name="clearAllBypassesShouldSucceed" time="25" />
  <testcase classname="MetadataTriggerHandler_Test" name="clearBypassShouldSucceed" time="26" />
  <testcase classname="MetadataTriggerHandler_Test" name="finalizerShouldSucceed" time="26" />
  <testcase classname="MetadataTriggerHandler_Test" name="isBypassedShouldSucceed" time="23" />
  <testcase classname="MetadataTriggerHandler_Test" name="nothingToProcessShouldExitEarly" time="27" />
  <testcase classname="MetadataTriggerHandler_Test" name="theFrameworkShouldSupportFlow" time="31" />
  <testcase classname="MetadataTriggerHandler_Test" name="theFrameworkShouldSupportSObjectsFromManagedPackages" time="46" />
  <testcase classname="TA_CAF_MergeFieldValues_Test" name="testPopulateMergeFields" time="4071" />
  <testcase classname="TriggerActionFlowAddError_Test" name="addErrorShouldAddAnErrorAtTheFieldSpecified" time="58" />
  <testcase classname="TriggerActionFlowAddError_Test" name="addErrorShouldSucceedWithValidRequest" time="21" />
  <testcase classname="TriggerActionFlowBypass_Test" name="bypassApexShouldSucceedWithValidRequest" time="67" />
  <testcase classname="TriggerActionFlowBypass_Test" name="bypassFlowShouldSucceedWithValidRequest" time="22" />
  <testcase classname="TriggerActionFlowBypass_Test" name="bypassObjectShouldSucceedWithValidRequest" time="17" />
  <testcase classname="TriggerActionFlowBypass_Test" name="bypassShouldFailWithInvalidType" time="15" />
  <testcase classname="TriggerActionFlowChangeEvent_Test" name="correctInputShouldProduceFlowInputs" time="81" />
  <testcase classname="TriggerActionFlowChangeEvent_Test" name="emptyInputShouldProduceEmptyFlowInputs" time="15" />
  <testcase classname="TriggerActionFlowChangeEvent_Test" name="wrongDataTypeShouldThrowException" time="17" />
  <testcase classname="TriggerActionFlowClearAllBypasses_Test" name="clearAllBypassApexShouldSucceedWithValidRequest" time="118" />
  <testcase classname="TriggerActionFlowClearAllBypasses_Test" name="clearAllBypassFlowShouldSucceedWithValidRequest" time="37" />
  <testcase classname="TriggerActionFlowClearAllBypasses_Test" name="clearAllBypassObjectShouldSucceedWithValidRequest" time="26" />
  <testcase classname="TriggerActionFlowClearAllBypasses_Test" name="clearAllBypassShouldFailWithInvalidType" time="32" />
  <testcase classname="TriggerActionFlowClearBypass_Test" name="clearBypassApexShouldSucceedWithValidRequest" time="73" />
  <testcase classname="TriggerActionFlowClearBypass_Test" name="clearBypassFlowShouldSucceedWithValidRequest" time="25" />
  <testcase classname="TriggerActionFlowClearBypass_Test" name="clearBypassObjecthouldSucceedWithValidRequest" time="19" />
  <testcase classname="TriggerActionFlowClearBypass_Test" name="clearBypassShouldFailWithInvalidType" time="17" />
  <testcase classname="TriggerActionFlowIsBypassed_Test" name="isBypassedApexShouldSucceedWithValidRequest" time="89" />
  <testcase classname="TriggerActionFlowIsBypassed_Test" name="isBypassedFlowShouldSucceedWithValidRequest" time="21" />
  <testcase classname="TriggerActionFlowIsBypassed_Test" name="isBypassedObjectShouldSucceedWithValidRequest" time="20" />
  <testcase classname="TriggerActionFlowIsBypassed_Test" name="isBypassedShouldFailWithInvalidType" time="29" />
  <testcase classname="TriggerActionFlow_Test" name="afterDeleteShouldSucceed" time="57" />
  <testcase classname="TriggerActionFlow_Test" name="afterInsertShouldSucceed" time="27" />
  <testcase classname="TriggerActionFlow_Test" name="afterUndeleteShouldSucceed" time="26" />
  <testcase classname="TriggerActionFlow_Test" name="afterUpdateShouldSucceed" time="24" />
  <testcase classname="TriggerActionFlow_Test" name="afterUpdateWithNoRecordsToProcessShouldSucceed" time="21" />
  <testcase classname="TriggerActionFlow_Test" name="beforeDeleteShouldSucceed" time="23" />
  <testcase classname="TriggerActionFlow_Test" name="beforeInsertShouldSucceed" time="32" />
  <testcase classname="TriggerActionFlow_Test" name="beforeUpdateShouldSucceed" time="27" />
  <testcase classname="TriggerActionFlow_Test" name="beforeUpdateWithNoRecordsToProcessShouldSucceed" time="21" />
  <testcase classname="TriggerActionFlow_Test" name="bypassShouldSucceed" time="22" />
  <testcase classname="TriggerActionFlow_Test" name="clearAllBypassesShouldSucceed" time="21" />
  <testcase classname="TriggerActionFlow_Test" name="clearBypassShouldSucceed" time="21" />
  <testcase classname="TriggerActionFlow_Test" name="emptyFlowNameShouldThrowException" time="30" />
  <testcase classname="TriggerActionFlow_Test" name="flowMissingRecordVariableInOutputShouldThrowException" time="23" />
  <testcase classname="TriggerActionFlow_Test" name="invokeFlowShouldReturnUnsuccessfulResponseWithBogusFlowName" time="139" />
  <testcase classname="TriggerActionFlow_Test" name="isBypassedShouldSucceed" time="23" />
  <testcase classname="TriggerActionFlow_Test" name="noRecordMutationsShouldSucceed" time="25" />
  <testcase classname="TriggerActionFlow_Test" name="nulledFieldInFlowShouldBeTransferredBack" time="27" />
  <testcase classname="TriggerActionFlow_Test" name="shouldDoNothingWhenBypassed" time="23" />
  <testcase classname="TriggerActionFlow_Test" name="unsuccessfulActionResultShouldBeAddedAsErrorToRecord" time="26" />
  <testcase classname="TriggerActionFlow_Test" name="validateTypeShouldThrowExceptionWithInvalidInput" time="25" />
  <testcase classname="TriggerBase_Test" name="afterDeleteShouldSucceed" time="55" />
  <testcase classname="TriggerBase_Test" name="afterInsertShouldSucceed" time="30" />
  <testcase classname="TriggerBase_Test" name="afterUndeleteShouldSucceed" time="20" />
  <testcase classname="TriggerBase_Test" name="afterUpdateShouldSucceed" time="17" />
  <testcase classname="TriggerBase_Test" name="beforeDeleteShouldSucceed" time="16" />
  <testcase classname="TriggerBase_Test" name="beforeInsertShouldSucceed" time="16" />
  <testcase classname="TriggerBase_Test" name="beforeUpdateShouldSucceed" time="18" />
  <testcase classname="TriggerBase_Test" name="bypassShouldSucceed" time="13" />
  <testcase classname="TriggerBase_Test" name="clearAllBypassesShouldSucceed" time="14" />
  <testcase classname="TriggerBase_Test" name="clearBypassShouldSucceed" time="15" />
  <testcase classname="TriggerBase_Test" name="finalizingWithoutWaitingShouldThrowError" time="15" />
  <testcase classname="TriggerBase_Test" name="idToNumberOfTimesSeenAfterUpdate" time="20" />
  <testcase classname="TriggerBase_Test" name="idToNumberOfTimesSeenBeforeUpdate" time="21" />
  <testcase classname="TriggerBase_Test" name="inverseContextsShouldFinalizeDmlOperationDelete" time="24" />
  <testcase classname="TriggerBase_Test" name="inverseContextsShouldFinalizeDmlOperationInsert" time="23" />
  <testcase classname="TriggerBase_Test" name="inverseContextsShouldFinalizeDmlOperationUndelete" time="21" />
  <testcase classname="TriggerBase_Test" name="inverseContextsShouldFinalizeDmlOperationUpdate" time="22" />
  <testcase classname="TriggerBase_Test" name="isBypassedShouldSucceed" time="16" />
  <testcase classname="TriggerBase_Test" name="offsetRowsShouldWork" time="15" />
  <testcase classname="TriggerBase_Test" name="oldAndNewShouldComeFromTrigger" time="16" />
  <testcase classname="TriggerBase_Test" name="peekShouldShowMostRecentlyAdded" time="16" />
  <testcase classname="TriggerBase_Test" name="peekingStackWhileEmptyShouldThrowException" time="13" />
  <testcase classname="TriggerBase_Test" name="poppingStackWhileEmptyShouldThrowException" time="19" />
  <testcase classname="TriggerBase_Test" name="runShouldDoNothingWhenBypassed" time="16" />
  <testcase classname="TriggerBase_Test" name="runShouldFailWhenCalledOutsideTrigger" time="19" />
  <testcase classname="TriggerBase_Test" name="sObjectNameShouldBePopulatedFromTriggerNew" time="15" />
  <testcase classname="TriggerBase_Test" name="sObjectNameShouldBePopulatedFromTriggerOld" time="17" />
  <testcase classname="TriggerBase_Test" name="stackDepthShouldBeCalculatedProperly" time="15" />
  <testcase classname="TriggerBase_Test" name="stackShouldBeFirstInLastOut" time="15" />
  <testcase classname="TriggerBase_Test" name="stackShouldBeLastInFirstOut" time="14" />
  <testcase classname="TriggerBase_Test" name="stacksShouldBeAbleToDetermineIftheyAreEmpty" time="14" />
  <testcase classname="TriggerBase_Test" name="waitingThenFinalizingShouldWork" time="15" />
  <testcase classname="TriggerRecord_Test" name="shouldBeAbleToConstructATriggerRecord" time="26" />
  <testcase classname="Triggers_Test" name="testContentDocumentLinkTrigger" time="2510" />
  <testcase classname="Triggers_Test" name="testContractAndFormTrigger" time="814" />
  <testcase classname="Triggers_Test" name="testTransactionTrigger" time="321" />
  <testcase classname="Triggers_Test" name="testTransactionTriggerRecord" time="29" />
  <testcase classname="Util_Test" name="testGetNamespace" time="55" />
  <testcase classname="Util_Test" name="testIsOrgEmailEnabled" time="36" />
  <testcase classname="Util_Test" name="testPrefixNamespace" time="22" />
</testsuite>