<testsuite tests="182">
  <testcase classname="ContractFieldMergeInvocable_Test" name="testRefreshContracts" time="4054" />
  <testcase classname="ContractFieldMergeInvocable_Test" name="testRefreshContractsWithNoRequests" time="9" />
  <testcase classname="ContractFieldMergeInvocable_Test" name="testRefreshContractsWithNullRequests" time="10" />
  <testcase classname="ContractFieldMerge_Test" name="testInitializeServiceWithTemplatelessContract" time="1427" />
  <testcase classname="ContractFieldMerge_Test" name="testPopulateMergeFields" time="2781" />
  <testcase classname="ContractFieldMerge_Test" name="testPopulateMergeFieldsForEmptyList" time="782" />
  <testcase classname="ContractFieldMerge_Test" name="testServiceWithInvalidStatus" time="2732" />
  <testcase classname="ContractFieldMerge_Test" name="testServiceWithInvalidType" time="2219" />
  <testcase classname="ContractMergeFieldService_Test" name="testFormatCurrencyFieldValue" time="138" />
  <testcase classname="ContractMergeFieldService_Test" name="testFormatDateFieldValue" time="20" />
  <testcase classname="ContractMergeFieldService_Test" name="testFormatDatetimeFieldValue" time="7" />
  <testcase classname="ContractMergeFieldService_Test" name="testFormatNullValue" time="8" />
  <testcase classname="ContractMergeFieldService_Test" name="testGetMergeFieldsFromString" time="10" />
  <testcase classname="ContractMergeFieldService_Test" name="testGetMergeFieldsWithFallbackValue" time="8" />
  <testcase classname="ContractMergeFieldService_Test" name="testRemoveTableBlocks" time="7" />
  <testcase classname="ContractMergeFieldService_Test" name="testRemoveTableBlocksWithEmptyInput" time="6" />
  <testcase classname="ContractMergeFieldService_Test" name="testReplaceMergeFieldsWithValues" time="34" />
  <testcase classname="ContractMergeFieldService_Test" name="testReplaceParentMergeFieldsWithValues" time="295" />
  <testcase classname="ContractTemplateEditorController_Test" name="testGetFieldDescriptors" time="1977" />
  <testcase classname="ContractTemplateEditorController_Test" name="testGetFieldDescriptorsForInvalidObject" time="60" />
  <testcase classname="ContractTemplateEditorController_Test" name="testGetFieldDescriptorsForRelationshipPath" time="848" />
  <testcase classname="ContractTemplateEditorController_Test" name="testGetPreviewWaiverText" time="1638" />
  <testcase classname="ContractTemplateEditorController_Test" name="testGetPreviewWaiverTextWithFakeTemplateId" time="1473" />
  <testcase classname="ContractTemplateEditorController_Test" name="testGetTemplateQueries" time="855" />
  <testcase classname="ContractTemplateEditorController_Test" name="testGetTemplateQueriesWithInvalidId" time="622" />
  <testcase classname="ContractTemplateService_Test" name="testAddTemplatesToCache" time="2424" />
  <testcase classname="ContractTemplateService_Test" name="testDoesNotReloadAlreadyCachedTemplates" time="970" />
  <testcase classname="ContractTemplateService_Test" name="testMissingQueryRelationship" time="791" />
  <testcase classname="FieldPathManager_Test" name="testIsValid" time="66" />
  <testcase classname="FieldPathManager_Test" name="testNormalize" time="9" />
  <testcase classname="FieldPathResolver_Test" name="testFallbackByRelationshipName" time="82" />
  <testcase classname="FieldPathResolver_Test" name="testInvalidFieldPath" time="57" />
  <testcase classname="FieldPathResolver_Test" name="testNonRelationshipMidPath" time="5" />
  <testcase classname="FieldPathResolver_Test" name="testOneLevelRelationshipResolution" time="6" />
  <testcase classname="FieldPathResolver_Test" name="testSimpleFieldResolution" time="5" />
  <testcase classname="FieldPathResolver_Test" name="testTwoLevelRelationshipResolution" time="10" />
  <testcase classname="FinalizerHandler_Test" name="bypassFinalizerShouldSucceed" time="59" />
  <testcase classname="FinalizerHandler_Test" name="bypassedFinalizerShouldNotExecute" time="23" />
  <testcase classname="FinalizerHandler_Test" name="clearAllFinalizerBypassesShouldSucceed" time="10" />
  <testcase classname="FinalizerHandler_Test" name="clearFinalizerBypassShouldSucceed" time="6" />
  <testcase classname="FinalizerHandler_Test" name="finalizerIsBypassedShouldSucceed" time="6" />
  <testcase classname="FinalizerHandler_Test" name="finalizerThatInvokesDmlShouldCauseException" time="10" />
  <testcase classname="FinalizerHandler_Test" name="finalizersShouldExecuteInOrder" time="9" />
  <testcase classname="FinalizerHandler_Test" name="invalidFinalizerClassShouldThrowException" time="7" />
  <testcase classname="FinalizerHandler_Test" name="noConfiguredFinalizerShouldTakeNoAction" time="19" />
  <testcase classname="FinalizerHandler_Test" name="properlyConfiguredFinalizerShouldExecute" time="15" />
  <testcase classname="FinalizerHandler_Test" name="referencedClassDoesNotImplementDmlFinalizerShouldThrowException" time="9" />
  <testcase classname="FinalizerHandler_Test" name="staticallyBypassedFinalizerShouldNotExecute" time="6" />
  <testcase classname="FinalizerHandler_Test" name="userWithBypassPermissionDefinedOnFinalizerShouldNotExecute" time="6" />
  <testcase classname="FinalizerHandler_Test" name="userWithoutRequiredPermissionDefinedOnFinalizerShouldNotExecute" time="6" />
  <testcase classname="FlowChangeEventHeader_Test" name="shouldBeAbleToCompare" time="28" />
  <testcase classname="FlowChangeEventHeader_Test" name="shouldBeAbleToConstruct" time="5" />
  <testcase classname="FlowChangeEventHeader_Test" name="shouldBeAbleToGenerateHashCode" time="5" />
  <testcase classname="FormulaFilter_Test" name="emptyClassShouldThrowException" time="51" />
  <testcase classname="FormulaFilter_Test" name="emptyStringFormulaShouldProcessAllRecords" time="10" />
  <testcase classname="FormulaFilter_Test" name="invalidFormulaSyntaxShouldThrowException" time="9" />
  <testcase classname="FormulaFilter_Test" name="noFormulaShouldProcessAllRecords" time="5" />
  <testcase classname="FormulaFilter_Test" name="nonExistentClassShouldThrowException" time="7" />
  <testcase classname="FormulaFilter_Test" name="nonGlobalShouldThrowException" time="8" />
  <testcase classname="FormulaFilter_Test" name="nonTriggerRecordClassShouldThrowException" time="7" />
  <testcase classname="FormulaFilter_Test" name="nullClassShouldThrowException" time="7" />
  <testcase classname="FormulaFilter_Test" name="validFormulaShouldFilterContentsOftriggerNew" time="6" />
  <testcase classname="FormulaFilter_Test" name="validFormulaWithNoMatchingRecordsShouldProcessNoRecords" time="7" />
  <testcase classname="MetadataTriggerHandler_Test" name="actionMetadataShouldConstruct" time="213" />
  <testcase classname="MetadataTriggerHandler_Test" name="actionShouldExecuteIfNoRequiredOrBypassPermissionsAreDefinedForSObjectOrAction" time="15" />
  <testcase classname="MetadataTriggerHandler_Test" name="actionShouldExecuteIfUserDoesNotHaveBypassPermissionForSObjectOrAction" time="15" />
  <testcase classname="MetadataTriggerHandler_Test" name="actionShouldNotExecuteIfUserDoesNotHaveRequiredPermissionForAction" time="6" />
  <testcase classname="MetadataTriggerHandler_Test" name="actionShouldNotExecuteIfUserDoesNotHaveRequiredPermissionForSObject" time="6" />
  <testcase classname="MetadataTriggerHandler_Test" name="actionShouldNotExecuteIfUserHasBypassPermissionForAction" time="8" />
  <testcase classname="MetadataTriggerHandler_Test" name="actionShouldNotExecuteIfUserHasBypassPermissionForSObject" time="6" />
  <testcase classname="MetadataTriggerHandler_Test" name="afterDeleteShouldFailWithIncorrectClass" time="7" />
  <testcase classname="MetadataTriggerHandler_Test" name="afterDeleteShouldFailWithIncorrectType" time="6" />
  <testcase classname="MetadataTriggerHandler_Test" name="afterDeleteShouldSucceed" time="9" />
  <testcase classname="MetadataTriggerHandler_Test" name="afterInsertShouldFailWithIncorrectClass" time="6" />
  <testcase classname="MetadataTriggerHandler_Test" name="afterInsertShouldFailWithIncorrectType" time="7" />
  <testcase classname="MetadataTriggerHandler_Test" name="afterInsertShouldSucceed" time="7" />
  <testcase classname="MetadataTriggerHandler_Test" name="afterUndeleteShouldFailWithIncorrectClass" time="7" />
  <testcase classname="MetadataTriggerHandler_Test" name="afterUndeleteShouldFailWithIncorrectType" time="7" />
  <testcase classname="MetadataTriggerHandler_Test" name="afterUndeleteShouldSucceed" time="9" />
  <testcase classname="MetadataTriggerHandler_Test" name="afterUpdateShouldFailWithIncorrectClass" time="7" />
  <testcase classname="MetadataTriggerHandler_Test" name="afterUpdateShouldFailWithIncorrectType" time="6" />
  <testcase classname="MetadataTriggerHandler_Test" name="afterUpdateShouldSucceed" time="8" />
  <testcase classname="MetadataTriggerHandler_Test" name="beforeDeleteShouldFailWithIncorrectClass" time="8" />
  <testcase classname="MetadataTriggerHandler_Test" name="beforeDeleteShouldFailWithIncorrectType" time="8" />
  <testcase classname="MetadataTriggerHandler_Test" name="beforeDeleteShouldSucceed" time="9" />
  <testcase classname="MetadataTriggerHandler_Test" name="beforeInsertShouldFailWithIncorrectClass" time="8" />
  <testcase classname="MetadataTriggerHandler_Test" name="beforeInsertShouldFailWithIncorrectType" time="6" />
  <testcase classname="MetadataTriggerHandler_Test" name="beforeInsertShouldSucceed" time="5" />
  <testcase classname="MetadataTriggerHandler_Test" name="beforeUpdateShouldFailWithIncorrectClass" time="7" />
  <testcase classname="MetadataTriggerHandler_Test" name="beforeUpdateShouldFailWithIncorrectType" time="6" />
  <testcase classname="MetadataTriggerHandler_Test" name="beforeUpdateShouldSucceed" time="10" />
  <testcase classname="MetadataTriggerHandler_Test" name="bypassShouldSucceed" time="6" />
  <testcase classname="MetadataTriggerHandler_Test" name="clearAllBypassesShouldSucceed" time="6" />
  <testcase classname="MetadataTriggerHandler_Test" name="clearBypassShouldSucceed" time="6" />
  <testcase classname="MetadataTriggerHandler_Test" name="finalizerShouldSucceed" time="10" />
  <testcase classname="MetadataTriggerHandler_Test" name="isBypassedShouldSucceed" time="6" />
  <testcase classname="MetadataTriggerHandler_Test" name="nothingToProcessShouldExitEarly" time="7" />
  <testcase classname="MetadataTriggerHandler_Test" name="theFrameworkShouldSupportFlow" time="6" />
  <testcase classname="MetadataTriggerHandler_Test" name="theFrameworkShouldSupportSObjectsFromManagedPackages" time="26" />
  <testcase classname="TA_CAF_MergeFieldValues_Test" name="testPopulateMergeFields" time="3763" />
  <testcase classname="TriggerActionFlowAddError_Test" name="addErrorShouldAddAnErrorAtTheFieldSpecified" time="26" />
  <testcase classname="TriggerActionFlowAddError_Test" name="addErrorShouldSucceedWithValidRequest" time="8" />
  <testcase classname="TriggerActionFlowBypass_Test" name="bypassApexShouldSucceedWithValidRequest" time="39" />
  <testcase classname="TriggerActionFlowBypass_Test" name="bypassFlowShouldSucceedWithValidRequest" time="6" />
  <testcase classname="TriggerActionFlowBypass_Test" name="bypassObjectShouldSucceedWithValidRequest" time="2" />
  <testcase classname="TriggerActionFlowBypass_Test" name="bypassShouldFailWithInvalidType" time="4" />
  <testcase classname="TriggerActionFlowChangeEvent_Test" name="correctInputShouldProduceFlowInputs" time="58" />
  <testcase classname="TriggerActionFlowChangeEvent_Test" name="emptyInputShouldProduceEmptyFlowInputs" time="10" />
  <testcase classname="TriggerActionFlowChangeEvent_Test" name="wrongDataTypeShouldThrowException" time="6" />
  <testcase classname="TriggerActionFlowClearAllBypasses_Test" name="clearAllBypassApexShouldSucceedWithValidRequest" time="77" />
  <testcase classname="TriggerActionFlowClearAllBypasses_Test" name="clearAllBypassFlowShouldSucceedWithValidRequest" time="12" />
  <testcase classname="TriggerActionFlowClearAllBypasses_Test" name="clearAllBypassObjectShouldSucceedWithValidRequest" time="5" />
  <testcase classname="TriggerActionFlowClearAllBypasses_Test" name="clearAllBypassShouldFailWithInvalidType" time="9" />
  <testcase classname="TriggerActionFlowClearBypass_Test" name="clearBypassApexShouldSucceedWithValidRequest" time="37" />
  <testcase classname="TriggerActionFlowClearBypass_Test" name="clearBypassFlowShouldSucceedWithValidRequest" time="8" />
  <testcase classname="TriggerActionFlowClearBypass_Test" name="clearBypassObjecthouldSucceedWithValidRequest" time="5" />
  <testcase classname="TriggerActionFlowClearBypass_Test" name="clearBypassShouldFailWithInvalidType" time="10" />
  <testcase classname="TriggerActionFlowIsBypassed_Test" name="isBypassedApexShouldSucceedWithValidRequest" time="33" />
  <testcase classname="TriggerActionFlowIsBypassed_Test" name="isBypassedFlowShouldSucceedWithValidRequest" time="8" />
  <testcase classname="TriggerActionFlowIsBypassed_Test" name="isBypassedObjectShouldSucceedWithValidRequest" time="5" />
  <testcase classname="TriggerActionFlowIsBypassed_Test" name="isBypassedShouldFailWithInvalidType" time="8" />
  <testcase classname="TriggerActionFlow_Test" name="afterDeleteShouldSucceed" time="62" />
  <testcase classname="TriggerActionFlow_Test" name="afterInsertShouldSucceed" time="10" />
  <testcase classname="TriggerActionFlow_Test" name="afterUndeleteShouldSucceed" time="6" />
  <testcase classname="TriggerActionFlow_Test" name="afterUpdateShouldSucceed" time="6" />
  <testcase classname="TriggerActionFlow_Test" name="afterUpdateWithNoRecordsToProcessShouldSucceed" time="5" />
  <testcase classname="TriggerActionFlow_Test" name="beforeDeleteShouldSucceed" time="5" />
  <testcase classname="TriggerActionFlow_Test" name="beforeInsertShouldSucceed" time="6" />
  <testcase classname="TriggerActionFlow_Test" name="beforeUpdateShouldSucceed" time="6" />
  <testcase classname="TriggerActionFlow_Test" name="beforeUpdateWithNoRecordsToProcessShouldSucceed" time="5" />
  <testcase classname="TriggerActionFlow_Test" name="bypassShouldSucceed" time="5" />
  <testcase classname="TriggerActionFlow_Test" name="clearAllBypassesShouldSucceed" time="6" />
  <testcase classname="TriggerActionFlow_Test" name="clearBypassShouldSucceed" time="7" />
  <testcase classname="TriggerActionFlow_Test" name="emptyFlowNameShouldThrowException" time="7" />
  <testcase classname="TriggerActionFlow_Test" name="flowMissingRecordVariableInOutputShouldThrowException" time="7" />
  <testcase classname="TriggerActionFlow_Test" name="invokeFlowShouldReturnUnsuccessfulResponseWithBogusFlowName" time="24" />
  <testcase classname="TriggerActionFlow_Test" name="isBypassedShouldSucceed" time="5" />
  <testcase classname="TriggerActionFlow_Test" name="noRecordMutationsShouldSucceed" time="6" />
  <testcase classname="TriggerActionFlow_Test" name="nulledFieldInFlowShouldBeTransferredBack" time="7" />
  <testcase classname="TriggerActionFlow_Test" name="shouldDoNothingWhenBypassed" time="5" />
  <testcase classname="TriggerActionFlow_Test" name="unsuccessfulActionResultShouldBeAddedAsErrorToRecord" time="9" />
  <testcase classname="TriggerActionFlow_Test" name="validateTypeShouldThrowExceptionWithInvalidInput" time="8" />
  <testcase classname="TriggerBase_Test" name="afterDeleteShouldSucceed" time="97" />
  <testcase classname="TriggerBase_Test" name="afterInsertShouldSucceed" time="13" />
  <testcase classname="TriggerBase_Test" name="afterUndeleteShouldSucceed" time="6" />
  <testcase classname="TriggerBase_Test" name="afterUpdateShouldSucceed" time="6" />
  <testcase classname="TriggerBase_Test" name="beforeDeleteShouldSucceed" time="6" />
  <testcase classname="TriggerBase_Test" name="beforeInsertShouldSucceed" time="6" />
  <testcase classname="TriggerBase_Test" name="beforeUpdateShouldSucceed" time="6" />
  <testcase classname="TriggerBase_Test" name="bypassShouldSucceed" time="6" />
  <testcase classname="TriggerBase_Test" name="clearAllBypassesShouldSucceed" time="9" />
  <testcase classname="TriggerBase_Test" name="clearBypassShouldSucceed" time="6" />
  <testcase classname="TriggerBase_Test" name="finalizingWithoutWaitingShouldThrowError" time="6" />
  <testcase classname="TriggerBase_Test" name="idToNumberOfTimesSeenAfterUpdate" time="6" />
  <testcase classname="TriggerBase_Test" name="idToNumberOfTimesSeenBeforeUpdate" time="6" />
  <testcase classname="TriggerBase_Test" name="inverseContextsShouldFinalizeDmlOperationDelete" time="7" />
  <testcase classname="TriggerBase_Test" name="inverseContextsShouldFinalizeDmlOperationInsert" time="7" />
  <testcase classname="TriggerBase_Test" name="inverseContextsShouldFinalizeDmlOperationUndelete" time="6" />
  <testcase classname="TriggerBase_Test" name="inverseContextsShouldFinalizeDmlOperationUpdate" time="6" />
  <testcase classname="TriggerBase_Test" name="isBypassedShouldSucceed" time="5" />
  <testcase classname="TriggerBase_Test" name="offsetRowsShouldWork" time="6" />
  <testcase classname="TriggerBase_Test" name="oldAndNewShouldComeFromTrigger" time="5" />
  <testcase classname="TriggerBase_Test" name="peekShouldShowMostRecentlyAdded" time="5" />
  <testcase classname="TriggerBase_Test" name="peekingStackWhileEmptyShouldThrowException" time="6" />
  <testcase classname="TriggerBase_Test" name="poppingStackWhileEmptyShouldThrowException" time="5" />
  <testcase classname="TriggerBase_Test" name="runShouldDoNothingWhenBypassed" time="6" />
  <testcase classname="TriggerBase_Test" name="runShouldFailWhenCalledOutsideTrigger" time="6" />
  <testcase classname="TriggerBase_Test" name="sObjectNameShouldBePopulatedFromTriggerNew" time="6" />
  <testcase classname="TriggerBase_Test" name="sObjectNameShouldBePopulatedFromTriggerOld" time="6" />
  <testcase classname="TriggerBase_Test" name="stackDepthShouldBeCalculatedProperly" time="5" />
  <testcase classname="TriggerBase_Test" name="stackShouldBeFirstInLastOut" time="6" />
  <testcase classname="TriggerBase_Test" name="stackShouldBeLastInFirstOut" time="6" />
  <testcase classname="TriggerBase_Test" name="stacksShouldBeAbleToDetermineIftheyAreEmpty" time="5" />
  <testcase classname="TriggerBase_Test" name="waitingThenFinalizingShouldWork" time="6" />
  <testcase classname="TriggerRecord_Test" name="shouldBeAbleToConstructATriggerRecord" time="30" />
  <testcase classname="Triggers_Test" name="testContentDocumentLinkTrigger" time="2668" />
  <testcase classname="Triggers_Test" name="testContractAndFormTrigger" time="788" />
  <testcase classname="Triggers_Test" name="testTransactionTrigger" time="347" />
  <testcase classname="Triggers_Test" name="testTransactionTriggerRecord" time="19" />
  <testcase classname="Util_Test" name="testGetNamespace" time="25" />
  <testcase classname="Util_Test" name="testIsOrgEmailEnabled" time="15" />
  <testcase classname="Util_Test" name="testPrefixNamespace" time="6" />
</testsuite>