<testsuite tests="182">
  <testcase classname="ContractFieldMergeInvocable_Test" name="testRefreshContracts" time="14264" />
  <testcase classname="ContractFieldMergeInvocable_Test" name="testRefreshContractsWithNoRequests" time="23" />
  <testcase classname="ContractFieldMergeInvocable_Test" name="testRefreshContractsWithNullRequests" time="17" />
  <testcase classname="ContractFieldMerge_Test" name="testInitializeServiceWithTemplatelessContract" time="1883" />
  <testcase classname="ContractFieldMerge_Test" name="testPopulateMergeFields" time="3337" />
  <testcase classname="ContractFieldMerge_Test" name="testPopulateMergeFieldsForEmptyList" time="710" />
  <testcase classname="ContractFieldMerge_Test" name="testServiceWithInvalidStatus" time="2707" />
  <testcase classname="ContractFieldMerge_Test" name="testServiceWithInvalidType" time="2439" />
  <testcase classname="ContractMergeFieldService_Test" name="testFormatCurrencyFieldValue" time="47" />
  <testcase classname="ContractMergeFieldService_Test" name="testFormatDateFieldValue" time="36" />
  <testcase classname="ContractMergeFieldService_Test" name="testFormatDatetimeFieldValue" time="18" />
  <testcase classname="ContractMergeFieldService_Test" name="testFormatNullValue" time="19" />
  <testcase classname="ContractMergeFieldService_Test" name="testGetMergeFieldsFromString" time="17" />
  <testcase classname="ContractMergeFieldService_Test" name="testGetMergeFieldsWithFallbackValue" time="17" />
  <testcase classname="ContractMergeFieldService_Test" name="testRemoveTableBlocks" time="17" />
  <testcase classname="ContractMergeFieldService_Test" name="testRemoveTableBlocksWithEmptyInput" time="14" />
  <testcase classname="ContractMergeFieldService_Test" name="testReplaceMergeFieldsWithValues" time="35" />
  <testcase classname="ContractMergeFieldService_Test" name="testReplaceParentMergeFieldsWithValues" time="402" />
  <testcase classname="ContractTemplateEditorController_Test" name="testGetFieldDescriptors" time="8725" />
  <testcase classname="ContractTemplateEditorController_Test" name="testGetFieldDescriptorsForInvalidObject" time="89" />
  <testcase classname="ContractTemplateEditorController_Test" name="testGetFieldDescriptorsForRelationshipPath" time="748" />
  <testcase classname="ContractTemplateEditorController_Test" name="testGetPreviewWaiverText" time="1427" />
  <testcase classname="ContractTemplateEditorController_Test" name="testGetPreviewWaiverTextWithFakeTemplateId" time="1413" />
  <testcase classname="ContractTemplateEditorController_Test" name="testGetTemplateQueries" time="822" />
  <testcase classname="ContractTemplateEditorController_Test" name="testGetTemplateQueriesWithInvalidId" time="644" />
  <testcase classname="ContractTemplateService_Test" name="testAddTemplatesToCache" time="9617" />
  <testcase classname="ContractTemplateService_Test" name="testDoesNotReloadAlreadyCachedTemplates" time="886" />
  <testcase classname="ContractTemplateService_Test" name="testMissingQueryRelationship" time="655" />
  <testcase classname="FieldPathManager_Test" name="testIsValid" time="33" />
  <testcase classname="FieldPathManager_Test" name="testNormalize" time="34" />
  <testcase classname="FieldPathResolver_Test" name="testFallbackByRelationshipName" time="134" />
  <testcase classname="FieldPathResolver_Test" name="testInvalidFieldPath" time="150" />
  <testcase classname="FieldPathResolver_Test" name="testNonRelationshipMidPath" time="22" />
  <testcase classname="FieldPathResolver_Test" name="testOneLevelRelationshipResolution" time="21" />
  <testcase classname="FieldPathResolver_Test" name="testSimpleFieldResolution" time="22" />
  <testcase classname="FieldPathResolver_Test" name="testTwoLevelRelationshipResolution" time="30" />
  <testcase classname="FinalizerHandler_Test" name="bypassFinalizerShouldSucceed" time="25" />
  <testcase classname="FinalizerHandler_Test" name="bypassedFinalizerShouldNotExecute" time="31" />
  <testcase classname="FinalizerHandler_Test" name="clearAllFinalizerBypassesShouldSucceed" time="19" />
  <testcase classname="FinalizerHandler_Test" name="clearFinalizerBypassShouldSucceed" time="22" />
  <testcase classname="FinalizerHandler_Test" name="finalizerIsBypassedShouldSucceed" time="20" />
  <testcase classname="FinalizerHandler_Test" name="finalizerThatInvokesDmlShouldCauseException" time="24" />
  <testcase classname="FinalizerHandler_Test" name="finalizersShouldExecuteInOrder" time="27" />
  <testcase classname="FinalizerHandler_Test" name="invalidFinalizerClassShouldThrowException" time="21" />
  <testcase classname="FinalizerHandler_Test" name="noConfiguredFinalizerShouldTakeNoAction" time="36" />
  <testcase classname="FinalizerHandler_Test" name="properlyConfiguredFinalizerShouldExecute" time="27" />
  <testcase classname="FinalizerHandler_Test" name="referencedClassDoesNotImplementDmlFinalizerShouldThrowException" time="23" />
  <testcase classname="FinalizerHandler_Test" name="staticallyBypassedFinalizerShouldNotExecute" time="20" />
  <testcase classname="FinalizerHandler_Test" name="userWithBypassPermissionDefinedOnFinalizerShouldNotExecute" time="21" />
  <testcase classname="FinalizerHandler_Test" name="userWithoutRequiredPermissionDefinedOnFinalizerShouldNotExecute" time="20" />
  <testcase classname="FlowChangeEventHeader_Test" name="shouldBeAbleToCompare" time="21" />
  <testcase classname="FlowChangeEventHeader_Test" name="shouldBeAbleToConstruct" time="24" />
  <testcase classname="FlowChangeEventHeader_Test" name="shouldBeAbleToGenerateHashCode" time="12" />
  <testcase classname="FormulaFilter_Test" name="emptyClassShouldThrowException" time="69" />
  <testcase classname="FormulaFilter_Test" name="emptyStringFormulaShouldProcessAllRecords" time="24" />
  <testcase classname="FormulaFilter_Test" name="invalidFormulaSyntaxShouldThrowException" time="42" />
  <testcase classname="FormulaFilter_Test" name="noFormulaShouldProcessAllRecords" time="23" />
  <testcase classname="FormulaFilter_Test" name="nonExistentClassShouldThrowException" time="25" />
  <testcase classname="FormulaFilter_Test" name="nonGlobalShouldThrowException" time="27" />
  <testcase classname="FormulaFilter_Test" name="nonTriggerRecordClassShouldThrowException" time="33" />
  <testcase classname="FormulaFilter_Test" name="nullClassShouldThrowException" time="25" />
  <testcase classname="FormulaFilter_Test" name="validFormulaShouldFilterContentsOftriggerNew" time="25" />
  <testcase classname="FormulaFilter_Test" name="validFormulaWithNoMatchingRecordsShouldProcessNoRecords" time="24" />
  <testcase classname="MetadataTriggerHandler_Test" name="actionMetadataShouldConstruct" time="242" />
  <testcase classname="MetadataTriggerHandler_Test" name="actionShouldExecuteIfNoRequiredOrBypassPermissionsAreDefinedForSObjectOrAction" time="41" />
  <testcase classname="MetadataTriggerHandler_Test" name="actionShouldExecuteIfUserDoesNotHaveBypassPermissionForSObjectOrAction" time="22" />
  <testcase classname="MetadataTriggerHandler_Test" name="actionShouldNotExecuteIfUserDoesNotHaveRequiredPermissionForAction" time="28" />
  <testcase classname="MetadataTriggerHandler_Test" name="actionShouldNotExecuteIfUserDoesNotHaveRequiredPermissionForSObject" time="19" />
  <testcase classname="MetadataTriggerHandler_Test" name="actionShouldNotExecuteIfUserHasBypassPermissionForAction" time="16" />
  <testcase classname="MetadataTriggerHandler_Test" name="actionShouldNotExecuteIfUserHasBypassPermissionForSObject" time="16" />
  <testcase classname="MetadataTriggerHandler_Test" name="afterDeleteShouldFailWithIncorrectClass" time="21" />
  <testcase classname="MetadataTriggerHandler_Test" name="afterDeleteShouldFailWithIncorrectType" time="16" />
  <testcase classname="MetadataTriggerHandler_Test" name="afterDeleteShouldSucceed" time="19" />
  <testcase classname="MetadataTriggerHandler_Test" name="afterInsertShouldFailWithIncorrectClass" time="14" />
  <testcase classname="MetadataTriggerHandler_Test" name="afterInsertShouldFailWithIncorrectType" time="14" />
  <testcase classname="MetadataTriggerHandler_Test" name="afterInsertShouldSucceed" time="20" />
  <testcase classname="MetadataTriggerHandler_Test" name="afterUndeleteShouldFailWithIncorrectClass" time="17" />
  <testcase classname="MetadataTriggerHandler_Test" name="afterUndeleteShouldFailWithIncorrectType" time="17" />
  <testcase classname="MetadataTriggerHandler_Test" name="afterUndeleteShouldSucceed" time="19" />
  <testcase classname="MetadataTriggerHandler_Test" name="afterUpdateShouldFailWithIncorrectClass" time="18" />
  <testcase classname="MetadataTriggerHandler_Test" name="afterUpdateShouldFailWithIncorrectType" time="16" />
  <testcase classname="MetadataTriggerHandler_Test" name="afterUpdateShouldSucceed" time="20" />
  <testcase classname="MetadataTriggerHandler_Test" name="beforeDeleteShouldFailWithIncorrectClass" time="17" />
  <testcase classname="MetadataTriggerHandler_Test" name="beforeDeleteShouldFailWithIncorrectType" time="14" />
  <testcase classname="MetadataTriggerHandler_Test" name="beforeDeleteShouldSucceed" time="15" />
  <testcase classname="MetadataTriggerHandler_Test" name="beforeInsertShouldFailWithIncorrectClass" time="17" />
  <testcase classname="MetadataTriggerHandler_Test" name="beforeInsertShouldFailWithIncorrectType" time="15" />
  <testcase classname="MetadataTriggerHandler_Test" name="beforeInsertShouldSucceed" time="14" />
  <testcase classname="MetadataTriggerHandler_Test" name="beforeUpdateShouldFailWithIncorrectClass" time="17" />
  <testcase classname="MetadataTriggerHandler_Test" name="beforeUpdateShouldFailWithIncorrectType" time="17" />
  <testcase classname="MetadataTriggerHandler_Test" name="beforeUpdateShouldSucceed" time="21" />
  <testcase classname="MetadataTriggerHandler_Test" name="bypassShouldSucceed" time="21" />
  <testcase classname="MetadataTriggerHandler_Test" name="clearAllBypassesShouldSucceed" time="18" />
  <testcase classname="MetadataTriggerHandler_Test" name="clearBypassShouldSucceed" time="19" />
  <testcase classname="MetadataTriggerHandler_Test" name="finalizerShouldSucceed" time="21" />
  <testcase classname="MetadataTriggerHandler_Test" name="isBypassedShouldSucceed" time="17" />
  <testcase classname="MetadataTriggerHandler_Test" name="nothingToProcessShouldExitEarly" time="17" />
  <testcase classname="MetadataTriggerHandler_Test" name="theFrameworkShouldSupportFlow" time="18" />
  <testcase classname="MetadataTriggerHandler_Test" name="theFrameworkShouldSupportSObjectsFromManagedPackages" time="39" />
  <testcase classname="TA_CAF_MergeFieldValues_Test" name="testPopulateMergeFields" time="4148" />
  <testcase classname="TriggerActionFlowAddError_Test" name="addErrorShouldAddAnErrorAtTheFieldSpecified" time="27" />
  <testcase classname="TriggerActionFlowAddError_Test" name="addErrorShouldSucceedWithValidRequest" time="21" />
  <testcase classname="TriggerActionFlowBypass_Test" name="bypassApexShouldSucceedWithValidRequest" time="60" />
  <testcase classname="TriggerActionFlowBypass_Test" name="bypassFlowShouldSucceedWithValidRequest" time="25" />
  <testcase classname="TriggerActionFlowBypass_Test" name="bypassObjectShouldSucceedWithValidRequest" time="20" />
  <testcase classname="TriggerActionFlowBypass_Test" name="bypassShouldFailWithInvalidType" time="23" />
  <testcase classname="TriggerActionFlowChangeEvent_Test" name="correctInputShouldProduceFlowInputs" time="41" />
  <testcase classname="TriggerActionFlowChangeEvent_Test" name="emptyInputShouldProduceEmptyFlowInputs" time="27" />
  <testcase classname="TriggerActionFlowChangeEvent_Test" name="wrongDataTypeShouldThrowException" time="22" />
  <testcase classname="TriggerActionFlowClearAllBypasses_Test" name="clearAllBypassApexShouldSucceedWithValidRequest" time="81" />
  <testcase classname="TriggerActionFlowClearAllBypasses_Test" name="clearAllBypassFlowShouldSucceedWithValidRequest" time="32" />
  <testcase classname="TriggerActionFlowClearAllBypasses_Test" name="clearAllBypassObjectShouldSucceedWithValidRequest" time="22" />
  <testcase classname="TriggerActionFlowClearAllBypasses_Test" name="clearAllBypassShouldFailWithInvalidType" time="21" />
  <testcase classname="TriggerActionFlowClearBypass_Test" name="clearBypassApexShouldSucceedWithValidRequest" time="73" />
  <testcase classname="TriggerActionFlowClearBypass_Test" name="clearBypassFlowShouldSucceedWithValidRequest" time="22" />
  <testcase classname="TriggerActionFlowClearBypass_Test" name="clearBypassObjecthouldSucceedWithValidRequest" time="14" />
  <testcase classname="TriggerActionFlowClearBypass_Test" name="clearBypassShouldFailWithInvalidType" time="17" />
  <testcase classname="TriggerActionFlowIsBypassed_Test" name="isBypassedApexShouldSucceedWithValidRequest" time="73" />
  <testcase classname="TriggerActionFlowIsBypassed_Test" name="isBypassedFlowShouldSucceedWithValidRequest" time="31" />
  <testcase classname="TriggerActionFlowIsBypassed_Test" name="isBypassedObjectShouldSucceedWithValidRequest" time="21" />
  <testcase classname="TriggerActionFlowIsBypassed_Test" name="isBypassedShouldFailWithInvalidType" time="24" />
  <testcase classname="TriggerActionFlow_Test" name="afterDeleteShouldSucceed" time="29" />
  <testcase classname="TriggerActionFlow_Test" name="afterInsertShouldSucceed" time="27" />
  <testcase classname="TriggerActionFlow_Test" name="afterUndeleteShouldSucceed" time="15" />
  <testcase classname="TriggerActionFlow_Test" name="afterUpdateShouldSucceed" time="21" />
  <testcase classname="TriggerActionFlow_Test" name="afterUpdateWithNoRecordsToProcessShouldSucceed" time="17" />
  <testcase classname="TriggerActionFlow_Test" name="beforeDeleteShouldSucceed" time="14" />
  <testcase classname="TriggerActionFlow_Test" name="beforeInsertShouldSucceed" time="16" />
  <testcase classname="TriggerActionFlow_Test" name="beforeUpdateShouldSucceed" time="16" />
  <testcase classname="TriggerActionFlow_Test" name="beforeUpdateWithNoRecordsToProcessShouldSucceed" time="17" />
  <testcase classname="TriggerActionFlow_Test" name="bypassShouldSucceed" time="15" />
  <testcase classname="TriggerActionFlow_Test" name="clearAllBypassesShouldSucceed" time="14" />
  <testcase classname="TriggerActionFlow_Test" name="clearBypassShouldSucceed" time="16" />
  <testcase classname="TriggerActionFlow_Test" name="emptyFlowNameShouldThrowException" time="15" />
  <testcase classname="TriggerActionFlow_Test" name="flowMissingRecordVariableInOutputShouldThrowException" time="15" />
  <testcase classname="TriggerActionFlow_Test" name="invokeFlowShouldReturnUnsuccessfulResponseWithBogusFlowName" time="37" />
  <testcase classname="TriggerActionFlow_Test" name="isBypassedShouldSucceed" time="18" />
  <testcase classname="TriggerActionFlow_Test" name="noRecordMutationsShouldSucceed" time="15" />
  <testcase classname="TriggerActionFlow_Test" name="nulledFieldInFlowShouldBeTransferredBack" time="16" />
  <testcase classname="TriggerActionFlow_Test" name="shouldDoNothingWhenBypassed" time="16" />
  <testcase classname="TriggerActionFlow_Test" name="unsuccessfulActionResultShouldBeAddedAsErrorToRecord" time="20" />
  <testcase classname="TriggerActionFlow_Test" name="validateTypeShouldThrowExceptionWithInvalidInput" time="21" />
  <testcase classname="TriggerBase_Test" name="afterDeleteShouldSucceed" time="88" />
  <testcase classname="TriggerBase_Test" name="afterInsertShouldSucceed" time="44" />
  <testcase classname="TriggerBase_Test" name="afterUndeleteShouldSucceed" time="88" />
  <testcase classname="TriggerBase_Test" name="afterUpdateShouldSucceed" time="27" />
  <testcase classname="TriggerBase_Test" name="beforeDeleteShouldSucceed" time="29" />
  <testcase classname="TriggerBase_Test" name="beforeInsertShouldSucceed" time="27" />
  <testcase classname="TriggerBase_Test" name="beforeUpdateShouldSucceed" time="28" />
  <testcase classname="TriggerBase_Test" name="bypassShouldSucceed" time="22" />
  <testcase classname="TriggerBase_Test" name="clearAllBypassesShouldSucceed" time="26" />
  <testcase classname="TriggerBase_Test" name="clearBypassShouldSucceed" time="23" />
  <testcase classname="TriggerBase_Test" name="finalizingWithoutWaitingShouldThrowError" time="25" />
  <testcase classname="TriggerBase_Test" name="idToNumberOfTimesSeenAfterUpdate" time="24" />
  <testcase classname="TriggerBase_Test" name="idToNumberOfTimesSeenBeforeUpdate" time="27" />
  <testcase classname="TriggerBase_Test" name="inverseContextsShouldFinalizeDmlOperationDelete" time="30" />
  <testcase classname="TriggerBase_Test" name="inverseContextsShouldFinalizeDmlOperationInsert" time="26" />
  <testcase classname="TriggerBase_Test" name="inverseContextsShouldFinalizeDmlOperationUndelete" time="26" />
  <testcase classname="TriggerBase_Test" name="inverseContextsShouldFinalizeDmlOperationUpdate" time="26" />
  <testcase classname="TriggerBase_Test" name="isBypassedShouldSucceed" time="23" />
  <testcase classname="TriggerBase_Test" name="offsetRowsShouldWork" time="24" />
  <testcase classname="TriggerBase_Test" name="oldAndNewShouldComeFromTrigger" time="25" />
  <testcase classname="TriggerBase_Test" name="peekShouldShowMostRecentlyAdded" time="22" />
  <testcase classname="TriggerBase_Test" name="peekingStackWhileEmptyShouldThrowException" time="27" />
  <testcase classname="TriggerBase_Test" name="poppingStackWhileEmptyShouldThrowException" time="25" />
  <testcase classname="TriggerBase_Test" name="runShouldDoNothingWhenBypassed" time="22" />
  <testcase classname="TriggerBase_Test" name="runShouldFailWhenCalledOutsideTrigger" time="23" />
  <testcase classname="TriggerBase_Test" name="sObjectNameShouldBePopulatedFromTriggerNew" time="22" />
  <testcase classname="TriggerBase_Test" name="sObjectNameShouldBePopulatedFromTriggerOld" time="26" />
  <testcase classname="TriggerBase_Test" name="stackDepthShouldBeCalculatedProperly" time="24" />
  <testcase classname="TriggerBase_Test" name="stackShouldBeFirstInLastOut" time="22" />
  <testcase classname="TriggerBase_Test" name="stackShouldBeLastInFirstOut" time="23" />
  <testcase classname="TriggerBase_Test" name="stacksShouldBeAbleToDetermineIftheyAreEmpty" time="27" />
  <testcase classname="TriggerBase_Test" name="waitingThenFinalizingShouldWork" time="25" />
  <testcase classname="TriggerRecord_Test" name="shouldBeAbleToConstructATriggerRecord" time="15" />
  <testcase classname="Triggers_Test" name="testContentDocumentLinkTrigger" time="16661" />
  <testcase classname="Triggers_Test" name="testContractAndFormTrigger" time="1868" />
  <testcase classname="Triggers_Test" name="testTransactionTrigger" time="414" />
  <testcase classname="Triggers_Test" name="testTransactionTriggerRecord" time="31" />
  <testcase classname="Util_Test" name="testGetNamespace" time="55" />
  <testcase classname="Util_Test" name="testIsOrgEmailEnabled" time="40" />
  <testcase classname="Util_Test" name="testPrefixNamespace" time="26" />
</testsuite>