<testsuite tests="182">
  <testcase classname="ContractFieldMergeInvocable_Test" name="testRefreshContracts" time="3669" />
  <testcase classname="ContractFieldMergeInvocable_Test" name="testRefreshContractsWithNoRequests" time="29" />
  <testcase classname="ContractFieldMergeInvocable_Test" name="testRefreshContractsWithNullRequests" time="19" />
  <testcase classname="ContractFieldMerge_Test" name="testInitializeServiceWithTemplatelessContract" time="1304" />
  <testcase classname="ContractFieldMerge_Test" name="testPopulateMergeFields" time="2404" />
  <testcase classname="ContractFieldMerge_Test" name="testPopulateMergeFieldsForEmptyList" time="587" />
  <testcase classname="ContractFieldMerge_Test" name="testServiceWithInvalidStatus" time="2118" />
  <testcase classname="ContractFieldMerge_Test" name="testServiceWithInvalidType" time="1618" />
  <testcase classname="ContractMergeFieldService_Test" name="testFormatCurrencyFieldValue" time="192" />
  <testcase classname="ContractMergeFieldService_Test" name="testFormatDateFieldValue" time="34" />
  <testcase classname="ContractMergeFieldService_Test" name="testFormatDatetimeFieldValue" time="20" />
  <testcase classname="ContractMergeFieldService_Test" name="testFormatNullValue" time="31" />
  <testcase classname="ContractMergeFieldService_Test" name="testGetMergeFieldsFromString" time="25" />
  <testcase classname="ContractMergeFieldService_Test" name="testGetMergeFieldsWithFallbackValue" time="22" />
  <testcase classname="ContractMergeFieldService_Test" name="testRemoveTableBlocks" time="21" />
  <testcase classname="ContractMergeFieldService_Test" name="testRemoveTableBlocksWithEmptyInput" time="19" />
  <testcase classname="ContractMergeFieldService_Test" name="testReplaceMergeFieldsWithValues" time="47" />
  <testcase classname="ContractMergeFieldService_Test" name="testReplaceParentMergeFieldsWithValues" time="463" />
  <testcase classname="ContractTemplateEditorController_Test" name="testGetFieldDescriptors" time="2522" />
  <testcase classname="ContractTemplateEditorController_Test" name="testGetFieldDescriptorsForInvalidObject" time="67" />
  <testcase classname="ContractTemplateEditorController_Test" name="testGetFieldDescriptorsForRelationshipPath" time="1149" />
  <testcase classname="ContractTemplateEditorController_Test" name="testGetPreviewWaiverText" time="2522" />
  <testcase classname="ContractTemplateEditorController_Test" name="testGetPreviewWaiverTextWithFakeTemplateId" time="2316" />
  <testcase classname="ContractTemplateEditorController_Test" name="testGetTemplateQueries" time="1191" />
  <testcase classname="ContractTemplateEditorController_Test" name="testGetTemplateQueriesWithInvalidId" time="875" />
  <testcase classname="ContractTemplateService_Test" name="testAddTemplatesToCache" time="1670" />
  <testcase classname="ContractTemplateService_Test" name="testDoesNotReloadAlreadyCachedTemplates" time="991" />
  <testcase classname="ContractTemplateService_Test" name="testMissingQueryRelationship" time="840" />
  <testcase classname="FieldPathManager_Test" name="testIsValid" time="26" />
  <testcase classname="FieldPathManager_Test" name="testNormalize" time="25" />
  <testcase classname="FieldPathResolver_Test" name="testFallbackByRelationshipName" time="79" />
  <testcase classname="FieldPathResolver_Test" name="testInvalidFieldPath" time="62" />
  <testcase classname="FieldPathResolver_Test" name="testNonRelationshipMidPath" time="17" />
  <testcase classname="FieldPathResolver_Test" name="testOneLevelRelationshipResolution" time="19" />
  <testcase classname="FieldPathResolver_Test" name="testSimpleFieldResolution" time="17" />
  <testcase classname="FieldPathResolver_Test" name="testTwoLevelRelationshipResolution" time="26" />
  <testcase classname="FinalizerHandler_Test" name="bypassFinalizerShouldSucceed" time="27" />
  <testcase classname="FinalizerHandler_Test" name="bypassedFinalizerShouldNotExecute" time="7" />
  <testcase classname="FinalizerHandler_Test" name="clearAllFinalizerBypassesShouldSucceed" time="5" />
  <testcase classname="FinalizerHandler_Test" name="clearFinalizerBypassShouldSucceed" time="4" />
  <testcase classname="FinalizerHandler_Test" name="finalizerIsBypassedShouldSucceed" time="3" />
  <testcase classname="FinalizerHandler_Test" name="finalizerThatInvokesDmlShouldCauseException" time="6" />
  <testcase classname="FinalizerHandler_Test" name="finalizersShouldExecuteInOrder" time="5" />
  <testcase classname="FinalizerHandler_Test" name="invalidFinalizerClassShouldThrowException" time="4" />
  <testcase classname="FinalizerHandler_Test" name="noConfiguredFinalizerShouldTakeNoAction" time="5" />
  <testcase classname="FinalizerHandler_Test" name="properlyConfiguredFinalizerShouldExecute" time="12" />
  <testcase classname="FinalizerHandler_Test" name="referencedClassDoesNotImplementDmlFinalizerShouldThrowException" time="6" />
  <testcase classname="FinalizerHandler_Test" name="staticallyBypassedFinalizerShouldNotExecute" time="5" />
  <testcase classname="FinalizerHandler_Test" name="userWithBypassPermissionDefinedOnFinalizerShouldNotExecute" time="4" />
  <testcase classname="FinalizerHandler_Test" name="userWithoutRequiredPermissionDefinedOnFinalizerShouldNotExecute" time="4" />
  <testcase classname="FlowChangeEventHeader_Test" name="shouldBeAbleToCompare" time="33" />
  <testcase classname="FlowChangeEventHeader_Test" name="shouldBeAbleToConstruct" time="8" />
  <testcase classname="FlowChangeEventHeader_Test" name="shouldBeAbleToGenerateHashCode" time="5" />
  <testcase classname="FormulaFilter_Test" name="emptyClassShouldThrowException" time="34" />
  <testcase classname="FormulaFilter_Test" name="emptyStringFormulaShouldProcessAllRecords" time="15" />
  <testcase classname="FormulaFilter_Test" name="invalidFormulaSyntaxShouldThrowException" time="44" />
  <testcase classname="FormulaFilter_Test" name="noFormulaShouldProcessAllRecords" time="12" />
  <testcase classname="FormulaFilter_Test" name="nonExistentClassShouldThrowException" time="12" />
  <testcase classname="FormulaFilter_Test" name="nonGlobalShouldThrowException" time="14" />
  <testcase classname="FormulaFilter_Test" name="nonTriggerRecordClassShouldThrowException" time="20" />
  <testcase classname="FormulaFilter_Test" name="nullClassShouldThrowException" time="17" />
  <testcase classname="FormulaFilter_Test" name="validFormulaShouldFilterContentsOftriggerNew" time="18" />
  <testcase classname="FormulaFilter_Test" name="validFormulaWithNoMatchingRecordsShouldProcessNoRecords" time="13" />
  <testcase classname="MetadataTriggerHandler_Test" name="actionMetadataShouldConstruct" time="228" />
  <testcase classname="MetadataTriggerHandler_Test" name="actionShouldExecuteIfNoRequiredOrBypassPermissionsAreDefinedForSObjectOrAction" time="53" />
  <testcase classname="MetadataTriggerHandler_Test" name="actionShouldExecuteIfUserDoesNotHaveBypassPermissionForSObjectOrAction" time="36" />
  <testcase classname="MetadataTriggerHandler_Test" name="actionShouldNotExecuteIfUserDoesNotHaveRequiredPermissionForAction" time="27" />
  <testcase classname="MetadataTriggerHandler_Test" name="actionShouldNotExecuteIfUserDoesNotHaveRequiredPermissionForSObject" time="30" />
  <testcase classname="MetadataTriggerHandler_Test" name="actionShouldNotExecuteIfUserHasBypassPermissionForAction" time="29" />
  <testcase classname="MetadataTriggerHandler_Test" name="actionShouldNotExecuteIfUserHasBypassPermissionForSObject" time="28" />
  <testcase classname="MetadataTriggerHandler_Test" name="afterDeleteShouldFailWithIncorrectClass" time="28" />
  <testcase classname="MetadataTriggerHandler_Test" name="afterDeleteShouldFailWithIncorrectType" time="36" />
  <testcase classname="MetadataTriggerHandler_Test" name="afterDeleteShouldSucceed" time="32" />
  <testcase classname="MetadataTriggerHandler_Test" name="afterInsertShouldFailWithIncorrectClass" time="25" />
  <testcase classname="MetadataTriggerHandler_Test" name="afterInsertShouldFailWithIncorrectType" time="29" />
  <testcase classname="MetadataTriggerHandler_Test" name="afterInsertShouldSucceed" time="31" />
  <testcase classname="MetadataTriggerHandler_Test" name="afterUndeleteShouldFailWithIncorrectClass" time="30" />
  <testcase classname="MetadataTriggerHandler_Test" name="afterUndeleteShouldFailWithIncorrectType" time="26" />
  <testcase classname="MetadataTriggerHandler_Test" name="afterUndeleteShouldSucceed" time="34" />
  <testcase classname="MetadataTriggerHandler_Test" name="afterUpdateShouldFailWithIncorrectClass" time="27" />
  <testcase classname="MetadataTriggerHandler_Test" name="afterUpdateShouldFailWithIncorrectType" time="32" />
  <testcase classname="MetadataTriggerHandler_Test" name="afterUpdateShouldSucceed" time="29" />
  <testcase classname="MetadataTriggerHandler_Test" name="beforeDeleteShouldFailWithIncorrectClass" time="30" />
  <testcase classname="MetadataTriggerHandler_Test" name="beforeDeleteShouldFailWithIncorrectType" time="26" />
  <testcase classname="MetadataTriggerHandler_Test" name="beforeDeleteShouldSucceed" time="27" />
  <testcase classname="MetadataTriggerHandler_Test" name="beforeInsertShouldFailWithIncorrectClass" time="24" />
  <testcase classname="MetadataTriggerHandler_Test" name="beforeInsertShouldFailWithIncorrectType" time="28" />
  <testcase classname="MetadataTriggerHandler_Test" name="beforeInsertShouldSucceed" time="27" />
  <testcase classname="MetadataTriggerHandler_Test" name="beforeUpdateShouldFailWithIncorrectClass" time="26" />
  <testcase classname="MetadataTriggerHandler_Test" name="beforeUpdateShouldFailWithIncorrectType" time="27" />
  <testcase classname="MetadataTriggerHandler_Test" name="beforeUpdateShouldSucceed" time="31" />
  <testcase classname="MetadataTriggerHandler_Test" name="bypassShouldSucceed" time="28" />
  <testcase classname="MetadataTriggerHandler_Test" name="clearAllBypassesShouldSucceed" time="27" />
  <testcase classname="MetadataTriggerHandler_Test" name="clearBypassShouldSucceed" time="25" />
  <testcase classname="MetadataTriggerHandler_Test" name="finalizerShouldSucceed" time="29" />
  <testcase classname="MetadataTriggerHandler_Test" name="isBypassedShouldSucceed" time="34" />
  <testcase classname="MetadataTriggerHandler_Test" name="nothingToProcessShouldExitEarly" time="29" />
  <testcase classname="MetadataTriggerHandler_Test" name="theFrameworkShouldSupportFlow" time="31" />
  <testcase classname="MetadataTriggerHandler_Test" name="theFrameworkShouldSupportSObjectsFromManagedPackages" time="61" />
  <testcase classname="TA_CAF_MergeFieldValues_Test" name="testPopulateMergeFields" time="23045" />
  <testcase classname="TriggerActionFlowAddError_Test" name="addErrorShouldAddAnErrorAtTheFieldSpecified" time="36" />
  <testcase classname="TriggerActionFlowAddError_Test" name="addErrorShouldSucceedWithValidRequest" time="19" />
  <testcase classname="TriggerActionFlowBypass_Test" name="bypassApexShouldSucceedWithValidRequest" time="61" />
  <testcase classname="TriggerActionFlowBypass_Test" name="bypassFlowShouldSucceedWithValidRequest" time="10" />
  <testcase classname="TriggerActionFlowBypass_Test" name="bypassObjectShouldSucceedWithValidRequest" time="4" />
  <testcase classname="TriggerActionFlowBypass_Test" name="bypassShouldFailWithInvalidType" time="8" />
  <testcase classname="TriggerActionFlowChangeEvent_Test" name="correctInputShouldProduceFlowInputs" time="82" />
  <testcase classname="TriggerActionFlowChangeEvent_Test" name="emptyInputShouldProduceEmptyFlowInputs" time="24" />
  <testcase classname="TriggerActionFlowChangeEvent_Test" name="wrongDataTypeShouldThrowException" time="18" />
  <testcase classname="TriggerActionFlowClearAllBypasses_Test" name="clearAllBypassApexShouldSucceedWithValidRequest" time="83" />
  <testcase classname="TriggerActionFlowClearAllBypasses_Test" name="clearAllBypassFlowShouldSucceedWithValidRequest" time="54" />
  <testcase classname="TriggerActionFlowClearAllBypasses_Test" name="clearAllBypassObjectShouldSucceedWithValidRequest" time="21" />
  <testcase classname="TriggerActionFlowClearAllBypasses_Test" name="clearAllBypassShouldFailWithInvalidType" time="33" />
  <testcase classname="TriggerActionFlowClearBypass_Test" name="clearBypassApexShouldSucceedWithValidRequest" time="61" />
  <testcase classname="TriggerActionFlowClearBypass_Test" name="clearBypassFlowShouldSucceedWithValidRequest" time="33" />
  <testcase classname="TriggerActionFlowClearBypass_Test" name="clearBypassObjecthouldSucceedWithValidRequest" time="25" />
  <testcase classname="TriggerActionFlowClearBypass_Test" name="clearBypassShouldFailWithInvalidType" time="21" />
  <testcase classname="TriggerActionFlowIsBypassed_Test" name="isBypassedApexShouldSucceedWithValidRequest" time="63" />
  <testcase classname="TriggerActionFlowIsBypassed_Test" name="isBypassedFlowShouldSucceedWithValidRequest" time="27" />
  <testcase classname="TriggerActionFlowIsBypassed_Test" name="isBypassedObjectShouldSucceedWithValidRequest" time="23" />
  <testcase classname="TriggerActionFlowIsBypassed_Test" name="isBypassedShouldFailWithInvalidType" time="24" />
  <testcase classname="TriggerActionFlow_Test" name="afterDeleteShouldSucceed" time="50" />
  <testcase classname="TriggerActionFlow_Test" name="afterInsertShouldSucceed" time="30" />
  <testcase classname="TriggerActionFlow_Test" name="afterUndeleteShouldSucceed" time="19" />
  <testcase classname="TriggerActionFlow_Test" name="afterUpdateShouldSucceed" time="23" />
  <testcase classname="TriggerActionFlow_Test" name="afterUpdateWithNoRecordsToProcessShouldSucceed" time="21" />
  <testcase classname="TriggerActionFlow_Test" name="beforeDeleteShouldSucceed" time="22" />
  <testcase classname="TriggerActionFlow_Test" name="beforeInsertShouldSucceed" time="23" />
  <testcase classname="TriggerActionFlow_Test" name="beforeUpdateShouldSucceed" time="21" />
  <testcase classname="TriggerActionFlow_Test" name="beforeUpdateWithNoRecordsToProcessShouldSucceed" time="19" />
  <testcase classname="TriggerActionFlow_Test" name="bypassShouldSucceed" time="21" />
  <testcase classname="TriggerActionFlow_Test" name="clearAllBypassesShouldSucceed" time="23" />
  <testcase classname="TriggerActionFlow_Test" name="clearBypassShouldSucceed" time="21" />
  <testcase classname="TriggerActionFlow_Test" name="emptyFlowNameShouldThrowException" time="32" />
  <testcase classname="TriggerActionFlow_Test" name="flowMissingRecordVariableInOutputShouldThrowException" time="24" />
  <testcase classname="TriggerActionFlow_Test" name="invokeFlowShouldReturnUnsuccessfulResponseWithBogusFlowName" time="38" />
  <testcase classname="TriggerActionFlow_Test" name="isBypassedShouldSucceed" time="22" />
  <testcase classname="TriggerActionFlow_Test" name="noRecordMutationsShouldSucceed" time="22" />
  <testcase classname="TriggerActionFlow_Test" name="nulledFieldInFlowShouldBeTransferredBack" time="23" />
  <testcase classname="TriggerActionFlow_Test" name="shouldDoNothingWhenBypassed" time="28" />
  <testcase classname="TriggerActionFlow_Test" name="unsuccessfulActionResultShouldBeAddedAsErrorToRecord" time="28" />
  <testcase classname="TriggerActionFlow_Test" name="validateTypeShouldThrowExceptionWithInvalidInput" time="24" />
  <testcase classname="TriggerBase_Test" name="afterDeleteShouldSucceed" time="58" />
  <testcase classname="TriggerBase_Test" name="afterInsertShouldSucceed" time="11" />
  <testcase classname="TriggerBase_Test" name="afterUndeleteShouldSucceed" time="5" />
  <testcase classname="TriggerBase_Test" name="afterUpdateShouldSucceed" time="5" />
  <testcase classname="TriggerBase_Test" name="beforeDeleteShouldSucceed" time="5" />
  <testcase classname="TriggerBase_Test" name="beforeInsertShouldSucceed" time="5" />
  <testcase classname="TriggerBase_Test" name="beforeUpdateShouldSucceed" time="5" />
  <testcase classname="TriggerBase_Test" name="bypassShouldSucceed" time="5" />
  <testcase classname="TriggerBase_Test" name="clearAllBypassesShouldSucceed" time="8" />
  <testcase classname="TriggerBase_Test" name="clearBypassShouldSucceed" time="4" />
  <testcase classname="TriggerBase_Test" name="finalizingWithoutWaitingShouldThrowError" time="5" />
  <testcase classname="TriggerBase_Test" name="idToNumberOfTimesSeenAfterUpdate" time="5" />
  <testcase classname="TriggerBase_Test" name="idToNumberOfTimesSeenBeforeUpdate" time="5" />
  <testcase classname="TriggerBase_Test" name="inverseContextsShouldFinalizeDmlOperationDelete" time="5" />
  <testcase classname="TriggerBase_Test" name="inverseContextsShouldFinalizeDmlOperationInsert" time="5" />
  <testcase classname="TriggerBase_Test" name="inverseContextsShouldFinalizeDmlOperationUndelete" time="5" />
  <testcase classname="TriggerBase_Test" name="inverseContextsShouldFinalizeDmlOperationUpdate" time="5" />
  <testcase classname="TriggerBase_Test" name="isBypassedShouldSucceed" time="5" />
  <testcase classname="TriggerBase_Test" name="offsetRowsShouldWork" time="4" />
  <testcase classname="TriggerBase_Test" name="oldAndNewShouldComeFromTrigger" time="5" />
  <testcase classname="TriggerBase_Test" name="peekShouldShowMostRecentlyAdded" time="4" />
  <testcase classname="TriggerBase_Test" name="peekingStackWhileEmptyShouldThrowException" time="4" />
  <testcase classname="TriggerBase_Test" name="poppingStackWhileEmptyShouldThrowException" time="5" />
  <testcase classname="TriggerBase_Test" name="runShouldDoNothingWhenBypassed" time="5" />
  <testcase classname="TriggerBase_Test" name="runShouldFailWhenCalledOutsideTrigger" time="5" />
  <testcase classname="TriggerBase_Test" name="sObjectNameShouldBePopulatedFromTriggerNew" time="5" />
  <testcase classname="TriggerBase_Test" name="sObjectNameShouldBePopulatedFromTriggerOld" time="4" />
  <testcase classname="TriggerBase_Test" name="stackDepthShouldBeCalculatedProperly" time="4" />
  <testcase classname="TriggerBase_Test" name="stackShouldBeFirstInLastOut" time="5" />
  <testcase classname="TriggerBase_Test" name="stackShouldBeLastInFirstOut" time="5" />
  <testcase classname="TriggerBase_Test" name="stacksShouldBeAbleToDetermineIftheyAreEmpty" time="4" />
  <testcase classname="TriggerBase_Test" name="waitingThenFinalizingShouldWork" time="5" />
  <testcase classname="TriggerRecord_Test" name="shouldBeAbleToConstructATriggerRecord" time="38" />
  <testcase classname="Triggers_Test" name="testContentDocumentLinkTrigger" time="10459" />
  <testcase classname="Triggers_Test" name="testContractAndFormTrigger" time="966" />
  <testcase classname="Triggers_Test" name="testTransactionTrigger" time="327" />
  <testcase classname="Triggers_Test" name="testTransactionTriggerRecord" time="31" />
  <testcase classname="Util_Test" name="testGetNamespace" time="34" />
  <testcase classname="Util_Test" name="testIsOrgEmailEnabled" time="27" />
  <testcase classname="Util_Test" name="testPrefixNamespace" time="34" />
</testsuite>