<testsuite tests="168">
  <testcase classname="ContractFieldMergeInvocable_Test" name="testRefreshContracts" time="13042" />
  <testcase classname="ContractFieldMergeInvocable_Test" name="testRefreshContractsWithNoRequests" time="23" />
  <testcase classname="ContractFieldMergeInvocable_Test" name="testRefreshContractsWithNullRequests" time="18" />
  <testcase classname="ContractFieldMerge_Test" name="testPopulateMergeFields" time="17125" />
  <testcase classname="ContractMergeFieldService_Test" name="testFormatCurrencyFieldValue" time="78" />
  <testcase classname="ContractMergeFieldService_Test" name="testFormatFieldValue" time="27" />
  <testcase classname="ContractMergeFieldService_Test" name="testFormatNullValue" time="20" />
  <testcase classname="ContractMergeFieldService_Test" name="testGetMergeFieldsFromString" time="23" />
  <testcase classname="ContractMergeFieldService_Test" name="testGetMergeFieldsWithFallbackValue" time="20" />
  <testcase classname="ContractMergeFieldService_Test" name="testRemoveTableBlocks" time="19" />
  <testcase classname="ContractMergeFieldService_Test" name="testReplaceMergeFieldsWithValues" time="43" />
  <testcase classname="ContractMergeFieldService_Test" name="testReplaceParentMergeFieldsWithValues" time="381" />
  <testcase classname="ContractTemplateEditorController_Test" name="testGetFieldDescriptors" time="12841" />
  <testcase classname="ContractTemplateEditorController_Test" name="testGetFieldDescriptorsForInvalidObject" time="86" />
  <testcase classname="ContractTemplateEditorController_Test" name="testGetFieldDescriptorsForRelationshipPath" time="1245" />
  <testcase classname="ContractTemplateEditorController_Test" name="testGetPreviewWaiverText" time="2884" />
  <testcase classname="ContractTemplateEditorController_Test" name="testGetPreviewWaiverTextWithFakeTemplateId" time="2240" />
  <testcase classname="ContractTemplateService_Test" name="testAddTemplatesToCache" time="1757" />
  <testcase classname="ContractTemplateService_Test" name="testDoesNotReloadAlreadyCachedTemplates" time="1118" />
  <testcase classname="ContractTemplateService_Test" name="testMissingQueryRelationship" time="917" />
  <testcase classname="FieldPathManager_Test" name="testIsValid" time="21" />
  <testcase classname="FieldPathManager_Test" name="testNormalize" time="21" />
  <testcase classname="FinalizerHandler_Test" name="bypassFinalizerShouldSucceed" time="34" />
  <testcase classname="FinalizerHandler_Test" name="bypassedFinalizerShouldNotExecute" time="38" />
  <testcase classname="FinalizerHandler_Test" name="clearAllFinalizerBypassesShouldSucceed" time="22" />
  <testcase classname="FinalizerHandler_Test" name="clearFinalizerBypassShouldSucceed" time="24" />
  <testcase classname="FinalizerHandler_Test" name="finalizerIsBypassedShouldSucceed" time="23" />
  <testcase classname="FinalizerHandler_Test" name="finalizerThatInvokesDmlShouldCauseException" time="27" />
  <testcase classname="FinalizerHandler_Test" name="finalizersShouldExecuteInOrder" time="25" />
  <testcase classname="FinalizerHandler_Test" name="invalidFinalizerClassShouldThrowException" time="22" />
  <testcase classname="FinalizerHandler_Test" name="noConfiguredFinalizerShouldTakeNoAction" time="26" />
  <testcase classname="FinalizerHandler_Test" name="properlyConfiguredFinalizerShouldExecute" time="35" />
  <testcase classname="FinalizerHandler_Test" name="referencedClassDoesNotImplementDmlFinalizerShouldThrowException" time="25" />
  <testcase classname="FinalizerHandler_Test" name="staticallyBypassedFinalizerShouldNotExecute" time="23" />
  <testcase classname="FinalizerHandler_Test" name="userWithBypassPermissionDefinedOnFinalizerShouldNotExecute" time="21" />
  <testcase classname="FinalizerHandler_Test" name="userWithoutRequiredPermissionDefinedOnFinalizerShouldNotExecute" time="22" />
  <testcase classname="FlowChangeEventHeader_Test" name="shouldBeAbleToCompare" time="45" />
  <testcase classname="FlowChangeEventHeader_Test" name="shouldBeAbleToConstruct" time="25" />
  <testcase classname="FlowChangeEventHeader_Test" name="shouldBeAbleToGenerateHashCode" time="20" />
  <testcase classname="FormulaFilter_Test" name="emptyClassShouldThrowException" time="47" />
  <testcase classname="FormulaFilter_Test" name="emptyStringFormulaShouldProcessAllRecords" time="28" />
  <testcase classname="FormulaFilter_Test" name="invalidFormulaSyntaxShouldThrowException" time="36" />
  <testcase classname="FormulaFilter_Test" name="noFormulaShouldProcessAllRecords" time="17" />
  <testcase classname="FormulaFilter_Test" name="nonExistentClassShouldThrowException" time="19" />
  <testcase classname="FormulaFilter_Test" name="nonGlobalShouldThrowException" time="22" />
  <testcase classname="FormulaFilter_Test" name="nonTriggerRecordClassShouldThrowException" time="29" />
  <testcase classname="FormulaFilter_Test" name="nullClassShouldThrowException" time="21" />
  <testcase classname="FormulaFilter_Test" name="validFormulaShouldFilterContentsOftriggerNew" time="21" />
  <testcase classname="FormulaFilter_Test" name="validFormulaWithNoMatchingRecordsShouldProcessNoRecords" time="19" />
  <testcase classname="MetadataTriggerHandler_Test" name="actionMetadataShouldConstruct" time="176" />
  <testcase classname="MetadataTriggerHandler_Test" name="actionShouldExecuteIfNoRequiredOrBypassPermissionsAreDefinedForSObjectOrAction" time="37" />
  <testcase classname="MetadataTriggerHandler_Test" name="actionShouldExecuteIfUserDoesNotHaveBypassPermissionForSObjectOrAction" time="28" />
  <testcase classname="MetadataTriggerHandler_Test" name="actionShouldNotExecuteIfUserDoesNotHaveRequiredPermissionForAction" time="18" />
  <testcase classname="MetadataTriggerHandler_Test" name="actionShouldNotExecuteIfUserDoesNotHaveRequiredPermissionForSObject" time="14" />
  <testcase classname="MetadataTriggerHandler_Test" name="actionShouldNotExecuteIfUserHasBypassPermissionForAction" time="16" />
  <testcase classname="MetadataTriggerHandler_Test" name="actionShouldNotExecuteIfUserHasBypassPermissionForSObject" time="14" />
  <testcase classname="MetadataTriggerHandler_Test" name="afterDeleteShouldFailWithIncorrectClass" time="21" />
  <testcase classname="MetadataTriggerHandler_Test" name="afterDeleteShouldFailWithIncorrectType" time="16" />
  <testcase classname="MetadataTriggerHandler_Test" name="afterDeleteShouldSucceed" time="16" />
  <testcase classname="MetadataTriggerHandler_Test" name="afterInsertShouldFailWithIncorrectClass" time="15" />
  <testcase classname="MetadataTriggerHandler_Test" name="afterInsertShouldFailWithIncorrectType" time="16" />
  <testcase classname="MetadataTriggerHandler_Test" name="afterInsertShouldSucceed" time="20" />
  <testcase classname="MetadataTriggerHandler_Test" name="afterUndeleteShouldFailWithIncorrectClass" time="15" />
  <testcase classname="MetadataTriggerHandler_Test" name="afterUndeleteShouldFailWithIncorrectType" time="19" />
  <testcase classname="MetadataTriggerHandler_Test" name="afterUndeleteShouldSucceed" time="17" />
  <testcase classname="MetadataTriggerHandler_Test" name="afterUpdateShouldFailWithIncorrectClass" time="16" />
  <testcase classname="MetadataTriggerHandler_Test" name="afterUpdateShouldFailWithIncorrectType" time="15" />
  <testcase classname="MetadataTriggerHandler_Test" name="afterUpdateShouldSucceed" time="19" />
  <testcase classname="MetadataTriggerHandler_Test" name="beforeDeleteShouldFailWithIncorrectClass" time="15" />
  <testcase classname="MetadataTriggerHandler_Test" name="beforeDeleteShouldFailWithIncorrectType" time="15" />
  <testcase classname="MetadataTriggerHandler_Test" name="beforeDeleteShouldSucceed" time="16" />
  <testcase classname="MetadataTriggerHandler_Test" name="beforeInsertShouldFailWithIncorrectClass" time="16" />
  <testcase classname="MetadataTriggerHandler_Test" name="beforeInsertShouldFailWithIncorrectType" time="15" />
  <testcase classname="MetadataTriggerHandler_Test" name="beforeInsertShouldSucceed" time="15" />
  <testcase classname="MetadataTriggerHandler_Test" name="beforeUpdateShouldFailWithIncorrectClass" time="16" />
  <testcase classname="MetadataTriggerHandler_Test" name="beforeUpdateShouldFailWithIncorrectType" time="19" />
  <testcase classname="MetadataTriggerHandler_Test" name="beforeUpdateShouldSucceed" time="19" />
  <testcase classname="MetadataTriggerHandler_Test" name="bypassShouldSucceed" time="14" />
  <testcase classname="MetadataTriggerHandler_Test" name="clearAllBypassesShouldSucceed" time="15" />
  <testcase classname="MetadataTriggerHandler_Test" name="clearBypassShouldSucceed" time="18" />
  <testcase classname="MetadataTriggerHandler_Test" name="finalizerShouldSucceed" time="20" />
  <testcase classname="MetadataTriggerHandler_Test" name="isBypassedShouldSucceed" time="15" />
  <testcase classname="MetadataTriggerHandler_Test" name="nothingToProcessShouldExitEarly" time="16" />
  <testcase classname="MetadataTriggerHandler_Test" name="theFrameworkShouldSupportFlow" time="15" />
  <testcase classname="MetadataTriggerHandler_Test" name="theFrameworkShouldSupportSObjectsFromManagedPackages" time="43" />
  <testcase classname="TA_CAF_MergeFieldValues_Test" name="testPopulateMergeFields" time="17615" />
  <testcase classname="TriggerActionFlowAddError_Test" name="addErrorShouldAddAnErrorAtTheFieldSpecified" time="41" />
  <testcase classname="TriggerActionFlowAddError_Test" name="addErrorShouldSucceedWithValidRequest" time="23" />
  <testcase classname="TriggerActionFlowBypass_Test" name="bypassApexShouldSucceedWithValidRequest" time="59" />
  <testcase classname="TriggerActionFlowBypass_Test" name="bypassFlowShouldSucceedWithValidRequest" time="21" />
  <testcase classname="TriggerActionFlowBypass_Test" name="bypassObjectShouldSucceedWithValidRequest" time="14" />
  <testcase classname="TriggerActionFlowBypass_Test" name="bypassShouldFailWithInvalidType" time="18" />
  <testcase classname="TriggerActionFlowChangeEvent_Test" name="correctInputShouldProduceFlowInputs" time="23" />
  <testcase classname="TriggerActionFlowChangeEvent_Test" name="emptyInputShouldProduceEmptyFlowInputs" time="17" />
  <testcase classname="TriggerActionFlowChangeEvent_Test" name="wrongDataTypeShouldThrowException" time="12" />
  <testcase classname="TriggerActionFlowClearAllBypasses_Test" name="clearAllBypassApexShouldSucceedWithValidRequest" time="48" />
  <testcase classname="TriggerActionFlowClearAllBypasses_Test" name="clearAllBypassFlowShouldSucceedWithValidRequest" time="21" />
  <testcase classname="TriggerActionFlowClearAllBypasses_Test" name="clearAllBypassObjectShouldSucceedWithValidRequest" time="16" />
  <testcase classname="TriggerActionFlowClearAllBypasses_Test" name="clearAllBypassShouldFailWithInvalidType" time="15" />
  <testcase classname="TriggerActionFlowClearBypass_Test" name="clearBypassApexShouldSucceedWithValidRequest" time="65" />
  <testcase classname="TriggerActionFlowClearBypass_Test" name="clearBypassFlowShouldSucceedWithValidRequest" time="26" />
  <testcase classname="TriggerActionFlowClearBypass_Test" name="clearBypassObjecthouldSucceedWithValidRequest" time="17" />
  <testcase classname="TriggerActionFlowClearBypass_Test" name="clearBypassShouldFailWithInvalidType" time="22" />
  <testcase classname="TriggerActionFlowIsBypassed_Test" name="isBypassedApexShouldSucceedWithValidRequest" time="77" />
  <testcase classname="TriggerActionFlowIsBypassed_Test" name="isBypassedFlowShouldSucceedWithValidRequest" time="28" />
  <testcase classname="TriggerActionFlowIsBypassed_Test" name="isBypassedObjectShouldSucceedWithValidRequest" time="18" />
  <testcase classname="TriggerActionFlowIsBypassed_Test" name="isBypassedShouldFailWithInvalidType" time="23" />
  <testcase classname="TriggerActionFlow_Test" name="afterDeleteShouldSucceed" time="24" />
  <testcase classname="TriggerActionFlow_Test" name="afterInsertShouldSucceed" time="25" />
  <testcase classname="TriggerActionFlow_Test" name="afterUndeleteShouldSucceed" time="15" />
  <testcase classname="TriggerActionFlow_Test" name="afterUpdateShouldSucceed" time="17" />
  <testcase classname="TriggerActionFlow_Test" name="afterUpdateWithNoRecordsToProcessShouldSucceed" time="14" />
  <testcase classname="TriggerActionFlow_Test" name="beforeDeleteShouldSucceed" time="15" />
  <testcase classname="TriggerActionFlow_Test" name="beforeInsertShouldSucceed" time="16" />
  <testcase classname="TriggerActionFlow_Test" name="beforeUpdateShouldSucceed" time="18" />
  <testcase classname="TriggerActionFlow_Test" name="beforeUpdateWithNoRecordsToProcessShouldSucceed" time="16" />
  <testcase classname="TriggerActionFlow_Test" name="bypassShouldSucceed" time="17" />
  <testcase classname="TriggerActionFlow_Test" name="clearAllBypassesShouldSucceed" time="14" />
  <testcase classname="TriggerActionFlow_Test" name="clearBypassShouldSucceed" time="15" />
  <testcase classname="TriggerActionFlow_Test" name="emptyFlowNameShouldThrowException" time="16" />
  <testcase classname="TriggerActionFlow_Test" name="flowMissingRecordVariableInOutputShouldThrowException" time="16" />
  <testcase classname="TriggerActionFlow_Test" name="invokeFlowShouldReturnUnsuccessfulResponseWithBogusFlowName" time="30" />
  <testcase classname="TriggerActionFlow_Test" name="isBypassedShouldSucceed" time="14" />
  <testcase classname="TriggerActionFlow_Test" name="noRecordMutationsShouldSucceed" time="14" />
  <testcase classname="TriggerActionFlow_Test" name="nulledFieldInFlowShouldBeTransferredBack" time="15" />
  <testcase classname="TriggerActionFlow_Test" name="shouldDoNothingWhenBypassed" time="14" />
  <testcase classname="TriggerActionFlow_Test" name="unsuccessfulActionResultShouldBeAddedAsErrorToRecord" time="18" />
  <testcase classname="TriggerActionFlow_Test" name="validateTypeShouldThrowExceptionWithInvalidInput" time="18" />
  <testcase classname="TriggerBase_Test" name="afterDeleteShouldSucceed" time="79" />
  <testcase classname="TriggerBase_Test" name="afterInsertShouldSucceed" time="58" />
  <testcase classname="TriggerBase_Test" name="afterUndeleteShouldSucceed" time="24" />
  <testcase classname="TriggerBase_Test" name="afterUpdateShouldSucceed" time="25" />
  <testcase classname="TriggerBase_Test" name="beforeDeleteShouldSucceed" time="24" />
  <testcase classname="TriggerBase_Test" name="beforeInsertShouldSucceed" time="24" />
  <testcase classname="TriggerBase_Test" name="beforeUpdateShouldSucceed" time="25" />
  <testcase classname="TriggerBase_Test" name="bypassShouldSucceed" time="21" />
  <testcase classname="TriggerBase_Test" name="clearAllBypassesShouldSucceed" time="24" />
  <testcase classname="TriggerBase_Test" name="clearBypassShouldSucceed" time="23" />
  <testcase classname="TriggerBase_Test" name="finalizingWithoutWaitingShouldThrowError" time="26" />
  <testcase classname="TriggerBase_Test" name="idToNumberOfTimesSeenAfterUpdate" time="29" />
  <testcase classname="TriggerBase_Test" name="idToNumberOfTimesSeenBeforeUpdate" time="27" />
  <testcase classname="TriggerBase_Test" name="inverseContextsShouldFinalizeDmlOperationDelete" time="29" />
  <testcase classname="TriggerBase_Test" name="inverseContextsShouldFinalizeDmlOperationInsert" time="27" />
  <testcase classname="TriggerBase_Test" name="inverseContextsShouldFinalizeDmlOperationUndelete" time="27" />
  <testcase classname="TriggerBase_Test" name="inverseContextsShouldFinalizeDmlOperationUpdate" time="25" />
  <testcase classname="TriggerBase_Test" name="isBypassedShouldSucceed" time="23" />
  <testcase classname="TriggerBase_Test" name="offsetRowsShouldWork" time="22" />
  <testcase classname="TriggerBase_Test" name="oldAndNewShouldComeFromTrigger" time="23" />
  <testcase classname="TriggerBase_Test" name="peekShouldShowMostRecentlyAdded" time="22" />
  <testcase classname="TriggerBase_Test" name="peekingStackWhileEmptyShouldThrowException" time="26" />
  <testcase classname="TriggerBase_Test" name="poppingStackWhileEmptyShouldThrowException" time="22" />
  <testcase classname="TriggerBase_Test" name="runShouldDoNothingWhenBypassed" time="22" />
  <testcase classname="TriggerBase_Test" name="runShouldFailWhenCalledOutsideTrigger" time="22" />
  <testcase classname="TriggerBase_Test" name="sObjectNameShouldBePopulatedFromTriggerNew" time="21" />
  <testcase classname="TriggerBase_Test" name="sObjectNameShouldBePopulatedFromTriggerOld" time="43" />
  <testcase classname="TriggerBase_Test" name="stackDepthShouldBeCalculatedProperly" time="24" />
  <testcase classname="TriggerBase_Test" name="stackShouldBeFirstInLastOut" time="20" />
  <testcase classname="TriggerBase_Test" name="stackShouldBeLastInFirstOut" time="20" />
  <testcase classname="TriggerBase_Test" name="stacksShouldBeAbleToDetermineIftheyAreEmpty" time="19" />
  <testcase classname="TriggerBase_Test" name="waitingThenFinalizingShouldWork" time="17" />
  <testcase classname="TriggerRecord_Test" name="shouldBeAbleToConstructATriggerRecord" time="14" />
  <testcase classname="Triggers_Test" name="testContentDocumentLinkTrigger" time="9721" />
  <testcase classname="Triggers_Test" name="testContractAndFormTrigger" time="845" />
  <testcase classname="Triggers_Test" name="testTransactionTrigger" time="370" />
  <testcase classname="Triggers_Test" name="testTransactionTriggerRecord" time="27" />
  <testcase classname="Util_Test" name="testGetNamespace" time="16" />
  <testcase classname="Util_Test" name="testIsOrgEmailEnabled" time="25" />
  <testcase classname="Util_Test" name="testPrefixNamespace" time="13" />
</testsuite>