<testsuite tests="159">
  <testcase classname="ContractFieldMerge_Test" name="makeData" time="2777" />
  <testcase classname="ContractFieldMerge_Test" name="testPopulateMergeFields" time="52" />
  <testcase classname="ContractMergeFieldService_Test" name="testFormatCurrencyFieldValue" time="93" />
  <testcase classname="ContractMergeFieldService_Test" name="testFormatFieldValue" time="20" />
  <testcase classname="ContractMergeFieldService_Test" name="testFormatNullValue" time="20" />
  <testcase classname="ContractMergeFieldService_Test" name="testGetMergeFieldsFromString" time="23" />
  <testcase classname="ContractMergeFieldService_Test" name="testGetMergeFieldsWithFallbackValue" time="19" />
  <testcase classname="ContractMergeFieldService_Test" name="testRemoveTableBlocks" time="19" />
  <testcase classname="ContractMergeFieldService_Test" name="testReplaceMergeFieldsWithValues" time="40" />
  <testcase classname="ContractMergeFieldService_Test" name="testReplaceParentMergeFieldsWithValues" time="322" />
  <testcase classname="FieldPathManager_Test" name="testIsValid" time="52" />
  <testcase classname="FieldPathManager_Test" name="testNormalize" time="21" />
  <testcase classname="FinalizerHandler_Test" name="bypassFinalizerShouldSucceed" time="14" />
  <testcase classname="FinalizerHandler_Test" name="bypassedFinalizerShouldNotExecute" time="15" />
  <testcase classname="FinalizerHandler_Test" name="clearAllFinalizerBypassesShouldSucceed" time="15" />
  <testcase classname="FinalizerHandler_Test" name="clearFinalizerBypassShouldSucceed" time="14" />
  <testcase classname="FinalizerHandler_Test" name="finalizerIsBypassedShouldSucceed" time="18" />
  <testcase classname="FinalizerHandler_Test" name="finalizerThatInvokesDmlShouldCauseException" time="16" />
  <testcase classname="FinalizerHandler_Test" name="finalizersShouldExecuteInOrder" time="18" />
  <testcase classname="FinalizerHandler_Test" name="invalidFinalizerClassShouldThrowException" time="18" />
  <testcase classname="FinalizerHandler_Test" name="noConfiguredFinalizerShouldTakeNoAction" time="15" />
  <testcase classname="FinalizerHandler_Test" name="properlyConfiguredFinalizerShouldExecute" time="21" />
  <testcase classname="FinalizerHandler_Test" name="referencedClassDoesNotImplementDmlFinalizerShouldThrowException" time="14" />
  <testcase classname="FinalizerHandler_Test" name="staticallyBypassedFinalizerShouldNotExecute" time="17" />
  <testcase classname="FinalizerHandler_Test" name="userWithBypassPermissionDefinedOnFinalizerShouldNotExecute" time="13" />
  <testcase classname="FinalizerHandler_Test" name="userWithoutRequiredPermissionDefinedOnFinalizerShouldNotExecute" time="13" />
  <testcase classname="FlowChangeEventHeader_Test" name="shouldBeAbleToCompare" time="20" />
  <testcase classname="FlowChangeEventHeader_Test" name="shouldBeAbleToConstruct" time="22" />
  <testcase classname="FlowChangeEventHeader_Test" name="shouldBeAbleToGenerateHashCode" time="22" />
  <testcase classname="FormulaFilter_Test" name="emptyClassShouldThrowException" time="36" />
  <testcase classname="FormulaFilter_Test" name="emptyStringFormulaShouldProcessAllRecords" time="18" />
  <testcase classname="FormulaFilter_Test" name="invalidFormulaSyntaxShouldThrowException" time="25" />
  <testcase classname="FormulaFilter_Test" name="noFormulaShouldProcessAllRecords" time="18" />
  <testcase classname="FormulaFilter_Test" name="nonExistentClassShouldThrowException" time="23" />
  <testcase classname="FormulaFilter_Test" name="nonGlobalShouldThrowException" time="24" />
  <testcase classname="FormulaFilter_Test" name="nonTriggerRecordClassShouldThrowException" time="29" />
  <testcase classname="FormulaFilter_Test" name="nullClassShouldThrowException" time="24" />
  <testcase classname="FormulaFilter_Test" name="validFormulaShouldFilterContentsOftriggerNew" time="20" />
  <testcase classname="FormulaFilter_Test" name="validFormulaWithNoMatchingRecordsShouldProcessNoRecords" time="22" />
  <testcase classname="MetadataTriggerHandler_Test" name="actionMetadataShouldConstruct" time="110" />
  <testcase classname="MetadataTriggerHandler_Test" name="actionShouldExecuteIfNoRequiredOrBypassPermissionsAreDefinedForSObjectOrAction" time="10" />
  <testcase classname="MetadataTriggerHandler_Test" name="actionShouldExecuteIfUserDoesNotHaveBypassPermissionForSObjectOrAction" time="20" />
  <testcase classname="MetadataTriggerHandler_Test" name="actionShouldNotExecuteIfUserDoesNotHaveRequiredPermissionForAction" time="14" />
  <testcase classname="MetadataTriggerHandler_Test" name="actionShouldNotExecuteIfUserDoesNotHaveRequiredPermissionForSObject" time="15" />
  <testcase classname="MetadataTriggerHandler_Test" name="actionShouldNotExecuteIfUserHasBypassPermissionForAction" time="14" />
  <testcase classname="MetadataTriggerHandler_Test" name="actionShouldNotExecuteIfUserHasBypassPermissionForSObject" time="15" />
  <testcase classname="MetadataTriggerHandler_Test" name="afterDeleteShouldFailWithIncorrectClass" time="13" />
  <testcase classname="MetadataTriggerHandler_Test" name="afterDeleteShouldFailWithIncorrectType" time="15" />
  <testcase classname="MetadataTriggerHandler_Test" name="afterDeleteShouldSucceed" time="15" />
  <testcase classname="MetadataTriggerHandler_Test" name="afterInsertShouldFailWithIncorrectClass" time="16" />
  <testcase classname="MetadataTriggerHandler_Test" name="afterInsertShouldFailWithIncorrectType" time="16" />
  <testcase classname="MetadataTriggerHandler_Test" name="afterInsertShouldSucceed" time="15" />
  <testcase classname="MetadataTriggerHandler_Test" name="afterUndeleteShouldFailWithIncorrectClass" time="54" />
  <testcase classname="MetadataTriggerHandler_Test" name="afterUndeleteShouldFailWithIncorrectType" time="14" />
  <testcase classname="MetadataTriggerHandler_Test" name="afterUndeleteShouldSucceed" time="14" />
  <testcase classname="MetadataTriggerHandler_Test" name="afterUpdateShouldFailWithIncorrectClass" time="15" />
  <testcase classname="MetadataTriggerHandler_Test" name="afterUpdateShouldFailWithIncorrectType" time="14" />
  <testcase classname="MetadataTriggerHandler_Test" name="afterUpdateShouldSucceed" time="14" />
  <testcase classname="MetadataTriggerHandler_Test" name="beforeDeleteShouldFailWithIncorrectClass" time="14" />
  <testcase classname="MetadataTriggerHandler_Test" name="beforeDeleteShouldFailWithIncorrectType" time="13" />
  <testcase classname="MetadataTriggerHandler_Test" name="beforeDeleteShouldSucceed" time="14" />
  <testcase classname="MetadataTriggerHandler_Test" name="beforeInsertShouldFailWithIncorrectClass" time="16" />
  <testcase classname="MetadataTriggerHandler_Test" name="beforeInsertShouldFailWithIncorrectType" time="15" />
  <testcase classname="MetadataTriggerHandler_Test" name="beforeInsertShouldSucceed" time="13" />
  <testcase classname="MetadataTriggerHandler_Test" name="beforeUpdateShouldFailWithIncorrectClass" time="14" />
  <testcase classname="MetadataTriggerHandler_Test" name="beforeUpdateShouldFailWithIncorrectType" time="13" />
  <testcase classname="MetadataTriggerHandler_Test" name="beforeUpdateShouldSucceed" time="15" />
  <testcase classname="MetadataTriggerHandler_Test" name="bypassShouldSucceed" time="14" />
  <testcase classname="MetadataTriggerHandler_Test" name="clearAllBypassesShouldSucceed" time="13" />
  <testcase classname="MetadataTriggerHandler_Test" name="clearBypassShouldSucceed" time="14" />
  <testcase classname="MetadataTriggerHandler_Test" name="finalizerShouldSucceed" time="15" />
  <testcase classname="MetadataTriggerHandler_Test" name="isBypassedShouldSucceed" time="15" />
  <testcase classname="MetadataTriggerHandler_Test" name="nothingToProcessShouldExitEarly" time="12" />
  <testcase classname="MetadataTriggerHandler_Test" name="theFrameworkShouldSupportFlow" time="17" />
  <testcase classname="MetadataTriggerHandler_Test" name="theFrameworkShouldSupportSObjectsFromManagedPackages" time="33" />
  <testcase classname="TA_CAF_MergeFieldValues_Test" name="makeData" time="1983" />
  <testcase classname="TA_CAF_MergeFieldValues_Test" name="testPopulateMergeFields" time="208" />
  <testcase classname="TriggerActionFlowAddError_Test" name="addErrorShouldAddAnErrorAtTheFieldSpecified" time="25" />
  <testcase classname="TriggerActionFlowAddError_Test" name="addErrorShouldSucceedWithValidRequest" time="13" />
  <testcase classname="TriggerActionFlowBypass_Test" name="bypassApexShouldSucceedWithValidRequest" time="29" />
  <testcase classname="TriggerActionFlowBypass_Test" name="bypassFlowShouldSucceedWithValidRequest" time="23" />
  <testcase classname="TriggerActionFlowBypass_Test" name="bypassObjectShouldSucceedWithValidRequest" time="18" />
  <testcase classname="TriggerActionFlowBypass_Test" name="bypassShouldFailWithInvalidType" time="25" />
  <testcase classname="TriggerActionFlowChangeEvent_Test" name="correctInputShouldProduceFlowInputs" time="77" />
  <testcase classname="TriggerActionFlowChangeEvent_Test" name="emptyInputShouldProduceEmptyFlowInputs" time="14" />
  <testcase classname="TriggerActionFlowChangeEvent_Test" name="wrongDataTypeShouldThrowException" time="7" />
  <testcase classname="TriggerActionFlowClearAllBypasses_Test" name="clearAllBypassApexShouldSucceedWithValidRequest" time="58" />
  <testcase classname="TriggerActionFlowClearAllBypasses_Test" name="clearAllBypassFlowShouldSucceedWithValidRequest" time="13" />
  <testcase classname="TriggerActionFlowClearAllBypasses_Test" name="clearAllBypassObjectShouldSucceedWithValidRequest" time="4" />
  <testcase classname="TriggerActionFlowClearAllBypasses_Test" name="clearAllBypassShouldFailWithInvalidType" time="10" />
  <testcase classname="TriggerActionFlowClearBypass_Test" name="clearBypassApexShouldSucceedWithValidRequest" time="39" />
  <testcase classname="TriggerActionFlowClearBypass_Test" name="clearBypassFlowShouldSucceedWithValidRequest" time="22" />
  <testcase classname="TriggerActionFlowClearBypass_Test" name="clearBypassObjecthouldSucceedWithValidRequest" time="18" />
  <testcase classname="TriggerActionFlowClearBypass_Test" name="clearBypassShouldFailWithInvalidType" time="38" />
  <testcase classname="TriggerActionFlowIsBypassed_Test" name="isBypassedApexShouldSucceedWithValidRequest" time="26" />
  <testcase classname="TriggerActionFlowIsBypassed_Test" name="isBypassedFlowShouldSucceedWithValidRequest" time="20" />
  <testcase classname="TriggerActionFlowIsBypassed_Test" name="isBypassedObjectShouldSucceedWithValidRequest" time="9" />
  <testcase classname="TriggerActionFlowIsBypassed_Test" name="isBypassedShouldFailWithInvalidType" time="16" />
  <testcase classname="TriggerActionFlow_Test" name="afterDeleteShouldSucceed" time="129" />
  <testcase classname="TriggerActionFlow_Test" name="afterInsertShouldSucceed" time="9" />
  <testcase classname="TriggerActionFlow_Test" name="afterUndeleteShouldSucceed" time="14" />
  <testcase classname="TriggerActionFlow_Test" name="afterUpdateShouldSucceed" time="8" />
  <testcase classname="TriggerActionFlow_Test" name="afterUpdateWithNoRecordsToProcessShouldSucceed" time="15" />
  <testcase classname="TriggerActionFlow_Test" name="beforeDeleteShouldSucceed" time="16" />
  <testcase classname="TriggerActionFlow_Test" name="beforeInsertShouldSucceed" time="21" />
  <testcase classname="TriggerActionFlow_Test" name="beforeUpdateShouldSucceed" time="17" />
  <testcase classname="TriggerActionFlow_Test" name="beforeUpdateWithNoRecordsToProcessShouldSucceed" time="17" />
  <testcase classname="TriggerActionFlow_Test" name="bypassShouldSucceed" time="15" />
  <testcase classname="TriggerActionFlow_Test" name="clearAllBypassesShouldSucceed" time="16" />
  <testcase classname="TriggerActionFlow_Test" name="clearBypassShouldSucceed" time="14" />
  <testcase classname="TriggerActionFlow_Test" name="emptyFlowNameShouldThrowException" time="14" />
  <testcase classname="TriggerActionFlow_Test" name="flowMissingRecordVariableInOutputShouldThrowException" time="12" />
  <testcase classname="TriggerActionFlow_Test" name="invokeFlowShouldReturnUnsuccessfulResponseWithBogusFlowName" time="294" />
  <testcase classname="TriggerActionFlow_Test" name="isBypassedShouldSucceed" time="12" />
  <testcase classname="TriggerActionFlow_Test" name="noRecordMutationsShouldSucceed" time="15" />
  <testcase classname="TriggerActionFlow_Test" name="nulledFieldInFlowShouldBeTransferredBack" time="15" />
  <testcase classname="TriggerActionFlow_Test" name="shouldDoNothingWhenBypassed" time="11" />
  <testcase classname="TriggerActionFlow_Test" name="unsuccessfulActionResultShouldBeAddedAsErrorToRecord" time="14" />
  <testcase classname="TriggerActionFlow_Test" name="validateTypeShouldThrowExceptionWithInvalidInput" time="15" />
  <testcase classname="TriggerBase_Test" name="afterDeleteShouldSucceed" time="49" />
  <testcase classname="TriggerBase_Test" name="afterInsertShouldSucceed" time="23" />
  <testcase classname="TriggerBase_Test" name="afterUndeleteShouldSucceed" time="23" />
  <testcase classname="TriggerBase_Test" name="afterUpdateShouldSucceed" time="20" />
  <testcase classname="TriggerBase_Test" name="beforeDeleteShouldSucceed" time="21" />
  <testcase classname="TriggerBase_Test" name="beforeInsertShouldSucceed" time="20" />
  <testcase classname="TriggerBase_Test" name="beforeUpdateShouldSucceed" time="20" />
  <testcase classname="TriggerBase_Test" name="bypassShouldSucceed" time="20" />
  <testcase classname="TriggerBase_Test" name="clearAllBypassesShouldSucceed" time="19" />
  <testcase classname="TriggerBase_Test" name="clearBypassShouldSucceed" time="18" />
  <testcase classname="TriggerBase_Test" name="finalizingWithoutWaitingShouldThrowError" time="19" />
  <testcase classname="TriggerBase_Test" name="idToNumberOfTimesSeenAfterUpdate" time="22" />
  <testcase classname="TriggerBase_Test" name="idToNumberOfTimesSeenBeforeUpdate" time="20" />
  <testcase classname="TriggerBase_Test" name="inverseContextsShouldFinalizeDmlOperationDelete" time="21" />
  <testcase classname="TriggerBase_Test" name="inverseContextsShouldFinalizeDmlOperationInsert" time="22" />
  <testcase classname="TriggerBase_Test" name="inverseContextsShouldFinalizeDmlOperationUndelete" time="20" />
  <testcase classname="TriggerBase_Test" name="inverseContextsShouldFinalizeDmlOperationUpdate" time="20" />
  <testcase classname="TriggerBase_Test" name="isBypassedShouldSucceed" time="20" />
  <testcase classname="TriggerBase_Test" name="offsetRowsShouldWork" time="21" />
  <testcase classname="TriggerBase_Test" name="oldAndNewShouldComeFromTrigger" time="19" />
  <testcase classname="TriggerBase_Test" name="peekShouldShowMostRecentlyAdded" time="22" />
  <testcase classname="TriggerBase_Test" name="peekingStackWhileEmptyShouldThrowException" time="18" />
  <testcase classname="TriggerBase_Test" name="poppingStackWhileEmptyShouldThrowException" time="21" />
  <testcase classname="TriggerBase_Test" name="runShouldDoNothingWhenBypassed" time="19" />
  <testcase classname="TriggerBase_Test" name="runShouldFailWhenCalledOutsideTrigger" time="20" />
  <testcase classname="TriggerBase_Test" name="sObjectNameShouldBePopulatedFromTriggerNew" time="19" />
  <testcase classname="TriggerBase_Test" name="sObjectNameShouldBePopulatedFromTriggerOld" time="21" />
  <testcase classname="TriggerBase_Test" name="stackDepthShouldBeCalculatedProperly" time="19" />
  <testcase classname="TriggerBase_Test" name="stackShouldBeFirstInLastOut" time="20" />
  <testcase classname="TriggerBase_Test" name="stackShouldBeLastInFirstOut" time="17" />
  <testcase classname="TriggerBase_Test" name="stacksShouldBeAbleToDetermineIftheyAreEmpty" time="17" />
  <testcase classname="TriggerBase_Test" name="waitingThenFinalizingShouldWork" time="18" />
  <testcase classname="TriggerRecord_Test" name="shouldBeAbleToConstructATriggerRecord" time="87" />
  <testcase classname="Triggers_Test" name="testContentDocumentLinkTrigger" time="2129" />
  <testcase classname="Triggers_Test" name="testContractAndFormTrigger" time="469" />
  <testcase classname="Triggers_Test" name="testTransactionTrigger" time="269" />
  <testcase classname="Triggers_Test" name="testTransactionTriggerRecord" time="25" />
  <testcase classname="Util_Test" name="testGetNamespace" time="19" />
  <testcase classname="Util_Test" name="testIsOrgEmailEnabled" time="25" />
  <testcase classname="Util_Test" name="testPrefixNamespace" time="18" />
</testsuite>