<testsuite tests="156">
  <testcase classname="ContractFieldMerge_Test" name="makeData" time="8710" />
  <testcase classname="ContractFieldMerge_Test" name="testPopulateMergeFields" time="52" />
  <testcase classname="ContractMergeFieldService_Test" name="testFormatCurrencyFieldValue" time="65" />
  <testcase classname="ContractMergeFieldService_Test" name="testFormatFieldValue" time="26" />
  <testcase classname="ContractMergeFieldService_Test" name="testFormatNullValue" time="15" />
  <testcase classname="ContractMergeFieldService_Test" name="testGetMergeFieldsFromString" time="14" />
  <testcase classname="ContractMergeFieldService_Test" name="testGetMergeFieldsWithFallbackValue" time="14" />
  <testcase classname="ContractMergeFieldService_Test" name="testReplaceMergeFieldsWithValues" time="28" />
  <testcase classname="ContractMergeFieldService_Test" name="testReplaceParentMergeFieldsWithValues" time="213" />
  <testcase classname="FinalizerHandler_Test" name="bypassFinalizerShouldSucceed" time="25" />
  <testcase classname="FinalizerHandler_Test" name="bypassedFinalizerShouldNotExecute" time="32" />
  <testcase classname="FinalizerHandler_Test" name="clearAllFinalizerBypassesShouldSucceed" time="21" />
  <testcase classname="FinalizerHandler_Test" name="clearFinalizerBypassShouldSucceed" time="21" />
  <testcase classname="FinalizerHandler_Test" name="finalizerIsBypassedShouldSucceed" time="23" />
  <testcase classname="FinalizerHandler_Test" name="finalizerThatInvokesDmlShouldCauseException" time="25" />
  <testcase classname="FinalizerHandler_Test" name="finalizersShouldExecuteInOrder" time="24" />
  <testcase classname="FinalizerHandler_Test" name="invalidFinalizerClassShouldThrowException" time="21" />
  <testcase classname="FinalizerHandler_Test" name="noConfiguredFinalizerShouldTakeNoAction" time="26" />
  <testcase classname="FinalizerHandler_Test" name="properlyConfiguredFinalizerShouldExecute" time="30" />
  <testcase classname="FinalizerHandler_Test" name="referencedClassDoesNotImplementDmlFinalizerShouldThrowException" time="23" />
  <testcase classname="FinalizerHandler_Test" name="staticallyBypassedFinalizerShouldNotExecute" time="21" />
  <testcase classname="FinalizerHandler_Test" name="userWithBypassPermissionDefinedOnFinalizerShouldNotExecute" time="22" />
  <testcase classname="FinalizerHandler_Test" name="userWithoutRequiredPermissionDefinedOnFinalizerShouldNotExecute" time="23" />
  <testcase classname="FlowChangeEventHeader_Test" name="shouldBeAbleToCompare" time="19" />
  <testcase classname="FlowChangeEventHeader_Test" name="shouldBeAbleToConstruct" time="22" />
  <testcase classname="FlowChangeEventHeader_Test" name="shouldBeAbleToGenerateHashCode" time="14" />
  <testcase classname="FormulaFilter_Test" name="emptyClassShouldThrowException" time="36" />
  <testcase classname="FormulaFilter_Test" name="emptyStringFormulaShouldProcessAllRecords" time="30" />
  <testcase classname="FormulaFilter_Test" name="invalidFormulaSyntaxShouldThrowException" time="43" />
  <testcase classname="FormulaFilter_Test" name="noFormulaShouldProcessAllRecords" time="21" />
  <testcase classname="FormulaFilter_Test" name="nonExistentClassShouldThrowException" time="23" />
  <testcase classname="FormulaFilter_Test" name="nonGlobalShouldThrowException" time="24" />
  <testcase classname="FormulaFilter_Test" name="nonTriggerRecordClassShouldThrowException" time="30" />
  <testcase classname="FormulaFilter_Test" name="nullClassShouldThrowException" time="22" />
  <testcase classname="FormulaFilter_Test" name="validFormulaShouldFilterContentsOftriggerNew" time="22" />
  <testcase classname="FormulaFilter_Test" name="validFormulaWithNoMatchingRecordsShouldProcessNoRecords" time="22" />
  <testcase classname="MetadataTriggerHandler_Test" name="actionMetadataShouldConstruct" time="131" />
  <testcase classname="MetadataTriggerHandler_Test" name="actionShouldExecuteIfNoRequiredOrBypassPermissionsAreDefinedForSObjectOrAction" time="35" />
  <testcase classname="MetadataTriggerHandler_Test" name="actionShouldExecuteIfUserDoesNotHaveBypassPermissionForSObjectOrAction" time="32" />
  <testcase classname="MetadataTriggerHandler_Test" name="actionShouldNotExecuteIfUserDoesNotHaveRequiredPermissionForAction" time="20" />
  <testcase classname="MetadataTriggerHandler_Test" name="actionShouldNotExecuteIfUserDoesNotHaveRequiredPermissionForSObject" time="21" />
  <testcase classname="MetadataTriggerHandler_Test" name="actionShouldNotExecuteIfUserHasBypassPermissionForAction" time="21" />
  <testcase classname="MetadataTriggerHandler_Test" name="actionShouldNotExecuteIfUserHasBypassPermissionForSObject" time="22" />
  <testcase classname="MetadataTriggerHandler_Test" name="afterDeleteShouldFailWithIncorrectClass" time="21" />
  <testcase classname="MetadataTriggerHandler_Test" name="afterDeleteShouldFailWithIncorrectType" time="21" />
  <testcase classname="MetadataTriggerHandler_Test" name="afterDeleteShouldSucceed" time="22" />
  <testcase classname="MetadataTriggerHandler_Test" name="afterInsertShouldFailWithIncorrectClass" time="22" />
  <testcase classname="MetadataTriggerHandler_Test" name="afterInsertShouldFailWithIncorrectType" time="25" />
  <testcase classname="MetadataTriggerHandler_Test" name="afterInsertShouldSucceed" time="24" />
  <testcase classname="MetadataTriggerHandler_Test" name="afterUndeleteShouldFailWithIncorrectClass" time="20" />
  <testcase classname="MetadataTriggerHandler_Test" name="afterUndeleteShouldFailWithIncorrectType" time="20" />
  <testcase classname="MetadataTriggerHandler_Test" name="afterUndeleteShouldSucceed" time="23" />
  <testcase classname="MetadataTriggerHandler_Test" name="afterUpdateShouldFailWithIncorrectClass" time="22" />
  <testcase classname="MetadataTriggerHandler_Test" name="afterUpdateShouldFailWithIncorrectType" time="21" />
  <testcase classname="MetadataTriggerHandler_Test" name="afterUpdateShouldSucceed" time="24" />
  <testcase classname="MetadataTriggerHandler_Test" name="beforeDeleteShouldFailWithIncorrectClass" time="23" />
  <testcase classname="MetadataTriggerHandler_Test" name="beforeDeleteShouldFailWithIncorrectType" time="22" />
  <testcase classname="MetadataTriggerHandler_Test" name="beforeDeleteShouldSucceed" time="24" />
  <testcase classname="MetadataTriggerHandler_Test" name="beforeInsertShouldFailWithIncorrectClass" time="22" />
  <testcase classname="MetadataTriggerHandler_Test" name="beforeInsertShouldFailWithIncorrectType" time="25" />
  <testcase classname="MetadataTriggerHandler_Test" name="beforeInsertShouldSucceed" time="21" />
  <testcase classname="MetadataTriggerHandler_Test" name="beforeUpdateShouldFailWithIncorrectClass" time="21" />
  <testcase classname="MetadataTriggerHandler_Test" name="beforeUpdateShouldFailWithIncorrectType" time="24" />
  <testcase classname="MetadataTriggerHandler_Test" name="beforeUpdateShouldSucceed" time="24" />
  <testcase classname="MetadataTriggerHandler_Test" name="bypassShouldSucceed" time="20" />
  <testcase classname="MetadataTriggerHandler_Test" name="clearAllBypassesShouldSucceed" time="20" />
  <testcase classname="MetadataTriggerHandler_Test" name="clearBypassShouldSucceed" time="21" />
  <testcase classname="MetadataTriggerHandler_Test" name="finalizerShouldSucceed" time="24" />
  <testcase classname="MetadataTriggerHandler_Test" name="isBypassedShouldSucceed" time="21" />
  <testcase classname="MetadataTriggerHandler_Test" name="nothingToProcessShouldExitEarly" time="22" />
  <testcase classname="MetadataTriggerHandler_Test" name="theFrameworkShouldSupportFlow" time="21" />
  <testcase classname="MetadataTriggerHandler_Test" name="theFrameworkShouldSupportSObjectsFromManagedPackages" time="43" />
  <testcase classname="TA_CAF_MergeFieldValues_Test" name="makeData" time="9508" />
  <testcase classname="TA_CAF_MergeFieldValues_Test" name="testPopulateMergeFields" time="171" />
  <testcase classname="TriggerActionFlowAddError_Test" name="addErrorShouldAddAnErrorAtTheFieldSpecified" time="36" />
  <testcase classname="TriggerActionFlowAddError_Test" name="addErrorShouldSucceedWithValidRequest" time="23" />
  <testcase classname="TriggerActionFlowBypass_Test" name="bypassApexShouldSucceedWithValidRequest" time="46" />
  <testcase classname="TriggerActionFlowBypass_Test" name="bypassFlowShouldSucceedWithValidRequest" time="22" />
  <testcase classname="TriggerActionFlowBypass_Test" name="bypassObjectShouldSucceedWithValidRequest" time="15" />
  <testcase classname="TriggerActionFlowBypass_Test" name="bypassShouldFailWithInvalidType" time="18" />
  <testcase classname="TriggerActionFlowChangeEvent_Test" name="correctInputShouldProduceFlowInputs" time="54" />
  <testcase classname="TriggerActionFlowChangeEvent_Test" name="emptyInputShouldProduceEmptyFlowInputs" time="29" />
  <testcase classname="TriggerActionFlowChangeEvent_Test" name="wrongDataTypeShouldThrowException" time="23" />
  <testcase classname="TriggerActionFlowClearAllBypasses_Test" name="clearAllBypassApexShouldSucceedWithValidRequest" time="34" />
  <testcase classname="TriggerActionFlowClearAllBypasses_Test" name="clearAllBypassFlowShouldSucceedWithValidRequest" time="23" />
  <testcase classname="TriggerActionFlowClearAllBypasses_Test" name="clearAllBypassObjectShouldSucceedWithValidRequest" time="15" />
  <testcase classname="TriggerActionFlowClearAllBypasses_Test" name="clearAllBypassShouldFailWithInvalidType" time="16" />
  <testcase classname="TriggerActionFlowClearBypass_Test" name="clearBypassApexShouldSucceedWithValidRequest" time="54" />
  <testcase classname="TriggerActionFlowClearBypass_Test" name="clearBypassFlowShouldSucceedWithValidRequest" time="18" />
  <testcase classname="TriggerActionFlowClearBypass_Test" name="clearBypassObjecthouldSucceedWithValidRequest" time="12" />
  <testcase classname="TriggerActionFlowClearBypass_Test" name="clearBypassShouldFailWithInvalidType" time="18" />
  <testcase classname="TriggerActionFlowIsBypassed_Test" name="isBypassedApexShouldSucceedWithValidRequest" time="69" />
  <testcase classname="TriggerActionFlowIsBypassed_Test" name="isBypassedFlowShouldSucceedWithValidRequest" time="31" />
  <testcase classname="TriggerActionFlowIsBypassed_Test" name="isBypassedObjectShouldSucceedWithValidRequest" time="22" />
  <testcase classname="TriggerActionFlowIsBypassed_Test" name="isBypassedShouldFailWithInvalidType" time="24" />
  <testcase classname="TriggerActionFlow_Test" name="afterDeleteShouldSucceed" time="22" />
  <testcase classname="TriggerActionFlow_Test" name="afterInsertShouldSucceed" time="29" />
  <testcase classname="TriggerActionFlow_Test" name="afterUndeleteShouldSucceed" time="15" />
  <testcase classname="TriggerActionFlow_Test" name="afterUpdateShouldSucceed" time="15" />
  <testcase classname="TriggerActionFlow_Test" name="afterUpdateWithNoRecordsToProcessShouldSucceed" time="13" />
  <testcase classname="TriggerActionFlow_Test" name="beforeDeleteShouldSucceed" time="13" />
  <testcase classname="TriggerActionFlow_Test" name="beforeInsertShouldSucceed" time="14" />
  <testcase classname="TriggerActionFlow_Test" name="beforeUpdateShouldSucceed" time="15" />
  <testcase classname="TriggerActionFlow_Test" name="beforeUpdateWithNoRecordsToProcessShouldSucceed" time="13" />
  <testcase classname="TriggerActionFlow_Test" name="bypassShouldSucceed" time="16" />
  <testcase classname="TriggerActionFlow_Test" name="clearAllBypassesShouldSucceed" time="15" />
  <testcase classname="TriggerActionFlow_Test" name="clearBypassShouldSucceed" time="15" />
  <testcase classname="TriggerActionFlow_Test" name="emptyFlowNameShouldThrowException" time="19" />
  <testcase classname="TriggerActionFlow_Test" name="flowMissingRecordVariableInOutputShouldThrowException" time="20" />
  <testcase classname="TriggerActionFlow_Test" name="invokeFlowShouldReturnUnsuccessfulResponseWithBogusFlowName" time="29" />
  <testcase classname="TriggerActionFlow_Test" name="isBypassedShouldSucceed" time="16" />
  <testcase classname="TriggerActionFlow_Test" name="noRecordMutationsShouldSucceed" time="15" />
  <testcase classname="TriggerActionFlow_Test" name="nulledFieldInFlowShouldBeTransferredBack" time="14" />
  <testcase classname="TriggerActionFlow_Test" name="shouldDoNothingWhenBypassed" time="14" />
  <testcase classname="TriggerActionFlow_Test" name="unsuccessfulActionResultShouldBeAddedAsErrorToRecord" time="16" />
  <testcase classname="TriggerActionFlow_Test" name="validateTypeShouldThrowExceptionWithInvalidInput" time="25" />
  <testcase classname="TriggerBase_Test" name="afterDeleteShouldSucceed" time="65" />
  <testcase classname="TriggerBase_Test" name="afterInsertShouldSucceed" time="35" />
  <testcase classname="TriggerBase_Test" name="afterUndeleteShouldSucceed" time="22" />
  <testcase classname="TriggerBase_Test" name="afterUpdateShouldSucceed" time="24" />
  <testcase classname="TriggerBase_Test" name="beforeDeleteShouldSucceed" time="23" />
  <testcase classname="TriggerBase_Test" name="beforeInsertShouldSucceed" time="27" />
  <testcase classname="TriggerBase_Test" name="beforeUpdateShouldSucceed" time="24" />
  <testcase classname="TriggerBase_Test" name="bypassShouldSucceed" time="23" />
  <testcase classname="TriggerBase_Test" name="clearAllBypassesShouldSucceed" time="19" />
  <testcase classname="TriggerBase_Test" name="clearBypassShouldSucceed" time="20" />
  <testcase classname="TriggerBase_Test" name="finalizingWithoutWaitingShouldThrowError" time="22" />
  <testcase classname="TriggerBase_Test" name="idToNumberOfTimesSeenAfterUpdate" time="23" />
  <testcase classname="TriggerBase_Test" name="idToNumberOfTimesSeenBeforeUpdate" time="25" />
  <testcase classname="TriggerBase_Test" name="inverseContextsShouldFinalizeDmlOperationDelete" time="23" />
  <testcase classname="TriggerBase_Test" name="inverseContextsShouldFinalizeDmlOperationInsert" time="22" />
  <testcase classname="TriggerBase_Test" name="inverseContextsShouldFinalizeDmlOperationUndelete" time="23" />
  <testcase classname="TriggerBase_Test" name="inverseContextsShouldFinalizeDmlOperationUpdate" time="25" />
  <testcase classname="TriggerBase_Test" name="isBypassedShouldSucceed" time="22" />
  <testcase classname="TriggerBase_Test" name="offsetRowsShouldWork" time="19" />
  <testcase classname="TriggerBase_Test" name="oldAndNewShouldComeFromTrigger" time="20" />
  <testcase classname="TriggerBase_Test" name="peekShouldShowMostRecentlyAdded" time="20" />
  <testcase classname="TriggerBase_Test" name="peekingStackWhileEmptyShouldThrowException" time="21" />
  <testcase classname="TriggerBase_Test" name="poppingStackWhileEmptyShouldThrowException" time="22" />
  <testcase classname="TriggerBase_Test" name="runShouldDoNothingWhenBypassed" time="20" />
  <testcase classname="TriggerBase_Test" name="runShouldFailWhenCalledOutsideTrigger" time="21" />
  <testcase classname="TriggerBase_Test" name="sObjectNameShouldBePopulatedFromTriggerNew" time="20" />
  <testcase classname="TriggerBase_Test" name="sObjectNameShouldBePopulatedFromTriggerOld" time="21" />
  <testcase classname="TriggerBase_Test" name="stackDepthShouldBeCalculatedProperly" time="20" />
  <testcase classname="TriggerBase_Test" name="stackShouldBeFirstInLastOut" time="20" />
  <testcase classname="TriggerBase_Test" name="stackShouldBeLastInFirstOut" time="21" />
  <testcase classname="TriggerBase_Test" name="stacksShouldBeAbleToDetermineIftheyAreEmpty" time="23" />
  <testcase classname="TriggerBase_Test" name="waitingThenFinalizingShouldWork" time="21" />
  <testcase classname="TriggerRecord_Test" name="shouldBeAbleToConstructATriggerRecord" time="35" />
  <testcase classname="Triggers_Test" name="testContentDocumentLinkTrigger" time="9356" />
  <testcase classname="Triggers_Test" name="testContractAndFormTrigger" time="505" />
  <testcase classname="Triggers_Test" name="testTransactionTrigger" time="267" />
  <testcase classname="Triggers_Test" name="testTransactionTriggerRecord" time="16" />
  <testcase classname="Util_Test" name="testGetNamespace" time="35" />
  <testcase classname="Util_Test" name="testIsOrgEmailEnabled" time="33" />
  <testcase classname="Util_Test" name="testPrefixNamespace" time="22" />
</testsuite>