<testsuite tests="171">
  <testcase classname="ContractFieldMergeInvocable_Test" name="testRefreshContracts" time="2144" />
  <testcase classname="ContractFieldMergeInvocable_Test" name="testRefreshContractsWithNoRequests" time="12" />
  <testcase classname="ContractFieldMergeInvocable_Test" name="testRefreshContractsWithNullRequests" time="13" />
  <testcase classname="ContractFieldMerge_Test" name="testPopulateMergeFields" time="13628" />
  <testcase classname="ContractFieldMerge_Test" name="testServiceWithInvalidStatus" time="2144" />
  <testcase classname="ContractFieldMerge_Test" name="testServiceWithInvalidType" time="2027" />
  <testcase classname="ContractMergeFieldService_Test" name="testFormatCurrencyFieldValue" time="149" />
  <testcase classname="ContractMergeFieldService_Test" name="testFormatFieldValue" time="27" />
  <testcase classname="ContractMergeFieldService_Test" name="testFormatNullValue" time="26" />
  <testcase classname="ContractMergeFieldService_Test" name="testGetMergeFieldsFromString" time="24" />
  <testcase classname="ContractMergeFieldService_Test" name="testGetMergeFieldsWithFallbackValue" time="19" />
  <testcase classname="ContractMergeFieldService_Test" name="testRemoveTableBlocks" time="20" />
  <testcase classname="ContractMergeFieldService_Test" name="testReplaceMergeFieldsWithValues" time="42" />
  <testcase classname="ContractMergeFieldService_Test" name="testReplaceParentMergeFieldsWithValues" time="303" />
  <testcase classname="ContractTemplateEditorController_Test" name="testGetFieldDescriptors" time="2426" />
  <testcase classname="ContractTemplateEditorController_Test" name="testGetFieldDescriptorsForInvalidObject" time="68" />
  <testcase classname="ContractTemplateEditorController_Test" name="testGetFieldDescriptorsForRelationshipPath" time="705" />
  <testcase classname="ContractTemplateEditorController_Test" name="testGetPreviewWaiverText" time="1498" />
  <testcase classname="ContractTemplateEditorController_Test" name="testGetPreviewWaiverTextWithFakeTemplateId" time="1302" />
  <testcase classname="ContractTemplateEditorController_Test" name="testGetTemplateQueries" time="822" />
  <testcase classname="ContractTemplateService_Test" name="testAddTemplatesToCache" time="1744" />
  <testcase classname="ContractTemplateService_Test" name="testDoesNotReloadAlreadyCachedTemplates" time="843" />
  <testcase classname="ContractTemplateService_Test" name="testMissingQueryRelationship" time="771" />
  <testcase classname="FieldPathManager_Test" name="testIsValid" time="20" />
  <testcase classname="FieldPathManager_Test" name="testNormalize" time="22" />
  <testcase classname="FinalizerHandler_Test" name="bypassFinalizerShouldSucceed" time="24" />
  <testcase classname="FinalizerHandler_Test" name="bypassedFinalizerShouldNotExecute" time="33" />
  <testcase classname="FinalizerHandler_Test" name="clearAllFinalizerBypassesShouldSucceed" time="23" />
  <testcase classname="FinalizerHandler_Test" name="clearFinalizerBypassShouldSucceed" time="17" />
  <testcase classname="FinalizerHandler_Test" name="finalizerIsBypassedShouldSucceed" time="17" />
  <testcase classname="FinalizerHandler_Test" name="finalizerThatInvokesDmlShouldCauseException" time="25" />
  <testcase classname="FinalizerHandler_Test" name="finalizersShouldExecuteInOrder" time="20" />
  <testcase classname="FinalizerHandler_Test" name="invalidFinalizerClassShouldThrowException" time="19" />
  <testcase classname="FinalizerHandler_Test" name="noConfiguredFinalizerShouldTakeNoAction" time="21" />
  <testcase classname="FinalizerHandler_Test" name="properlyConfiguredFinalizerShouldExecute" time="28" />
  <testcase classname="FinalizerHandler_Test" name="referencedClassDoesNotImplementDmlFinalizerShouldThrowException" time="20" />
  <testcase classname="FinalizerHandler_Test" name="staticallyBypassedFinalizerShouldNotExecute" time="22" />
  <testcase classname="FinalizerHandler_Test" name="userWithBypassPermissionDefinedOnFinalizerShouldNotExecute" time="19" />
  <testcase classname="FinalizerHandler_Test" name="userWithoutRequiredPermissionDefinedOnFinalizerShouldNotExecute" time="18" />
  <testcase classname="FlowChangeEventHeader_Test" name="shouldBeAbleToCompare" time="16" />
  <testcase classname="FlowChangeEventHeader_Test" name="shouldBeAbleToConstruct" time="18" />
  <testcase classname="FlowChangeEventHeader_Test" name="shouldBeAbleToGenerateHashCode" time="14" />
  <testcase classname="FormulaFilter_Test" name="emptyClassShouldThrowException" time="30" />
  <testcase classname="FormulaFilter_Test" name="emptyStringFormulaShouldProcessAllRecords" time="15" />
  <testcase classname="FormulaFilter_Test" name="invalidFormulaSyntaxShouldThrowException" time="35" />
  <testcase classname="FormulaFilter_Test" name="noFormulaShouldProcessAllRecords" time="11" />
  <testcase classname="FormulaFilter_Test" name="nonExistentClassShouldThrowException" time="11" />
  <testcase classname="FormulaFilter_Test" name="nonGlobalShouldThrowException" time="13" />
  <testcase classname="FormulaFilter_Test" name="nonTriggerRecordClassShouldThrowException" time="18" />
  <testcase classname="FormulaFilter_Test" name="nullClassShouldThrowException" time="10" />
  <testcase classname="FormulaFilter_Test" name="validFormulaShouldFilterContentsOftriggerNew" time="13" />
  <testcase classname="FormulaFilter_Test" name="validFormulaWithNoMatchingRecordsShouldProcessNoRecords" time="14" />
  <testcase classname="MetadataTriggerHandler_Test" name="actionMetadataShouldConstruct" time="207" />
  <testcase classname="MetadataTriggerHandler_Test" name="actionShouldExecuteIfNoRequiredOrBypassPermissionsAreDefinedForSObjectOrAction" time="35" />
  <testcase classname="MetadataTriggerHandler_Test" name="actionShouldExecuteIfUserDoesNotHaveBypassPermissionForSObjectOrAction" time="23" />
  <testcase classname="MetadataTriggerHandler_Test" name="actionShouldNotExecuteIfUserDoesNotHaveRequiredPermissionForAction" time="18" />
  <testcase classname="MetadataTriggerHandler_Test" name="actionShouldNotExecuteIfUserDoesNotHaveRequiredPermissionForSObject" time="18" />
  <testcase classname="MetadataTriggerHandler_Test" name="actionShouldNotExecuteIfUserHasBypassPermissionForAction" time="17" />
  <testcase classname="MetadataTriggerHandler_Test" name="actionShouldNotExecuteIfUserHasBypassPermissionForSObject" time="19" />
  <testcase classname="MetadataTriggerHandler_Test" name="afterDeleteShouldFailWithIncorrectClass" time="18" />
  <testcase classname="MetadataTriggerHandler_Test" name="afterDeleteShouldFailWithIncorrectType" time="18" />
  <testcase classname="MetadataTriggerHandler_Test" name="afterDeleteShouldSucceed" time="20" />
  <testcase classname="MetadataTriggerHandler_Test" name="afterInsertShouldFailWithIncorrectClass" time="18" />
  <testcase classname="MetadataTriggerHandler_Test" name="afterInsertShouldFailWithIncorrectType" time="18" />
  <testcase classname="MetadataTriggerHandler_Test" name="afterInsertShouldSucceed" time="18" />
  <testcase classname="MetadataTriggerHandler_Test" name="afterUndeleteShouldFailWithIncorrectClass" time="17" />
  <testcase classname="MetadataTriggerHandler_Test" name="afterUndeleteShouldFailWithIncorrectType" time="20" />
  <testcase classname="MetadataTriggerHandler_Test" name="afterUndeleteShouldSucceed" time="20" />
  <testcase classname="MetadataTriggerHandler_Test" name="afterUpdateShouldFailWithIncorrectClass" time="19" />
  <testcase classname="MetadataTriggerHandler_Test" name="afterUpdateShouldFailWithIncorrectType" time="17" />
  <testcase classname="MetadataTriggerHandler_Test" name="afterUpdateShouldSucceed" time="22" />
  <testcase classname="MetadataTriggerHandler_Test" name="beforeDeleteShouldFailWithIncorrectClass" time="19" />
  <testcase classname="MetadataTriggerHandler_Test" name="beforeDeleteShouldFailWithIncorrectType" time="17" />
  <testcase classname="MetadataTriggerHandler_Test" name="beforeDeleteShouldSucceed" time="20" />
  <testcase classname="MetadataTriggerHandler_Test" name="beforeInsertShouldFailWithIncorrectClass" time="18" />
  <testcase classname="MetadataTriggerHandler_Test" name="beforeInsertShouldFailWithIncorrectType" time="17" />
  <testcase classname="MetadataTriggerHandler_Test" name="beforeInsertShouldSucceed" time="18" />
  <testcase classname="MetadataTriggerHandler_Test" name="beforeUpdateShouldFailWithIncorrectClass" time="21" />
  <testcase classname="MetadataTriggerHandler_Test" name="beforeUpdateShouldFailWithIncorrectType" time="18" />
  <testcase classname="MetadataTriggerHandler_Test" name="beforeUpdateShouldSucceed" time="19" />
  <testcase classname="MetadataTriggerHandler_Test" name="bypassShouldSucceed" time="17" />
  <testcase classname="MetadataTriggerHandler_Test" name="clearAllBypassesShouldSucceed" time="17" />
  <testcase classname="MetadataTriggerHandler_Test" name="clearBypassShouldSucceed" time="18" />
  <testcase classname="MetadataTriggerHandler_Test" name="finalizerShouldSucceed" time="21" />
  <testcase classname="MetadataTriggerHandler_Test" name="isBypassedShouldSucceed" time="18" />
  <testcase classname="MetadataTriggerHandler_Test" name="nothingToProcessShouldExitEarly" time="20" />
  <testcase classname="MetadataTriggerHandler_Test" name="theFrameworkShouldSupportFlow" time="17" />
  <testcase classname="MetadataTriggerHandler_Test" name="theFrameworkShouldSupportSObjectsFromManagedPackages" time="51" />
  <testcase classname="TA_CAF_MergeFieldValues_Test" name="testPopulateMergeFields" time="4342" />
  <testcase classname="TriggerActionFlowAddError_Test" name="addErrorShouldAddAnErrorAtTheFieldSpecified" time="31" />
  <testcase classname="TriggerActionFlowAddError_Test" name="addErrorShouldSucceedWithValidRequest" time="22" />
  <testcase classname="TriggerActionFlowBypass_Test" name="bypassApexShouldSucceedWithValidRequest" time="72" />
  <testcase classname="TriggerActionFlowBypass_Test" name="bypassFlowShouldSucceedWithValidRequest" time="40" />
  <testcase classname="TriggerActionFlowBypass_Test" name="bypassObjectShouldSucceedWithValidRequest" time="19" />
  <testcase classname="TriggerActionFlowBypass_Test" name="bypassShouldFailWithInvalidType" time="28" />
  <testcase classname="TriggerActionFlowChangeEvent_Test" name="correctInputShouldProduceFlowInputs" time="37" />
  <testcase classname="TriggerActionFlowChangeEvent_Test" name="emptyInputShouldProduceEmptyFlowInputs" time="16" />
  <testcase classname="TriggerActionFlowChangeEvent_Test" name="wrongDataTypeShouldThrowException" time="10" />
  <testcase classname="TriggerActionFlowClearAllBypasses_Test" name="clearAllBypassApexShouldSucceedWithValidRequest" time="58" />
  <testcase classname="TriggerActionFlowClearAllBypasses_Test" name="clearAllBypassFlowShouldSucceedWithValidRequest" time="19" />
  <testcase classname="TriggerActionFlowClearAllBypasses_Test" name="clearAllBypassObjectShouldSucceedWithValidRequest" time="11" />
  <testcase classname="TriggerActionFlowClearAllBypasses_Test" name="clearAllBypassShouldFailWithInvalidType" time="13" />
  <testcase classname="TriggerActionFlowClearBypass_Test" name="clearBypassApexShouldSucceedWithValidRequest" time="95" />
  <testcase classname="TriggerActionFlowClearBypass_Test" name="clearBypassFlowShouldSucceedWithValidRequest" time="31" />
  <testcase classname="TriggerActionFlowClearBypass_Test" name="clearBypassObjecthouldSucceedWithValidRequest" time="19" />
  <testcase classname="TriggerActionFlowClearBypass_Test" name="clearBypassShouldFailWithInvalidType" time="34" />
  <testcase classname="TriggerActionFlowIsBypassed_Test" name="isBypassedApexShouldSucceedWithValidRequest" time="89" />
  <testcase classname="TriggerActionFlowIsBypassed_Test" name="isBypassedFlowShouldSucceedWithValidRequest" time="21" />
  <testcase classname="TriggerActionFlowIsBypassed_Test" name="isBypassedObjectShouldSucceedWithValidRequest" time="21" />
  <testcase classname="TriggerActionFlowIsBypassed_Test" name="isBypassedShouldFailWithInvalidType" time="20" />
  <testcase classname="TriggerActionFlow_Test" name="afterDeleteShouldSucceed" time="47" />
  <testcase classname="TriggerActionFlow_Test" name="afterInsertShouldSucceed" time="26" />
  <testcase classname="TriggerActionFlow_Test" name="afterUndeleteShouldSucceed" time="17" />
  <testcase classname="TriggerActionFlow_Test" name="afterUpdateShouldSucceed" time="16" />
  <testcase classname="TriggerActionFlow_Test" name="afterUpdateWithNoRecordsToProcessShouldSucceed" time="16" />
  <testcase classname="TriggerActionFlow_Test" name="beforeDeleteShouldSucceed" time="16" />
  <testcase classname="TriggerActionFlow_Test" name="beforeInsertShouldSucceed" time="16" />
  <testcase classname="TriggerActionFlow_Test" name="beforeUpdateShouldSucceed" time="23" />
  <testcase classname="TriggerActionFlow_Test" name="beforeUpdateWithNoRecordsToProcessShouldSucceed" time="20" />
  <testcase classname="TriggerActionFlow_Test" name="bypassShouldSucceed" time="16" />
  <testcase classname="TriggerActionFlow_Test" name="clearAllBypassesShouldSucceed" time="18" />
  <testcase classname="TriggerActionFlow_Test" name="clearBypassShouldSucceed" time="16" />
  <testcase classname="TriggerActionFlow_Test" name="emptyFlowNameShouldThrowException" time="18" />
  <testcase classname="TriggerActionFlow_Test" name="flowMissingRecordVariableInOutputShouldThrowException" time="21" />
  <testcase classname="TriggerActionFlow_Test" name="invokeFlowShouldReturnUnsuccessfulResponseWithBogusFlowName" time="33" />
  <testcase classname="TriggerActionFlow_Test" name="isBypassedShouldSucceed" time="17" />
  <testcase classname="TriggerActionFlow_Test" name="noRecordMutationsShouldSucceed" time="12" />
  <testcase classname="TriggerActionFlow_Test" name="nulledFieldInFlowShouldBeTransferredBack" time="20" />
  <testcase classname="TriggerActionFlow_Test" name="shouldDoNothingWhenBypassed" time="16" />
  <testcase classname="TriggerActionFlow_Test" name="unsuccessfulActionResultShouldBeAddedAsErrorToRecord" time="19" />
  <testcase classname="TriggerActionFlow_Test" name="validateTypeShouldThrowExceptionWithInvalidInput" time="18" />
  <testcase classname="TriggerBase_Test" name="afterDeleteShouldSucceed" time="40" />
  <testcase classname="TriggerBase_Test" name="afterInsertShouldSucceed" time="38" />
  <testcase classname="TriggerBase_Test" name="afterUndeleteShouldSucceed" time="20" />
  <testcase classname="TriggerBase_Test" name="afterUpdateShouldSucceed" time="18" />
  <testcase classname="TriggerBase_Test" name="beforeDeleteShouldSucceed" time="17" />
  <testcase classname="TriggerBase_Test" name="beforeInsertShouldSucceed" time="16" />
  <testcase classname="TriggerBase_Test" name="beforeUpdateShouldSucceed" time="18" />
  <testcase classname="TriggerBase_Test" name="bypassShouldSucceed" time="15" />
  <testcase classname="TriggerBase_Test" name="clearAllBypassesShouldSucceed" time="18" />
  <testcase classname="TriggerBase_Test" name="clearBypassShouldSucceed" time="15" />
  <testcase classname="TriggerBase_Test" name="finalizingWithoutWaitingShouldThrowError" time="16" />
  <testcase classname="TriggerBase_Test" name="idToNumberOfTimesSeenAfterUpdate" time="20" />
  <testcase classname="TriggerBase_Test" name="idToNumberOfTimesSeenBeforeUpdate" time="19" />
  <testcase classname="TriggerBase_Test" name="inverseContextsShouldFinalizeDmlOperationDelete" time="19" />
  <testcase classname="TriggerBase_Test" name="inverseContextsShouldFinalizeDmlOperationInsert" time="22" />
  <testcase classname="TriggerBase_Test" name="inverseContextsShouldFinalizeDmlOperationUndelete" time="17" />
  <testcase classname="TriggerBase_Test" name="inverseContextsShouldFinalizeDmlOperationUpdate" time="17" />
  <testcase classname="TriggerBase_Test" name="isBypassedShouldSucceed" time="19" />
  <testcase classname="TriggerBase_Test" name="offsetRowsShouldWork" time="17" />
  <testcase classname="TriggerBase_Test" name="oldAndNewShouldComeFromTrigger" time="19" />
  <testcase classname="TriggerBase_Test" name="peekShouldShowMostRecentlyAdded" time="16" />
  <testcase classname="TriggerBase_Test" name="peekingStackWhileEmptyShouldThrowException" time="19" />
  <testcase classname="TriggerBase_Test" name="poppingStackWhileEmptyShouldThrowException" time="15" />
  <testcase classname="TriggerBase_Test" name="runShouldDoNothingWhenBypassed" time="17" />
  <testcase classname="TriggerBase_Test" name="runShouldFailWhenCalledOutsideTrigger" time="15" />
  <testcase classname="TriggerBase_Test" name="sObjectNameShouldBePopulatedFromTriggerNew" time="16" />
  <testcase classname="TriggerBase_Test" name="sObjectNameShouldBePopulatedFromTriggerOld" time="15" />
  <testcase classname="TriggerBase_Test" name="stackDepthShouldBeCalculatedProperly" time="17" />
  <testcase classname="TriggerBase_Test" name="stackShouldBeFirstInLastOut" time="16" />
  <testcase classname="TriggerBase_Test" name="stackShouldBeLastInFirstOut" time="17" />
  <testcase classname="TriggerBase_Test" name="stacksShouldBeAbleToDetermineIftheyAreEmpty" time="17" />
  <testcase classname="TriggerBase_Test" name="waitingThenFinalizingShouldWork" time="16" />
  <testcase classname="TriggerRecord_Test" name="shouldBeAbleToConstructATriggerRecord" time="28" />
  <testcase classname="Triggers_Test" name="testContentDocumentLinkTrigger" time="13237" />
  <testcase classname="Triggers_Test" name="testContractAndFormTrigger" time="799" />
  <testcase classname="Triggers_Test" name="testTransactionTrigger" time="363" />
  <testcase classname="Triggers_Test" name="testTransactionTriggerRecord" time="31" />
  <testcase classname="Util_Test" name="testGetNamespace" time="24" />
  <testcase classname="Util_Test" name="testIsOrgEmailEnabled" time="492" />
  <testcase classname="Util_Test" name="testPrefixNamespace" time="20" />
</testsuite>