<testsuite tests="189">
  <testcase classname="ContractFieldMergeInvocable_Test" name="testRefreshContractCollection" time="3660" />
  <testcase classname="ContractFieldMergeInvocable_Test" name="testRefreshContractCollectionWithDml" time="1949" />
  <testcase classname="ContractFieldMergeInvocable_Test" name="testRefreshContracts" time="1848" />
  <testcase classname="ContractFieldMergeInvocable_Test" name="testRefreshContractsWithDml" time="2041" />
  <testcase classname="ContractFieldMergeInvocable_Test" name="testRefreshContractsWithNoRequests" time="9" />
  <testcase classname="ContractFieldMergeInvocable_Test" name="testRefreshContractsWithNullRequests" time="9" />
  <testcase classname="ContractFieldMergeInvocable_Test" name="testRefreshEmptyCollection" time="627" />
  <testcase classname="ContractFieldMerge_Test" name="testInitializeServiceWithTemplatelessContract" time="1445" />
  <testcase classname="ContractFieldMerge_Test" name="testPopulateMergeFieldsForEmptyList" time="721" />
  <testcase classname="ContractFieldMerge_Test" name="testResolveMergeFields" time="2077" />
  <testcase classname="ContractFieldMerge_Test" name="testServiceWithInvalidStatus" time="1560" />
  <testcase classname="ContractFieldMerge_Test" name="testServiceWithInvalidType" time="1543" />
  <testcase classname="ContractMergeFieldService_Test" name="testMergeContractCollectionById" time="3295" />
  <testcase classname="ContractMergeFieldService_Test" name="testMergeSingleContractById" time="1997" />
  <testcase classname="ContractMergeFieldService_Test" name="testUpdateContracts" time="1096" />
  <testcase classname="ContractMergeFieldUtils_Test" name="testFormatCurrencyFieldValue" time="50" />
  <testcase classname="ContractMergeFieldUtils_Test" name="testFormatDateFieldValue" time="30" />
  <testcase classname="ContractMergeFieldUtils_Test" name="testFormatDatetimeFieldValue" time="7" />
  <testcase classname="ContractMergeFieldUtils_Test" name="testFormatNullValue" time="7" />
  <testcase classname="ContractMergeFieldUtils_Test" name="testGetMergeFieldsFromString" time="14" />
  <testcase classname="ContractMergeFieldUtils_Test" name="testGetMergeFieldsWithFallbackValue" time="8" />
  <testcase classname="ContractMergeFieldUtils_Test" name="testRemoveTableBlocks" time="6" />
  <testcase classname="ContractMergeFieldUtils_Test" name="testRemoveTableBlocksWithEmptyInput" time="5" />
  <testcase classname="ContractMergeFieldUtils_Test" name="testReplaceMergeFieldsWithValues" time="39" />
  <testcase classname="ContractMergeFieldUtils_Test" name="testReplaceParentMergeFieldsWithValues" time="420" />
  <testcase classname="ContractTemplateEditorController_Test" name="testGetFieldDescriptors" time="2042" />
  <testcase classname="ContractTemplateEditorController_Test" name="testGetFieldDescriptorsForInvalidObject" time="67" />
  <testcase classname="ContractTemplateEditorController_Test" name="testGetFieldDescriptorsForRelationshipPath" time="1010" />
  <testcase classname="ContractTemplateEditorController_Test" name="testGetPreviewWaiverText" time="2523" />
  <testcase classname="ContractTemplateEditorController_Test" name="testGetPreviewWaiverTextWithFakeTemplateId" time="2086" />
  <testcase classname="ContractTemplateEditorController_Test" name="testGetTemplateQueries" time="1143" />
  <testcase classname="ContractTemplateEditorController_Test" name="testGetTemplateQueriesWithInvalidId" time="741" />
  <testcase classname="ContractTemplateService_Test" name="testAddTemplatesToCache" time="1515" />
  <testcase classname="ContractTemplateService_Test" name="testDoesNotReloadAlreadyCachedTemplates" time="886" />
  <testcase classname="ContractTemplateService_Test" name="testMissingQueryRelationship" time="600" />
  <testcase classname="FieldPathManager_Test" name="testIsValid" time="18" />
  <testcase classname="FieldPathManager_Test" name="testNormalize" time="4" />
  <testcase classname="FieldPathResolver_Test" name="testFallbackByRelationshipName" time="121" />
  <testcase classname="FieldPathResolver_Test" name="testInvalidFieldPath" time="55" />
  <testcase classname="FieldPathResolver_Test" name="testNonRelationshipMidPath" time="5" />
  <testcase classname="FieldPathResolver_Test" name="testOneLevelRelationshipResolution" time="6" />
  <testcase classname="FieldPathResolver_Test" name="testSimpleFieldResolution" time="5" />
  <testcase classname="FieldPathResolver_Test" name="testTwoLevelRelationshipResolution" time="12" />
  <testcase classname="FinalizerHandler_Test" name="bypassFinalizerShouldSucceed" time="14" />
  <testcase classname="FinalizerHandler_Test" name="bypassedFinalizerShouldNotExecute" time="22" />
  <testcase classname="FinalizerHandler_Test" name="clearAllFinalizerBypassesShouldSucceed" time="11" />
  <testcase classname="FinalizerHandler_Test" name="clearFinalizerBypassShouldSucceed" time="7" />
  <testcase classname="FinalizerHandler_Test" name="finalizerIsBypassedShouldSucceed" time="8" />
  <testcase classname="FinalizerHandler_Test" name="finalizerThatInvokesDmlShouldCauseException" time="12" />
  <testcase classname="FinalizerHandler_Test" name="finalizersShouldExecuteInOrder" time="9" />
  <testcase classname="FinalizerHandler_Test" name="invalidFinalizerClassShouldThrowException" time="8" />
  <testcase classname="FinalizerHandler_Test" name="noConfiguredFinalizerShouldTakeNoAction" time="18" />
  <testcase classname="FinalizerHandler_Test" name="properlyConfiguredFinalizerShouldExecute" time="14" />
  <testcase classname="FinalizerHandler_Test" name="referencedClassDoesNotImplementDmlFinalizerShouldThrowException" time="8" />
  <testcase classname="FinalizerHandler_Test" name="staticallyBypassedFinalizerShouldNotExecute" time="7" />
  <testcase classname="FinalizerHandler_Test" name="userWithBypassPermissionDefinedOnFinalizerShouldNotExecute" time="6" />
  <testcase classname="FinalizerHandler_Test" name="userWithoutRequiredPermissionDefinedOnFinalizerShouldNotExecute" time="6" />
  <testcase classname="FlowChangeEventHeader_Test" name="shouldBeAbleToCompare" time="8" />
  <testcase classname="FlowChangeEventHeader_Test" name="shouldBeAbleToConstruct" time="4" />
  <testcase classname="FlowChangeEventHeader_Test" name="shouldBeAbleToGenerateHashCode" time="3" />
  <testcase classname="FormulaFilter_Test" name="emptyClassShouldThrowException" time="19" />
  <testcase classname="FormulaFilter_Test" name="emptyStringFormulaShouldProcessAllRecords" time="5" />
  <testcase classname="FormulaFilter_Test" name="invalidFormulaSyntaxShouldThrowException" time="10" />
  <testcase classname="FormulaFilter_Test" name="noFormulaShouldProcessAllRecords" time="3" />
  <testcase classname="FormulaFilter_Test" name="nonExistentClassShouldThrowException" time="5" />
  <testcase classname="FormulaFilter_Test" name="nonGlobalShouldThrowException" time="6" />
  <testcase classname="FormulaFilter_Test" name="nonTriggerRecordClassShouldThrowException" time="8" />
  <testcase classname="FormulaFilter_Test" name="nullClassShouldThrowException" time="4" />
  <testcase classname="FormulaFilter_Test" name="validFormulaShouldFilterContentsOftriggerNew" time="6" />
  <testcase classname="FormulaFilter_Test" name="validFormulaWithNoMatchingRecordsShouldProcessNoRecords" time="8" />
  <testcase classname="MetadataTriggerHandler_Test" name="actionMetadataShouldConstruct" time="95" />
  <testcase classname="MetadataTriggerHandler_Test" name="actionShouldExecuteIfNoRequiredOrBypassPermissionsAreDefinedForSObjectOrAction" time="11" />
  <testcase classname="MetadataTriggerHandler_Test" name="actionShouldExecuteIfUserDoesNotHaveBypassPermissionForSObjectOrAction" time="11" />
  <testcase classname="MetadataTriggerHandler_Test" name="actionShouldNotExecuteIfUserDoesNotHaveRequiredPermissionForAction" time="4" />
  <testcase classname="MetadataTriggerHandler_Test" name="actionShouldNotExecuteIfUserDoesNotHaveRequiredPermissionForSObject" time="5" />
  <testcase classname="MetadataTriggerHandler_Test" name="actionShouldNotExecuteIfUserHasBypassPermissionForAction" time="4" />
  <testcase classname="MetadataTriggerHandler_Test" name="actionShouldNotExecuteIfUserHasBypassPermissionForSObject" time="4" />
  <testcase classname="MetadataTriggerHandler_Test" name="afterDeleteShouldFailWithIncorrectClass" time="5" />
  <testcase classname="MetadataTriggerHandler_Test" name="afterDeleteShouldFailWithIncorrectType" time="5" />
  <testcase classname="MetadataTriggerHandler_Test" name="afterDeleteShouldSucceed" time="6" />
  <testcase classname="MetadataTriggerHandler_Test" name="afterInsertShouldFailWithIncorrectClass" time="5" />
  <testcase classname="MetadataTriggerHandler_Test" name="afterInsertShouldFailWithIncorrectType" time="5" />
  <testcase classname="MetadataTriggerHandler_Test" name="afterInsertShouldSucceed" time="5" />
  <testcase classname="MetadataTriggerHandler_Test" name="afterUndeleteShouldFailWithIncorrectClass" time="4" />
  <testcase classname="MetadataTriggerHandler_Test" name="afterUndeleteShouldFailWithIncorrectType" time="5" />
  <testcase classname="MetadataTriggerHandler_Test" name="afterUndeleteShouldSucceed" time="4" />
  <testcase classname="MetadataTriggerHandler_Test" name="afterUpdateShouldFailWithIncorrectClass" time="5" />
  <testcase classname="MetadataTriggerHandler_Test" name="afterUpdateShouldFailWithIncorrectType" time="4" />
  <testcase classname="MetadataTriggerHandler_Test" name="afterUpdateShouldSucceed" time="6" />
  <testcase classname="MetadataTriggerHandler_Test" name="beforeDeleteShouldFailWithIncorrectClass" time="4" />
  <testcase classname="MetadataTriggerHandler_Test" name="beforeDeleteShouldFailWithIncorrectType" time="3" />
  <testcase classname="MetadataTriggerHandler_Test" name="beforeDeleteShouldSucceed" time="5" />
  <testcase classname="MetadataTriggerHandler_Test" name="beforeInsertShouldFailWithIncorrectClass" time="4" />
  <testcase classname="MetadataTriggerHandler_Test" name="beforeInsertShouldFailWithIncorrectType" time="4" />
  <testcase classname="MetadataTriggerHandler_Test" name="beforeInsertShouldSucceed" time="4" />
  <testcase classname="MetadataTriggerHandler_Test" name="beforeUpdateShouldFailWithIncorrectClass" time="4" />
  <testcase classname="MetadataTriggerHandler_Test" name="beforeUpdateShouldFailWithIncorrectType" time="5" />
  <testcase classname="MetadataTriggerHandler_Test" name="beforeUpdateShouldSucceed" time="5" />
  <testcase classname="MetadataTriggerHandler_Test" name="bypassShouldSucceed" time="4" />
  <testcase classname="MetadataTriggerHandler_Test" name="clearAllBypassesShouldSucceed" time="4" />
  <testcase classname="MetadataTriggerHandler_Test" name="clearBypassShouldSucceed" time="4" />
  <testcase classname="MetadataTriggerHandler_Test" name="finalizerShouldSucceed" time="4" />
  <testcase classname="MetadataTriggerHandler_Test" name="isBypassedShouldSucceed" time="3" />
  <testcase classname="MetadataTriggerHandler_Test" name="nothingToProcessShouldExitEarly" time="3" />
  <testcase classname="MetadataTriggerHandler_Test" name="theFrameworkShouldSupportFlow" time="3" />
  <testcase classname="MetadataTriggerHandler_Test" name="theFrameworkShouldSupportSObjectsFromManagedPackages" time="16" />
  <testcase classname="TA_CAF_MergeFieldValues_Test" name="testresolveMergeFields" time="3924" />
  <testcase classname="TriggerActionFlowAddError_Test" name="addErrorShouldAddAnErrorAtTheFieldSpecified" time="32" />
  <testcase classname="TriggerActionFlowAddError_Test" name="addErrorShouldSucceedWithValidRequest" time="11" />
  <testcase classname="TriggerActionFlowBypass_Test" name="bypassApexShouldSucceedWithValidRequest" time="64" />
  <testcase classname="TriggerActionFlowBypass_Test" name="bypassFlowShouldSucceedWithValidRequest" time="15" />
  <testcase classname="TriggerActionFlowBypass_Test" name="bypassObjectShouldSucceedWithValidRequest" time="6" />
  <testcase classname="TriggerActionFlowBypass_Test" name="bypassShouldFailWithInvalidType" time="13" />
  <testcase classname="TriggerActionFlowChangeEvent_Test" name="correctInputShouldProduceFlowInputs" time="38" />
  <testcase classname="TriggerActionFlowChangeEvent_Test" name="emptyInputShouldProduceEmptyFlowInputs" time="4" />
  <testcase classname="TriggerActionFlowChangeEvent_Test" name="wrongDataTypeShouldThrowException" time="3" />
  <testcase classname="TriggerActionFlowClearAllBypasses_Test" name="clearAllBypassApexShouldSucceedWithValidRequest" time="29" />
  <testcase classname="TriggerActionFlowClearAllBypasses_Test" name="clearAllBypassFlowShouldSucceedWithValidRequest" time="5" />
  <testcase classname="TriggerActionFlowClearAllBypasses_Test" name="clearAllBypassObjectShouldSucceedWithValidRequest" time="2" />
  <testcase classname="TriggerActionFlowClearAllBypasses_Test" name="clearAllBypassShouldFailWithInvalidType" time="4" />
  <testcase classname="TriggerActionFlowClearBypass_Test" name="clearBypassApexShouldSucceedWithValidRequest" time="25" />
  <testcase classname="TriggerActionFlowClearBypass_Test" name="clearBypassFlowShouldSucceedWithValidRequest" time="13" />
  <testcase classname="TriggerActionFlowClearBypass_Test" name="clearBypassObjecthouldSucceedWithValidRequest" time="5" />
  <testcase classname="TriggerActionFlowClearBypass_Test" name="clearBypassShouldFailWithInvalidType" time="12" />
  <testcase classname="TriggerActionFlowIsBypassed_Test" name="isBypassedApexShouldSucceedWithValidRequest" time="61" />
  <testcase classname="TriggerActionFlowIsBypassed_Test" name="isBypassedFlowShouldSucceedWithValidRequest" time="8" />
  <testcase classname="TriggerActionFlowIsBypassed_Test" name="isBypassedObjectShouldSucceedWithValidRequest" time="5" />
  <testcase classname="TriggerActionFlowIsBypassed_Test" name="isBypassedShouldFailWithInvalidType" time="7" />
  <testcase classname="TriggerActionFlow_Test" name="afterDeleteShouldSucceed" time="41" />
  <testcase classname="TriggerActionFlow_Test" name="afterInsertShouldSucceed" time="7" />
  <testcase classname="TriggerActionFlow_Test" name="afterUndeleteShouldSucceed" time="5" />
  <testcase classname="TriggerActionFlow_Test" name="afterUpdateShouldSucceed" time="10" />
  <testcase classname="TriggerActionFlow_Test" name="afterUpdateWithNoRecordsToProcessShouldSucceed" time="4" />
  <testcase classname="TriggerActionFlow_Test" name="beforeDeleteShouldSucceed" time="5" />
  <testcase classname="TriggerActionFlow_Test" name="beforeInsertShouldSucceed" time="6" />
  <testcase classname="TriggerActionFlow_Test" name="beforeUpdateShouldSucceed" time="6" />
  <testcase classname="TriggerActionFlow_Test" name="beforeUpdateWithNoRecordsToProcessShouldSucceed" time="5" />
  <testcase classname="TriggerActionFlow_Test" name="bypassShouldSucceed" time="5" />
  <testcase classname="TriggerActionFlow_Test" name="clearAllBypassesShouldSucceed" time="4" />
  <testcase classname="TriggerActionFlow_Test" name="clearBypassShouldSucceed" time="5" />
  <testcase classname="TriggerActionFlow_Test" name="emptyFlowNameShouldThrowException" time="7" />
  <testcase classname="TriggerActionFlow_Test" name="flowMissingRecordVariableInOutputShouldThrowException" time="7" />
  <testcase classname="TriggerActionFlow_Test" name="invokeFlowShouldReturnUnsuccessfulResponseWithBogusFlowName" time="209" />
  <testcase classname="TriggerActionFlow_Test" name="isBypassedShouldSucceed" time="5" />
  <testcase classname="TriggerActionFlow_Test" name="noRecordMutationsShouldSucceed" time="5" />
  <testcase classname="TriggerActionFlow_Test" name="nulledFieldInFlowShouldBeTransferredBack" time="7" />
  <testcase classname="TriggerActionFlow_Test" name="shouldDoNothingWhenBypassed" time="4" />
  <testcase classname="TriggerActionFlow_Test" name="unsuccessfulActionResultShouldBeAddedAsErrorToRecord" time="8" />
  <testcase classname="TriggerActionFlow_Test" name="validateTypeShouldThrowExceptionWithInvalidInput" time="7" />
  <testcase classname="TriggerBase_Test" name="afterDeleteShouldSucceed" time="31" />
  <testcase classname="TriggerBase_Test" name="afterInsertShouldSucceed" time="4" />
  <testcase classname="TriggerBase_Test" name="afterUndeleteShouldSucceed" time="3" />
  <testcase classname="TriggerBase_Test" name="afterUpdateShouldSucceed" time="3" />
  <testcase classname="TriggerBase_Test" name="beforeDeleteShouldSucceed" time="5" />
  <testcase classname="TriggerBase_Test" name="beforeInsertShouldSucceed" time="2" />
  <testcase classname="TriggerBase_Test" name="beforeUpdateShouldSucceed" time="2" />
  <testcase classname="TriggerBase_Test" name="bypassShouldSucceed" time="2" />
  <testcase classname="TriggerBase_Test" name="clearAllBypassesShouldSucceed" time="5" />
  <testcase classname="TriggerBase_Test" name="clearBypassShouldSucceed" time="2" />
  <testcase classname="TriggerBase_Test" name="finalizingWithoutWaitingShouldThrowError" time="3" />
  <testcase classname="TriggerBase_Test" name="idToNumberOfTimesSeenAfterUpdate" time="3" />
  <testcase classname="TriggerBase_Test" name="idToNumberOfTimesSeenBeforeUpdate" time="3" />
  <testcase classname="TriggerBase_Test" name="inverseContextsShouldFinalizeDmlOperationDelete" time="4" />
  <testcase classname="TriggerBase_Test" name="inverseContextsShouldFinalizeDmlOperationInsert" time="4" />
  <testcase classname="TriggerBase_Test" name="inverseContextsShouldFinalizeDmlOperationUndelete" time="3" />
  <testcase classname="TriggerBase_Test" name="inverseContextsShouldFinalizeDmlOperationUpdate" time="3" />
  <testcase classname="TriggerBase_Test" name="isBypassedShouldSucceed" time="2" />
  <testcase classname="TriggerBase_Test" name="offsetRowsShouldWork" time="3" />
  <testcase classname="TriggerBase_Test" name="oldAndNewShouldComeFromTrigger" time="2" />
  <testcase classname="TriggerBase_Test" name="peekShouldShowMostRecentlyAdded" time="3" />
  <testcase classname="TriggerBase_Test" name="peekingStackWhileEmptyShouldThrowException" time="3" />
  <testcase classname="TriggerBase_Test" name="poppingStackWhileEmptyShouldThrowException" time="2" />
  <testcase classname="TriggerBase_Test" name="runShouldDoNothingWhenBypassed" time="2" />
  <testcase classname="TriggerBase_Test" name="runShouldFailWhenCalledOutsideTrigger" time="3" />
  <testcase classname="TriggerBase_Test" name="sObjectNameShouldBePopulatedFromTriggerNew" time="2" />
  <testcase classname="TriggerBase_Test" name="sObjectNameShouldBePopulatedFromTriggerOld" time="3" />
  <testcase classname="TriggerBase_Test" name="stackDepthShouldBeCalculatedProperly" time="2" />
  <testcase classname="TriggerBase_Test" name="stackShouldBeFirstInLastOut" time="2" />
  <testcase classname="TriggerBase_Test" name="stackShouldBeLastInFirstOut" time="3" />
  <testcase classname="TriggerBase_Test" name="stacksShouldBeAbleToDetermineIftheyAreEmpty" time="3" />
  <testcase classname="TriggerBase_Test" name="waitingThenFinalizingShouldWork" time="3" />
  <testcase classname="TriggerRecord_Test" name="shouldBeAbleToConstructATriggerRecord" time="9" />
  <testcase classname="Triggers_Test" name="testContentDocumentLinkTrigger" time="1992" />
  <testcase classname="Triggers_Test" name="testContractAndFormTrigger" time="906" />
  <testcase classname="Triggers_Test" name="testTransactionTrigger" time="367" />
  <testcase classname="Triggers_Test" name="testTransactionTriggerRecord" time="24" />
  <testcase classname="Util_Test" name="testGetNamespace" time="20" />
  <testcase classname="Util_Test" name="testIsOrgEmailEnabled" time="15" />
  <testcase classname="Util_Test" name="testPrefixNamespace" time="4" />
</testsuite>