<testsuite tests="156">
  <testcase classname="ContractFieldMerge_Test" name="makeData" time="9181" />
  <testcase classname="ContractFieldMerge_Test" name="testPopulateMergeFields" time="65" />
  <testcase classname="ContractMergeFieldService_Test" name="testFormatCurrencyFieldValue" time="54" />
  <testcase classname="ContractMergeFieldService_Test" name="testFormatFieldValue" time="30" />
  <testcase classname="ContractMergeFieldService_Test" name="testFormatNullValue" time="22" />
  <testcase classname="ContractMergeFieldService_Test" name="testGetMergeFieldsFromString" time="23" />
  <testcase classname="ContractMergeFieldService_Test" name="testGetMergeFieldsWithFallbackValue" time="23" />
  <testcase classname="ContractMergeFieldService_Test" name="testReplaceMergeFieldsWithValues" time="51" />
  <testcase classname="ContractMergeFieldService_Test" name="testReplaceParentMergeFieldsWithValues" time="331" />
  <testcase classname="FinalizerHandler_Test" name="bypassFinalizerShouldSucceed" time="20" />
  <testcase classname="FinalizerHandler_Test" name="bypassedFinalizerShouldNotExecute" time="26" />
  <testcase classname="FinalizerHandler_Test" name="clearAllFinalizerBypassesShouldSucceed" time="19" />
  <testcase classname="FinalizerHandler_Test" name="clearFinalizerBypassShouldSucceed" time="18" />
  <testcase classname="FinalizerHandler_Test" name="finalizerIsBypassedShouldSucceed" time="16" />
  <testcase classname="FinalizerHandler_Test" name="finalizerThatInvokesDmlShouldCauseException" time="20" />
  <testcase classname="FinalizerHandler_Test" name="finalizersShouldExecuteInOrder" time="17" />
  <testcase classname="FinalizerHandler_Test" name="invalidFinalizerClassShouldThrowException" time="20" />
  <testcase classname="FinalizerHandler_Test" name="noConfiguredFinalizerShouldTakeNoAction" time="21" />
  <testcase classname="FinalizerHandler_Test" name="properlyConfiguredFinalizerShouldExecute" time="23" />
  <testcase classname="FinalizerHandler_Test" name="referencedClassDoesNotImplementDmlFinalizerShouldThrowException" time="16" />
  <testcase classname="FinalizerHandler_Test" name="staticallyBypassedFinalizerShouldNotExecute" time="15" />
  <testcase classname="FinalizerHandler_Test" name="userWithBypassPermissionDefinedOnFinalizerShouldNotExecute" time="16" />
  <testcase classname="FinalizerHandler_Test" name="userWithoutRequiredPermissionDefinedOnFinalizerShouldNotExecute" time="15" />
  <testcase classname="FlowChangeEventHeader_Test" name="shouldBeAbleToCompare" time="32" />
  <testcase classname="FlowChangeEventHeader_Test" name="shouldBeAbleToConstruct" time="29" />
  <testcase classname="FlowChangeEventHeader_Test" name="shouldBeAbleToGenerateHashCode" time="17" />
  <testcase classname="FormulaFilter_Test" name="emptyClassShouldThrowException" time="33" />
  <testcase classname="FormulaFilter_Test" name="emptyStringFormulaShouldProcessAllRecords" time="28" />
  <testcase classname="FormulaFilter_Test" name="invalidFormulaSyntaxShouldThrowException" time="47" />
  <testcase classname="FormulaFilter_Test" name="noFormulaShouldProcessAllRecords" time="21" />
  <testcase classname="FormulaFilter_Test" name="nonExistentClassShouldThrowException" time="24" />
  <testcase classname="FormulaFilter_Test" name="nonGlobalShouldThrowException" time="27" />
  <testcase classname="FormulaFilter_Test" name="nonTriggerRecordClassShouldThrowException" time="29" />
  <testcase classname="FormulaFilter_Test" name="nullClassShouldThrowException" time="26" />
  <testcase classname="FormulaFilter_Test" name="validFormulaShouldFilterContentsOftriggerNew" time="23" />
  <testcase classname="FormulaFilter_Test" name="validFormulaWithNoMatchingRecordsShouldProcessNoRecords" time="22" />
  <testcase classname="MetadataTriggerHandler_Test" name="actionMetadataShouldConstruct" time="159" />
  <testcase classname="MetadataTriggerHandler_Test" name="actionShouldExecuteIfNoRequiredOrBypassPermissionsAreDefinedForSObjectOrAction" time="42" />
  <testcase classname="MetadataTriggerHandler_Test" name="actionShouldExecuteIfUserDoesNotHaveBypassPermissionForSObjectOrAction" time="23" />
  <testcase classname="MetadataTriggerHandler_Test" name="actionShouldNotExecuteIfUserDoesNotHaveRequiredPermissionForAction" time="18" />
  <testcase classname="MetadataTriggerHandler_Test" name="actionShouldNotExecuteIfUserDoesNotHaveRequiredPermissionForSObject" time="16" />
  <testcase classname="MetadataTriggerHandler_Test" name="actionShouldNotExecuteIfUserHasBypassPermissionForAction" time="16" />
  <testcase classname="MetadataTriggerHandler_Test" name="actionShouldNotExecuteIfUserHasBypassPermissionForSObject" time="19" />
  <testcase classname="MetadataTriggerHandler_Test" name="afterDeleteShouldFailWithIncorrectClass" time="19" />
  <testcase classname="MetadataTriggerHandler_Test" name="afterDeleteShouldFailWithIncorrectType" time="18" />
  <testcase classname="MetadataTriggerHandler_Test" name="afterDeleteShouldSucceed" time="18" />
  <testcase classname="MetadataTriggerHandler_Test" name="afterInsertShouldFailWithIncorrectClass" time="16" />
  <testcase classname="MetadataTriggerHandler_Test" name="afterInsertShouldFailWithIncorrectType" time="16" />
  <testcase classname="MetadataTriggerHandler_Test" name="afterInsertShouldSucceed" time="20" />
  <testcase classname="MetadataTriggerHandler_Test" name="afterUndeleteShouldFailWithIncorrectClass" time="19" />
  <testcase classname="MetadataTriggerHandler_Test" name="afterUndeleteShouldFailWithIncorrectType" time="19" />
  <testcase classname="MetadataTriggerHandler_Test" name="afterUndeleteShouldSucceed" time="19" />
  <testcase classname="MetadataTriggerHandler_Test" name="afterUpdateShouldFailWithIncorrectClass" time="16" />
  <testcase classname="MetadataTriggerHandler_Test" name="afterUpdateShouldFailWithIncorrectType" time="18" />
  <testcase classname="MetadataTriggerHandler_Test" name="afterUpdateShouldSucceed" time="17" />
  <testcase classname="MetadataTriggerHandler_Test" name="beforeDeleteShouldFailWithIncorrectClass" time="18" />
  <testcase classname="MetadataTriggerHandler_Test" name="beforeDeleteShouldFailWithIncorrectType" time="17" />
  <testcase classname="MetadataTriggerHandler_Test" name="beforeDeleteShouldSucceed" time="22" />
  <testcase classname="MetadataTriggerHandler_Test" name="beforeInsertShouldFailWithIncorrectClass" time="17" />
  <testcase classname="MetadataTriggerHandler_Test" name="beforeInsertShouldFailWithIncorrectType" time="16" />
  <testcase classname="MetadataTriggerHandler_Test" name="beforeInsertShouldSucceed" time="18" />
  <testcase classname="MetadataTriggerHandler_Test" name="beforeUpdateShouldFailWithIncorrectClass" time="15" />
  <testcase classname="MetadataTriggerHandler_Test" name="beforeUpdateShouldFailWithIncorrectType" time="15" />
  <testcase classname="MetadataTriggerHandler_Test" name="beforeUpdateShouldSucceed" time="19" />
  <testcase classname="MetadataTriggerHandler_Test" name="bypassShouldSucceed" time="18" />
  <testcase classname="MetadataTriggerHandler_Test" name="clearAllBypassesShouldSucceed" time="15" />
  <testcase classname="MetadataTriggerHandler_Test" name="clearBypassShouldSucceed" time="19" />
  <testcase classname="MetadataTriggerHandler_Test" name="finalizerShouldSucceed" time="20" />
  <testcase classname="MetadataTriggerHandler_Test" name="isBypassedShouldSucceed" time="21" />
  <testcase classname="MetadataTriggerHandler_Test" name="nothingToProcessShouldExitEarly" time="16" />
  <testcase classname="MetadataTriggerHandler_Test" name="theFrameworkShouldSupportFlow" time="14" />
  <testcase classname="MetadataTriggerHandler_Test" name="theFrameworkShouldSupportSObjectsFromManagedPackages" time="44" />
  <testcase classname="TA_CAF_MergeFieldValues_Test" name="makeData" time="9068" />
  <testcase classname="TA_CAF_MergeFieldValues_Test" name="testPopulateMergeFields" time="169" />
  <testcase classname="TriggerActionFlowAddError_Test" name="addErrorShouldAddAnErrorAtTheFieldSpecified" time="27" />
  <testcase classname="TriggerActionFlowAddError_Test" name="addErrorShouldSucceedWithValidRequest" time="30" />
  <testcase classname="TriggerActionFlowBypass_Test" name="bypassApexShouldSucceedWithValidRequest" time="54" />
  <testcase classname="TriggerActionFlowBypass_Test" name="bypassFlowShouldSucceedWithValidRequest" time="28" />
  <testcase classname="TriggerActionFlowBypass_Test" name="bypassObjectShouldSucceedWithValidRequest" time="26" />
  <testcase classname="TriggerActionFlowBypass_Test" name="bypassShouldFailWithInvalidType" time="16" />
  <testcase classname="TriggerActionFlowChangeEvent_Test" name="correctInputShouldProduceFlowInputs" time="38" />
  <testcase classname="TriggerActionFlowChangeEvent_Test" name="emptyInputShouldProduceEmptyFlowInputs" time="29" />
  <testcase classname="TriggerActionFlowChangeEvent_Test" name="wrongDataTypeShouldThrowException" time="23" />
  <testcase classname="TriggerActionFlowClearAllBypasses_Test" name="clearAllBypassApexShouldSucceedWithValidRequest" time="44" />
  <testcase classname="TriggerActionFlowClearAllBypasses_Test" name="clearAllBypassFlowShouldSucceedWithValidRequest" time="31" />
  <testcase classname="TriggerActionFlowClearAllBypasses_Test" name="clearAllBypassObjectShouldSucceedWithValidRequest" time="23" />
  <testcase classname="TriggerActionFlowClearAllBypasses_Test" name="clearAllBypassShouldFailWithInvalidType" time="23" />
  <testcase classname="TriggerActionFlowClearBypass_Test" name="clearBypassApexShouldSucceedWithValidRequest" time="53" />
  <testcase classname="TriggerActionFlowClearBypass_Test" name="clearBypassFlowShouldSucceedWithValidRequest" time="24" />
  <testcase classname="TriggerActionFlowClearBypass_Test" name="clearBypassObjecthouldSucceedWithValidRequest" time="48" />
  <testcase classname="TriggerActionFlowClearBypass_Test" name="clearBypassShouldFailWithInvalidType" time="16" />
  <testcase classname="TriggerActionFlowIsBypassed_Test" name="isBypassedApexShouldSucceedWithValidRequest" time="41" />
  <testcase classname="TriggerActionFlowIsBypassed_Test" name="isBypassedFlowShouldSucceedWithValidRequest" time="21" />
  <testcase classname="TriggerActionFlowIsBypassed_Test" name="isBypassedObjectShouldSucceedWithValidRequest" time="15" />
  <testcase classname="TriggerActionFlowIsBypassed_Test" name="isBypassedShouldFailWithInvalidType" time="19" />
  <testcase classname="TriggerActionFlow_Test" name="afterDeleteShouldSucceed" time="28" />
  <testcase classname="TriggerActionFlow_Test" name="afterInsertShouldSucceed" time="27" />
  <testcase classname="TriggerActionFlow_Test" name="afterUndeleteShouldSucceed" time="16" />
  <testcase classname="TriggerActionFlow_Test" name="afterUpdateShouldSucceed" time="18" />
  <testcase classname="TriggerActionFlow_Test" name="afterUpdateWithNoRecordsToProcessShouldSucceed" time="20" />
  <testcase classname="TriggerActionFlow_Test" name="beforeDeleteShouldSucceed" time="59" />
  <testcase classname="TriggerActionFlow_Test" name="beforeInsertShouldSucceed" time="19" />
  <testcase classname="TriggerActionFlow_Test" name="beforeUpdateShouldSucceed" time="18" />
  <testcase classname="TriggerActionFlow_Test" name="beforeUpdateWithNoRecordsToProcessShouldSucceed" time="16" />
  <testcase classname="TriggerActionFlow_Test" name="bypassShouldSucceed" time="15" />
  <testcase classname="TriggerActionFlow_Test" name="clearAllBypassesShouldSucceed" time="17" />
  <testcase classname="TriggerActionFlow_Test" name="clearBypassShouldSucceed" time="21" />
  <testcase classname="TriggerActionFlow_Test" name="emptyFlowNameShouldThrowException" time="17" />
  <testcase classname="TriggerActionFlow_Test" name="flowMissingRecordVariableInOutputShouldThrowException" time="16" />
  <testcase classname="TriggerActionFlow_Test" name="invokeFlowShouldReturnUnsuccessfulResponseWithBogusFlowName" time="33" />
  <testcase classname="TriggerActionFlow_Test" name="isBypassedShouldSucceed" time="19" />
  <testcase classname="TriggerActionFlow_Test" name="noRecordMutationsShouldSucceed" time="17" />
  <testcase classname="TriggerActionFlow_Test" name="nulledFieldInFlowShouldBeTransferredBack" time="17" />
  <testcase classname="TriggerActionFlow_Test" name="shouldDoNothingWhenBypassed" time="16" />
  <testcase classname="TriggerActionFlow_Test" name="unsuccessfulActionResultShouldBeAddedAsErrorToRecord" time="17" />
  <testcase classname="TriggerActionFlow_Test" name="validateTypeShouldThrowExceptionWithInvalidInput" time="16" />
  <testcase classname="TriggerBase_Test" name="afterDeleteShouldSucceed" time="85" />
  <testcase classname="TriggerBase_Test" name="afterInsertShouldSucceed" time="36" />
  <testcase classname="TriggerBase_Test" name="afterUndeleteShouldSucceed" time="23" />
  <testcase classname="TriggerBase_Test" name="afterUpdateShouldSucceed" time="23" />
  <testcase classname="TriggerBase_Test" name="beforeDeleteShouldSucceed" time="24" />
  <testcase classname="TriggerBase_Test" name="beforeInsertShouldSucceed" time="25" />
  <testcase classname="TriggerBase_Test" name="beforeUpdateShouldSucceed" time="24" />
  <testcase classname="TriggerBase_Test" name="bypassShouldSucceed" time="21" />
  <testcase classname="TriggerBase_Test" name="clearAllBypassesShouldSucceed" time="21" />
  <testcase classname="TriggerBase_Test" name="clearBypassShouldSucceed" time="24" />
  <testcase classname="TriggerBase_Test" name="finalizingWithoutWaitingShouldThrowError" time="23" />
  <testcase classname="TriggerBase_Test" name="idToNumberOfTimesSeenAfterUpdate" time="24" />
  <testcase classname="TriggerBase_Test" name="idToNumberOfTimesSeenBeforeUpdate" time="24" />
  <testcase classname="TriggerBase_Test" name="inverseContextsShouldFinalizeDmlOperationDelete" time="23" />
  <testcase classname="TriggerBase_Test" name="inverseContextsShouldFinalizeDmlOperationInsert" time="23" />
  <testcase classname="TriggerBase_Test" name="inverseContextsShouldFinalizeDmlOperationUndelete" time="22" />
  <testcase classname="TriggerBase_Test" name="inverseContextsShouldFinalizeDmlOperationUpdate" time="23" />
  <testcase classname="TriggerBase_Test" name="isBypassedShouldSucceed" time="20" />
  <testcase classname="TriggerBase_Test" name="offsetRowsShouldWork" time="21" />
  <testcase classname="TriggerBase_Test" name="oldAndNewShouldComeFromTrigger" time="21" />
  <testcase classname="TriggerBase_Test" name="peekShouldShowMostRecentlyAdded" time="20" />
  <testcase classname="TriggerBase_Test" name="peekingStackWhileEmptyShouldThrowException" time="19" />
  <testcase classname="TriggerBase_Test" name="poppingStackWhileEmptyShouldThrowException" time="23" />
  <testcase classname="TriggerBase_Test" name="runShouldDoNothingWhenBypassed" time="20" />
  <testcase classname="TriggerBase_Test" name="runShouldFailWhenCalledOutsideTrigger" time="22" />
  <testcase classname="TriggerBase_Test" name="sObjectNameShouldBePopulatedFromTriggerNew" time="19" />
  <testcase classname="TriggerBase_Test" name="sObjectNameShouldBePopulatedFromTriggerOld" time="19" />
  <testcase classname="TriggerBase_Test" name="stackDepthShouldBeCalculatedProperly" time="22" />
  <testcase classname="TriggerBase_Test" name="stackShouldBeFirstInLastOut" time="19" />
  <testcase classname="TriggerBase_Test" name="stackShouldBeLastInFirstOut" time="22" />
  <testcase classname="TriggerBase_Test" name="stacksShouldBeAbleToDetermineIftheyAreEmpty" time="20" />
  <testcase classname="TriggerBase_Test" name="waitingThenFinalizingShouldWork" time="48" />
  <testcase classname="TriggerRecord_Test" name="shouldBeAbleToConstructATriggerRecord" time="35" />
  <testcase classname="Triggers_Test" name="testContentDocumentLinkTrigger" time="10351" />
  <testcase classname="Triggers_Test" name="testContractAndFormTrigger" time="808" />
  <testcase classname="Triggers_Test" name="testTransactionTrigger" time="377" />
  <testcase classname="Triggers_Test" name="testTransactionTriggerRecord" time="29" />
  <testcase classname="Util_Test" name="testGetNamespace" time="39" />
  <testcase classname="Util_Test" name="testIsOrgEmailEnabled" time="47" />
  <testcase classname="Util_Test" name="testPrefixNamespace" time="28" />
</testsuite>