<testsuite tests="172">
  <testcase classname="ContractFieldMergeInvocable_Test" name="testRefreshContracts" time="14738" />
  <testcase classname="ContractFieldMergeInvocable_Test" name="testRefreshContractsWithNoRequests" time="39" />
  <testcase classname="ContractFieldMergeInvocable_Test" name="testRefreshContractsWithNullRequests" time="27" />
  <testcase classname="ContractFieldMerge_Test" name="testPopulateMergeFields" time="5920" />
  <testcase classname="ContractFieldMerge_Test" name="testServiceWithInvalidStatus" time="2694" />
  <testcase classname="ContractFieldMerge_Test" name="testServiceWithInvalidType" time="2522" />
  <testcase classname="ContractMergeFieldService_Test" name="testFormatCurrencyFieldValue" time="54" />
  <testcase classname="ContractMergeFieldService_Test" name="testFormatFieldValue" time="28" />
  <testcase classname="ContractMergeFieldService_Test" name="testFormatNullValue" time="24" />
  <testcase classname="ContractMergeFieldService_Test" name="testGetMergeFieldsFromString" time="21" />
  <testcase classname="ContractMergeFieldService_Test" name="testGetMergeFieldsWithFallbackValue" time="22" />
  <testcase classname="ContractMergeFieldService_Test" name="testRemoveTableBlocks" time="18" />
  <testcase classname="ContractMergeFieldService_Test" name="testReplaceMergeFieldsWithValues" time="33" />
  <testcase classname="ContractMergeFieldService_Test" name="testReplaceParentMergeFieldsWithValues" time="328" />
  <testcase classname="ContractTemplateEditorController_Test" name="testGetFieldDescriptors" time="11131" />
  <testcase classname="ContractTemplateEditorController_Test" name="testGetFieldDescriptorsForInvalidObject" time="86" />
  <testcase classname="ContractTemplateEditorController_Test" name="testGetFieldDescriptorsForRelationshipPath" time="1025" />
  <testcase classname="ContractTemplateEditorController_Test" name="testGetPreviewWaiverText" time="2657" />
  <testcase classname="ContractTemplateEditorController_Test" name="testGetPreviewWaiverTextWithFakeTemplateId" time="2529" />
  <testcase classname="ContractTemplateEditorController_Test" name="testGetTemplateQueries" time="1119" />
  <testcase classname="ContractTemplateEditorController_Test" name="testGetTemplateQueriesWithInvalidId" time="922" />
  <testcase classname="ContractTemplateService_Test" name="testAddTemplatesToCache" time="13981" />
  <testcase classname="ContractTemplateService_Test" name="testDoesNotReloadAlreadyCachedTemplates" time="1000" />
  <testcase classname="ContractTemplateService_Test" name="testMissingQueryRelationship" time="792" />
  <testcase classname="FieldPathManager_Test" name="testIsValid" time="19" />
  <testcase classname="FieldPathManager_Test" name="testNormalize" time="27" />
  <testcase classname="FinalizerHandler_Test" name="bypassFinalizerShouldSucceed" time="48" />
  <testcase classname="FinalizerHandler_Test" name="bypassedFinalizerShouldNotExecute" time="37" />
  <testcase classname="FinalizerHandler_Test" name="clearAllFinalizerBypassesShouldSucceed" time="25" />
  <testcase classname="FinalizerHandler_Test" name="clearFinalizerBypassShouldSucceed" time="32" />
  <testcase classname="FinalizerHandler_Test" name="finalizerIsBypassedShouldSucceed" time="22" />
  <testcase classname="FinalizerHandler_Test" name="finalizerThatInvokesDmlShouldCauseException" time="30" />
  <testcase classname="FinalizerHandler_Test" name="finalizersShouldExecuteInOrder" time="23" />
  <testcase classname="FinalizerHandler_Test" name="invalidFinalizerClassShouldThrowException" time="22" />
  <testcase classname="FinalizerHandler_Test" name="noConfiguredFinalizerShouldTakeNoAction" time="24" />
  <testcase classname="FinalizerHandler_Test" name="properlyConfiguredFinalizerShouldExecute" time="29" />
  <testcase classname="FinalizerHandler_Test" name="referencedClassDoesNotImplementDmlFinalizerShouldThrowException" time="26" />
  <testcase classname="FinalizerHandler_Test" name="staticallyBypassedFinalizerShouldNotExecute" time="22" />
  <testcase classname="FinalizerHandler_Test" name="userWithBypassPermissionDefinedOnFinalizerShouldNotExecute" time="22" />
  <testcase classname="FinalizerHandler_Test" name="userWithoutRequiredPermissionDefinedOnFinalizerShouldNotExecute" time="23" />
  <testcase classname="FlowChangeEventHeader_Test" name="shouldBeAbleToCompare" time="22" />
  <testcase classname="FlowChangeEventHeader_Test" name="shouldBeAbleToConstruct" time="44" />
  <testcase classname="FlowChangeEventHeader_Test" name="shouldBeAbleToGenerateHashCode" time="17" />
  <testcase classname="FormulaFilter_Test" name="emptyClassShouldThrowException" time="40" />
  <testcase classname="FormulaFilter_Test" name="emptyStringFormulaShouldProcessAllRecords" time="32" />
  <testcase classname="FormulaFilter_Test" name="invalidFormulaSyntaxShouldThrowException" time="59" />
  <testcase classname="FormulaFilter_Test" name="noFormulaShouldProcessAllRecords" time="43" />
  <testcase classname="FormulaFilter_Test" name="nonExistentClassShouldThrowException" time="28" />
  <testcase classname="FormulaFilter_Test" name="nonGlobalShouldThrowException" time="30" />
  <testcase classname="FormulaFilter_Test" name="nonTriggerRecordClassShouldThrowException" time="28" />
  <testcase classname="FormulaFilter_Test" name="nullClassShouldThrowException" time="27" />
  <testcase classname="FormulaFilter_Test" name="validFormulaShouldFilterContentsOftriggerNew" time="26" />
  <testcase classname="FormulaFilter_Test" name="validFormulaWithNoMatchingRecordsShouldProcessNoRecords" time="26" />
  <testcase classname="MetadataTriggerHandler_Test" name="actionMetadataShouldConstruct" time="181" />
  <testcase classname="MetadataTriggerHandler_Test" name="actionShouldExecuteIfNoRequiredOrBypassPermissionsAreDefinedForSObjectOrAction" time="50" />
  <testcase classname="MetadataTriggerHandler_Test" name="actionShouldExecuteIfUserDoesNotHaveBypassPermissionForSObjectOrAction" time="30" />
  <testcase classname="MetadataTriggerHandler_Test" name="actionShouldNotExecuteIfUserDoesNotHaveRequiredPermissionForAction" time="21" />
  <testcase classname="MetadataTriggerHandler_Test" name="actionShouldNotExecuteIfUserDoesNotHaveRequiredPermissionForSObject" time="23" />
  <testcase classname="MetadataTriggerHandler_Test" name="actionShouldNotExecuteIfUserHasBypassPermissionForAction" time="22" />
  <testcase classname="MetadataTriggerHandler_Test" name="actionShouldNotExecuteIfUserHasBypassPermissionForSObject" time="27" />
  <testcase classname="MetadataTriggerHandler_Test" name="afterDeleteShouldFailWithIncorrectClass" time="27" />
  <testcase classname="MetadataTriggerHandler_Test" name="afterDeleteShouldFailWithIncorrectType" time="28" />
  <testcase classname="MetadataTriggerHandler_Test" name="afterDeleteShouldSucceed" time="27" />
  <testcase classname="MetadataTriggerHandler_Test" name="afterInsertShouldFailWithIncorrectClass" time="33" />
  <testcase classname="MetadataTriggerHandler_Test" name="afterInsertShouldFailWithIncorrectType" time="25" />
  <testcase classname="MetadataTriggerHandler_Test" name="afterInsertShouldSucceed" time="25" />
  <testcase classname="MetadataTriggerHandler_Test" name="afterUndeleteShouldFailWithIncorrectClass" time="26" />
  <testcase classname="MetadataTriggerHandler_Test" name="afterUndeleteShouldFailWithIncorrectType" time="31" />
  <testcase classname="MetadataTriggerHandler_Test" name="afterUndeleteShouldSucceed" time="23" />
  <testcase classname="MetadataTriggerHandler_Test" name="afterUpdateShouldFailWithIncorrectClass" time="28" />
  <testcase classname="MetadataTriggerHandler_Test" name="afterUpdateShouldFailWithIncorrectType" time="23" />
  <testcase classname="MetadataTriggerHandler_Test" name="afterUpdateShouldSucceed" time="24" />
  <testcase classname="MetadataTriggerHandler_Test" name="beforeDeleteShouldFailWithIncorrectClass" time="21" />
  <testcase classname="MetadataTriggerHandler_Test" name="beforeDeleteShouldFailWithIncorrectType" time="27" />
  <testcase classname="MetadataTriggerHandler_Test" name="beforeDeleteShouldSucceed" time="175" />
  <testcase classname="MetadataTriggerHandler_Test" name="beforeInsertShouldFailWithIncorrectClass" time="22" />
  <testcase classname="MetadataTriggerHandler_Test" name="beforeInsertShouldFailWithIncorrectType" time="22" />
  <testcase classname="MetadataTriggerHandler_Test" name="beforeInsertShouldSucceed" time="25" />
  <testcase classname="MetadataTriggerHandler_Test" name="beforeUpdateShouldFailWithIncorrectClass" time="22" />
  <testcase classname="MetadataTriggerHandler_Test" name="beforeUpdateShouldFailWithIncorrectType" time="22" />
  <testcase classname="MetadataTriggerHandler_Test" name="beforeUpdateShouldSucceed" time="24" />
  <testcase classname="MetadataTriggerHandler_Test" name="bypassShouldSucceed" time="24" />
  <testcase classname="MetadataTriggerHandler_Test" name="clearAllBypassesShouldSucceed" time="23" />
  <testcase classname="MetadataTriggerHandler_Test" name="clearBypassShouldSucceed" time="23" />
  <testcase classname="MetadataTriggerHandler_Test" name="finalizerShouldSucceed" time="28" />
  <testcase classname="MetadataTriggerHandler_Test" name="isBypassedShouldSucceed" time="23" />
  <testcase classname="MetadataTriggerHandler_Test" name="nothingToProcessShouldExitEarly" time="25" />
  <testcase classname="MetadataTriggerHandler_Test" name="theFrameworkShouldSupportFlow" time="26" />
  <testcase classname="MetadataTriggerHandler_Test" name="theFrameworkShouldSupportSObjectsFromManagedPackages" time="41" />
  <testcase classname="TA_CAF_MergeFieldValues_Test" name="testPopulateMergeFields" time="15406" />
  <testcase classname="TriggerActionFlowAddError_Test" name="addErrorShouldAddAnErrorAtTheFieldSpecified" time="30" />
  <testcase classname="TriggerActionFlowAddError_Test" name="addErrorShouldSucceedWithValidRequest" time="35" />
  <testcase classname="TriggerActionFlowBypass_Test" name="bypassApexShouldSucceedWithValidRequest" time="41" />
  <testcase classname="TriggerActionFlowBypass_Test" name="bypassFlowShouldSucceedWithValidRequest" time="34" />
  <testcase classname="TriggerActionFlowBypass_Test" name="bypassObjectShouldSucceedWithValidRequest" time="20" />
  <testcase classname="TriggerActionFlowBypass_Test" name="bypassShouldFailWithInvalidType" time="18" />
  <testcase classname="TriggerActionFlowChangeEvent_Test" name="correctInputShouldProduceFlowInputs" time="71" />
  <testcase classname="TriggerActionFlowChangeEvent_Test" name="emptyInputShouldProduceEmptyFlowInputs" time="34" />
  <testcase classname="TriggerActionFlowChangeEvent_Test" name="wrongDataTypeShouldThrowException" time="26" />
  <testcase classname="TriggerActionFlowClearAllBypasses_Test" name="clearAllBypassApexShouldSucceedWithValidRequest" time="66" />
  <testcase classname="TriggerActionFlowClearAllBypasses_Test" name="clearAllBypassFlowShouldSucceedWithValidRequest" time="45" />
  <testcase classname="TriggerActionFlowClearAllBypasses_Test" name="clearAllBypassObjectShouldSucceedWithValidRequest" time="22" />
  <testcase classname="TriggerActionFlowClearAllBypasses_Test" name="clearAllBypassShouldFailWithInvalidType" time="28" />
  <testcase classname="TriggerActionFlowClearBypass_Test" name="clearBypassApexShouldSucceedWithValidRequest" time="93" />
  <testcase classname="TriggerActionFlowClearBypass_Test" name="clearBypassFlowShouldSucceedWithValidRequest" time="44" />
  <testcase classname="TriggerActionFlowClearBypass_Test" name="clearBypassObjecthouldSucceedWithValidRequest" time="24" />
  <testcase classname="TriggerActionFlowClearBypass_Test" name="clearBypassShouldFailWithInvalidType" time="31" />
  <testcase classname="TriggerActionFlowIsBypassed_Test" name="isBypassedApexShouldSucceedWithValidRequest" time="74" />
  <testcase classname="TriggerActionFlowIsBypassed_Test" name="isBypassedFlowShouldSucceedWithValidRequest" time="28" />
  <testcase classname="TriggerActionFlowIsBypassed_Test" name="isBypassedObjectShouldSucceedWithValidRequest" time="15" />
  <testcase classname="TriggerActionFlowIsBypassed_Test" name="isBypassedShouldFailWithInvalidType" time="16" />
  <testcase classname="TriggerActionFlow_Test" name="afterDeleteShouldSucceed" time="63" />
  <testcase classname="TriggerActionFlow_Test" name="afterInsertShouldSucceed" time="38" />
  <testcase classname="TriggerActionFlow_Test" name="afterUndeleteShouldSucceed" time="30" />
  <testcase classname="TriggerActionFlow_Test" name="afterUpdateShouldSucceed" time="41" />
  <testcase classname="TriggerActionFlow_Test" name="afterUpdateWithNoRecordsToProcessShouldSucceed" time="28" />
  <testcase classname="TriggerActionFlow_Test" name="beforeDeleteShouldSucceed" time="24" />
  <testcase classname="TriggerActionFlow_Test" name="beforeInsertShouldSucceed" time="25" />
  <testcase classname="TriggerActionFlow_Test" name="beforeUpdateShouldSucceed" time="30" />
  <testcase classname="TriggerActionFlow_Test" name="beforeUpdateWithNoRecordsToProcessShouldSucceed" time="24" />
  <testcase classname="TriggerActionFlow_Test" name="bypassShouldSucceed" time="23" />
  <testcase classname="TriggerActionFlow_Test" name="clearAllBypassesShouldSucceed" time="22" />
  <testcase classname="TriggerActionFlow_Test" name="clearBypassShouldSucceed" time="26" />
  <testcase classname="TriggerActionFlow_Test" name="emptyFlowNameShouldThrowException" time="27" />
  <testcase classname="TriggerActionFlow_Test" name="flowMissingRecordVariableInOutputShouldThrowException" time="23" />
  <testcase classname="TriggerActionFlow_Test" name="invokeFlowShouldReturnUnsuccessfulResponseWithBogusFlowName" time="37" />
  <testcase classname="TriggerActionFlow_Test" name="isBypassedShouldSucceed" time="28" />
  <testcase classname="TriggerActionFlow_Test" name="noRecordMutationsShouldSucceed" time="24" />
  <testcase classname="TriggerActionFlow_Test" name="nulledFieldInFlowShouldBeTransferredBack" time="53" />
  <testcase classname="TriggerActionFlow_Test" name="shouldDoNothingWhenBypassed" time="27" />
  <testcase classname="TriggerActionFlow_Test" name="unsuccessfulActionResultShouldBeAddedAsErrorToRecord" time="36" />
  <testcase classname="TriggerActionFlow_Test" name="validateTypeShouldThrowExceptionWithInvalidInput" time="25" />
  <testcase classname="TriggerBase_Test" name="afterDeleteShouldSucceed" time="55" />
  <testcase classname="TriggerBase_Test" name="afterInsertShouldSucceed" time="62" />
  <testcase classname="TriggerBase_Test" name="afterUndeleteShouldSucceed" time="24" />
  <testcase classname="TriggerBase_Test" name="afterUpdateShouldSucceed" time="31" />
  <testcase classname="TriggerBase_Test" name="beforeDeleteShouldSucceed" time="27" />
  <testcase classname="TriggerBase_Test" name="beforeInsertShouldSucceed" time="27" />
  <testcase classname="TriggerBase_Test" name="beforeUpdateShouldSucceed" time="24" />
  <testcase classname="TriggerBase_Test" name="bypassShouldSucceed" time="22" />
  <testcase classname="TriggerBase_Test" name="clearAllBypassesShouldSucceed" time="29" />
  <testcase classname="TriggerBase_Test" name="clearBypassShouldSucceed" time="23" />
  <testcase classname="TriggerBase_Test" name="finalizingWithoutWaitingShouldThrowError" time="23" />
  <testcase classname="TriggerBase_Test" name="idToNumberOfTimesSeenAfterUpdate" time="24" />
  <testcase classname="TriggerBase_Test" name="idToNumberOfTimesSeenBeforeUpdate" time="24" />
  <testcase classname="TriggerBase_Test" name="inverseContextsShouldFinalizeDmlOperationDelete" time="28" />
  <testcase classname="TriggerBase_Test" name="inverseContextsShouldFinalizeDmlOperationInsert" time="23" />
  <testcase classname="TriggerBase_Test" name="inverseContextsShouldFinalizeDmlOperationUndelete" time="25" />
  <testcase classname="TriggerBase_Test" name="inverseContextsShouldFinalizeDmlOperationUpdate" time="25" />
  <testcase classname="TriggerBase_Test" name="isBypassedShouldSucceed" time="23" />
  <testcase classname="TriggerBase_Test" name="offsetRowsShouldWork" time="22" />
  <testcase classname="TriggerBase_Test" name="oldAndNewShouldComeFromTrigger" time="22" />
  <testcase classname="TriggerBase_Test" name="peekShouldShowMostRecentlyAdded" time="23" />
  <testcase classname="TriggerBase_Test" name="peekingStackWhileEmptyShouldThrowException" time="26" />
  <testcase classname="TriggerBase_Test" name="poppingStackWhileEmptyShouldThrowException" time="21" />
  <testcase classname="TriggerBase_Test" name="runShouldDoNothingWhenBypassed" time="22" />
  <testcase classname="TriggerBase_Test" name="runShouldFailWhenCalledOutsideTrigger" time="23" />
  <testcase classname="TriggerBase_Test" name="sObjectNameShouldBePopulatedFromTriggerNew" time="20" />
  <testcase classname="TriggerBase_Test" name="sObjectNameShouldBePopulatedFromTriggerOld" time="22" />
  <testcase classname="TriggerBase_Test" name="stackDepthShouldBeCalculatedProperly" time="24" />
  <testcase classname="TriggerBase_Test" name="stackShouldBeFirstInLastOut" time="22" />
  <testcase classname="TriggerBase_Test" name="stackShouldBeLastInFirstOut" time="22" />
  <testcase classname="TriggerBase_Test" name="stacksShouldBeAbleToDetermineIftheyAreEmpty" time="24" />
  <testcase classname="TriggerBase_Test" name="waitingThenFinalizingShouldWork" time="22" />
  <testcase classname="TriggerRecord_Test" name="shouldBeAbleToConstructATriggerRecord" time="19" />
  <testcase classname="Triggers_Test" name="testContentDocumentLinkTrigger" time="2726" />
  <testcase classname="Triggers_Test" name="testContractAndFormTrigger" time="902" />
  <testcase classname="Triggers_Test" name="testTransactionTrigger" time="394" />
  <testcase classname="Triggers_Test" name="testTransactionTriggerRecord" time="32" />
  <testcase classname="Util_Test" name="testGetNamespace" time="38" />
  <testcase classname="Util_Test" name="testIsOrgEmailEnabled" time="34" />
  <testcase classname="Util_Test" name="testPrefixNamespace" time="25" />
</testsuite>